<?xml version="1.0" encoding="utf-8"?>
<TestRun id="8aeba161-0ebf-490f-a45c-f7107ac55219" name="user@DESKTOP-ET7HBBB 2026-04-20 20:18:11" runUser="DESKTOP-ET7HBBB\user" xmlns="http://microsoft.com/schemas/VisualStudio/TeamTest/2010">
  <Times creation="2026-04-20T20:18:11.3992875+05:30" queuing="2026-04-20T20:18:11.3992879+05:30" start="2026-04-20T20:18:10.2767579+05:30" finish="2026-04-20T20:18:12.2927255+05:30" />
  <TestSettings name="default" id="8a1edc42-b509-4291-8386-cca3ea402d23">
    <Deployment runDeploymentRoot="user_DESKTOP-ET7HBBB_2026-04-20_20_18_11" />
  </TestSettings>
  <Results>
    <UnitTestResult executionId="6b717ecc-ae5a-40b2-bf27-d5605c6a3a13" testId="c5022dc1-ccae-40c3-b867-08c665d978e1" testName="QueueLanka.API.Tests.ServiceCenterControllerTests.GetAllServiceCenters_ServiceThrows_Throws" computerName="DESKTOP-ET7HBBB" duration="00:00:00.0026762" startTime="2026-04-20T20:18:11.4751495+05:30" endTime="2026-04-20T20:18:11.4751496+05:30" testType="13cdc9d9-ddb5-4fa4-a97d-d965ccfc6d4b" outcome="Passed" testListId="8c84fa94-04c1-424b-9868-57a2d4851a1d" relativeResultsDirectory="6b717ecc-ae5a-40b2-bf27-d5605c6a3a13" />
    <UnitTestResult executionId="20a91b6a-d135-479d-b8f1-9f1544d428be" testId="17bb7d66-800c-88ef-3103-f460543edc24" testName="QueueLanka.API.Tests.ReportCsvValidationTests.GenerateDailyCenterSummaryCsvAsync_SummaryRowTotals_MatchSumOfDataRows" computerName="DESKTOP-ET7HBBB" duration="00:00:00.0014633" startTime="2026-04-20T20:18:11.5552033+05:30" endTime="2026-04-20T20:18:11.5552037+05:30" testType="13cdc9d9-ddb5-4fa4-a97d-d965ccfc6d4b" outcome="Passed" testListId="8c84fa94-04c1-424b-9868-57a2d4851a1d" relativeResultsDirectory="20a91b6a-d135-479d-b8f1-9f1544d428be" />
    <UnitTestResult executionId="376f385e-9e10-4f9b-969c-24d4c66ede2e" testId="b9e0f9a2-dcd8-26f7-b2da-ce7bf3784dc1" testName="QueueLanka.API.Tests.ReportServiceTests.GenerateDailyCenterSummaryCsvAsync_ValidRequestWithData_ReturnsRowsWithExpectedValues" computerName="DESKTOP-ET7HBBB" duration="00:00:00.0048318" startTime="2026-04-20T20:18:11.4752515+05:30" endTime="2026-04-20T20:18:11.4752516+05:30" testType="13cdc9d9-ddb5-4fa4-a97d-d965ccfc6d4b" outcome="Passed" testListId="8c84fa94-04c1-424b-9868-57a2d4851a1d" relativeResultsDirectory="376f385e-9e10-4f9b-969c-24d4c66ede2e" />
    <UnitTestResult executionId="7ebfbda8-17ea-438f-8179-a4a3c384becd" testId="3aede174-fc32-c8d1-bf26-bd2a40f65e70" testName="QueueLanka.API.Tests.ReportCsvValidationTests.GenerateDailyCenterSummaryCsvAsync_AverageServiceTime_MatchesManualCalculationInMinutes" computerName="DESKTOP-ET7HBBB" duration="00:00:00.0019049" startTime="2026-04-20T20:18:11.5369331+05:30" endTime="2026-04-20T20:18:11.5369334+05:30" testType="13cdc9d9-ddb5-4fa4-a97d-d965ccfc6d4b" outcome="Passed" testListId="8c84fa94-04c1-424b-9868-57a2d4851a1d" relativeResultsDirectory="7ebfbda8-17ea-438f-8179-a4a3c384becd" />
    <UnitTestResult executionId="35e11a37-b2be-475e-8a71-281e7a6d4157" testId="aadd720b-2c56-d437-458b-023bd472de25" testName="QueueLanka.API.Tests.ReportsAuthorizationTests.AdminJwt_ValidCenterSummary_ReturnsCsvAttachment" computerName="DESKTOP-ET7HBBB" duration="00:00:00.0475968" startTime="2026-04-20T20:18:12.1127447+05:30" endTime="2026-04-20T20:18:12.1127448+05:30" testType="13cdc9d9-ddb5-4fa4-a97d-d965ccfc6d4b" outcome="Passed" testListId="8c84fa94-04c1-424b-9868-57a2d4851a1d" relativeResultsDirectory="35e11a37-b2be-475e-8a71-281e7a6d4157" />
    <UnitTestResult executionId="3d2813df-a53d-44a3-99b7-8813249900d9" testId="98c80029-6a4f-a488-8405-6ede024bd2ed" testName="QueueLanka.API.Tests.AuthControllerTests.Register_DuplicateEmail_ThrowsDuplicateEmailException" computerName="DESKTOP-ET7HBBB" duration="00:00:00.0035018" startTime="2026-04-20T20:18:11.5361357+05:30" endTime="2026-04-20T20:18:11.5361358+05:30" testType="13cdc9d9-ddb5-4fa4-a97d-d965ccfc6d4b" outcome="Passed" testListId="8c84fa94-04c1-424b-9868-57a2d4851a1d" relativeResultsDirectory="3d2813df-a53d-44a3-99b7-8813249900d9" />
    <UnitTestResult executionId="a7cba939-6149-47f4-9e60-75ac43fe2146" testId="786d315d-0dd9-e4e7-c8ba-79c635372f79" testName="QueueLanka.API.Tests.ReportServiceTests.GetDailyCenterSummaryDataAsync_CenterFilterApplied_OnlySpecifiedCentersReturned" computerName="DESKTOP-ET7HBBB" duration="00:00:00.1106326" startTime="2026-04-20T20:18:11.4209367+05:30" endTime="2026-04-20T20:18:11.4209368+05:30" testType="13cdc9d9-ddb5-4fa4-a97d-d965ccfc6d4b" outcome="Passed" testListId="8c84fa94-04c1-424b-9868-57a2d4851a1d" relativeResultsDirectory="a7cba939-6149-47f4-9e60-75ac43fe2146" />
    <UnitTestResult executionId="bab921ca-d2e9-4cca-b96a-e6f3134547ba" testId="712f7399-7d18-0cd3-84f9-1eb605431337" testName="QueueLanka.API.Tests.CounterServiceBroadcastTests.ReassignToken_BroadcastsQueueUpdated_ForSourceAndDestinationCounters" computerName="DESKTOP-ET7HBBB" duration="00:00:00.0153242" startTime="2026-04-20T20:18:11.5157206+05:30" endTime="2026-04-20T20:18:11.5157207+05:30" testType="13cdc9d9-ddb5-4fa4-a97d-d965ccfc6d4b" outcome="Passed" testListId="8c84fa94-04c1-424b-9868-57a2d4851a1d" relativeResultsDirectory="bab921ca-d2e9-4cca-b96a-e6f3134547ba" />
    <UnitTestResult executionId="2ab47c14-aa5c-4df7-a792-d40a7c96838e" testId="6526e68a-86d8-f27f-f713-cd224a8fff38" testName="QueueLanka.API.Tests.QueueBroadcastServiceTests.AllEventTypes_BroadcastToCorrectGroupScope" computerName="DESKTOP-ET7HBBB" duration="00:00:00.0034663" startTime="2026-04-20T20:18:11.4687267+05:30" endTime="2026-04-20T20:18:11.4687268+05:30" testType="13cdc9d9-ddb5-4fa4-a97d-d965ccfc6d4b" outcome="Passed" testListId="8c84fa94-04c1-424b-9868-57a2d4851a1d" relativeResultsDirectory="2ab47c14-aa5c-4df7-a792-d40a7c96838e" />
    <UnitTestResult executionId="cd3a2017-a6a4-4c69-86d6-167fae2fa79f" testId="8b49f71f-42da-431e-36ab-96b88588c3e2" testName="QueueLanka.API.Tests.AdminUserControllerTests.GetUsers_NoFilters_ReturnsOkWithUserList" computerName="DESKTOP-ET7HBBB" duration="00:00:00.0013051" startTime="2026-04-20T20:18:11.5339516+05:30" endTime="2026-04-20T20:18:11.5339517+05:30" testType="13cdc9d9-ddb5-4fa4-a97d-d965ccfc6d4b" outcome="Passed" testListId="8c84fa94-04c1-424b-9868-57a2d4851a1d" relativeResultsDirectory="cd3a2017-a6a4-4c69-86d6-167fae2fa79f" />
    <UnitTestResult executionId="717f3a2d-5ff0-4848-9a52-66122d9c5afe" testId="42c516c1-49e2-a38c-eb8a-ffd37e814aca" testName="QueueLanka.API.Tests.QueueBroadcastServiceTests.HubThrowsException_BroadcastServiceCatchesSilently_DoesNotPropagate" computerName="DESKTOP-ET7HBBB" duration="00:00:00.0095363" startTime="2026-04-20T20:18:11.4647458+05:30" endTime="2026-04-20T20:18:11.4647458+05:30" testType="13cdc9d9-ddb5-4fa4-a97d-d965ccfc6d4b" outcome="Passed" testListId="8c84fa94-04c1-424b-9868-57a2d4851a1d" relativeResultsDirectory="717f3a2d-5ff0-4848-9a52-66122d9c5afe" />
    <UnitTestResult executionId="00f9508a-72fd-493b-902c-d45f7c2824a4" testId="32e447c1-0268-abb2-1036-26828d2e0e86" testName="QueueLanka.API.Tests.AuthControllerTests.Register_DuplicateUsername_ThrowsDuplicateUsernameException" computerName="DESKTOP-ET7HBBB" duration="00:00:00.0026899" startTime="2026-04-20T20:18:11.5399129+05:30" endTime="2026-04-20T20:18:11.5399131+05:30" testType="13cdc9d9-ddb5-4fa4-a97d-d965ccfc6d4b" outcome="Passed" testListId="8c84fa94-04c1-424b-9868-57a2d4851a1d" relativeResultsDirectory="00f9508a-72fd-493b-902c-d45f7c2824a4" />
    <UnitTestResult executionId="4c0beece-a289-411f-99a5-2e673a87dc15" testId="266a7da6-86f2-360d-8590-ee58ec0739e3" testName="QueueLanka.API.Tests.CounterAuthorizationTests.OfficerJwt_OfficerDashboard_Returns200Or404" computerName="DESKTOP-ET7HBBB" duration="00:00:00.0173655" startTime="2026-04-20T20:18:12.1178040+05:30" endTime="2026-04-20T20:18:12.1178042+05:30" testType="13cdc9d9-ddb5-4fa4-a97d-d965ccfc6d4b" outcome="Passed" testListId="8c84fa94-04c1-424b-9868-57a2d4851a1d" relativeResultsDirectory="4c0beece-a289-411f-99a5-2e673a87dc15" />
    <UnitTestResult executionId="e0164c22-fc06-4184-92c1-d9ef8681219f" testId="45631362-b325-2a52-d692-e100a5667a58" testName="QueueLanka.API.Tests.CounterManagementServiceTests.BroadcastCalledAfterStatusUpdate_CounterStatusChangedEventFired" computerName="DESKTOP-ET7HBBB" duration="00:00:00.0025216" startTime="2026-04-20T20:18:11.5095445+05:30" endTime="2026-04-20T20:18:11.5095451+05:30" testType="13cdc9d9-ddb5-4fa4-a97d-d965ccfc6d4b" outcome="Passed" testListId="8c84fa94-04c1-424b-9868-57a2d4851a1d" relativeResultsDirectory="e0164c22-fc06-4184-92c1-d9ef8681219f" />
    <UnitTestResult executionId="3b2c5056-a5c5-4f7c-b0af-5847f66ca81a" testId="b1387f11-ea25-a7a9-4a6b-5ef4c5ee7018" testName="QueueLanka.API.Tests.ServiceCenterControllerTests.GetServiceCenterById_ValidId_ReturnsOk" computerName="DESKTOP-ET7HBBB" duration="00:00:00.0013532" startTime="2026-04-20T20:18:11.5058822+05:30" endTime="2026-04-20T20:18:11.5058826+05:30" testType="13cdc9d9-ddb5-4fa4-a97d-d965ccfc6d4b" outcome="Passed" testListId="8c84fa94-04c1-424b-9868-57a2d4851a1d" relativeResultsDirectory="3b2c5056-a5c5-4f7c-b0af-5847f66ca81a" />
    <UnitTestResult executionId="69979bd6-9bfd-4026-b255-99d1ccc6e0b9" testId="21ac0ffc-1bac-3d0c-f040-5af9dc06b126" testName="QueueLanka.API.Tests.ReportCsvValidationTests.GenerateDailyCenterSummaryCsvAsync_CenterNameWithComma_IsQuotedCorrectly" computerName="DESKTOP-ET7HBBB" duration="00:00:00.0018379" startTime="2026-04-20T20:18:11.5389718+05:30" endTime="2026-04-20T20:18:11.5389723+05:30" testType="13cdc9d9-ddb5-4fa4-a97d-d965ccfc6d4b" outcome="Passed" testListId="8c84fa94-04c1-424b-9868-57a2d4851a1d" relativeResultsDirectory="69979bd6-9bfd-4026-b255-99d1ccc6e0b9" />
    <UnitTestResult executionId="1b70428d-a8cb-4a4a-84dc-ced5432fb6c1" testId="1990550f-999e-5586-ccc7-98eff29c449b" testName="QueueLanka.API.Tests.AppointmentControllerTests.GetMyAppointments_NoAppointments_ReturnsOkWithEmptyList" computerName="DESKTOP-ET7HBBB" duration="00:00:00.0056061" startTime="2026-04-20T20:18:11.4430809+05:30" endTime="2026-04-20T20:18:11.4430811+05:30" testType="13cdc9d9-ddb5-4fa4-a97d-d965ccfc6d4b" outcome="Passed" testListId="8c84fa94-04c1-424b-9868-57a2d4851a1d" relativeResultsDirectory="1b70428d-a8cb-4a4a-84dc-ced5432fb6c1" />
    <UnitTestResult executionId="88461fc1-695a-4614-a0fe-74af83161f96" testId="b1702915-b590-458a-93a2-7888eb6472b7" testName="QueueLanka.API.Tests.TokenControllerTests.CancelMyToken_Success_ReturnsOk" computerName="DESKTOP-ET7HBBB" duration="00:00:00.0011097" startTime="2026-04-20T20:18:11.4321337+05:30" endTime="2026-04-20T20:18:11.4321338+05:30" testType="13cdc9d9-ddb5-4fa4-a97d-d965ccfc6d4b" outcome="Passed" testListId="8c84fa94-04c1-424b-9868-57a2d4851a1d" relativeResultsDirectory="88461fc1-695a-4614-a0fe-74af83161f96" />
    <UnitTestResult executionId="d39e2960-013c-46e4-a3c4-5f5be4543cf7" testId="75c7f4af-0bc5-2431-091f-82a528866af6" testName="QueueLanka.API.Tests.CounterServiceBroadcastTests.SkipToken_BroadcastsQueueUpdated_WithUpdatedSkippedCount" computerName="DESKTOP-ET7HBBB" duration="00:00:00.0101830" startTime="2026-04-20T20:18:11.5268351+05:30" endTime="2026-04-20T20:18:11.5268365+05:30" testType="13cdc9d9-ddb5-4fa4-a97d-d965ccfc6d4b" outcome="Passed" testListId="8c84fa94-04c1-424b-9868-57a2d4851a1d" relativeResultsDirectory="d39e2960-013c-46e4-a3c4-5f5be4543cf7" />
    <UnitTestResult executionId="ca2e0ca9-cc2b-4457-94c6-4f8144a0e214" testId="2b0c8b81-7ed5-d4c5-72e9-4561cfc1f738" testName="QueueLanka.API.Tests.AuthControllerTests.VerifyEmail_EmptyToken_ReturnsBadRequest" computerName="DESKTOP-ET7HBBB" duration="00:00:00.0028287" startTime="2026-04-20T20:18:11.5168511+05:30" endTime="2026-04-20T20:18:11.5168512+05:30" testType="13cdc9d9-ddb5-4fa4-a97d-d965ccfc6d4b" outcome="Passed" testListId="8c84fa94-04c1-424b-9868-57a2d4851a1d" relativeResultsDirectory="ca2e0ca9-cc2b-4457-94c6-4f8144a0e214" />
    <UnitTestResult executionId="93dcadb0-1103-4b6a-9994-511566953bd4" testId="c04a58c9-471c-a8f2-724d-0632991a674b" testName="QueueLanka.API.Tests.ReportRepositoryIntegrationTests.GetDailyCenterSummaryAsync_CenterFilter_ExcludesOtherCenters" computerName="DESKTOP-ET7HBBB" duration="00:00:00.0008126" startTime="2026-04-20T20:18:11.3666213+05:30" endTime="2026-04-20T20:18:11.3666214+05:30" testType="13cdc9d9-ddb5-4fa4-a97d-d965ccfc6d4b" outcome="Passed" testListId="8c84fa94-04c1-424b-9868-57a2d4851a1d" relativeResultsDirectory="93dcadb0-1103-4b6a-9994-511566953bd4" />
    <UnitTestResult executionId="7d6b3130-ee00-47e6-97d4-3379df5ccaf6" testId="e5661f2c-d725-b417-794f-9e5a58470517" testName="QueueLanka.API.Tests.ReportRepositoryIntegrationTests.GetDailyCenterSummaryAsync_DateRangeFilter_ExcludesOutsideRange" computerName="DESKTOP-ET7HBBB" duration="00:00:00.0005996" startTime="2026-04-20T20:18:11.3491311+05:30" endTime="2026-04-20T20:18:11.3491311+05:30" testType="13cdc9d9-ddb5-4fa4-a97d-d965ccfc6d4b" outcome="Passed" testListId="8c84fa94-04c1-424b-9868-57a2d4851a1d" relativeResultsDirectory="7d6b3130-ee00-47e6-97d4-3379df5ccaf6" />
    <UnitTestResult executionId="00fccac4-d883-4bee-86d6-a8dc81f547fc" testId="332b0aba-0a37-fc55-2737-b9f3e8ca1587" testName="QueueLanka.API.Tests.AppointmentControllerTests.BookToken_InvalidOperationException_ReturnsConflict" computerName="DESKTOP-ET7HBBB" duration="00:00:00.1226632" startTime="2026-04-20T20:18:11.4326540+05:30" endTime="2026-04-20T20:18:11.4326542+05:30" testType="13cdc9d9-ddb5-4fa4-a97d-d965ccfc6d4b" outcome="Passed" testListId="8c84fa94-04c1-424b-9868-57a2d4851a1d" relativeResultsDirectory="00fccac4-d883-4bee-86d6-a8dc81f547fc" />
    <UnitTestResult executionId="40791657-7789-4208-bc6a-d28e4c6ff593" testId="aa391fb5-1e69-0c53-8ae8-52e7d5574d2f" testName="QueueLanka.API.Tests.CounterDashboardServiceTests.GetDashboardAsync_ValidOfficer_ReturnsDashboardData" computerName="DESKTOP-ET7HBBB" duration="00:00:00.0042692" startTime="2026-04-20T20:18:11.4752085+05:30" endTime="2026-04-20T20:18:11.4752086+05:30" testType="13cdc9d9-ddb5-4fa4-a97d-d965ccfc6d4b" outcome="Passed" testListId="8c84fa94-04c1-424b-9868-57a2d4851a1d" relativeResultsDirectory="40791657-7789-4208-bc6a-d28e4c6ff593" />
    <UnitTestResult executionId="d2da8ce7-5ed8-4af1-97e1-9e33b3f3b261" testId="05044c6f-655b-1a0a-bbbb-2c216544afc4" testName="QueueLanka.API.Tests.ReportCsvValidationTests.GenerateDailyCenterSummaryCsvAsync_CsvHeaders_MatchExpectedColumns" computerName="DESKTOP-ET7HBBB" duration="00:00:00.0031300" startTime="2026-04-20T20:18:11.5483246+05:30" endTime="2026-04-20T20:18:11.5483249+05:30" testType="13cdc9d9-ddb5-4fa4-a97d-d965ccfc6d4b" outcome="Passed" testListId="8c84fa94-04c1-424b-9868-57a2d4851a1d" relativeResultsDirectory="d2da8ce7-5ed8-4af1-97e1-9e33b3f3b261" />
    <UnitTestResult executionId="625fffc5-825d-4263-97b4-4a28df94b3c1" testId="35007129-5b2d-5674-9909-085dee45ae27" testName="QueueLanka.API.Tests.ReportServiceTests.GenerateDailyCenterSummaryCsvAsync_AverageTimesFormattedInMinutesWithOneDecimal" computerName="DESKTOP-ET7HBBB" duration="00:00:00.0195662" startTime="2026-04-20T20:18:11.4406443+05:30" endTime="2026-04-20T20:18:11.4406444+05:30" testType="13cdc9d9-ddb5-4fa4-a97d-d965ccfc6d4b" outcome="Passed" testListId="8c84fa94-04c1-424b-9868-57a2d4851a1d" relativeResultsDirectory="625fffc5-825d-4263-97b4-4a28df94b3c1" />
    <UnitTestResult executionId="ad8551f3-397b-4f95-8bb2-499580ae9f4b" testId="1399bf79-353b-8095-21b7-e5868d9bb226" testName="QueueLanka.API.Tests.ServiceCenterControllerTests.GetLocation_LocationNotFound_ThrowsLocationNotFoundException" computerName="DESKTOP-ET7HBBB" duration="00:00:00.0023063" startTime="2026-04-20T20:18:11.4676485+05:30" endTime="2026-04-20T20:18:11.4676487+05:30" testType="13cdc9d9-ddb5-4fa4-a97d-d965ccfc6d4b" outcome="Passed" testListId="8c84fa94-04c1-424b-9868-57a2d4851a1d" relativeResultsDirectory="ad8551f3-397b-4f95-8bb2-499580ae9f4b" />
    <UnitTestResult executionId="0589c732-fdd1-4cc0-9862-96415ecb7459" testId="11bafd51-623b-13be-876a-9429c4358280" testName="QueueLanka.API.Tests.ReportsAuthorizationTests.NoJwt_CenterSummaryReport_Returns401" computerName="DESKTOP-ET7HBBB" duration="00:00:00.6607233" startTime="2026-04-20T20:18:11.9781662+05:30" endTime="2026-04-20T20:18:11.9781662+05:30" testType="13cdc9d9-ddb5-4fa4-a97d-d965ccfc6d4b" outcome="Passed" testListId="8c84fa94-04c1-424b-9868-57a2d4851a1d" relativeResultsDirectory="0589c732-fdd1-4cc0-9862-96415ecb7459" />
    <UnitTestResult executionId="0cff07b6-c6c8-4cff-ba1a-d5f1c0e32d26" testId="aab4a97a-3aab-f0bf-1bde-ddc34bc2dfca" testName="QueueLanka.API.Tests.AuthControllerTests.Login_InvalidCredentials_ThrowsInvalidCredentialsException" computerName="DESKTOP-ET7HBBB" duration="00:00:00.0049240" startTime="2026-04-20T20:18:11.5450995+05:30" endTime="2026-04-20T20:18:11.5450996+05:30" testType="13cdc9d9-ddb5-4fa4-a97d-d965ccfc6d4b" outcome="Passed" testListId="8c84fa94-04c1-424b-9868-57a2d4851a1d" relativeResultsDirectory="0cff07b6-c6c8-4cff-ba1a-d5f1c0e32d26" />
    <UnitTestResult executionId="9b526061-4acd-4eef-911f-48d259c80714" testId="456ddad7-9b62-0133-b29c-8095a70a17b5" testName="QueueLanka.API.Tests.AuthControllerTests.Login_InvalidModelState_ReturnsBadRequest" computerName="DESKTOP-ET7HBBB" duration="00:00:00.0043500" startTime="2026-04-20T20:18:11.5272644+05:30" endTime="2026-04-20T20:18:11.5272645+05:30" testType="13cdc9d9-ddb5-4fa4-a97d-d965ccfc6d4b" outcome="Passed" testListId="8c84fa94-04c1-424b-9868-57a2d4851a1d" relativeResultsDirectory="9b526061-4acd-4eef-911f-48d259c80714" />
    <UnitTestResult executionId="0ba3cfa8-952a-4cfb-815b-54cd48dbc976" testId="0be3a587-7ca2-6f36-6f03-24be4e524f7f" testName="QueueLanka.API.Tests.QueueBroadcastServiceTests.BroadcastTokenCancelled_SendsToCorrectGroupWithCancelledPayload" computerName="DESKTOP-ET7HBBB" duration="00:00:00.0191947" startTime="2026-04-20T20:18:11.4909851+05:30" endTime="2026-04-20T20:18:11.4909851+05:30" testType="13cdc9d9-ddb5-4fa4-a97d-d965ccfc6d4b" outcome="Passed" testListId="8c84fa94-04c1-424b-9868-57a2d4851a1d" relativeResultsDirectory="0ba3cfa8-952a-4cfb-815b-54cd48dbc976" />
    <UnitTestResult executionId="da67d9a9-6bfa-4915-a538-163ccf69d1c3" testId="ec6d1462-b94d-bbe5-2ba3-28887778fbc7" testName="QueueLanka.API.Tests.CounterServiceUpdateStatusTests.UpdateTokenStatus_TokenNotInCalledState_ThrowsAppropriateException" computerName="DESKTOP-ET7HBBB" duration="00:00:00.0025649" startTime="2026-04-20T20:18:11.4935003+05:30" endTime="2026-04-20T20:18:11.4935004+05:30" testType="13cdc9d9-ddb5-4fa4-a97d-d965ccfc6d4b" outcome="Passed" testListId="8c84fa94-04c1-424b-9868-57a2d4851a1d" relativeResultsDirectory="da67d9a9-6bfa-4915-a538-163ccf69d1c3" />
    <UnitTestResult executionId="68f37e62-b453-490c-b8bd-c5ee33a0d512" testId="4706418d-12ae-4931-ad92-de0507666a21" testName="QueueLanka.API.Tests.AuthControllerTests.VerifyEmail_InvalidToken_ThrowsInvalidVerificationTokenException" computerName="DESKTOP-ET7HBBB" duration="00:00:00.0058227" startTime="2026-04-20T20:18:11.5227447+05:30" endTime="2026-04-20T20:18:11.5227458+05:30" testType="13cdc9d9-ddb5-4fa4-a97d-d965ccfc6d4b" outcome="Passed" testListId="8c84fa94-04c1-424b-9868-57a2d4851a1d" relativeResultsDirectory="68f37e62-b453-490c-b8bd-c5ee33a0d512" />
    <UnitTestResult executionId="a5cb29b2-8434-457b-9e54-6dced89f79f1" testId="db01c016-4094-f715-9e19-f3226625da31" testName="QueueLanka.API.Tests.AdminUserControllerTests.DeleteUser_UserNotFound_ThrowsUserNotFoundException" computerName="DESKTOP-ET7HBBB" duration="00:00:00.0040140" startTime="2026-04-20T20:18:11.5331062+05:30" endTime="2026-04-20T20:18:11.5331063+05:30" testType="13cdc9d9-ddb5-4fa4-a97d-d965ccfc6d4b" outcome="Passed" testListId="8c84fa94-04c1-424b-9868-57a2d4851a1d" relativeResultsDirectory="a5cb29b2-8434-457b-9e54-6dced89f79f1" />
    <UnitTestResult executionId="2c3a39c0-2dc8-4a62-8b21-2cee4ba7b5c4" testId="46e21992-fe3e-5bf4-bbbc-567c10a1c318" testName="QueueLanka.API.Tests.ReportServiceTests.GetDailyCenterSummaryDataAsync_DateRangeExceeds90Days_ThrowsValidationException" computerName="DESKTOP-ET7HBBB" duration="00:00:00.0044970" startTime="2026-04-20T20:18:11.4530321+05:30" endTime="2026-04-20T20:18:11.4530325+05:30" testType="13cdc9d9-ddb5-4fa4-a97d-d965ccfc6d4b" outcome="Passed" testListId="8c84fa94-04c1-424b-9868-57a2d4851a1d" relativeResultsDirectory="2c3a39c0-2dc8-4a62-8b21-2cee4ba7b5c4" />
    <UnitTestResult executionId="c0931e01-6ba1-44ce-ae7c-0541a746c0d9" testId="9be9a274-e71c-afde-5a4c-3b036a96a527" testName="QueueLanka.API.Tests.CounterAuthorizationTests.TamperedJwtSignature_AnyEndpoint_Returns401" computerName="DESKTOP-ET7HBBB" duration="00:00:00.0063210" startTime="2026-04-20T20:18:12.0714980+05:30" endTime="2026-04-20T20:18:12.0714987+05:30" testType="13cdc9d9-ddb5-4fa4-a97d-d965ccfc6d4b" outcome="Passed" testListId="8c84fa94-04c1-424b-9868-57a2d4851a1d" relativeResultsDirectory="c0931e01-6ba1-44ce-ae7c-0541a746c0d9" />
    <UnitTestResult executionId="a4001006-5b0c-496f-b5be-0df6b1c57cac" testId="683b04d1-f105-8d2a-7e52-422a81ecfe3a" testName="QueueLanka.API.Tests.CounterAuthorizationTests.OfficerJwt_AdminCreateCounter_Returns403" computerName="DESKTOP-ET7HBBB" duration="00:00:00.0247900" startTime="2026-04-20T20:18:12.0029852+05:30" endTime="2026-04-20T20:18:12.0029855+05:30" testType="13cdc9d9-ddb5-4fa4-a97d-d965ccfc6d4b" outcome="Passed" testListId="8c84fa94-04c1-424b-9868-57a2d4851a1d" relativeResultsDirectory="a4001006-5b0c-496f-b5be-0df6b1c57cac" />
    <UnitTestResult executionId="85f03ed1-7922-4dc3-aa10-d11908406798" testId="3ee6d068-b14b-c299-9354-22bd24ce4bdf" testName="QueueLanka.API.Tests.CounterManagementServiceTests.CreateCounter_InvalidOfficerUserId_ThrowsValidationException" computerName="DESKTOP-ET7HBBB" duration="00:00:00.0064530" startTime="2026-04-20T20:18:11.4671371+05:30" endTime="2026-04-20T20:18:11.4671372+05:30" testType="13cdc9d9-ddb5-4fa4-a97d-d965ccfc6d4b" outcome="Passed" testListId="8c84fa94-04c1-424b-9868-57a2d4851a1d" relativeResultsDirectory="85f03ed1-7922-4dc3-aa10-d11908406798" />
    <UnitTestResult executionId="23186bac-7194-437a-9f09-f335a80a3587" testId="13f031f8-305b-e8db-feb9-882c70fca952" testName="QueueLanka.API.Tests.TokenControllerTests.GetMyTokens_AuthenticatedUser_ReturnsOkWithTokens" computerName="DESKTOP-ET7HBBB" duration="00:00:00.0012087" startTime="2026-04-20T20:18:11.4275761+05:30" endTime="2026-04-20T20:18:11.4275767+05:30" testType="13cdc9d9-ddb5-4fa4-a97d-d965ccfc6d4b" outcome="Passed" testListId="8c84fa94-04c1-424b-9868-57a2d4851a1d" relativeResultsDirectory="23186bac-7194-437a-9f09-f335a80a3587" />
    <UnitTestResult executionId="dc5af566-9ce4-41aa-a30c-f08ca96745c2" testId="ac94656d-3b57-b919-7339-731b385f8098" testName="QueueLanka.API.Tests.AuthControllerTests.Register_InvalidModelState_ReturnsUnprocessableEntity" computerName="DESKTOP-ET7HBBB" duration="00:00:00.0008787" startTime="2026-04-20T20:18:11.5371235+05:30" endTime="2026-04-20T20:18:11.5371241+05:30" testType="13cdc9d9-ddb5-4fa4-a97d-d965ccfc6d4b" outcome="Passed" testListId="8c84fa94-04c1-424b-9868-57a2d4851a1d" relativeResultsDirectory="dc5af566-9ce4-41aa-a30c-f08ca96745c2" />
    <UnitTestResult executionId="ac2b2b23-db3b-44cb-9b37-e83b03624418" testId="e91b8c52-1786-5ac1-6a86-4867759779c4" testName="QueueLanka.API.Tests.AuthControllerTests.Login_ValidCredentials_ReturnsOk" computerName="DESKTOP-ET7HBBB" duration="00:00:00.0045352" startTime="2026-04-20T20:18:11.5142279+05:30" endTime="2026-04-20T20:18:11.5142280+05:30" testType="13cdc9d9-ddb5-4fa4-a97d-d965ccfc6d4b" outcome="Passed" testListId="8c84fa94-04c1-424b-9868-57a2d4851a1d" relativeResultsDirectory="ac2b2b23-db3b-44cb-9b37-e83b03624418" />
    <UnitTestResult executionId="101a11eb-fea4-4d54-9d09-6c3f16a0af21" testId="99e69349-7d0b-86f3-9bae-59f36061775a" testName="QueueLanka.API.Tests.ReportRepositoryIntegrationTests.GetDailyCenterSummaryAsync_MultipleCenters_ReturnsPerCenterPerDayRows" computerName="DESKTOP-ET7HBBB" duration="00:00:00.0020873" startTime="2026-04-20T20:18:11.3483809+05:30" endTime="2026-04-20T20:18:11.3483810+05:30" testType="13cdc9d9-ddb5-4fa4-a97d-d965ccfc6d4b" outcome="Passed" testListId="8c84fa94-04c1-424b-9868-57a2d4851a1d" relativeResultsDirectory="101a11eb-fea4-4d54-9d09-6c3f16a0af21" />
    <UnitTestResult executionId="4e3d5911-bc20-4be2-b36b-7af848919c49" testId="f520eef8-a5df-d792-69e5-356e927d9ab9" testName="QueueLanka.API.Tests.ReportServiceTests.GenerateDailyCenterSummaryCsvAsync_CsvEscapesCommasAndQuotesInCenterName" computerName="DESKTOP-ET7HBBB" duration="00:00:00.0057676" startTime="2026-04-20T20:18:11.4707864+05:30" endTime="2026-04-20T20:18:11.4707865+05:30" testType="13cdc9d9-ddb5-4fa4-a97d-d965ccfc6d4b" outcome="Passed" testListId="8c84fa94-04c1-424b-9868-57a2d4851a1d" relativeResultsDirectory="4e3d5911-bc20-4be2-b36b-7af848919c49" />
    <UnitTestResult executionId="202ca51b-175b-4183-a00a-b7723497bb5f" testId="95f86085-2f1b-6151-bb1d-579ceb6d975b" testName="QueueLanka.API.Tests.AppointmentControllerTests.BookToken_DuplicateBookingException_Throws" computerName="DESKTOP-ET7HBBB" duration="00:00:00.0035995" startTime="2026-04-20T20:18:11.4648909+05:30" endTime="2026-04-20T20:18:11.4648910+05:30" testType="13cdc9d9-ddb5-4fa4-a97d-d965ccfc6d4b" outcome="Passed" testListId="8c84fa94-04c1-424b-9868-57a2d4851a1d" relativeResultsDirectory="202ca51b-175b-4183-a00a-b7723497bb5f" />
    <UnitTestResult executionId="287d629f-bfe9-43db-8e9c-afca565c1b04" testId="2559163c-9022-de7a-c088-693bb5346b76" testName="QueueLanka.API.Tests.TokenControllerTests.CancelMyToken_AlreadyCancelled_ReturnsConflict" computerName="DESKTOP-ET7HBBB" duration="00:00:00.0017982" startTime="2026-04-20T20:18:11.4253516+05:30" endTime="2026-04-20T20:18:11.4253518+05:30" testType="13cdc9d9-ddb5-4fa4-a97d-d965ccfc6d4b" outcome="Passed" testListId="8c84fa94-04c1-424b-9868-57a2d4851a1d" relativeResultsDirectory="287d629f-bfe9-43db-8e9c-afca565c1b04" />
    <UnitTestResult executionId="16893ff1-824a-4085-9193-236aa4c42375" testId="a887dea1-9670-a80e-7a1b-18c229de4dbf" testName="QueueLanka.API.Tests.TokenControllerTests.CancelMyToken_UnauthenticatedUser_ReturnsUnauthorized" computerName="DESKTOP-ET7HBBB" duration="00:00:00.0007202" startTime="2026-04-20T20:18:11.4263268+05:30" endTime="2026-04-20T20:18:11.4263270+05:30" testType="13cdc9d9-ddb5-4fa4-a97d-d965ccfc6d4b" outcome="Passed" testListId="8c84fa94-04c1-424b-9868-57a2d4851a1d" relativeResultsDirectory="16893ff1-824a-4085-9193-236aa4c42375" />
    <UnitTestResult executionId="e981c93a-c6be-4613-837a-5d51fd9ef3c3" testId="17ad9b01-32d0-f7ad-7af2-4c764c5f380a" testName="QueueLanka.API.Tests.CounterDashboardServiceTests.GetDashboardAsync_NoServedTokensToday_ReturnsZeroServedCount" computerName="DESKTOP-ET7HBBB" duration="00:00:00.1503029" startTime="2026-04-20T20:18:11.4603165+05:30" endTime="2026-04-20T20:18:11.4603167+05:30" testType="13cdc9d9-ddb5-4fa4-a97d-d965ccfc6d4b" outcome="Passed" testListId="8c84fa94-04c1-424b-9868-57a2d4851a1d" relativeResultsDirectory="e981c93a-c6be-4613-837a-5d51fd9ef3c3" />
    <UnitTestResult executionId="c7347c73-5962-403f-9a97-869ac60a6ce2" testId="5102030c-0b91-3fe0-a86f-cca5596689d9" testName="QueueLanka.API.Tests.CounterAuthorizationTests.ExpiredJwt_AnyEndpoint_Returns401" computerName="DESKTOP-ET7HBBB" duration="00:00:00.0265317" startTime="2026-04-20T20:18:12.0983038+05:30" endTime="2026-04-20T20:18:12.0983039+05:30" testType="13cdc9d9-ddb5-4fa4-a97d-d965ccfc6d4b" outcome="Passed" testListId="8c84fa94-04c1-424b-9868-57a2d4851a1d" relativeResultsDirectory="c7347c73-5962-403f-9a97-869ac60a6ce2" />
    <UnitTestResult executionId="5db077c0-9cd7-469c-b64d-3b12940fb934" testId="e8177d0e-2924-d0f0-3d5b-4fca08e95b39" testName="QueueLanka.API.Tests.CounterServiceReassignTests.ReassignToken_TargetCounterClosed_ThrowsValidationException" computerName="DESKTOP-ET7HBBB" duration="00:00:00.0054864" startTime="2026-04-20T20:18:11.5455544+05:30" endTime="2026-04-20T20:18:11.5455545+05:30" testType="13cdc9d9-ddb5-4fa4-a97d-d965ccfc6d4b" outcome="Passed" testListId="8c84fa94-04c1-424b-9868-57a2d4851a1d" relativeResultsDirectory="5db077c0-9cd7-469c-b64d-3b12940fb934" />
    <UnitTestResult executionId="a0007d5c-2bd8-418e-905b-bd3e55dfd22f" testId="3b7b8f67-b165-3122-c852-73f0884f92bf" testName="QueueLanka.API.Tests.ReportRepositoryIntegrationTests.GetDailyCenterSummaryAsync_AverageWaitTimeSeconds_MatchesManualCalculation" computerName="DESKTOP-ET7HBBB" duration="00:00:00.0010020" startTime="2026-04-20T20:18:11.3490014+05:30" endTime="2026-04-20T20:18:11.3490015+05:30" testType="13cdc9d9-ddb5-4fa4-a97d-d965ccfc6d4b" outcome="Passed" testListId="8c84fa94-04c1-424b-9868-57a2d4851a1d" relativeResultsDirectory="a0007d5c-2bd8-418e-905b-bd3e55dfd22f" />
    <UnitTestResult executionId="2425c567-63f8-4187-9418-80f3ceb188c6" testId="448c56e7-68d3-20b4-d461-be36b0f1d3be" testName="QueueLanka.API.Tests.ReportCsvValidationTests.GenerateDailyCenterSummaryCsvAsync_EmptyDateRange_ReturnsHeadersOnly" computerName="DESKTOP-ET7HBBB" duration="00:00:00.0058362" startTime="2026-04-20T20:18:11.4460866+05:30" endTime="2026-04-20T20:18:11.4460868+05:30" testType="13cdc9d9-ddb5-4fa4-a97d-d965ccfc6d4b" outcome="Passed" testListId="8c84fa94-04c1-424b-9868-57a2d4851a1d" relativeResultsDirectory="2425c567-63f8-4187-9418-80f3ceb188c6" />
    <UnitTestResult executionId="ea67bc40-7c44-42cb-8b1a-31750e59e65c" testId="358bfe0c-736a-a35f-9444-8a70ece0c125" testName="QueueLanka.API.Tests.QueueApiConsistencyAndPerformanceTests.StatsEndpoint_ShouldReturnSecurityHeaders" computerName="DESKTOP-ET7HBBB" duration="00:00:00.7374935" startTime="2026-04-20T20:18:12.0549029+05:30" endTime="2026-04-20T20:18:12.0549036+05:30" testType="13cdc9d9-ddb5-4fa4-a97d-d965ccfc6d4b" outcome="Passed" testListId="8c84fa94-04c1-424b-9868-57a2d4851a1d" relativeResultsDirectory="ea67bc40-7c44-42cb-8b1a-31750e59e65c" />
    <UnitTestResult executionId="a598fbfb-4353-425a-b523-9866059ba22e" testId="0a3d677d-91d2-7f36-ef34-4738d8175c66" testName="QueueLanka.API.Tests.ReportCsvValidationTests.GenerateDailyCenterSummaryCsvAsync_TotalServed_MatchesExpectedAggregate" computerName="DESKTOP-ET7HBBB" duration="00:00:00.0026264" startTime="2026-04-20T20:18:11.5418650+05:30" endTime="2026-04-20T20:18:11.5418651+05:30" testType="13cdc9d9-ddb5-4fa4-a97d-d965ccfc6d4b" outcome="Passed" testListId="8c84fa94-04c1-424b-9868-57a2d4851a1d" relativeResultsDirectory="a598fbfb-4353-425a-b523-9866059ba22e" />
    <UnitTestResult executionId="d08a6cd6-533c-4cad-8ec6-10062f992618" testId="9916f3ca-1f11-30c2-1ac4-900179ceaf50" testName="QueueLanka.API.Tests.ServiceCenterControllerTests.GetLocation_CenterNotFound_ThrowsServiceCenterNotFoundException" computerName="DESKTOP-ET7HBBB" duration="00:00:00.0022949" startTime="2026-04-20T20:18:11.5167898+05:30" endTime="2026-04-20T20:18:11.5167899+05:30" testType="13cdc9d9-ddb5-4fa4-a97d-d965ccfc6d4b" outcome="Passed" testListId="8c84fa94-04c1-424b-9868-57a2d4851a1d" relativeResultsDirectory="d08a6cd6-533c-4cad-8ec6-10062f992618" />
    <UnitTestResult executionId="7f09b182-7bab-49f2-9dc9-5f8d5e267f03" testId="06b8f8b5-b454-24e4-57a4-10d3a3d872f7" testName="QueueLanka.API.Tests.CounterManagementServiceTests.UpdateStatusToOpen_ReturnsUpdatedCounter" computerName="DESKTOP-ET7HBBB" duration="00:00:00.0022644" startTime="2026-04-20T20:18:11.4741932+05:30" endTime="2026-04-20T20:18:11.4741933+05:30" testType="13cdc9d9-ddb5-4fa4-a97d-d965ccfc6d4b" outcome="Passed" testListId="8c84fa94-04c1-424b-9868-57a2d4851a1d" relativeResultsDirectory="7f09b182-7bab-49f2-9dc9-5f8d5e267f03" />
    <UnitTestResult executionId="14313802-4c33-420d-a873-a3ab545f1e6e" testId="3ca40f77-837a-d4f8-e518-dc8f5045d939" testName="QueueLanka.API.Tests.CounterManagementServiceTests.UpdateStatus_CounterNotFound_ThrowsNotFoundExceptionEquivalent" computerName="DESKTOP-ET7HBBB" duration="00:00:00.0028919" startTime="2026-04-20T20:18:11.4991994+05:30" endTime="2026-04-20T20:18:11.4991996+05:30" testType="13cdc9d9-ddb5-4fa4-a97d-d965ccfc6d4b" outcome="Passed" testListId="8c84fa94-04c1-424b-9868-57a2d4851a1d" relativeResultsDirectory="14313802-4c33-420d-a873-a3ab545f1e6e" />
    <UnitTestResult executionId="608382b0-5ad1-4a32-bf4a-6282ed9cefd1" testId="f6cc3cc7-d7e7-bb07-92ac-3cede4fe7940" testName="QueueLanka.API.Tests.CounterManagementServiceTests.ListCounters_ReturnsCorrectOpenAndClosedCounts" computerName="DESKTOP-ET7HBBB" duration="00:00:00.0036227" startTime="2026-04-20T20:18:11.4708300+05:30" endTime="2026-04-20T20:18:11.4708300+05:30" testType="13cdc9d9-ddb5-4fa4-a97d-d965ccfc6d4b" outcome="Passed" testListId="8c84fa94-04c1-424b-9868-57a2d4851a1d" relativeResultsDirectory="608382b0-5ad1-4a32-bf4a-6282ed9cefd1" />
    <UnitTestResult executionId="b4f637c8-b2a3-4316-a607-0090c5e65cd7" testId="ea9e6aa0-fa33-e3ff-4ad9-9857493fc681" testName="QueueLanka.API.Tests.TokenControllerTests.CancelMyToken_AdminUser_PassesIsAdminTrue" computerName="DESKTOP-ET7HBBB" duration="00:00:00.0018656" startTime="2026-04-20T20:18:11.4296031+05:30" endTime="2026-04-20T20:18:11.4296039+05:30" testType="13cdc9d9-ddb5-4fa4-a97d-d965ccfc6d4b" outcome="Passed" testListId="8c84fa94-04c1-424b-9868-57a2d4851a1d" relativeResultsDirectory="b4f637c8-b2a3-4316-a607-0090c5e65cd7" />
    <UnitTestResult executionId="c74297a5-f6a5-4c55-a881-5aecc2324e9b" testId="f197681b-4ce1-4701-40c1-a46f8fb5213f" testName="QueueLanka.API.Tests.CounterManagementServiceTests.ListCounters_CenterNotFound_ThrowsNotFoundExceptionEquivalent" computerName="DESKTOP-ET7HBBB" duration="00:00:00.0020954" startTime="2026-04-20T20:18:11.4963050+05:30" endTime="2026-04-20T20:18:11.4963051+05:30" testType="13cdc9d9-ddb5-4fa4-a97d-d965ccfc6d4b" outcome="Passed" testListId="8c84fa94-04c1-424b-9868-57a2d4851a1d" relativeResultsDirectory="c74297a5-f6a5-4c55-a881-5aecc2324e9b" />
    <UnitTestResult executionId="20a1caec-28a0-4ea0-a6e2-3fe0c40c7475" testId="2aba73d3-1fd8-c3bd-f3af-0a81489fc0f3" testName="QueueLanka.API.Tests.AuthControllerTests.VerifyEmail_WhitespaceToken_ReturnsBadRequest" computerName="DESKTOP-ET7HBBB" duration="00:00:00.0013842" startTime="2026-04-20T20:18:11.5292523+05:30" endTime="2026-04-20T20:18:11.5292523+05:30" testType="13cdc9d9-ddb5-4fa4-a97d-d965ccfc6d4b" outcome="Passed" testListId="8c84fa94-04c1-424b-9868-57a2d4851a1d" relativeResultsDirectory="20a1caec-28a0-4ea0-a6e2-3fe0c40c7475" />
    <UnitTestResult executionId="21f984fc-51c3-4244-b6c5-f37d4c2a2a94" testId="61838728-5a0f-e70d-5c67-8eb15696a1b0" testName="QueueLanka.API.Tests.ReportCsvValidationTests.GenerateDailyCenterSummaryCsvAsync_CsvBom_IsUtf8Bom" computerName="DESKTOP-ET7HBBB" duration="00:00:00.1231417" startTime="2026-04-20T20:18:11.4405446+05:30" endTime="2026-04-20T20:18:11.4405452+05:30" testType="13cdc9d9-ddb5-4fa4-a97d-d965ccfc6d4b" outcome="Passed" testListId="8c84fa94-04c1-424b-9868-57a2d4851a1d" relativeResultsDirectory="21f984fc-51c3-4244-b6c5-f37d4c2a2a94" />
    <UnitTestResult executionId="615d545d-3783-426d-a9af-42187d61b65b" testId="ffad0fd4-e7cf-34cf-0dc3-bf96cb91d853" testName="QueueLanka.API.Tests.CounterAuthorizationTests.CitizenJwt_AdminCreateCounter_Returns403" computerName="DESKTOP-ET7HBBB" duration="00:00:00.0023046" startTime="2026-04-20T20:18:12.0649714+05:30" endTime="2026-04-20T20:18:12.0649714+05:30" testType="13cdc9d9-ddb5-4fa4-a97d-d965ccfc6d4b" outcome="Passed" testListId="8c84fa94-04c1-424b-9868-57a2d4851a1d" relativeResultsDirectory="615d545d-3783-426d-a9af-42187d61b65b" />
    <UnitTestResult executionId="89668543-5bc7-40b2-8649-3600411e7295" testId="2af9e2fd-10dd-a794-5c32-de3b5cc05d49" testName="QueueLanka.API.Tests.ReportCsvValidationTests.GenerateDailyCenterSummaryCsvAsync_PeakHourTokenCount_MatchesExpectedAggregate" computerName="DESKTOP-ET7HBBB" duration="00:00:00.0008879" startTime="2026-04-20T20:18:11.5561697+05:30" endTime="2026-04-20T20:18:11.5561699+05:30" testType="13cdc9d9-ddb5-4fa4-a97d-d965ccfc6d4b" outcome="Passed" testListId="8c84fa94-04c1-424b-9868-57a2d4851a1d" relativeResultsDirectory="89668543-5bc7-40b2-8649-3600411e7295" />
    <UnitTestResult executionId="84f8c556-e35d-4a85-a0fe-9dd53f2f616b" testId="8aefc8eb-970e-1d26-ca07-e4a67dbd2df9" testName="QueueLanka.API.Tests.ServiceCenterControllerTests.GetLocation_ValidId_ReturnsOk" computerName="DESKTOP-ET7HBBB" duration="00:00:00.0012797" startTime="2026-04-20T20:18:11.4947959+05:30" endTime="2026-04-20T20:18:11.4947961+05:30" testType="13cdc9d9-ddb5-4fa4-a97d-d965ccfc6d4b" outcome="Passed" testListId="8c84fa94-04c1-424b-9868-57a2d4851a1d" relativeResultsDirectory="84f8c556-e35d-4a85-a0fe-9dd53f2f616b" />
    <UnitTestResult executionId="51dbaee1-f0a0-4134-afc7-c595384e0bc8" testId="242cbd37-93c3-6ad3-2a48-5e70f35149da" testName="QueueLanka.API.Tests.ServiceCenterControllerTests.GetAllServiceCenters_EmptyList_ReturnsOkWithEmptyList" computerName="DESKTOP-ET7HBBB" duration="00:00:00.0017395" startTime="2026-04-20T20:18:11.5045126+05:30" endTime="2026-04-20T20:18:11.5045126+05:30" testType="13cdc9d9-ddb5-4fa4-a97d-d965ccfc6d4b" outcome="Passed" testListId="8c84fa94-04c1-424b-9868-57a2d4851a1d" relativeResultsDirectory="51dbaee1-f0a0-4134-afc7-c595384e0bc8" />
    <UnitTestResult executionId="a758d5d3-cb4f-493d-b40f-605eb6aa841f" testId="acf683ea-68aa-dee0-4f5c-0dbb0835293c" testName="QueueLanka.API.Tests.ServiceCenterControllerTests.CheckAvailability_NotFound_ThrowsServiceCenterNotFoundException" computerName="DESKTOP-ET7HBBB" duration="00:00:00.0101767" startTime="2026-04-20T20:18:11.4659415+05:30" endTime="2026-04-20T20:18:11.4659416+05:30" testType="13cdc9d9-ddb5-4fa4-a97d-d965ccfc6d4b" outcome="Passed" testListId="8c84fa94-04c1-424b-9868-57a2d4851a1d" relativeResultsDirectory="a758d5d3-cb4f-493d-b40f-605eb6aa841f" />
    <UnitTestResult executionId="1268dc6d-130d-4763-b752-430a33e483c7" testId="d589b9e0-cfd6-9b5c-6c76-cd22981d0ea8" testName="QueueLanka.API.Tests.ReportServiceTests.GenerateDailyCenterSummaryCsvAsync_ValidRequest_ReturnsCsvWithCorrectHeaders" computerName="DESKTOP-ET7HBBB" duration="00:00:00.0042052" startTime="2026-04-20T20:18:11.4646365+05:30" endTime="2026-04-20T20:18:11.4646367+05:30" testType="13cdc9d9-ddb5-4fa4-a97d-d965ccfc6d4b" outcome="Passed" testListId="8c84fa94-04c1-424b-9868-57a2d4851a1d" relativeResultsDirectory="1268dc6d-130d-4763-b752-430a33e483c7" />
    <UnitTestResult executionId="446ed282-a097-4c32-bda5-242994ad015a" testId="0ece21cc-0f3a-cdf7-ed7b-7b7bd2442409" testName="QueueLanka.API.Tests.CounterServiceBroadcastTests.QueueBroadcastFailure_DoesNotBreakSuccessfulDbOperation" computerName="DESKTOP-ET7HBBB" duration="00:00:00.0221536" startTime="2026-04-20T20:18:11.4952948+05:30" endTime="2026-04-20T20:18:11.4952949+05:30" testType="13cdc9d9-ddb5-4fa4-a97d-d965ccfc6d4b" outcome="Passed" testListId="8c84fa94-04c1-424b-9868-57a2d4851a1d" relativeResultsDirectory="446ed282-a097-4c32-bda5-242994ad015a" />
    <UnitTestResult executionId="b55c7615-dafc-40ff-8838-bea3a4d516da" testId="e043f67f-15b6-4fa0-8455-18ed0e43f116" testName="QueueLanka.API.Tests.AppointmentControllerTests.GetMyAppointments_AuthenticatedUser_ReturnsOkWithList" computerName="DESKTOP-ET7HBBB" duration="00:00:00.0044960" startTime="2026-04-20T20:18:11.4531414+05:30" endTime="2026-04-20T20:18:11.4531414+05:30" testType="13cdc9d9-ddb5-4fa4-a97d-d965ccfc6d4b" outcome="Passed" testListId="8c84fa94-04c1-424b-9868-57a2d4851a1d" relativeResultsDirectory="b55c7615-dafc-40ff-8838-bea3a4d516da" />
    <UnitTestResult executionId="65c43489-8393-419d-85a0-85c802f298b7" testId="2f286440-41e3-c0a6-f3cc-ebc179c267f7" testName="QueueLanka.API.Tests.CounterServiceBroadcastTests.ServeToken_BroadcastsQueueUpdated_WithUpdatedServedCount" computerName="DESKTOP-ET7HBBB" duration="00:00:00.0382206" startTime="2026-04-20T20:18:11.4648038+05:30" endTime="2026-04-20T20:18:11.4648038+05:30" testType="13cdc9d9-ddb5-4fa4-a97d-d965ccfc6d4b" outcome="Passed" testListId="8c84fa94-04c1-424b-9868-57a2d4851a1d" relativeResultsDirectory="65c43489-8393-419d-85a0-85c802f298b7" />
    <UnitTestResult executionId="dab7d215-1498-40e2-80f3-2fde680a1a79" testId="60ba04a1-5491-9eb0-4f41-b822cd102a3e" testName="QueueLanka.API.Tests.ReportCsvValidationTests.GenerateDailyCenterSummaryCsvAsync_PeakHour_UsesHighestIssuedHour" computerName="DESKTOP-ET7HBBB" duration="00:00:00.0015816" startTime="2026-04-20T20:18:11.4555315+05:30" endTime="2026-04-20T20:18:11.4555316+05:30" testType="13cdc9d9-ddb5-4fa4-a97d-d965ccfc6d4b" outcome="Passed" testListId="8c84fa94-04c1-424b-9868-57a2d4851a1d" relativeResultsDirectory="dab7d215-1498-40e2-80f3-2fde680a1a79" />
    <UnitTestResult executionId="c820be71-5202-4463-b62f-f37b4a420e25" testId="27cb67b3-edb3-5bec-9638-db6a8b41476a" testName="QueueLanka.API.Tests.CounterServiceUpdateStatusTests.UpdateTokenStatus_ValidSkippedUpdate_ReturnsUpdatedTokenAndPublishesEvent" computerName="DESKTOP-ET7HBBB" duration="00:00:00.1544148" startTime="2026-04-20T20:18:11.4647171+05:30" endTime="2026-04-20T20:18:11.4647172+05:30" testType="13cdc9d9-ddb5-4fa4-a97d-d965ccfc6d4b" outcome="Passed" testListId="8c84fa94-04c1-424b-9868-57a2d4851a1d" relativeResultsDirectory="c820be71-5202-4463-b62f-f37b4a420e25" />
    <UnitTestResult executionId="b9296cfb-d551-44c5-a695-45ef3561f29d" testId="338c37e2-d296-617a-43e9-1aa33473460e" testName="QueueLanka.API.Tests.AdminUserControllerTests.DeleteUser_ValidId_ReturnsOk" computerName="DESKTOP-ET7HBBB" duration="00:00:00.0018685" startTime="2026-04-20T20:18:11.5080470+05:30" endTime="2026-04-20T20:18:11.5080472+05:30" testType="13cdc9d9-ddb5-4fa4-a97d-d965ccfc6d4b" outcome="Passed" testListId="8c84fa94-04c1-424b-9868-57a2d4851a1d" relativeResultsDirectory="b9296cfb-d551-44c5-a695-45ef3561f29d" />
    <UnitTestResult executionId="3870d54c-68e1-49c4-8c59-98c5d4cbdebd" testId="e1010094-b91f-cdb1-b459-721daaab82c7" testName="QueueLanka.API.Tests.ReportCsvValidationTests.GenerateDailyCenterSummaryCsvAsync_ActiveCounters_MatchesDistinctServedCounters" computerName="DESKTOP-ET7HBBB" duration="00:00:00.0009474" startTime="2026-04-20T20:18:11.5506383+05:30" endTime="2026-04-20T20:18:11.5506387+05:30" testType="13cdc9d9-ddb5-4fa4-a97d-d965ccfc6d4b" outcome="Passed" testListId="8c84fa94-04c1-424b-9868-57a2d4851a1d" relativeResultsDirectory="3870d54c-68e1-49c4-8c59-98c5d4cbdebd" />
    <UnitTestResult executionId="9fc119ce-b059-4b8d-9665-e99e98aed3c9" testId="47427d42-1cb0-36b6-12b4-fdcd3a051864" testName="QueueLanka.API.Tests.ReportCsvValidationTests.GenerateDailyCenterSummaryCsvAsync_SingleCenterFilter_ContainsOnlySingleCenterData" computerName="DESKTOP-ET7HBBB" duration="00:00:00.0011405" startTime="2026-04-20T20:18:11.5536618+05:30" endTime="2026-04-20T20:18:11.5536621+05:30" testType="13cdc9d9-ddb5-4fa4-a97d-d965ccfc6d4b" outcome="Passed" testListId="8c84fa94-04c1-424b-9868-57a2d4851a1d" relativeResultsDirectory="9fc119ce-b059-4b8d-9665-e99e98aed3c9" />
    <UnitTestResult executionId="ab8df4b8-0d0c-4a37-b4e9-eb5abcd36fa0" testId="fd5797b1-7f69-675b-61b1-ef22b57834f7" testName="QueueLanka.API.Tests.ReportsAuthorizationTests.OfficerJwt_CenterSummaryReport_Returns403" computerName="DESKTOP-ET7HBBB" duration="00:00:00.0055716" startTime="2026-04-20T20:18:12.0649297+05:30" endTime="2026-04-20T20:18:12.0649298+05:30" testType="13cdc9d9-ddb5-4fa4-a97d-d965ccfc6d4b" outcome="Passed" testListId="8c84fa94-04c1-424b-9868-57a2d4851a1d" relativeResultsDirectory="ab8df4b8-0d0c-4a37-b4e9-eb5abcd36fa0" />
    <UnitTestResult executionId="cb4afeff-10aa-46d8-a56c-97d54c83a271" testId="7b8b72d6-697d-2149-9fef-9d565561d0d0" testName="QueueLanka.API.Tests.ReportRepositoryIntegrationTests.GetDailyCenterSummaryAsync_PeakHour_MatchesSeededPeakHour" computerName="DESKTOP-ET7HBBB" duration="00:00:00.0006194" startTime="2026-04-20T20:18:11.3668060+05:30" endTime="2026-04-20T20:18:11.3668060+05:30" testType="13cdc9d9-ddb5-4fa4-a97d-d965ccfc6d4b" outcome="Passed" testListId="8c84fa94-04c1-424b-9868-57a2d4851a1d" relativeResultsDirectory="cb4afeff-10aa-46d8-a56c-97d54c83a271" />
    <UnitTestResult executionId="3c4d7963-7640-4b34-a43d-2242530cb94b" testId="65b79abb-c836-4096-3283-c705945685a8" testName="QueueLanka.API.Tests.ServiceCenterControllerTests.CheckAvailability_InvalidId_ThrowsInvalidServiceCenterDataException" computerName="DESKTOP-ET7HBBB" duration="00:00:00.0040823" startTime="2026-04-20T20:18:11.4553965+05:30" endTime="2026-04-20T20:18:11.4553966+05:30" testType="13cdc9d9-ddb5-4fa4-a97d-d965ccfc6d4b" outcome="Passed" testListId="8c84fa94-04c1-424b-9868-57a2d4851a1d" relativeResultsDirectory="3c4d7963-7640-4b34-a43d-2242530cb94b" />
    <UnitTestResult executionId="d2bcb9e1-2f08-4d90-ace7-b3e5d5629621" testId="2da2830c-52e3-b266-6b70-13da9ea8ab7b" testName="QueueLanka.API.Tests.ServiceCenterControllerTests.UpsertLocation_ServiceThrows_Throws" computerName="DESKTOP-ET7HBBB" duration="00:00:00.0044875" startTime="2026-04-20T20:18:11.5143024+05:30" endTime="2026-04-20T20:18:11.5143025+05:30" testType="13cdc9d9-ddb5-4fa4-a97d-d965ccfc6d4b" outcome="Passed" testListId="8c84fa94-04c1-424b-9868-57a2d4851a1d" relativeResultsDirectory="d2bcb9e1-2f08-4d90-ace7-b3e5d5629621" />
    <UnitTestResult executionId="39052a03-6222-4ee5-920a-3796c55e9e1c" testId="3ea41655-1bf0-ed1b-3c55-2364dfff71f8" testName="QueueLanka.API.Tests.AppointmentControllerTests.BookToken_ArgumentException_ReturnsNotFound" computerName="DESKTOP-ET7HBBB" duration="00:00:00.0022858" startTime="2026-04-20T20:18:11.4554359+05:30" endTime="2026-04-20T20:18:11.4554359+05:30" testType="13cdc9d9-ddb5-4fa4-a97d-d965ccfc6d4b" outcome="Passed" testListId="8c84fa94-04c1-424b-9868-57a2d4851a1d" relativeResultsDirectory="39052a03-6222-4ee5-920a-3796c55e9e1c" />
    <UnitTestResult executionId="ded81090-f83a-4bd3-9a34-c1845b28b1bd" testId="be281423-b4fd-a708-cfc5-1435e243046b" testName="QueueLanka.API.Tests.AdminUserControllerTests.DeleteUser_ServiceThrowsDataAccessException_Throws" computerName="DESKTOP-ET7HBBB" duration="00:00:00.0266567" startTime="2026-04-20T20:18:11.5023912+05:30" endTime="2026-04-20T20:18:11.5023913+05:30" testType="13cdc9d9-ddb5-4fa4-a97d-d965ccfc6d4b" outcome="Passed" testListId="8c84fa94-04c1-424b-9868-57a2d4851a1d" relativeResultsDirectory="ded81090-f83a-4bd3-9a34-c1845b28b1bd" />
    <UnitTestResult executionId="ddb61a7b-1fc7-4f94-b953-c7b60e8e7ec3" testId="5dc24600-4b41-03a8-ffc3-90929e58d703" testName="QueueLanka.API.Tests.AdminUserControllerTests.GetUsers_WithRoleFilter_ReturnsOkWithFilteredList" computerName="DESKTOP-ET7HBBB" duration="00:00:00.0022174" startTime="2026-04-20T20:18:11.5418875+05:30" endTime="2026-04-20T20:18:11.5418876+05:30" testType="13cdc9d9-ddb5-4fa4-a97d-d965ccfc6d4b" outcome="Passed" testListId="8c84fa94-04c1-424b-9868-57a2d4851a1d" relativeResultsDirectory="ddb61a7b-1fc7-4f94-b953-c7b60e8e7ec3" />
    <UnitTestResult executionId="4fe1fd18-3fd6-4aa9-8ff2-e563639756e8" testId="f20b0e21-0b73-9291-eb54-717623d71aba" testName="QueueLanka.API.Tests.ServiceCenterControllerTests.GetServiceCenterById_NotFound_ThrowsServiceCenterNotFoundException" computerName="DESKTOP-ET7HBBB" duration="00:00:00.0028308" startTime="2026-04-20T20:18:11.4935990+05:30" endTime="2026-04-20T20:18:11.4935990+05:30" testType="13cdc9d9-ddb5-4fa4-a97d-d965ccfc6d4b" outcome="Passed" testListId="8c84fa94-04c1-424b-9868-57a2d4851a1d" relativeResultsDirectory="4fe1fd18-3fd6-4aa9-8ff2-e563639756e8" />
    <UnitTestResult executionId="0773453a-13b2-4334-a640-713234bdae33" testId="4bc38025-046a-fe3f-b46d-9c051587b7f0" testName="QueueLanka.API.Tests.CounterManagementServiceTests.CreateCounter_DuplicateName_ThrowsConflictExceptionEquivalent" computerName="DESKTOP-ET7HBBB" duration="00:00:00.0025136" startTime="2026-04-20T20:18:11.5110183+05:30" endTime="2026-04-20T20:18:11.5110185+05:30" testType="13cdc9d9-ddb5-4fa4-a97d-d965ccfc6d4b" outcome="Passed" testListId="8c84fa94-04c1-424b-9868-57a2d4851a1d" relativeResultsDirectory="0773453a-13b2-4334-a640-713234bdae33" />
    <UnitTestResult executionId="bbeeba9e-8ff8-4679-a612-93869aa3416a" testId="39c6ca59-4c4e-e772-46a3-595728a4d4c8" testName="QueueLanka.API.Tests.CounterServiceReassignTests.ReassignToken_TokenNotFound_ThrowsNotFoundException" computerName="DESKTOP-ET7HBBB" duration="00:00:00.0026656" startTime="2026-04-20T20:18:11.4717546+05:30" endTime="2026-04-20T20:18:11.4717547+05:30" testType="13cdc9d9-ddb5-4fa4-a97d-d965ccfc6d4b" outcome="Passed" testListId="8c84fa94-04c1-424b-9868-57a2d4851a1d" relativeResultsDirectory="bbeeba9e-8ff8-4679-a612-93869aa3416a" />
    <UnitTestResult executionId="2d23e328-27f3-4420-b3da-1ee6b979c335" testId="f61b65fd-89a6-052a-4f2b-a97dc99cd05b" testName="QueueLanka.API.Tests.AppointmentControllerTests.BookToken_ValidRequest_ReturnsOk" computerName="DESKTOP-ET7HBBB" duration="00:00:00.0030785" startTime="2026-04-20T20:18:11.4497398+05:30" endTime="2026-04-20T20:18:11.4497399+05:30" testType="13cdc9d9-ddb5-4fa4-a97d-d965ccfc6d4b" outcome="Passed" testListId="8c84fa94-04c1-424b-9868-57a2d4851a1d" relativeResultsDirectory="2d23e328-27f3-4420-b3da-1ee6b979c335" />
    <UnitTestResult executionId="c2f21930-39cc-46ef-adf9-790e4e636c08" testId="90dc7370-4978-36c6-b2a2-7a2b5b039c97" testName="QueueLanka.API.Tests.ReportCsvValidationTests.GenerateDailyCenterSummaryCsvAsync_DateRangeFilter_ExcludesOutsideTokens" computerName="DESKTOP-ET7HBBB" duration="00:00:00.0056917" startTime="2026-04-20T20:18:11.4614460+05:30" endTime="2026-04-20T20:18:11.4614461+05:30" testType="13cdc9d9-ddb5-4fa4-a97d-d965ccfc6d4b" outcome="Passed" testListId="8c84fa94-04c1-424b-9868-57a2d4851a1d" relativeResultsDirectory="c2f21930-39cc-46ef-adf9-790e4e636c08" />
    <UnitTestResult executionId="a60f07f9-e302-48ba-8f6d-9299bf1fac81" testId="8aba1367-7910-a884-7bb5-e225e3d4e2ac" testName="QueueLanka.API.Tests.ServiceCenterControllerTests.CreateServiceCenter_ServiceThrows_Throws" computerName="DESKTOP-ET7HBBB" duration="00:00:00.0059127" startTime="2026-04-20T20:18:11.5292100+05:30" endTime="2026-04-20T20:18:11.5292100+05:30" testType="13cdc9d9-ddb5-4fa4-a97d-d965ccfc6d4b" outcome="Passed" testListId="8c84fa94-04c1-424b-9868-57a2d4851a1d" relativeResultsDirectory="a60f07f9-e302-48ba-8f6d-9299bf1fac81" />
    <UnitTestResult executionId="36dec619-6c4f-4cd1-97a3-ed12b8e68d8a" testId="3bce7499-8a48-7d94-675d-4ccf3e5fcc90" testName="QueueLanka.API.Tests.AdminUserControllerTests.DeleteUser_NegativeId_ThrowsInvalidUserIdException" computerName="DESKTOP-ET7HBBB" duration="00:00:00.0033115" startTime="2026-04-20T20:18:11.5059675+05:30" endTime="2026-04-20T20:18:11.5059676+05:30" testType="13cdc9d9-ddb5-4fa4-a97d-d965ccfc6d4b" outcome="Passed" testListId="8c84fa94-04c1-424b-9868-57a2d4851a1d" relativeResultsDirectory="36dec619-6c4f-4cd1-97a3-ed12b8e68d8a" />
    <UnitTestResult executionId="f6238790-2dad-456b-bc4b-aa4f48f6bb0a" testId="47c09470-c82d-3fb6-8f1f-85d645b97d5c" testName="QueueLanka.API.Tests.AuthControllerTests.VerifyEmail_ValidToken_ReturnsOk" computerName="DESKTOP-ET7HBBB" duration="00:00:00.0020758" startTime="2026-04-20T20:18:11.5472253+05:30" endTime="2026-04-20T20:18:11.5472256+05:30" testType="13cdc9d9-ddb5-4fa4-a97d-d965ccfc6d4b" outcome="Passed" testListId="8c84fa94-04c1-424b-9868-57a2d4851a1d" relativeResultsDirectory="f6238790-2dad-456b-bc4b-aa4f48f6bb0a" />
    <UnitTestResult executionId="16f93a11-fadc-4557-9f78-caded405449a" testId="d24c0c7d-d932-3743-7bba-411d15ffdd1b" testName="QueueLanka.API.Tests.CounterServiceBroadcastTests.CounterStatusChange_BroadcastsToCenterGroup" computerName="DESKTOP-ET7HBBB" duration="00:00:00.0048313" startTime="2026-04-20T20:18:11.5002681+05:30" endTime="2026-04-20T20:18:11.5002683+05:30" testType="13cdc9d9-ddb5-4fa4-a97d-d965ccfc6d4b" outcome="Passed" testListId="8c84fa94-04c1-424b-9868-57a2d4851a1d" relativeResultsDirectory="16f93a11-fadc-4557-9f78-caded405449a" />
    <UnitTestResult executionId="675abfda-dffd-40fa-bad2-21bf0017ea7d" testId="1a3921f8-4be6-f493-ca3e-b98ffe42341b" testName="QueueLanka.API.Tests.QueueApiConsistencyAndPerformanceTests.StatsEndpoint_P95Latency_ShouldStayUnder200Ms" computerName="DESKTOP-ET7HBBB" duration="00:00:00.0904675" startTime="2026-04-20T20:18:12.1455501+05:30" endTime="2026-04-20T20:18:12.1455504+05:30" testType="13cdc9d9-ddb5-4fa4-a97d-d965ccfc6d4b" outcome="Passed" testListId="8c84fa94-04c1-424b-9868-57a2d4851a1d" relativeResultsDirectory="675abfda-dffd-40fa-bad2-21bf0017ea7d" />
    <UnitTestResult executionId="ada6dadf-4ada-4531-b4cb-d0bf197b8b53" testId="75102758-2960-c41c-e352-c24837e304dc" testName="QueueLanka.API.Tests.AppointmentControllerTests.GetMyAppointments_UnauthenticatedUser_ReturnsUnauthorized" computerName="DESKTOP-ET7HBBB" duration="00:00:00.0032737" startTime="2026-04-20T20:18:11.4365549+05:30" endTime="2026-04-20T20:18:11.4365551+05:30" testType="13cdc9d9-ddb5-4fa4-a97d-d965ccfc6d4b" outcome="Passed" testListId="8c84fa94-04c1-424b-9868-57a2d4851a1d" relativeResultsDirectory="ada6dadf-4ada-4531-b4cb-d0bf197b8b53" />
    <UnitTestResult executionId="77e780eb-0712-40bf-9c02-007e4e7e013f" testId="c0764244-7a32-39bc-9717-5638ed778cee" testName="QueueLanka.API.Tests.AppointmentControllerTests.BookToken_UnexpectedException_ReturnsStatusCode500" computerName="DESKTOP-ET7HBBB" duration="00:00:00.0025171" startTime="2026-04-20T20:18:11.4452517+05:30" endTime="2026-04-20T20:18:11.4452525+05:30" testType="13cdc9d9-ddb5-4fa4-a97d-d965ccfc6d4b" outcome="Passed" testListId="8c84fa94-04c1-424b-9868-57a2d4851a1d" relativeResultsDirectory="77e780eb-0712-40bf-9c02-007e4e7e013f" />
    <UnitTestResult executionId="88741b31-fe42-480c-a6ab-f07496de8ca4" testId="7a4133d0-7504-fb52-c7de-aeb6777e8aac" testName="QueueLanka.API.Tests.ReportCsvValidationTests.GenerateDailyCenterSummaryCsvAsync_MultipleCenterFilter_IncludesOnlySpecifiedCenters" computerName="DESKTOP-ET7HBBB" duration="00:00:00.0709140" startTime="2026-04-20T20:18:11.5322926+05:30" endTime="2026-04-20T20:18:11.5322928+05:30" testType="13cdc9d9-ddb5-4fa4-a97d-d965ccfc6d4b" outcome="Passed" testListId="8c84fa94-04c1-424b-9868-57a2d4851a1d" relativeResultsDirectory="88741b31-fe42-480c-a6ab-f07496de8ca4" />
    <UnitTestResult executionId="0fbd300e-63ca-488e-8e3e-4f70989a21b8" testId="c75cfdb0-bf60-c0ab-5703-989cd890f308" testName="QueueLanka.API.Tests.CounterServiceUpdateStatusTests.UpdateTokenStatus_TokenNotFound_ThrowsNotFoundException" computerName="DESKTOP-ET7HBBB" duration="00:00:00.0029734" startTime="2026-04-20T20:18:11.4677631+05:30" endTime="2026-04-20T20:18:11.4677633+05:30" testType="13cdc9d9-ddb5-4fa4-a97d-d965ccfc6d4b" outcome="Passed" testListId="8c84fa94-04c1-424b-9868-57a2d4851a1d" relativeResultsDirectory="0fbd300e-63ca-488e-8e3e-4f70989a21b8" />
    <UnitTestResult executionId="2fbe61ed-8cd0-411a-8047-fe8b53695994" testId="402f1fcd-a0e4-8b53-6c06-7932cf5f073b" testName="QueueLanka.API.Tests.AdminUserControllerTests.GetUsers_WithIsActiveFilter_ReturnsOkWithFilteredList" computerName="DESKTOP-ET7HBBB" duration="00:00:00.0099293" startTime="2026-04-20T20:18:11.5291478+05:30" endTime="2026-04-20T20:18:11.5291479+05:30" testType="13cdc9d9-ddb5-4fa4-a97d-d965ccfc6d4b" outcome="Passed" testListId="8c84fa94-04c1-424b-9868-57a2d4851a1d" relativeResultsDirectory="2fbe61ed-8cd0-411a-8047-fe8b53695994" />
    <UnitTestResult executionId="96410030-4c31-4277-8899-1d0dc611f2ef" testId="424af81f-9b2a-fd28-1304-af130bcbbe9f" testName="QueueLanka.API.Tests.ServiceCenterControllerTests.CheckAvailability_NotActive_ReturnsOkWithFalse" computerName="DESKTOP-ET7HBBB" duration="00:00:00.0013159" startTime="2026-04-20T20:18:11.5302824+05:30" endTime="2026-04-20T20:18:11.5302826+05:30" testType="13cdc9d9-ddb5-4fa4-a97d-d965ccfc6d4b" outcome="Passed" testListId="8c84fa94-04c1-424b-9868-57a2d4851a1d" relativeResultsDirectory="96410030-4c31-4277-8899-1d0dc611f2ef" />
    <UnitTestResult executionId="3811d711-d99b-401a-ba80-7491bda6fcf7" testId="561d5b2d-2ff2-8203-a77d-0ac3a7b959b2" testName="QueueLanka.API.Tests.QueueApiConsistencyAndPerformanceTests.DashboardStatsAndReportCsv_ShouldExposeConsistentServedAndSkippedCounts" computerName="DESKTOP-ET7HBBB" duration="00:00:00.0077641" startTime="2026-04-20T20:18:12.2058602+05:30" endTime="2026-04-20T20:18:12.2058640+05:30" testType="13cdc9d9-ddb5-4fa4-a97d-d965ccfc6d4b" outcome="Passed" testListId="8c84fa94-04c1-424b-9868-57a2d4851a1d" relativeResultsDirectory="3811d711-d99b-401a-ba80-7491bda6fcf7" />
    <UnitTestResult executionId="23119fdc-a2e3-43d9-a63a-43407910579a" testId="8d00c966-495a-f0a8-c020-308605a228a8" testName="QueueLanka.API.Tests.CounterDashboardServiceTests.GetWaitingTokensAsync_NoWaitingTokens_ReturnsEmptyList" computerName="DESKTOP-ET7HBBB" duration="00:00:00.0097637" startTime="2026-04-20T20:18:11.4707215+05:30" endTime="2026-04-20T20:18:11.4707216+05:30" testType="13cdc9d9-ddb5-4fa4-a97d-d965ccfc6d4b" outcome="Passed" testListId="8c84fa94-04c1-424b-9868-57a2d4851a1d" relativeResultsDirectory="23119fdc-a2e3-43d9-a63a-43407910579a" />
    <UnitTestResult executionId="8eea6106-a478-4dfc-8a21-cc27e3fb39ba" testId="b298309a-0c83-ca8d-b611-d557f8be5a4f" testName="QueueLanka.API.Tests.TokenControllerTests.CancelMyToken_NotCancellable_ReturnsUnprocessableEntity" computerName="DESKTOP-ET7HBBB" duration="00:00:00.0042135" startTime="2026-04-20T20:18:11.4233482+05:30" endTime="2026-04-20T20:18:11.4233483+05:30" testType="13cdc9d9-ddb5-4fa4-a97d-d965ccfc6d4b" outcome="Passed" testListId="8c84fa94-04c1-424b-9868-57a2d4851a1d" relativeResultsDirectory="8eea6106-a478-4dfc-8a21-cc27e3fb39ba" />
    <UnitTestResult executionId="d5b48462-a83b-4d97-88a0-73f2d68dfb7e" testId="a2905c48-e35c-ba5e-d459-08aa0bb54d64" testName="QueueLanka.API.Tests.QueueBroadcastServiceTests.BroadcastTokenServed_SendsToCorrectGroupWithServedPayload" computerName="DESKTOP-ET7HBBB" duration="00:00:00.1449949" startTime="2026-04-20T20:18:11.4554896+05:30" endTime="2026-04-20T20:18:11.4554896+05:30" testType="13cdc9d9-ddb5-4fa4-a97d-d965ccfc6d4b" outcome="Passed" testListId="8c84fa94-04c1-424b-9868-57a2d4851a1d" relativeResultsDirectory="d5b48462-a83b-4d97-88a0-73f2d68dfb7e" />
    <UnitTestResult executionId="10663343-cc41-4d1d-848c-71c2f3f59188" testId="dbcfc758-ec8c-0f34-d25f-da61e7444b51" testName="QueueLanka.API.Tests.ReportCsvValidationTests.GenerateDailyCenterSummaryCsvAsync_NoShowCount_MatchesWaitingAndCalledAtEndOfDay" computerName="DESKTOP-ET7HBBB" duration="00:00:00.0026551" startTime="2026-04-20T20:18:11.4499406+05:30" endTime="2026-04-20T20:18:11.4499407+05:30" testType="13cdc9d9-ddb5-4fa4-a97d-d965ccfc6d4b" outcome="Passed" testListId="8c84fa94-04c1-424b-9868-57a2d4851a1d" relativeResultsDirectory="10663343-cc41-4d1d-848c-71c2f3f59188" />
    <UnitTestResult executionId="5b53141d-b06f-44f2-a7a6-10928a4c72ec" testId="df2fde32-26d6-412e-99d0-fd16797790c1" testName="QueueLanka.API.Tests.CounterControllerTests.CallNext_NoWaitingTokens_Returns404NotFound" computerName="DESKTOP-ET7HBBB" duration="00:00:00.0014074" startTime="2026-04-20T20:18:11.4262612+05:30" endTime="2026-04-20T20:18:11.4262615+05:30" testType="13cdc9d9-ddb5-4fa4-a97d-d965ccfc6d4b" outcome="Passed" testListId="8c84fa94-04c1-424b-9868-57a2d4851a1d" relativeResultsDirectory="5b53141d-b06f-44f2-a7a6-10928a4c72ec" />
    <UnitTestResult executionId="0229a037-a144-4c7a-8323-a21d9cd303af" testId="ac0c4d0d-cabc-88fe-d852-860dcf889cb9" testName="QueueLanka.API.Tests.ReportServiceTests.GetDailyCenterSummaryDataAsync_ToDateBeforeFromDate_ThrowsValidationException" computerName="DESKTOP-ET7HBBB" duration="00:00:00.0038728" startTime="2026-04-20T20:18:11.4600661+05:30" endTime="2026-04-20T20:18:11.4600666+05:30" testType="13cdc9d9-ddb5-4fa4-a97d-d965ccfc6d4b" outcome="Passed" testListId="8c84fa94-04c1-424b-9868-57a2d4851a1d" relativeResultsDirectory="0229a037-a144-4c7a-8323-a21d9cd303af" />
    <UnitTestResult executionId="65dffeff-6bc8-47af-9838-0f9a78d00f35" testId="dd9db48a-cd74-af07-2b08-97c0e8d01e3b" testName="QueueLanka.API.Tests.QueueApiConsistencyAndPerformanceTests.ReportEndpoint_P95Latency_ShouldStayUnder250Ms" computerName="DESKTOP-ET7HBBB" duration="00:00:00.0520918" startTime="2026-04-20T20:18:12.1978168+05:30" endTime="2026-04-20T20:18:12.1978169+05:30" testType="13cdc9d9-ddb5-4fa4-a97d-d965ccfc6d4b" outcome="Passed" testListId="8c84fa94-04c1-424b-9868-57a2d4851a1d" relativeResultsDirectory="65dffeff-6bc8-47af-9838-0f9a78d00f35" />
    <UnitTestResult executionId="9e661b51-6216-413b-be27-0211f1732969" testId="2655cb08-68a3-4293-bc77-00bfcd66535a" testName="QueueLanka.API.Tests.ServiceCenterControllerTests.CheckAvailability_NotAvailable_ReturnsOkWithFalse" computerName="DESKTOP-ET7HBBB" duration="00:00:00.0012015" startTime="2026-04-20T20:18:11.5316279+05:30" endTime="2026-04-20T20:18:11.5316280+05:30" testType="13cdc9d9-ddb5-4fa4-a97d-d965ccfc6d4b" outcome="Passed" testListId="8c84fa94-04c1-424b-9868-57a2d4851a1d" relativeResultsDirectory="9e661b51-6216-413b-be27-0211f1732969" />
    <UnitTestResult executionId="256af9bf-bdfd-4ba2-a7ac-de8f27efdef3" testId="729df959-b605-1275-93c2-e7356c375e80" testName="QueueLanka.API.Tests.CounterDashboardServiceTests.GetDashboardAsync_WrongOfficer_ThrowsForbidden" computerName="DESKTOP-ET7HBBB" duration="00:00:00.0282849" startTime="2026-04-20T20:18:11.5030928+05:30" endTime="2026-04-20T20:18:11.5030929+05:30" testType="13cdc9d9-ddb5-4fa4-a97d-d965ccfc6d4b" outcome="Passed" testListId="8c84fa94-04c1-424b-9868-57a2d4851a1d" relativeResultsDirectory="256af9bf-bdfd-4ba2-a7ac-de8f27efdef3" />
    <UnitTestResult executionId="6370b40e-4fc6-4340-a60c-f3cabeaa895d" testId="262ce43c-e921-dd47-3dad-c2086732c481" testName="QueueLanka.API.Tests.AuthControllerTests.Login_AccountDisabled_ThrowsAccountDisabledException" computerName="DESKTOP-ET7HBBB" duration="00:00:00.0034152" startTime="2026-04-20T20:18:11.5331299+05:30" endTime="2026-04-20T20:18:11.5331300+05:30" testType="13cdc9d9-ddb5-4fa4-a97d-d965ccfc6d4b" outcome="Passed" testListId="8c84fa94-04c1-424b-9868-57a2d4851a1d" relativeResultsDirectory="6370b40e-4fc6-4340-a60c-f3cabeaa895d" />
    <UnitTestResult executionId="c497c63a-199b-453f-b2d5-72e84af1b61d" testId="6790b8bb-0233-bda0-e213-7e63d4aa152f" testName="QueueLanka.API.Tests.ServiceCenterControllerTests.UpsertLocation_ValidRequest_ReturnsOk" computerName="DESKTOP-ET7HBBB" duration="00:00:00.0048538" startTime="2026-04-20T20:18:11.4509137+05:30" endTime="2026-04-20T20:18:11.4509139+05:30" testType="13cdc9d9-ddb5-4fa4-a97d-d965ccfc6d4b" outcome="Passed" testListId="8c84fa94-04c1-424b-9868-57a2d4851a1d" relativeResultsDirectory="c497c63a-199b-453f-b2d5-72e84af1b61d" />
    <UnitTestResult executionId="c51d97c5-8350-4278-b1c6-d9af2a94eb84" testId="1e9c5e9f-497e-7237-3ebb-afc24258511d" testName="QueueLanka.API.Tests.CounterServiceUpdateStatusTests.UpdateTokenStatus_ValidServedUpdate_ReturnsUpdatedTokenAndPublishesEvent" computerName="DESKTOP-ET7HBBB" duration="00:00:00.0029991" startTime="2026-04-20T20:18:11.4708689+05:30" endTime="2026-04-20T20:18:11.4708690+05:30" testType="13cdc9d9-ddb5-4fa4-a97d-d965ccfc6d4b" outcome="Passed" testListId="8c84fa94-04c1-424b-9868-57a2d4851a1d" relativeResultsDirectory="c51d97c5-8350-4278-b1c6-d9af2a94eb84" />
    <UnitTestResult executionId="1fe6f5f5-23a7-4f92-a34f-e30e302ca583" testId="cc2baf17-8d91-0a32-cacf-8f3457788758" testName="QueueLanka.API.Tests.AppointmentControllerTests.BookToken_CenterFullException_Throws" computerName="DESKTOP-ET7HBBB" duration="00:00:00.0061758" startTime="2026-04-20T20:18:11.4613894+05:30" endTime="2026-04-20T20:18:11.4613896+05:30" testType="13cdc9d9-ddb5-4fa4-a97d-d965ccfc6d4b" outcome="Passed" testListId="8c84fa94-04c1-424b-9868-57a2d4851a1d" relativeResultsDirectory="1fe6f5f5-23a7-4f92-a34f-e30e302ca583" />
    <UnitTestResult executionId="3e5b0f29-053d-47f5-ba56-0a584c568c7d" testId="fafbdfc5-b3c5-5935-1dc9-3e1ad29bb57b" testName="QueueLanka.API.Tests.ReportServiceTests.GenerateDailyCenterSummaryCsvAsync_EmptyResult_ReturnsHeadersOnlyWithoutException" computerName="DESKTOP-ET7HBBB" duration="00:00:00.0070526" startTime="2026-04-20T20:18:11.4479790+05:30" endTime="2026-04-20T20:18:11.4479791+05:30" testType="13cdc9d9-ddb5-4fa4-a97d-d965ccfc6d4b" outcome="Passed" testListId="8c84fa94-04c1-424b-9868-57a2d4851a1d" relativeResultsDirectory="3e5b0f29-053d-47f5-ba56-0a584c568c7d" />
    <UnitTestResult executionId="a955e31d-6cf8-4ec2-811a-b470d4c67904" testId="3194d988-acfc-462b-3a31-722cedc99d03" testName="QueueLanka.API.Tests.ReportCsvValidationTests.GenerateDailyCenterSummaryCsvAsync_AverageWaitTime_MatchesManualCalculationInMinutes" computerName="DESKTOP-ET7HBBB" duration="00:00:00.0011578" startTime="2026-04-20T20:18:11.5495803+05:30" endTime="2026-04-20T20:18:11.5495804+05:30" testType="13cdc9d9-ddb5-4fa4-a97d-d965ccfc6d4b" outcome="Passed" testListId="8c84fa94-04c1-424b-9868-57a2d4851a1d" relativeResultsDirectory="a955e31d-6cf8-4ec2-811a-b470d4c67904" />
    <UnitTestResult executionId="f902ee10-84ab-411c-b3e2-4965519177db" testId="163b3acb-a632-7533-c9f0-78dfd16ab644" testName="QueueLanka.API.Tests.ServiceCenterControllerTests.CheckAvailability_Available_ReturnsOkWithTrue" computerName="DESKTOP-ET7HBBB" duration="00:00:00.0014706" startTime="2026-04-20T20:18:11.5023223+05:30" endTime="2026-04-20T20:18:11.5023225+05:30" testType="13cdc9d9-ddb5-4fa4-a97d-d965ccfc6d4b" outcome="Passed" testListId="8c84fa94-04c1-424b-9868-57a2d4851a1d" relativeResultsDirectory="f902ee10-84ab-411c-b3e2-4965519177db" />
    <UnitTestResult executionId="fd757318-7b87-4ed7-a737-68169679ddea" testId="73d8df65-e0b8-ef73-864d-67e4f22d0e32" testName="QueueLanka.API.Tests.ReportRepositoryIntegrationTests.GetDailyCenterSummaryAsync_TotalServed_MatchesManualCount" computerName="DESKTOP-ET7HBBB" duration="00:00:00.0006384" startTime="2026-04-20T20:18:11.3490849+05:30" endTime="2026-04-20T20:18:11.3490850+05:30" testType="13cdc9d9-ddb5-4fa4-a97d-d965ccfc6d4b" outcome="Passed" testListId="8c84fa94-04c1-424b-9868-57a2d4851a1d" relativeResultsDirectory="fd757318-7b87-4ed7-a737-68169679ddea" />
    <UnitTestResult executionId="2952a7d5-3032-4655-a442-f28ebb08e187" testId="5f0d5a46-50e5-62ea-1195-bdb4674e53f7" testName="QueueLanka.API.Tests.TokenControllerTests.CancelMyToken_TokenNotFound_ReturnsNotFound" computerName="DESKTOP-ET7HBBB" duration="00:00:00.0011666" startTime="2026-04-20T20:18:11.4308984+05:30" endTime="2026-04-20T20:18:11.4308990+05:30" testType="13cdc9d9-ddb5-4fa4-a97d-d965ccfc6d4b" outcome="Passed" testListId="8c84fa94-04c1-424b-9868-57a2d4851a1d" relativeResultsDirectory="2952a7d5-3032-4655-a442-f28ebb08e187" />
    <UnitTestResult executionId="5ed3868d-1b1b-4e90-99da-8c8949bed4ec" testId="58946fc8-c648-785c-0545-d7712d3af878" testName="QueueLanka.API.Tests.ServiceCenterControllerTests.UpsertLocation_CenterNotFound_ThrowsServiceCenterNotFoundException" computerName="DESKTOP-ET7HBBB" duration="00:00:00.0037286" startTime="2026-04-20T20:18:11.5096802+05:30" endTime="2026-04-20T20:18:11.5096802+05:30" testType="13cdc9d9-ddb5-4fa4-a97d-d965ccfc6d4b" outcome="Passed" testListId="8c84fa94-04c1-424b-9868-57a2d4851a1d" relativeResultsDirectory="5ed3868d-1b1b-4e90-99da-8c8949bed4ec" />
    <UnitTestResult executionId="8fee363b-b7c8-4653-a165-6ee7c3c4fa5b" testId="6891a1a4-6434-3a3b-fc12-e26c6fea16c9" testName="QueueLanka.API.Tests.CounterControllerTests.CallNext_NextTokenFound_ReturnsOkWithTokenDetails" computerName="DESKTOP-ET7HBBB" duration="00:00:00.1107277" startTime="2026-04-20T20:18:11.4208847+05:30" endTime="2026-04-20T20:18:11.4208852+05:30" testType="13cdc9d9-ddb5-4fa4-a97d-d965ccfc6d4b" outcome="Passed" testListId="8c84fa94-04c1-424b-9868-57a2d4851a1d" relativeResultsDirectory="8fee363b-b7c8-4653-a165-6ee7c3c4fa5b" />
    <UnitTestResult executionId="106bef68-0754-407a-b1bc-682159f3ab40" testId="13d34f7a-d367-103c-f047-2a8c17699af3" testName="QueueLanka.API.Tests.AdminUserControllerTests.GetUsers_ServiceThrowsException_Throws" computerName="DESKTOP-ET7HBBB" duration="00:00:00.0031222" startTime="2026-04-20T20:18:11.5192665+05:30" endTime="2026-04-20T20:18:11.5192667+05:30" testType="13cdc9d9-ddb5-4fa4-a97d-d965ccfc6d4b" outcome="Passed" testListId="8c84fa94-04c1-424b-9868-57a2d4851a1d" relativeResultsDirectory="106bef68-0754-407a-b1bc-682159f3ab40" />
    <UnitTestResult executionId="6ec0568e-c224-4a8b-8987-9b3759d40bc5" testId="d8774edf-649f-6b77-5579-08b95913940b" testName="QueueLanka.API.Tests.AdminUserControllerTests.GetUsers_InvalidRoleFilter_ThrowsInvalidUserRoleFilterException" computerName="DESKTOP-ET7HBBB" duration="00:00:00.0029476" startTime="2026-04-20T20:18:11.5450363+05:30" endTime="2026-04-20T20:18:11.5450367+05:30" testType="13cdc9d9-ddb5-4fa4-a97d-d965ccfc6d4b" outcome="Passed" testListId="8c84fa94-04c1-424b-9868-57a2d4851a1d" relativeResultsDirectory="6ec0568e-c224-4a8b-8987-9b3759d40bc5" />
    <UnitTestResult executionId="10e5f1f9-9c3c-49ea-a48d-48cacbb1cffb" testId="0c3951cf-2fb6-456d-cd89-69f907b037f6" testName="QueueLanka.API.Tests.ServiceCenterControllerTests.CreateServiceCenter_ValidRequest_Returns201Created" computerName="DESKTOP-ET7HBBB" duration="00:00:00.0055886" startTime="2026-04-20T20:18:11.5004916+05:30" endTime="2026-04-20T20:18:11.5004917+05:30" testType="13cdc9d9-ddb5-4fa4-a97d-d965ccfc6d4b" outcome="Passed" testListId="8c84fa94-04c1-424b-9868-57a2d4851a1d" relativeResultsDirectory="10e5f1f9-9c3c-49ea-a48d-48cacbb1cffb" />
    <UnitTestResult executionId="c83c3a4c-b380-437c-b91f-414c5b3d4225" testId="6a751a85-a4f7-ff38-ad60-ad0d1477d6f4" testName="QueueLanka.API.Tests.AuthControllerTests.Register_ValidRequest_Returns201Created" computerName="DESKTOP-ET7HBBB" duration="00:00:00.0153364" startTime="2026-04-20T20:18:11.5096443+05:30" endTime="2026-04-20T20:18:11.5096443+05:30" testType="13cdc9d9-ddb5-4fa4-a97d-d965ccfc6d4b" outcome="Passed" testListId="8c84fa94-04c1-424b-9868-57a2d4851a1d" relativeResultsDirectory="c83c3a4c-b380-437c-b91f-414c5b3d4225" />
    <UnitTestResult executionId="d94690e9-c54e-4e9a-8b70-8829eb7806f5" testId="74b7f199-6bd3-8f3a-3e97-73ff96b01533" testName="QueueLanka.API.Tests.ServiceCenterControllerTests.CreateServiceCenter_DuplicateCenter_ThrowsDuplicateServiceCenterException" computerName="DESKTOP-ET7HBBB" duration="00:00:00.0063694" startTime="2026-04-20T20:18:11.5228066+05:30" endTime="2026-04-20T20:18:11.5228066+05:30" testType="13cdc9d9-ddb5-4fa4-a97d-d965ccfc6d4b" outcome="Passed" testListId="8c84fa94-04c1-424b-9868-57a2d4851a1d" relativeResultsDirectory="d94690e9-c54e-4e9a-8b70-8829eb7806f5" />
    <UnitTestResult executionId="2f39edc3-816a-453c-9673-b17286a17be0" testId="6097ff89-b9d5-ee9d-714f-aba67c5b883f" testName="QueueLanka.API.Tests.TokenControllerTests.GetMyTokens_UnauthenticatedUser_ReturnsUnauthorized" computerName="DESKTOP-ET7HBBB" duration="00:00:00.1063967" startTime="2026-04-20T20:18:11.4166257+05:30" endTime="2026-04-20T20:18:11.4166260+05:30" testType="13cdc9d9-ddb5-4fa4-a97d-d965ccfc6d4b" outcome="Passed" testListId="8c84fa94-04c1-424b-9868-57a2d4851a1d" relativeResultsDirectory="2f39edc3-816a-453c-9673-b17286a17be0" />
    <UnitTestResult executionId="0b34c533-e67e-4da1-a258-8b8600da8a76" testId="01718eee-d27b-b7f1-19bf-045bd4f160e7" testName="QueueLanka.API.Tests.AdminUserControllerTests.DeleteUser_ZeroId_ThrowsInvalidUserIdException" computerName="DESKTOP-ET7HBBB" duration="00:00:00.0017852" startTime="2026-04-20T20:18:11.5358902+05:30" endTime="2026-04-20T20:18:11.5358907+05:30" testType="13cdc9d9-ddb5-4fa4-a97d-d965ccfc6d4b" outcome="Passed" testListId="8c84fa94-04c1-424b-9868-57a2d4851a1d" relativeResultsDirectory="0b34c533-e67e-4da1-a258-8b8600da8a76" />
    <UnitTestResult executionId="99974a60-4a6e-4066-8aa6-eea3d0754b91" testId="f5206902-fd14-626b-2b4f-ee6de7aa9f21" testName="QueueLanka.API.Tests.CounterManagementServiceTests.CreateCounter_CenterNotFound_ThrowsNotFoundExceptionEquivalent" computerName="DESKTOP-ET7HBBB" duration="00:00:00.0020388" startTime="2026-04-20T20:18:11.5060074+05:30" endTime="2026-04-20T20:18:11.5060074+05:30" testType="13cdc9d9-ddb5-4fa4-a97d-d965ccfc6d4b" outcome="Passed" testListId="8c84fa94-04c1-424b-9868-57a2d4851a1d" relativeResultsDirectory="99974a60-4a6e-4066-8aa6-eea3d0754b91" />
    <UnitTestResult executionId="46e9c13b-8ef2-46b3-8e2a-5b5aa55321ef" testId="75117501-a28a-2fe4-d023-bb2b718b9357" testName="QueueLanka.API.Tests.CounterServiceReassignTests.ReassignToken_ValidRequest_MovesTokenPublishesAndAuditLogs" computerName="DESKTOP-ET7HBBB" duration="00:00:00.0539033" startTime="2026-04-20T20:18:11.5323310+05:30" endTime="2026-04-20T20:18:11.5323310+05:30" testType="13cdc9d9-ddb5-4fa4-a97d-d965ccfc6d4b" outcome="Passed" testListId="8c84fa94-04c1-424b-9868-57a2d4851a1d" relativeResultsDirectory="46e9c13b-8ef2-46b3-8e2a-5b5aa55321ef" />
    <UnitTestResult executionId="5ffc9597-4750-480f-9d79-d19155bbd277" testId="c230320b-9898-1144-83bf-b33a687bb513" testName="QueueLanka.API.Tests.ReportCsvValidationTests.GenerateDailyCenterSummaryCsvAsync_TotalCancelled_MatchesExpectedAggregate" computerName="DESKTOP-ET7HBBB" duration="00:00:00.0031344" startTime="2026-04-20T20:18:11.5452348+05:30" endTime="2026-04-20T20:18:11.5452349+05:30" testType="13cdc9d9-ddb5-4fa4-a97d-d965ccfc6d4b" outcome="Passed" testListId="8c84fa94-04c1-424b-9868-57a2d4851a1d" relativeResultsDirectory="5ffc9597-4750-480f-9d79-d19155bbd277" />
    <UnitTestResult executionId="9bbfd6b2-9a57-4cff-946c-4e8621b5f4f8" testId="6b7e5d96-dab9-8026-e8a2-cbcf198fe55b" testName="QueueLanka.API.Tests.CounterServiceBroadcastTests.CallNext_BroadcastsQueueUpdated_WithTokenCalledTriggerAndWaitingList" computerName="DESKTOP-ET7HBBB" duration="00:00:00.0081160" startTime="2026-04-20T20:18:11.4741111+05:30" endTime="2026-04-20T20:18:11.4741119+05:30" testType="13cdc9d9-ddb5-4fa4-a97d-d965ccfc6d4b" outcome="Passed" testListId="8c84fa94-04c1-424b-9868-57a2d4851a1d" relativeResultsDirectory="9bbfd6b2-9a57-4cff-946c-4e8621b5f4f8" />
    <UnitTestResult executionId="f35d42a6-ee17-40a3-b7be-245079b6fd7f" testId="dc1e57f5-d72c-5b2d-03f2-ef1e561197a4" testName="QueueLanka.API.Tests.ReportCsvValidationTests.GenerateDailyCenterSummaryCsvAsync_ZeroAverageWaitTime_DisplaysAsZeroPointZero" computerName="DESKTOP-ET7HBBB" duration="00:00:00.0008989" startTime="2026-04-20T20:18:11.5515968+05:30" endTime="2026-04-20T20:18:11.5515971+05:30" testType="13cdc9d9-ddb5-4fa4-a97d-d965ccfc6d4b" outcome="Passed" testListId="8c84fa94-04c1-424b-9868-57a2d4851a1d" relativeResultsDirectory="f35d42a6-ee17-40a3-b7be-245079b6fd7f" />
    <UnitTestResult executionId="6f1ac7db-602b-4b17-bcee-19e384343de1" testId="b44eded7-992a-c81b-3430-aef0c12c5482" testName="QueueLanka.API.Tests.ReportCsvValidationTests.GenerateDailyCenterSummaryCsvAsync_TotalTokensIssued_MatchesExpectedAggregate" computerName="DESKTOP-ET7HBBB" duration="00:00:00.0048816" startTime="2026-04-20T20:18:11.4540401+05:30" endTime="2026-04-20T20:18:11.4540408+05:30" testType="13cdc9d9-ddb5-4fa4-a97d-d965ccfc6d4b" outcome="Passed" testListId="8c84fa94-04c1-424b-9868-57a2d4851a1d" relativeResultsDirectory="6f1ac7db-602b-4b17-bcee-19e384343de1" />
    <UnitTestResult executionId="cb8bd23b-f1a0-41cf-9026-d861841aa0cb" testId="614e9b26-4a15-aefb-ef79-1bd32bfe8bae" testName="QueueLanka.API.Tests.CounterManagementServiceTests.UpdateStatusToClosed_ReturnsUpdatedCounter" computerName="DESKTOP-ET7HBBB" duration="00:00:00.0279710" startTime="2026-04-20T20:18:11.4604830+05:30" endTime="2026-04-20T20:18:11.4604831+05:30" testType="13cdc9d9-ddb5-4fa4-a97d-d965ccfc6d4b" outcome="Passed" testListId="8c84fa94-04c1-424b-9868-57a2d4851a1d" relativeResultsDirectory="cb8bd23b-f1a0-41cf-9026-d861841aa0cb" />
    <UnitTestResult executionId="8f6eb618-79ef-46cd-abfa-949c13498f04" testId="a9851f0e-51ff-328a-50f9-0304ea99f784" testName="QueueLanka.API.Tests.CounterServiceReassignTests.ReassignToken_AuditLogFailure_ReassignmentStillSucceeds" computerName="DESKTOP-ET7HBBB" duration="00:00:00.0022873" startTime="2026-04-20T20:18:11.5415722+05:30" endTime="2026-04-20T20:18:11.5415723+05:30" testType="13cdc9d9-ddb5-4fa4-a97d-d965ccfc6d4b" outcome="Passed" testListId="8c84fa94-04c1-424b-9868-57a2d4851a1d" relativeResultsDirectory="8f6eb618-79ef-46cd-abfa-949c13498f04" />
    <UnitTestResult executionId="6b2f6c9b-7486-47b0-b016-1922628d0ee2" testId="753471a4-b4d9-d774-a83f-b8878369634b" testName="QueueLanka.API.Tests.ReportCsvValidationTests.GenerateDailyCenterSummaryCsvAsync_TotalSkipped_MatchesExpectedAggregate" computerName="DESKTOP-ET7HBBB" duration="00:00:00.0008069" startTime="2026-04-20T20:18:11.5524546+05:30" endTime="2026-04-20T20:18:11.5524548+05:30" testType="13cdc9d9-ddb5-4fa4-a97d-d965ccfc6d4b" outcome="Passed" testListId="8c84fa94-04c1-424b-9868-57a2d4851a1d" relativeResultsDirectory="6b2f6c9b-7486-47b0-b016-1922628d0ee2" />
    <UnitTestResult executionId="b8116557-9660-4d93-8026-293b70e11f49" testId="610f273e-91b7-03be-dad8-6dce99b81ffe" testName="QueueLanka.API.Tests.CounterServiceUpdateStatusTests.UpdateTokenStatus_InvalidStatus_ThrowsValidationException" computerName="DESKTOP-ET7HBBB" duration="00:00:00.0194550" startTime="2026-04-20T20:18:11.4908931+05:30" endTime="2026-04-20T20:18:11.4908934+05:30" testType="13cdc9d9-ddb5-4fa4-a97d-d965ccfc6d4b" outcome="Passed" testListId="8c84fa94-04c1-424b-9868-57a2d4851a1d" relativeResultsDirectory="b8116557-9660-4d93-8026-293b70e11f49" />
    <UnitTestResult executionId="6d1a9673-65c7-4ed2-80e7-c9de98a2b52a" testId="76e208e0-4901-25a7-a590-2000a8a0fd63" testName="QueueLanka.API.Tests.ServiceCenterControllerTests.GetLocation_InvalidId_ThrowsInvalidServiceCenterDataException" computerName="DESKTOP-ET7HBBB" duration="00:00:00.0032096" startTime="2026-04-20T20:18:11.4454523+05:30" endTime="2026-04-20T20:18:11.4454525+05:30" testType="13cdc9d9-ddb5-4fa4-a97d-d965ccfc6d4b" outcome="Passed" testListId="8c84fa94-04c1-424b-9868-57a2d4851a1d" relativeResultsDirectory="6d1a9673-65c7-4ed2-80e7-c9de98a2b52a" />
    <UnitTestResult executionId="55116b5d-da91-4728-9417-12cf5fd2b4df" testId="f7bf5779-b2f3-e9b0-558a-f0526812a083" testName="QueueLanka.API.Tests.ServiceCenterControllerTests.UpsertLocation_InvalidId_ThrowsInvalidServiceCenterDataException" computerName="DESKTOP-ET7HBBB" duration="00:00:00.0037129" startTime="2026-04-20T20:18:11.4431434+05:30" endTime="2026-04-20T20:18:11.4431434+05:30" testType="13cdc9d9-ddb5-4fa4-a97d-d965ccfc6d4b" outcome="Passed" testListId="8c84fa94-04c1-424b-9868-57a2d4851a1d" relativeResultsDirectory="55116b5d-da91-4728-9417-12cf5fd2b4df" />
    <UnitTestResult executionId="ab67ce42-c67f-41a5-98fb-d7862f61a2f7" testId="6add8946-948e-b827-6ef8-c44f516139e7" testName="QueueLanka.API.Tests.ReportCsvValidationTests.GenerateDailyCenterSummaryCsvAsync_CenterFilter_ExcludesOtherCenters" computerName="DESKTOP-ET7HBBB" duration="00:00:00.0025010" startTime="2026-04-20T20:18:11.5349183+05:30" endTime="2026-04-20T20:18:11.5349191+05:30" testType="13cdc9d9-ddb5-4fa4-a97d-d965ccfc6d4b" outcome="Passed" testListId="8c84fa94-04c1-424b-9868-57a2d4851a1d" relativeResultsDirectory="ab67ce42-c67f-41a5-98fb-d7862f61a2f7" />
    <UnitTestResult executionId="ca3d3657-1ac2-4c39-b2c4-dd3dea5e20e7" testId="33ac541d-d7c9-b72a-df2c-b183ce6be74f" testName="QueueLanka.API.Tests.CounterDashboardServiceTests.GetDashboardAsync_AverageServiceTimeNoData_ReturnsZeroWithoutErrors" computerName="DESKTOP-ET7HBBB" duration="00:00:00.0024822" startTime="2026-04-20T20:18:11.5127814+05:30" endTime="2026-04-20T20:18:11.5127816+05:30" testType="13cdc9d9-ddb5-4fa4-a97d-d965ccfc6d4b" outcome="Passed" testListId="8c84fa94-04c1-424b-9868-57a2d4851a1d" relativeResultsDirectory="ca3d3657-1ac2-4c39-b2c4-dd3dea5e20e7" />
[...]
info: QueueLanka.Shared.Middleware.RequestContextLoggingMiddleware[0]&#xD;
      HTTP request completed. RequestId=0HNKUTFC2M0VC TraceId=43900c3117d07ac6610835700d8967ad Method=GET Path=/api/counters/4/stats StatusCode=200 DurationMs=0&#xD;
info: QueueLanka.Shared.Middleware.RequestContextLoggingMiddleware[0]&#xD;
      HTTP request started. RequestId=0HNKUTFC2M0VD TraceId=c985dfd3e2165bc691684595f38fe4b0 Method=GET Path=/api/counters/4/stats Query=&#xD;
info: QueueLanka.Shared.Middleware.RequestContextLoggingMiddleware[0]&#xD;
      HTTP request completed. RequestId=0HNKUTFC2M0VD TraceId=c985dfd3e2165bc691684595f38fe4b0 Method=GET Path=/api/counters/4/stats StatusCode=200 DurationMs=0&#xD;
info: QueueLanka.Shared.Middleware.RequestContextLoggingMiddleware[0]&#xD;
      HTTP request started. RequestId=0HNKUTFC2M0VE TraceId=e485697ad137b392534ea00e6deaa789 Method=GET Path=/api/counters/4/stats Query=&#xD;
info: QueueLanka.Shared.Middleware.RequestContextLoggingMiddleware[0]&#xD;
      HTTP request completed. RequestId=0HNKUTFC2M0VE TraceId=e485697ad137b392534ea00e6deaa789 Method=GET Path=/api/counters/4/stats StatusCode=200 DurationMs=0&#xD;
info: QueueLanka.Shared.Middleware.RequestContextLoggingMiddleware[0]&#xD;
      HTTP request started. RequestId=0HNKUTFC2M0VF TraceId=052d0b70ad303f3d8e0457268f9a2748 Method=GET Path=/api/counters/4/stats Query=&#xD;
info: QueueLanka.Shared.Middleware.RequestContextLoggingMiddleware[0]&#xD;
      HTTP request completed. RequestId=0HNKUTFC2M0VF TraceId=052d0b70ad303f3d8e0457268f9a2748 Method=GET Path=/api/counters/4/stats StatusCode=200 DurationMs=0&#xD;
info: QueueLanka.Shared.Middleware.RequestContextLoggingMiddleware[0]&#xD;
      HTTP request started. RequestId=0HNKUTFC2M0VG TraceId=e141f5e05ea5f1f8f9447462fe592f36 Method=GET Path=/api/counters/4/stats Query=&#xD;
info: QueueLanka.Shared.Middleware.RequestContextLoggingMiddleware[0]&#xD;
      HTTP request completed. RequestId=0HNKUTFC2M0VG TraceId=e141f5e05ea5f1f8f9447462fe592f36 Method=GET Path=/api/counters/4/stats StatusCode=200 DurationMs=0&#xD;
info: QueueLanka.Shared.Middleware.RequestContextLoggingMiddleware[0]&#xD;
      HTTP request started. RequestId=0HNKUTFC2M0VH TraceId=93f768920460c46daab47e32b6929add Method=GET Path=/api/counters/4/stats Query=&#xD;
info: QueueLanka.Shared.Middleware.RequestContextLoggingMiddleware[0]&#xD;
      HTTP request completed. RequestId=0HNKUTFC2M0VH TraceId=93f768920460c46daab47e32b6929add Method=GET Path=/api/counters/4/stats StatusCode=200 DurationMs=0&#xD;
info: QueueLanka.Shared.Middleware.RequestContextLoggingMiddleware[0]&#xD;
      HTTP request started. RequestId=0HNKUTFC2M0VI TraceId=0943bd14b028fb89f87b1fa9bfab5551 Method=GET Path=/api/counters/4/stats Query=&#xD;
info: QueueLanka.Shared.Middleware.RequestContextLoggingMiddleware[0]&#xD;
      HTTP request completed. RequestId=0HNKUTFC2M0VI TraceId=0943bd14b028fb89f87b1fa9bfab5551 Method=GET Path=/api/counters/4/stats StatusCode=200 DurationMs=0&#xD;
info: QueueLanka.Shared.Middleware.RequestContextLoggingMiddleware[0]&#xD;
      HTTP request started. RequestId=0HNKUTFC2M0VJ TraceId=e7de66832f3a1d990ae4154ba344461d Method=GET Path=/api/reports/centers/11/summary Query=?from=2026-03-10&amp;to=2026-03-10&amp;format=csv&#xD;
info: QueueLanka.Shared.Middleware.RequestContextLoggingMiddleware[0]&#xD;
      HTTP request completed. RequestId=0HNKUTFC2M0VJ TraceId=e7de66832f3a1d990ae4154ba344461d Method=GET Path=/api/reports/centers/11/summary StatusCode=200 DurationMs=6&#xD;
info: QueueLanka.Shared.Middleware.RequestContextLoggingMiddleware[0]&#xD;
      HTTP request started. RequestId=0HNKUTFC2M0VK TraceId=6686da6a8e670bfcbb3abbc759af4b1a Method=GET Path=/api/reports/centers/11/summary Query=?from=2026-03-10&amp;to=2026-03-10&amp;format=csv&#xD;
info: QueueLanka.Shared.Middleware.RequestContextLoggingMiddleware[0]&#xD;
      HTTP request completed. RequestId=0HNKUTFC2M0VK TraceId=6686da6a8e670bfcbb3abbc759af4b1a Method=GET Path=/api/reports/centers/11/summary StatusCode=200 DurationMs=0&#xD;
info: QueueLanka.Shared.Middleware.RequestContextLoggingMiddleware[0]&#xD;
      HTTP request started. RequestId=0HNKUTFC2M0VL TraceId=57245d31a9a3151dd49a23b7825696b4 Method=GET Path=/api/reports/centers/11/summary Query=?from=2026-03-10&amp;to=2026-03-10&amp;format=csv&#xD;
info: QueueLanka.Shared.Middleware.RequestContextLoggingMiddleware[0]&#xD;
      HTTP request completed. RequestId=0HNKUTFC2M0VL TraceId=57245d31a9a3151dd49a23b7825696b4 Method=GET Path=/api/reports/centers/11/summary StatusCode=200 DurationMs=1&#xD;
info: QueueLanka.Shared.Middleware.RequestContextLoggingMiddleware[0]&#xD;
      HTTP request started. RequestId=0HNKUTFC2M0VM TraceId=0545dade8f623b37679f610550c7e5fd Method=GET Path=/api/reports/centers/11/summary Query=?from=2026-03-10&amp;to=2026-03-10&amp;format=csv&#xD;
info: QueueLanka.Shared.Middleware.RequestContextLoggingMiddleware[0]&#xD;
      HTTP request completed. RequestId=0HNKUTFC2M0VM TraceId=0545dade8f623b37679f610550c7e5fd Method=GET Path=/api/reports/centers/11/summary StatusCode=200 DurationMs=1&#xD;
info: QueueLanka.Shared.Middleware.RequestContextLoggingMiddleware[0]&#xD;
      HTTP request started. RequestId=0HNKUTFC2M0VN TraceId=7bff15126baa240a5410c7e7c66b34c4 Method=GET Path=/api/reports/centers/11/summary Query=?from=2026-03-10&amp;to=2026-03-10&amp;format=csv&#xD;
info: QueueLanka.Shared.Middleware.RequestContextLoggingMiddleware[0]&#xD;
      HTTP request completed. RequestId=0HNKUTFC2M0VN TraceId=7bff15126baa240a5410c7e7c66b34c4 Method=GET Path=/api/reports/centers/11/summary StatusCode=200 DurationMs=0&#xD;
info: QueueLanka.Shared.Middleware.RequestContextLoggingMiddleware[0]&#xD;
      HTTP request started. RequestId=0HNKUTFC2M0VO TraceId=1045e8c2be85ec44ddc8973e673059d1 Method=GET Path=/api/reports/centers/11/summary Query=?from=2026-03-10&amp;to=2026-03-10&amp;format=csv&#xD;
info: QueueLanka.Shared.Middleware.RequestContextLoggingMiddleware[0]&#xD;
      HTTP request completed. RequestId=0HNKUTFC2M0VO TraceId=1045e8c2be85ec44ddc8973e673059d1 Method=GET Path=/api/reports/centers/11/summary StatusCode=200 DurationMs=0&#xD;
info: QueueLanka.Shared.Middleware.RequestContextLoggingMiddleware[0]&#xD;
      HTTP request started. RequestId=0HNKUTFC2M0VP TraceId=c62db12b3353fdf36f8e056449b9f90a Method=GET Path=/api/reports/centers/11/summary Query=?from=2026-03-10&amp;to=2026-03-10&amp;format=csv&#xD;
info: QueueLanka.Shared.Middleware.RequestContextLoggingMiddleware[0]&#xD;
      HTTP request completed. RequestId=0HNKUTFC2M0VP TraceId=c62db12b3353fdf36f8e056449b9f90a Method=GET Path=/api/reports/centers/11/summary StatusCode=200 DurationMs=0&#xD;
info: QueueLanka.Shared.Middleware.RequestContextLoggingMiddleware[0]&#xD;
      HTTP request started. RequestId=0HNKUTFC2M0VQ TraceId=205ee941f27dde68aa5111c717955028 Method=GET Path=/api/reports/centers/11/summary Query=?from=2026-03-10&amp;to=2026-03-10&amp;format=csv&#xD;
info: QueueLanka.Shared.Middleware.RequestContextLoggingMiddleware[0]&#xD;
      HTTP request completed. RequestId=0HNKUTFC2M0VQ TraceId=205ee941f27dde68aa5111c717955028 Method=GET Path=/api/reports/centers/11/summary StatusCode=200 DurationMs=0&#xD;
info: QueueLanka.Shared.Middleware.RequestContextLoggingMiddleware[0]&#xD;
      HTTP request started. RequestId=0HNKUTFC2M0VR TraceId=880e681128418d0bb8bdd0b71662950b Method=GET Path=/api/reports/centers/11/summary Query=?from=2026-03-10&amp;to=2026-03-10&amp;format=csv&#xD;
info: QueueLanka.Shared.Middleware.RequestContextLoggingMiddleware[0]&#xD;
      HTTP request completed. RequestId=0HNKUTFC2M0VR TraceId=880e681128418d0bb8bdd0b71662950b Method=GET Path=/api/reports/centers/11/summary StatusCode=200 DurationMs=0&#xD;
info: QueueLanka.Shared.Middleware.RequestContextLoggingMiddleware[0]&#xD;
      HTTP request started. RequestId=0HNKUTFC2M0VS TraceId=3ad9f9de4eda38645b28cb6da124973c Method=GET Path=/api/reports/centers/11/summary Query=?from=2026-03-10&amp;to=2026-03-10&amp;format=csv&#xD;
info: QueueLanka.Shared.Middleware.RequestContextLoggingMiddleware[0]&#xD;
      HTTP request completed. RequestId=0HNKUTFC2M0VS TraceId=3ad9f9de4eda38645b28cb6da124973c Method=GET Path=/api/reports/centers/11/summary StatusCode=200 DurationMs=1&#xD;
info: QueueLanka.Shared.Middleware.RequestContextLoggingMiddleware[0]&#xD;
      HTTP request started. RequestId=0HNKUTFC2M0VT TraceId=2c16ee702d601757520fc6470e1f85e8 Method=GET Path=/api/reports/centers/11/summary Query=?from=2026-03-10&amp;to=2026-03-10&amp;format=csv&#xD;
info: QueueLanka.Shared.Middleware.RequestContextLoggingMiddleware[0]&#xD;
      HTTP request completed. RequestId=0HNKUTFC2M0VT TraceId=2c16ee702d601757520fc6470e1f85e8 Method=GET Path=/api/reports/centers/11/summary StatusCode=200 DurationMs=1&#xD;
info: QueueLanka.Shared.Middleware.RequestContextLoggingMiddleware[0]&#xD;
      HTTP request started. RequestId=0HNKUTFC2M0VU TraceId=9ed1e57e9785158367dbb562dd444419 Method=GET Path=/api/reports/centers/11/summary Query=?from=2026-03-10&amp;to=2026-03-10&amp;format=csv&#xD;
info: QueueLanka.Shared.Middleware.RequestContextLoggingMiddleware[0]&#xD;
      HTTP request completed. RequestId=0HNKUTFC2M0VU TraceId=9ed1e57e9785158367dbb562dd444419 Method=GET Path=/api/reports/centers/11/summary StatusCode=200 DurationMs=1&#xD;
info: QueueLanka.Shared.Middleware.RequestContextLoggingMiddleware[0]&#xD;
      HTTP request started. RequestId=0HNKUTFC2M0VV TraceId=9844c2d2caac982e96cd1311db748b5d Method=GET Path=/api/reports/centers/11/summary Query=?from=2026-03-10&amp;to=2026-03-10&amp;format=csv&#xD;
info: QueueLanka.Shared.Middleware.RequestContextLoggingMiddleware[0]&#xD;
      HTTP request completed. RequestId=0HNKUTFC2M0VV TraceId=9844c2d2caac982e96cd1311db748b5d Method=GET Path=/api/reports/centers/11/summary StatusCode=200 DurationMs=0&#xD;
info: QueueLanka.Shared.Middleware.RequestContextLoggingMiddleware[0]&#xD;
      HTTP request started. RequestId=0HNKUTFC2M100 TraceId=f6f3060165360ee1fb0ed5f25fd52aa6 Method=GET Path=/api/reports/centers/11/summary Query=?from=2026-03-10&amp;to=2026-03-10&amp;format=csv&#xD;
info: QueueLanka.Shared.Middleware.RequestContextLoggingMiddleware[0]&#xD;
      HTTP request completed. RequestId=0HNKUTFC2M100 TraceId=f6f3060165360ee1fb0ed5f25fd52aa6 Method=GET Path=/api/reports/centers/11/summary StatusCode=200 DurationMs=1&#xD;
info: QueueLanka.Shared.Middleware.RequestContextLoggingMiddleware[0]&#xD;
      HTTP request started. RequestId=0HNKUTFC2M101 TraceId=69d2eb1944636e6f7f2a720b89ddbb62 Method=GET Path=/api/reports/centers/11/summary Query=?from=2026-03-10&amp;to=2026-03-10&amp;format=csv&#xD;
info: QueueLanka.Shared.Middleware.RequestContextLoggingMiddleware[0]&#xD;
      HTTP request completed. RequestId=0HNKUTFC2M101 TraceId=69d2eb1944636e6f7f2a720b89ddbb62 Method=GET Path=/api/reports/centers/11/summary StatusCode=200 DurationMs=1&#xD;
info: QueueLanka.Shared.Middleware.RequestContextLoggingMiddleware[0]&#xD;
      HTTP request started. RequestId=0HNKUTFC2M102 TraceId=7033d0e9f396018e0b2584e3e7300201 Method=GET Path=/api/reports/centers/11/summary Query=?from=2026-03-10&amp;to=2026-03-10&amp;format=csv&#xD;
info: QueueLanka.Shared.Middleware.RequestContextLoggingMiddleware[0]&#xD;
      HTTP request completed. RequestId=0HNKUTFC2M102 TraceId=7033d0e9f396018e0b2584e3e7300201 Method=GET Path=/api/reports/centers/11/summary StatusCode=200 DurationMs=1&#xD;
info: QueueLanka.Shared.Middleware.RequestContextLoggingMiddleware[0]&#xD;
      HTTP request started. RequestId=0HNKUTFC2M103 TraceId=d8b3a375faae8744cc3b4dd74ff4abe0 Method=GET Path=/api/reports/centers/11/summary Query=?from=2026-03-10&amp;to=2026-03-10&amp;format=csv&#xD;
info: QueueLanka.Shared.Middleware.RequestContextLoggingMiddleware[0]&#xD;
      HTTP request completed. RequestId=0HNKUTFC2M103 TraceId=d8b3a375faae8744cc3b4dd74ff4abe0 Method=GET Path=/api/reports/centers/11/summary StatusCode=200 DurationMs=0&#xD;
info: QueueLanka.Shared.Middleware.RequestContextLoggingMiddleware[0]&#xD;
      HTTP request started. RequestId=0HNKUTFC2M104 TraceId=24585356e9d28b4bb3e8cbf55a25b364 Method=GET Path=/api/reports/centers/11/summary Query=?from=2026-03-10&amp;to=2026-03-10&amp;format=csv&#xD;
info: QueueLanka.Shared.Middleware.RequestContextLoggingMiddleware[0]&#xD;
      HTTP request completed. RequestId=0HNKUTFC2M104 TraceId=24585356e9d28b4bb3e8cbf55a25b364 Method=GET Path=/api/reports/centers/11/summary StatusCode=200 DurationMs=0&#xD;
info: QueueLanka.Shared.Middleware.RequestContextLoggingMiddleware[0]&#xD;
      HTTP request started. RequestId=0HNKUTFC2M105 TraceId=4c370efabdef065c31ba859a5fe0e257 Method=GET Path=/api/reports/centers/11/summary Query=?from=2026-03-10&amp;to=2026-03-10&amp;format=csv&#xD;
info: QueueLanka.Shared.Middleware.RequestContextLoggingMiddleware[0]&#xD;
      HTTP request completed. RequestId=0HNKUTFC2M105 TraceId=4c370efabdef065c31ba859a5fe0e257 Method=GET Path=/api/reports/centers/11/summary StatusCode=200 DurationMs=0&#xD;
info: QueueLanka.Shared.Middleware.RequestContextLoggingMiddleware[0]&#xD;
      HTTP request started. RequestId=0HNKUTFC2M106 TraceId=2b855f80e8240d8ca99218121161ef2e Method=GET Path=/api/reports/centers/11/summary Query=?from=2026-03-10&amp;to=2026-03-10&amp;format=csv&#xD;
info: QueueLanka.Shared.Middleware.RequestContextLoggingMiddleware[0]&#xD;
      HTTP request completed. RequestId=0HNKUTFC2M106 TraceId=2b855f80e8240d8ca99218121161ef2e Method=GET Path=/api/reports/centers/11/summary StatusCode=200 DurationMs=0&#xD;
info: QueueLanka.Shared.Middleware.RequestContextLoggingMiddleware[0]&#xD;
      HTTP request started. RequestId=0HNKUTFC2M107 TraceId=0acc451b0d974a42723e94b53efcc9a5 Method=GET Path=/api/reports/centers/11/summary Query=?from=2026-03-10&amp;to=2026-03-10&amp;format=csv&#xD;
info: QueueLanka.Shared.Middleware.RequestContextLoggingMiddleware[0]&#xD;
      HTTP request completed. RequestId=0HNKUTFC2M107 TraceId=0acc451b0d974a42723e94b53efcc9a5 Method=GET Path=/api/reports/centers/11/summary StatusCode=200 DurationMs=0&#xD;
info: QueueLanka.Shared.Middleware.RequestContextLoggingMiddleware[0]&#xD;
      HTTP request started. RequestId=0HNKUTFC2M108 TraceId=ba1f3d2bf61160bde34f56c2c1c33f9c Method=GET Path=/api/reports/centers/11/summary Query=?from=2026-03-10&amp;to=2026-03-10&amp;format=csv&#xD;
info: QueueLanka.Shared.Middleware.RequestContextLoggingMiddleware[0]&#xD;
      HTTP request completed. RequestId=0HNKUTFC2M108 TraceId=ba1f3d2bf61160bde34f56c2c1c33f9c Method=GET Path=/api/reports/centers/11/summary StatusCode=200 DurationMs=0&#xD;
info: QueueLanka.Shared.Middleware.RequestContextLoggingMiddleware[0]&#xD;
      HTTP request started. RequestId=0HNKUTFC2M109 TraceId=7d09ab9aad1f85a189a18945dc6f1277 Method=GET Path=/api/reports/centers/11/summary Query=?from=2026-03-10&amp;to=2026-03-10&amp;format=csv&#xD;
info: QueueLanka.Shared.Middleware.RequestContextLoggingMiddleware[0]&#xD;
      HTTP request completed. RequestId=0HNKUTFC2M109 TraceId=7d09ab9aad1f85a189a18945dc6f1277 Method=GET Path=/api/reports/centers/11/summary StatusCode=200 DurationMs=0&#xD;
info: QueueLanka.Shared.Middleware.RequestContextLoggingMiddleware[0]&#xD;
      HTTP request started. RequestId=0HNKUTFC2M10A TraceId=735ac968976ab68bd70525518d03aa17 Method=GET Path=/api/reports/centers/11/summary Query=?from=2026-03-10&amp;to=2026-03-10&amp;format=csv&#xD;
info: QueueLanka.Shared.Middleware.RequestContextLoggingMiddleware[0]&#xD;
      HTTP request completed. RequestId=0HNKUTFC2M10A TraceId=735ac968976ab68bd70525518d03aa17 Method=GET Path=/api/reports/centers/11/summary StatusCode=200 DurationMs=1&#xD;
info: QueueLanka.Shared.Middleware.RequestContextLoggingMiddleware[0]&#xD;
      HTTP request started. RequestId=0HNKUTFC2M10B TraceId=631b75a1a54d229038cddab00885e908 Method=GET Path=/api/reports/centers/11/summary Query=?from=2026-03-10&amp;to=2026-03-10&amp;format=csv&#xD;
info: QueueLanka.Shared.Middleware.RequestContextLoggingMiddleware[0]&#xD;
      HTTP request completed. RequestId=0HNKUTFC2M10B TraceId=631b75a1a54d229038cddab00885e908 Method=GET Path=/api/reports/centers/11/summary StatusCode=200 DurationMs=0&#xD;
info: QueueLanka.Shared.Middleware.RequestContextLoggingMiddleware[0]&#xD;
      HTTP request started. RequestId=0HNKUTFC2M10C TraceId=fab29929ff42f2455ba2e49f52282a2d Method=GET Path=/api/reports/centers/11/summary Query=?from=2026-03-10&amp;to=2026-03-10&amp;format=csv&#xD;
info: QueueLanka.Shared.Middleware.RequestContextLoggingMiddleware[0]&#xD;
      HTTP request completed. RequestId=0HNKUTFC2M10C TraceId=fab29929ff42f2455ba2e49f52282a2d Method=GET Path=/api/reports/centers/11/summary StatusCode=200 DurationMs=2&#xD;
info: QueueLanka.Shared.Middleware.RequestContextLoggingMiddleware[0]&#xD;
      HTTP request started. RequestId=0HNKUTFC2M10D TraceId=3275b0b5b3260ef7fecfe125338a5c60 Method=GET Path=/api/reports/centers/11/summary Query=?from=2026-03-10&amp;to=2026-03-10&amp;format=csv&#xD;
info: QueueLanka.Shared.Middleware.RequestContextLoggingMiddleware[0]&#xD;
      HTTP request completed. RequestId=0HNKUTFC2M10D TraceId=3275b0b5b3260ef7fecfe125338a5c60 Method=GET Path=/api/reports/centers/11/summary StatusCode=200 DurationMs=0&#xD;
info: QueueLanka.Shared.Middleware.RequestContextLoggingMiddleware[0]&#xD;
      HTTP request started. RequestId=0HNKUTFC2M10E TraceId=2cc9bf3a0850571006411422166333d4 Method=GET Path=/api/reports/centers/11/summary Query=?from=2026-03-10&amp;to=2026-03-10&amp;format=csv&#xD;
info: QueueLanka.Shared.Middleware.RequestContextLoggingMiddleware[0]&#xD;
      HTTP request completed. RequestId=0HNKUTFC2M10E TraceId=2cc9bf3a0850571006411422166333d4 Method=GET Path=/api/reports/centers/11/summary StatusCode=200 DurationMs=0&#xD;
info: QueueLanka.Shared.Middleware.RequestContextLoggingMiddleware[0]&#xD;
      HTTP request started. RequestId=0HNKUTFC2M10F TraceId=fd1d28e4b1bce611a741c3b6214816f8 Method=GET Path=/api/reports/centers/11/summary Query=?from=2026-03-10&amp;to=2026-03-10&amp;format=csv&#xD;
info: QueueLanka.Shared.Middleware.RequestContextLoggingMiddleware[0]&#xD;
      HTTP request completed. RequestId=0HNKUTFC2M10F TraceId=fd1d28e4b1bce611a741c3b6214816f8 Method=GET Path=/api/reports/centers/11/summary StatusCode=200 DurationMs=0&#xD;
info: QueueLanka.Shared.Middleware.RequestContextLoggingMiddleware[0]&#xD;
      HTTP request started. RequestId=0HNKUTFC2M10G TraceId=d2215033f6f802f2bd3380d1e144e220 Method=GET Path=/api/reports/centers/11/summary Query=?from=2026-03-10&amp;to=2026-03-10&amp;format=csv&#xD;
info: QueueLanka.Shared.Middleware.RequestContextLoggingMiddleware[0]&#xD;
      HTTP request completed. RequestId=0HNKUTFC2M10G TraceId=d2215033f6f802f2bd3380d1e144e220 Method=GET Path=/api/reports/centers/11/summary StatusCode=200 DurationMs=0&#xD;
info: QueueLanka.Shared.Middleware.RequestContextLoggingMiddleware[0]&#xD;
      HTTP request started. RequestId=0HNKUTFC2M10H TraceId=0aaf10a81dd811417dcb4e85c6b2eb5c Method=GET Path=/api/counters/4/stats Query=&#xD;
info: QueueLanka.Shared.Middleware.RequestContextLoggingMiddleware[0]&#xD;
      HTTP request completed. RequestId=0HNKUTFC2M10H TraceId=0aaf10a81dd811417dcb4e85c6b2eb5c Method=GET Path=/api/counters/4/stats StatusCode=200 DurationMs=0&#xD;
info: QueueLanka.Shared.Middleware.RequestContextLoggingMiddleware[0]&#xD;
      HTTP request started. RequestId=0HNKUTFC2M10I TraceId=15ec76517f980204c78c96be124d0e60 Method=GET Path=/api/reports/centers/11/summary Query=?from=2026-03-10&amp;to=2026-03-10&amp;format=csv&#xD;
info: QueueLanka.Shared.Middleware.RequestContextLoggingMiddleware[0]&#xD;
      HTTP request completed. RequestId=0HNKUTFC2M10I TraceId=15ec76517f980204c78c96be124d0e60 Method=GET Path=/api/reports/centers/11/summary StatusCode=200 DurationMs=1&#xD;
[xUnit.net 00:00:01.36]   Finished:    QueueLanka.API.Tests&#xD;
</StdOut>
    </Output>
  </ResultSummary>
</TestRun>