{"numTotalTestSuites":18,"numPassedTestSuites":18,"numFailedTestSuites":0,"numPendingTestSuites":0,"numTotalTests":36,"numPassedTests":36,"numFailedTests":0,"numPendingTests":0,"numTodoTests":0,"snapshot":{"added":0,"failure":false,"filesAdded":0,"filesRemoved":0,"filesRemovedList":[],"filesUnmatched":0,"filesUpdated":0,"matched":0,"total":0,"unchecked":0,"uncheckedKeysByFile":[],"unmatched":0,"updated":0,"didUpdate":false},"startTime":1776696421123,"success":true,"testResults":[{"assertionResults":[{"ancestorTitles":["appointmentApi"],"fullName":"appointmentApi bookToken unwraps api envelope data","status":"passed","title":"bookToken unwraps api envelope data","duration":3.105999999999767,"failureMessages":[],"meta":{},"tags":[]},{"ancestorTitles":["appointmentApi"],"fullName":"appointmentApi getMyAppointments unwraps list data","status":"passed","title":"getMyAppointments unwraps list data","duration":0.7247999999999593,"failureMessages":[],"meta":{},"tags":[]}],"startTime":1776696426983,"endTime":1776696426986.7249,"status":"passed","message":"","name":"C:/Users/user/Desktop/Qlanka-pro/frontend/src/api/appointmentApi.test.ts"},{"assertionResults":[{"ancestorTitles":["authApi"],"fullName":"authApi registerUser returns response payload","status":"passed","title":"registerUser returns response payload","duration":5.203299999999217,"failureMessages":[],"meta":{},"tags":[]},{"ancestorTitles":["authApi"],"fullName":"authApi loginUser returns response payload","status":"passed","title":"loginUser returns response payload","duration":0.45240000000012515,"failureMessages":[],"meta":{},"tags":[]},{"ancestorTitles":["authApi"],"fullName":"authApi maps axios error message from backend","status":"passed","title":"maps axios error message from backend","duration":1.051900000000387,"failureMessages":[],"meta":{},"tags":[]},{"ancestorTitles":["authApi"],"fullName":"authApi maps unknown errors to network fallback message","status":"passed","title":"maps unknown errors to network fallback message","duration":0.3782999999984895,"failureMessages":[],"meta":{},"tags":[]}],"startTime":1776696428700,"endTime":1776696428706.3784,"status":"passed","message":"","name":"C:/Users/user/Desktop/Qlanka-pro/frontend/src/api/authApi.test.ts"},{"assertionResults":[{"ancestorTitles":["reportsApi"],"fullName":"reportsApi downloads CSV using filename from content-disposition","status":"passed","title":"downloads CSV using filename from content-disposition","duration":6.69419999999991,"failureMessages":[],"meta":{},"tags":[]},{"ancestorTitles":["reportsApi"],"fullName":"reportsApi throws explicit no-data error for 204 response","status":"passed","title":"throws explicit no-data error for 204 response","duration":1.0570999999999913,"failureMessages":[],"meta":{},"tags":[]},{"ancestorTitles":["reportsApi"],"fullName":"reportsApi maps blob errors to generic report failure message","status":"passed","title":"maps blob errors to generic report failure message","duration":0.4705999999996493,"failureMessages":[],"meta":{},"tags":[]},{"ancestorTitles":["reportsApi"],"fullName":"reportsApi handles large CSV payloads without truncating generated blob URL flow","status":"passed","title":"handles large CSV payloads without truncating generated blob URL flow","duration":1.0221000000001368,"failureMessages":[],"meta":{},"tags":[]},{"ancestorTitles":["reportsApi"],"fullName":"reportsApi surfaces backend message from JSON error payload","status":"passed","title":"surfaces backend message from JSON error payload","duration":0.32299999999941065,"failureMessages":[],"meta":{},"tags":[]}],"startTime":1776696426183,"endTime":1776696426192.323,"status":"passed","message":"","name":"C:/Users/user/Desktop/Qlanka-pro/frontend/src/api/reportsApi.test.ts"},{"assertionResults":[{"ancestorTitles":["tokenApi"],"fullName":"tokenApi getMyTokens unwraps envelope","status":"passed","title":"getMyTokens unwraps envelope","duration":2.2924999999995634,"failureMessages":[],"meta":{},"tags":[]},{"ancestorTitles":["tokenApi"],"fullName":"tokenApi getServiceCenterQueue unwraps envelope","status":"passed","title":"getServiceCenterQueue unwraps envelope","duration":0.3734999999996944,"failureMessages":[],"meta":{},"tags":[]},{"ancestorTitles":["tokenApi"],"fullName":"tokenApi cancelToken maps auth errors","status":"passed","title":"cancelToken maps auth errors","duration":1.104799999999159,"failureMessages":[],"meta":{},"tags":[]},{"ancestorTitles":["tokenApi"],"fullName":"tokenApi cancelToken maps not found and already-cancelled errors","status":"passed","title":"cancelToken maps not found and already-cancelled errors","duration":0.5882999999994354,"failureMessages":[],"meta":{},"tags":[]},{"ancestorTitles":["tokenApi"],"fullName":"tokenApi cancelToken maps network and unknown errors","status":"passed","title":"cancelToken maps network and unknown errors","duration":0.3838999999989028,"failureMessages":[],"meta":{},"tags":[]}],"startTime":1776696429556,"endTime":1776696429561.3838,"status":"passed","message":"","name":"C:/Users/user/Desktop/Qlanka-pro/frontend/src/api/tokenApi.test.ts"},{"assertionResults":[{"ancestorTitles":["userApi"],"fullName":"userApi returns admin users and forwards params","status":"passed","title":"returns admin users and forwards params","duration":2.9402000000000044,"failureMessages":[],"meta":{},"tags":[]},{"ancestorTitles":["userApi"],"fullName":"userApi maps backend code to friendly message","status":"passed","title":"maps backend code to friendly message","duration":1.4510000000000218,"failureMessages":[],"meta":{},"tags":[]},{"ancestorTitles":["userApi"],"fullName":"userApi deleteAdminUser calls endpoint and maps network timeout","status":"passed","title":"deleteAdminUser calls endpoint and maps network timeout","duration":0.7256999999999607,"failureMessages":[],"meta":{},"tags":[]}],"startTime":1776696427837,"endTime":1776696427842.7256,"status":"passed","message":"","name":"C:/Users/user/Desktop/Qlanka-pro/frontend/src/api/userApi.test.ts"},{"assertionResults":[{"ancestorTitles":["AdminDashboardPage"],"fullName":"AdminDashboardPage renders dashboard metrics derived from fetched API data","status":"passed","title":"renders dashboard metrics derived from fetched API data","duration":107.48030000000017,"failureMessages":[],"meta":{},"tags":[]},{"ancestorTitles":["AdminDashboardPage"],"fullName":"AdminDashboardPage falls back to zeroed stats if data fetch fails","status":"passed","title":"falls back to zeroed stats if data fetch fails","duration":21.91780000000017,"failureMessages":[],"meta":{},"tags":[]},{"ancestorTitles":["AdminDashboardPage"],"fullName":"AdminDashboardPage re-fetches dashboard data when refresh is clicked","status":"passed","title":"re-fetches dashboard data when refresh is clicked","duration":130.81309999999985,"failureMessages":[],"meta":{},"tags":[]}],"startTime":1776696423868,"endTime":1776696424128.813,"status":"passed","message":"","name":"C:/Users/user/Desktop/Qlanka-pro/frontend/src/pages/AdminDashboardPage.test.tsx"},{"assertionResults":[{"ancestorTitles":["DashboardPage"],"fullName":"DashboardPage shows loading state while tokens are being fetched","status":"passed","title":"shows loading state while tokens are being fetched","duration":35.334499999999935,"failureMessages":[],"meta":{},"tags":[]},{"ancestorTitles":["DashboardPage"],"fullName":"DashboardPage shows empty-state prompt when user has no active tokens","status":"passed","title":"shows empty-state prompt when user has no active tokens","duration":163.90390000000025,"failureMessages":[],"meta":{},"tags":[]},{"ancestorTitles":["DashboardPage"],"fullName":"DashboardPage renders token cards when active tokens exist","status":"passed","title":"renders token cards when active tokens exist","duration":8.158299999999144,"failureMessages":[],"meta":{},"tags":[]},{"ancestorTitles":["DashboardPage"],"fullName":"DashboardPage shows API error when token fetch fails","status":"passed","title":"shows API error when token fetch fails","duration":5.220800000000054,"failureMessages":[],"meta":{},"tags":[]},{"ancestorTitles":["DashboardPage"],"fullName":"DashboardPage calls refresh when user clicks the refresh button","status":"passed","title":"calls refresh when user clicks the refresh button","duration":21.593300000000454,"failureMessages":[],"meta":{},"tags":[]}],"startTime":1776696425051,"endTime":1776696425284.5933,"status":"passed","message":"","name":"C:/Users/user/Desktop/Qlanka-pro/frontend/src/pages/DashboardPage.test.tsx"},{"assertionResults":[{"ancestorTitles":["validation utils"],"fullName":"validation utils validates email values","status":"passed","title":"validates email values","duration":1.6486999999997352,"failureMessages":[],"meta":{},"tags":[]},{"ancestorTitles":["validation utils"],"fullName":"validation utils validates strict password rules","status":"passed","title":"validates strict password rules","duration":0.5208999999995285,"failureMessages":[],"meta":{},"tags":[]},{"ancestorTitles":["validation utils"],"fullName":"validation utils validates login password rules","status":"passed","title":"validates login password rules","duration":0.28760000000147556,"failureMessages":[],"meta":{},"tags":[]},{"ancestorTitles":["validation utils"],"fullName":"validation utils computes password strength labels","status":"passed","title":"computes password strength labels","duration":0.8863999999994121,"failureMessages":[],"meta":{},"tags":[]},{"ancestorTitles":["validation utils"],"fullName":"validation utils validates usernames","status":"passed","title":"validates usernames","duration":0.19789999999920838,"failureMessages":[],"meta":{},"tags":[]}],"startTime":1776696430437,"endTime":1776696430440.198,"status":"passed","message":"","name":"C:/Users/user/Desktop/Qlanka-pro/frontend/src/utils/validation.test.ts"},{"assertionResults":[{"ancestorTitles":["ServiceCenterCard"],"fullName":"ServiceCenterCard shows queue booking action for non-admin users","status":"passed","title":"shows queue booking action for non-admin users","duration":147.5398,"failureMessages":[],"meta":{},"tags":[]},{"ancestorTitles":["ServiceCenterCard"],"fullName":"ServiceCenterCard exports CSV with selected date range for admin users","status":"passed","title":"exports CSV with selected date range for admin users","duration":31.361999999999625,"failureMessages":[],"meta":{},"tags":[]},{"ancestorTitles":["ServiceCenterCard"],"fullName":"ServiceCenterCard shows loading state while export is in progress","status":"passed","title":"shows loading state while export is in progress","duration":55.54710000000023,"failureMessages":[],"meta":{},"tags":[]},{"ancestorTitles":["ServiceCenterCard"],"fullName":"ServiceCenterCard shows export error message when download fails","status":"passed","title":"shows export error message when download fails","duration":23.429099999999835,"failureMessages":[],"meta":{},"tags":[]}],"startTime":1776696422694,"endTime":1776696422952.4292,"status":"passed","message":"","name":"C:/Users/user/Desktop/Qlanka-pro/frontend/src/components/serviceCenter/ServiceCenterCard.test.tsx"}]}