<?xml version="1.0" encoding="utf-8"?>
<TestRun id="2ad58228-bd12-4b47-bf5e-790352ad4c50" name="malin@MALINDU 2026-03-23 23:04:43" runUser="MALINDU\malin" xmlns="http://microsoft.com/schemas/VisualStudio/TeamTest/2010">
  <Times creation="2026-03-23T23:04:43.4224109+05:30" queuing="2026-03-23T23:04:43.4224115+05:30" start="2026-03-23T23:04:41.5262617+05:30" finish="2026-03-23T23:04:43.9619432+05:30" />
  <TestSettings name="default" id="abc7f4d6-daff-4392-aafe-4a3c3543d476">
    <Deployment runDeploymentRoot="malin_MALINDU_2026-03-23_23_04_43" />
  </TestSettings>
  <Results>
    <UnitTestResult executionId="c2fb1b1b-4e95-494e-bde2-455e24771727" testId="683b04d1-f105-8d2a-7e52-422a81ecfe3a" testName="QueueLanka.API.Tests.CounterAuthorizationTests.OfficerJwt_AdminCreateCounter_Returns403" computerName="MALINDU" duration="00:00:00.0435595" startTime="2026-03-23T23:04:43.8020673+05:30" endTime="2026-03-23T23:04:43.8020675+05:30" testType="13cdc9d9-ddb5-4fa4-a97d-d965ccfc6d4b" outcome="Passed" testListId="8c84fa94-04c1-424b-9868-57a2d4851a1d" relativeResultsDirectory="c2fb1b1b-4e95-494e-bde2-455e24771727" />
    <UnitTestResult executionId="28c7d3f7-4d3c-41b4-b9bc-3688a8f88dfa" testId="47427d42-1cb0-36b6-12b4-fdcd3a051864" testName="QueueLanka.API.Tests.ReportCsvValidationTests.GenerateDailyCenterSummaryCsvAsync_SingleCenterFilter_ContainsOnlySingleCenterData" computerName="MALINDU" duration="00:00:00.0010263" startTime="2026-03-23T23:04:43.5255273+05:30" endTime="2026-03-23T23:04:43.5255275+05:30" testType="13cdc9d9-ddb5-4fa4-a97d-d965ccfc6d4b" outcome="Passed" testListId="8c84fa94-04c1-424b-9868-57a2d4851a1d" relativeResultsDirectory="28c7d3f7-4d3c-41b4-b9bc-3688a8f88dfa" />
    <UnitTestResult executionId="0a231439-516d-4771-8a5a-2ef7f5052bef" testId="448c56e7-68d3-20b4-d461-be36b0f1d3be" testName="QueueLanka.API.Tests.ReportCsvValidationTests.GenerateDailyCenterSummaryCsvAsync_EmptyDateRange_ReturnsHeadersOnly" computerName="MALINDU" duration="00:00:00.0030103" startTime="2026-03-23T23:04:43.4698772+05:30" endTime="2026-03-23T23:04:43.4698773+05:30" testType="13cdc9d9-ddb5-4fa4-a97d-d965ccfc6d4b" outcome="Passed" testListId="8c84fa94-04c1-424b-9868-57a2d4851a1d" relativeResultsDirectory="0a231439-516d-4771-8a5a-2ef7f5052bef" />
    <UnitTestResult executionId="1740b0cb-fa78-4315-afd5-5cc2fe5823b4" testId="1e9c5e9f-497e-7237-3ebb-afc24258511d" testName="QueueLanka.API.Tests.CounterServiceUpdateStatusTests.UpdateTokenStatus_ValidServedUpdate_ReturnsUpdatedTokenAndPublishesEvent" computerName="MALINDU" duration="00:00:00.0023946" startTime="2026-03-23T23:04:43.4861839+05:30" endTime="2026-03-23T23:04:43.4861839+05:30" testType="13cdc9d9-ddb5-4fa4-a97d-d965ccfc6d4b" outcome="Passed" testListId="8c84fa94-04c1-424b-9868-57a2d4851a1d" relativeResultsDirectory="1740b0cb-fa78-4315-afd5-5cc2fe5823b4" />
    <UnitTestResult executionId="b4d40402-df95-467e-85ef-d9e5f7fb4888" testId="f6cc3cc7-d7e7-bb07-92ac-3cede4fe7940" testName="QueueLanka.API.Tests.CounterManagementServiceTests.ListCounters_ReturnsCorrectOpenAndClosedCounts" computerName="MALINDU" duration="00:00:00.0033686" startTime="2026-03-23T23:04:43.4890400+05:30" endTime="2026-03-23T23:04:43.4890401+05:30" testType="13cdc9d9-ddb5-4fa4-a97d-d965ccfc6d4b" outcome="Passed" testListId="8c84fa94-04c1-424b-9868-57a2d4851a1d" relativeResultsDirectory="b4d40402-df95-467e-85ef-d9e5f7fb4888" />
    <UnitTestResult executionId="aee18493-81d4-4380-84b6-4194caef257a" testId="9be9a274-e71c-afde-5a4c-3b036a96a527" testName="QueueLanka.API.Tests.CounterAuthorizationTests.TamperedJwtSignature_AnyEndpoint_Returns401" computerName="MALINDU" duration="00:00:00.0037739" startTime="2026-03-23T23:04:43.8680144+05:30" endTime="2026-03-23T23:04:43.8680146+05:30" testType="13cdc9d9-ddb5-4fa4-a97d-d965ccfc6d4b" outcome="Passed" testListId="8c84fa94-04c1-424b-9868-57a2d4851a1d" relativeResultsDirectory="aee18493-81d4-4380-84b6-4194caef257a" />
    <UnitTestResult executionId="80d763f5-93dd-4ce4-b3d3-9637503943d0" testId="3194d988-acfc-462b-3a31-722cedc99d03" testName="QueueLanka.API.Tests.ReportCsvValidationTests.GenerateDailyCenterSummaryCsvAsync_AverageWaitTime_MatchesManualCalculationInMinutes" computerName="MALINDU" duration="00:00:00.0012408" startTime="2026-03-23T23:04:43.5216250+05:30" endTime="2026-03-23T23:04:43.5216251+05:30" testType="13cdc9d9-ddb5-4fa4-a97d-d965ccfc6d4b" outcome="Passed" testListId="8c84fa94-04c1-424b-9868-57a2d4851a1d" relativeResultsDirectory="80d763f5-93dd-4ce4-b3d3-9637503943d0" />
    <UnitTestResult executionId="d39353e2-2a70-4a62-9777-fda8bfa9eb78" testId="944c524c-adcd-8e37-3bbf-0f405d6fad36" testName="QueueLanka.API.Tests.CounterManagementServiceTests.BroadcastFailure_StatusUpdateStillSucceeds" computerName="MALINDU" duration="00:00:00.0024607" startTime="2026-03-23T23:04:43.5010410+05:30" endTime="2026-03-23T23:04:43.5010410+05:30" testType="13cdc9d9-ddb5-4fa4-a97d-d965ccfc6d4b" outcome="Passed" testListId="8c84fa94-04c1-424b-9868-57a2d4851a1d" relativeResultsDirectory="d39353e2-2a70-4a62-9777-fda8bfa9eb78" />
    <UnitTestResult executionId="a33e0571-17a4-467d-aa58-1ebbf8339d05" testId="cedca48e-8d89-e88e-35e8-2917b37aacbd" testName="QueueLanka.API.Tests.QueueBroadcastServiceTests.BroadcastCounterStatusChanged_SendsToCorrectCenterGroup" computerName="MALINDU" duration="00:00:00.0036329" startTime="2026-03-23T23:04:43.4959433+05:30" endTime="2026-03-23T23:04:43.4959434+05:30" testType="13cdc9d9-ddb5-4fa4-a97d-d965ccfc6d4b" outcome="Passed" testListId="8c84fa94-04c1-424b-9868-57a2d4851a1d" relativeResultsDirectory="a33e0571-17a4-467d-aa58-1ebbf8339d05" />
    <UnitTestResult executionId="ae465984-0ccd-47db-929a-8b1b43df64f1" testId="cc2baf17-8d91-0a32-cacf-8f3457788758" testName="QueueLanka.API.Tests.AppointmentControllerTests.BookToken_CenterFullException_Throws" computerName="MALINDU" duration="00:00:00.0020772" startTime="2026-03-23T23:04:43.4663730+05:30" endTime="2026-03-23T23:04:43.4663731+05:30" testType="13cdc9d9-ddb5-4fa4-a97d-d965ccfc6d4b" outcome="Passed" testListId="8c84fa94-04c1-424b-9868-57a2d4851a1d" relativeResultsDirectory="ae465984-0ccd-47db-929a-8b1b43df64f1" />
    <UnitTestResult executionId="d63018de-ce4d-448d-92d0-bd082d51512c" testId="45631362-b325-2a52-d692-e100a5667a58" testName="QueueLanka.API.Tests.CounterManagementServiceTests.BroadcastCalledAfterStatusUpdate_CounterStatusChangedEventFired" computerName="MALINDU" duration="00:00:00.0015254" startTime="2026-03-23T23:04:43.5038377+05:30" endTime="2026-03-23T23:04:43.5038378+05:30" testType="13cdc9d9-ddb5-4fa4-a97d-d965ccfc6d4b" outcome="Passed" testListId="8c84fa94-04c1-424b-9868-57a2d4851a1d" relativeResultsDirectory="d63018de-ce4d-448d-92d0-bd082d51512c" />
    <UnitTestResult executionId="5376ec62-6943-4bc5-afe7-8e22be10aa2b" testId="75117501-a28a-2fe4-d023-bb2b718b9357" testName="QueueLanka.API.Tests.CounterServiceReassignTests.ReassignToken_ValidRequest_MovesTokenPublishesAndAuditLogs" computerName="MALINDU" duration="00:00:00.0219125" startTime="2026-03-23T23:04:43.5010530+05:30" endTime="2026-03-23T23:04:43.5010530+05:30" testType="13cdc9d9-ddb5-4fa4-a97d-d965ccfc6d4b" outcome="Passed" testListId="8c84fa94-04c1-424b-9868-57a2d4851a1d" relativeResultsDirectory="5376ec62-6943-4bc5-afe7-8e22be10aa2b" />
    <UnitTestResult executionId="dd759cec-1a0a-413d-b8e5-cc140274ba0a" testId="75c7f4af-0bc5-2431-091f-82a528866af6" testName="QueueLanka.API.Tests.CounterServiceBroadcastTests.SkipToken_BroadcastsQueueUpdated_WithUpdatedSkippedCount" computerName="MALINDU" duration="00:00:00.0044615" startTime="2026-03-23T23:04:43.5063941+05:30" endTime="2026-03-23T23:04:43.5063942+05:30" testType="13cdc9d9-ddb5-4fa4-a97d-d965ccfc6d4b" outcome="Passed" testListId="8c84fa94-04c1-424b-9868-57a2d4851a1d" relativeResultsDirectory="dd759cec-1a0a-413d-b8e5-cc140274ba0a" />
    <UnitTestResult executionId="eb4f3ae3-5d4b-4d60-b0b7-4a0bcb8b43aa" testId="01718eee-d27b-b7f1-19bf-045bd4f160e7" testName="QueueLanka.API.Tests.AdminUserControllerTests.DeleteUser_ZeroId_ThrowsInvalidUserIdException" computerName="MALINDU" duration="00:00:00.0012883" startTime="2026-03-23T23:04:43.4837860+05:30" endTime="2026-03-23T23:04:43.4837861+05:30" testType="13cdc9d9-ddb5-4fa4-a97d-d965ccfc6d4b" outcome="Passed" testListId="8c84fa94-04c1-424b-9868-57a2d4851a1d" relativeResultsDirectory="eb4f3ae3-5d4b-4d60-b0b7-4a0bcb8b43aa" />
    <UnitTestResult executionId="9f601b69-5eaa-4ef5-bbb0-0cb99afa501d" testId="db01c016-4094-f715-9e19-f3226625da31" testName="QueueLanka.API.Tests.AdminUserControllerTests.DeleteUser_UserNotFound_ThrowsUserNotFoundException" computerName="MALINDU" duration="00:00:00.0027037" startTime="2026-03-23T23:04:43.4815469+05:30" endTime="2026-03-23T23:04:43.4815470+05:30" testType="13cdc9d9-ddb5-4fa4-a97d-d965ccfc6d4b" outcome="Passed" testListId="8c84fa94-04c1-424b-9868-57a2d4851a1d" relativeResultsDirectory="9f601b69-5eaa-4ef5-bbb0-0cb99afa501d" />
    <UnitTestResult executionId="c3fc88da-5fdf-423f-aea8-365ec2d0e5ea" testId="ac0c4d0d-cabc-88fe-d852-860dcf889cb9" testName="QueueLanka.API.Tests.ReportServiceTests.GetDailyCenterSummaryDataAsync_ToDateBeforeFromDate_ThrowsValidationException" computerName="MALINDU" duration="00:00:00.0012438" startTime="2026-03-23T23:04:43.4861442+05:30" endTime="2026-03-23T23:04:43.4861443+05:30" testType="13cdc9d9-ddb5-4fa4-a97d-d965ccfc6d4b" outcome="Passed" testListId="8c84fa94-04c1-424b-9868-57a2d4851a1d" relativeResultsDirectory="c3fc88da-5fdf-423f-aea8-365ec2d0e5ea" />
    <UnitTestResult executionId="303fb74f-4e95-438b-ae49-3f4c51909d1e" testId="dbcfc758-ec8c-0f34-d25f-da61e7444b51" testName="QueueLanka.API.Tests.ReportCsvValidationTests.GenerateDailyCenterSummaryCsvAsync_NoShowCount_MatchesWaitingAndCalledAtEndOfDay" computerName="MALINDU" duration="00:00:00.0089671" startTime="2026-03-23T23:04:43.4789303+05:30" endTime="2026-03-23T23:04:43.4789303+05:30" testType="13cdc9d9-ddb5-4fa4-a97d-d965ccfc6d4b" outcome="Passed" testListId="8c84fa94-04c1-424b-9868-57a2d4851a1d" relativeResultsDirectory="303fb74f-4e95-438b-ae49-3f4c51909d1e" />
    <UnitTestResult executionId="01f45abf-f731-4268-9cba-d6d84bcef787" testId="10aaa2d4-3433-1120-ada2-c3d9918be38d" testName="QueueLanka.API.Tests.ReportServiceTests.GenerateDailyCenterSummaryCsvAsync_SummaryRowTotalsAreCorrect" computerName="MALINDU" duration="00:00:00.0025805" startTime="2026-03-23T23:04:43.4845645+05:30" endTime="2026-03-23T23:04:43.4845646+05:30" testType="13cdc9d9-ddb5-4fa4-a97d-d965ccfc6d4b" outcome="Passed" testListId="8c84fa94-04c1-424b-9868-57a2d4851a1d" relativeResultsDirectory="01f45abf-f731-4268-9cba-d6d84bcef787" />
    <UnitTestResult executionId="db5a5019-fa08-482d-bd12-465c45aef520" testId="2b0c8b81-7ed5-d4c5-72e9-4561cfc1f738" testName="QueueLanka.API.Tests.AuthControllerTests.VerifyEmail_EmptyToken_ReturnsBadRequest" computerName="MALINDU" duration="00:00:00.0009816" startTime="2026-03-23T23:04:43.4580483+05:30" endTime="2026-03-23T23:04:43.4580485+05:30" testType="13cdc9d9-ddb5-4fa4-a97d-d965ccfc6d4b" outcome="Passed" testListId="8c84fa94-04c1-424b-9868-57a2d4851a1d" relativeResultsDirectory="db5a5019-fa08-482d-bd12-465c45aef520" />
    <UnitTestResult executionId="62a7ca74-10c4-4985-b2ae-55efed1dd019" testId="45dd5e9c-9c54-fb13-03f3-76f8e289f889" testName="QueueLanka.API.Tests.CounterControllerTests.ReassignToken_InvalidUserIdClaim_Returns403" computerName="MALINDU" duration="00:00:00.0004328" startTime="2026-03-23T23:04:43.4793439+05:30" endTime="2026-03-23T23:04:43.4793440+05:30" testType="13cdc9d9-ddb5-4fa4-a97d-d965ccfc6d4b" outcome="Passed" testListId="8c84fa94-04c1-424b-9868-57a2d4851a1d" relativeResultsDirectory="62a7ca74-10c4-4985-b2ae-55efed1dd019" />
    <UnitTestResult executionId="740ca3d3-5e61-498c-aeb6-24d3fbceb438" testId="7b8b72d6-697d-2149-9fef-9d565561d0d0" testName="QueueLanka.API.Tests.ReportRepositoryIntegrationTests.GetDailyCenterSummaryAsync_PeakHour_MatchesSeededPeakHour" computerName="MALINDU" duration="00:00:00.0005157" startTime="2026-03-23T23:04:43.4101305+05:30" endTime="2026-03-23T23:04:43.4101305+05:30" testType="13cdc9d9-ddb5-4fa4-a97d-d965ccfc6d4b" outcome="Passed" testListId="8c84fa94-04c1-424b-9868-57a2d4851a1d" relativeResultsDirectory="740ca3d3-5e61-498c-aeb6-24d3fbceb438" />
    <UnitTestResult executionId="2f17cd05-7ef5-4f20-a45f-ace8fa63bd33" testId="e8177d0e-2924-d0f0-3d5b-4fca08e95b39" testName="QueueLanka.API.Tests.CounterServiceReassignTests.ReassignToken_TargetCounterClosed_ThrowsValidationException" computerName="MALINDU" duration="00:00:00.0023835" startTime="2026-03-23T23:04:43.5092997+05:30" endTime="2026-03-23T23:04:43.5092997+05:30" testType="13cdc9d9-ddb5-4fa4-a97d-d965ccfc6d4b" outcome="Passed" testListId="8c84fa94-04c1-424b-9868-57a2d4851a1d" relativeResultsDirectory="2f17cd05-7ef5-4f20-a45f-ace8fa63bd33" />
    <UnitTestResult executionId="6ff4e0a6-8721-4a4a-81a1-4ffb6fdf3879" testId="1050ce03-fb46-1b6d-bd6b-6c372116e369" testName="QueueLanka.API.Tests.CounterControllerTests.GetCounterStats_AdminRole_ReturnsOk" computerName="MALINDU" duration="00:00:00.0021712" startTime="2026-03-23T23:04:43.4853568+05:30" endTime="2026-03-23T23:04:43.4853569+05:30" testType="13cdc9d9-ddb5-4fa4-a97d-d965ccfc6d4b" outcome="Passed" testListId="8c84fa94-04c1-424b-9868-57a2d4851a1d" relativeResultsDirectory="6ff4e0a6-8721-4a4a-81a1-4ffb6fdf3879" />
    <UnitTestResult executionId="242d2b1c-bd81-4a20-8039-c2c1a2b45429" testId="6097ff89-b9d5-ee9d-714f-aba67c5b883f" testName="QueueLanka.API.Tests.TokenControllerTests.GetMyTokens_UnauthenticatedUser_ReturnsUnauthorized" computerName="MALINDU" duration="00:00:00.0674930" startTime="2026-03-23T23:04:43.4506936+05:30" endTime="2026-03-23T23:04:43.4506940+05:30" testType="13cdc9d9-ddb5-4fa4-a97d-d965ccfc6d4b" outcome="Passed" testListId="8c84fa94-04c1-424b-9868-57a2d4851a1d" relativeResultsDirectory="242d2b1c-bd81-4a20-8039-c2c1a2b45429" />
    <UnitTestResult executionId="8c6771e1-21aa-4f82-a246-c4c5529c872b" testId="402f1fcd-a0e4-8b53-6c06-7932cf5f073b" testName="QueueLanka.API.Tests.AdminUserControllerTests.GetUsers_WithIsActiveFilter_ReturnsOkWithFilteredList" computerName="MALINDU" duration="00:00:00.0095066" startTime="2026-03-23T23:04:43.4783286+05:30" endTime="2026-03-23T23:04:43.4783287+05:30" testType="13cdc9d9-ddb5-4fa4-a97d-d965ccfc6d4b" outcome="Passed" testListId="8c84fa94-04c1-424b-9868-57a2d4851a1d" relativeResultsDirectory="8c6771e1-21aa-4f82-a246-c4c5529c872b" />
    <UnitTestResult executionId="21110d3c-8ab8-405e-824d-b91d4f24c696" testId="42c516c1-49e2-a38c-eb8a-ffd37e814aca" testName="QueueLanka.API.Tests.QueueBroadcastServiceTests.HubThrowsException_BroadcastServiceCatchesSilently_DoesNotPropagate" computerName="MALINDU" duration="00:00:00.0088320" startTime="2026-03-23T23:04:43.4922496+05:30" endTime="2026-03-23T23:04:43.4922497+05:30" testType="13cdc9d9-ddb5-4fa4-a97d-d965ccfc6d4b" outcome="Passed" testListId="8c84fa94-04c1-424b-9868-57a2d4851a1d" relativeResultsDirectory="21110d3c-8ab8-405e-824d-b91d4f24c696" />
    <UnitTestResult executionId="45bb92f8-2d6d-4b76-acda-4b6e2ecbcd55" testId="5659c736-a958-ad6e-e38a-1333dacf113e" testName="QueueLanka.API.Tests.CounterAuthorizationTests.NoJwt_OfficerDashboard_Returns401" computerName="MALINDU" duration="00:00:00.0022115" startTime="2026-03-23T23:04:43.8624253+05:30" endTime="2026-03-23T23:04:43.8624255+05:30" testType="13cdc9d9-ddb5-4fa4-a97d-d965ccfc6d4b" outcome="Passed" testListId="8c84fa94-04c1-424b-9868-57a2d4851a1d" relativeResultsDirectory="45bb92f8-2d6d-4b76-acda-4b6e2ecbcd55" />
    <UnitTestResult executionId="69f8c00c-c382-4cc7-b50a-1e345beeb7be" testId="1f856f4e-8a21-d7dd-b8ab-bace0f53f2f4" testName="QueueLanka.API.Tests.QueueBroadcastServiceTests.BroadcastTokenSkipped_SendsToCorrectGroupWithSkippedPayload" computerName="MALINDU" duration="00:00:00.0022605" startTime="2026-03-23T23:04:43.5064167+05:30" endTime="2026-03-23T23:04:43.5064167+05:30" testType="13cdc9d9-ddb5-4fa4-a97d-d965ccfc6d4b" outcome="Passed" testListId="8c84fa94-04c1-424b-9868-57a2d4851a1d" relativeResultsDirectory="69f8c00c-c382-4cc7-b50a-1e345beeb7be" />
    <UnitTestResult executionId="52686bd8-b509-4c06-8428-3019871a5981" testId="58946fc8-c648-785c-0545-d7712d3af878" testName="QueueLanka.API.Tests.ServiceCenterControllerTests.UpsertLocation_CenterNotFound_ThrowsServiceCenterNotFoundException" computerName="MALINDU" duration="00:00:00.0021565" startTime="2026-03-23T23:04:43.5009976+05:30" endTime="2026-03-23T23:04:43.5009977+05:30" testType="13cdc9d9-ddb5-4fa4-a97d-d965ccfc6d4b" outcome="Passed" testListId="8c84fa94-04c1-424b-9868-57a2d4851a1d" relativeResultsDirectory="52686bd8-b509-4c06-8428-3019871a5981" />
    <UnitTestResult executionId="c1b1ba9f-5511-4b15-81f0-97a1710d36f6" testId="3ee6d068-b14b-c299-9354-22bd24ce4bdf" testName="QueueLanka.API.Tests.CounterManagementServiceTests.CreateCounter_InvalidOfficerUserId_ThrowsValidationException" computerName="MALINDU" duration="00:00:00.0041278" startTime="2026-03-23T23:04:43.4851608+05:30" endTime="2026-03-23T23:04:43.4851609+05:30" testType="13cdc9d9-ddb5-4fa4-a97d-d965ccfc6d4b" outcome="Passed" testListId="8c84fa94-04c1-424b-9868-57a2d4851a1d" relativeResultsDirectory="c1b1ba9f-5511-4b15-81f0-97a1710d36f6" />
    <UnitTestResult executionId="3c98c1c0-5e30-43d3-9753-396c81ea9892" testId="0ece21cc-0f3a-cdf7-ed7b-7b7bd2442409" testName="QueueLanka.API.Tests.CounterServiceBroadcastTests.QueueBroadcastFailure_DoesNotBreakSuccessfulDbOperation" computerName="MALINDU" duration="00:00:00.0055120" startTime="2026-03-23T23:04:43.4938781+05:30" endTime="2026-03-23T23:04:43.4938782+05:30" testType="13cdc9d9-ddb5-4fa4-a97d-d965ccfc6d4b" outcome="Passed" testListId="8c84fa94-04c1-424b-9868-57a2d4851a1d" relativeResultsDirectory="3c98c1c0-5e30-43d3-9753-396c81ea9892" />
    <UnitTestResult executionId="aba26a13-bfa7-48de-a4d4-09195e55b816" testId="d24c0c7d-d932-3743-7bba-411d15ffdd1b" testName="QueueLanka.API.Tests.CounterServiceBroadcastTests.CounterStatusChange_BroadcastsToCenterGroup" computerName="MALINDU" duration="00:00:00.0023499" startTime="2026-03-23T23:04:43.4964843+05:30" endTime="2026-03-23T23:04:43.4964843+05:30" testType="13cdc9d9-ddb5-4fa4-a97d-d965ccfc6d4b" outcome="Passed" testListId="8c84fa94-04c1-424b-9868-57a2d4851a1d" relativeResultsDirectory="aba26a13-bfa7-48de-a4d4-09195e55b816" />
    <UnitTestResult executionId="bddcc4a4-724e-48fd-bdb8-cffbe0f830de" testId="ee8e87b2-0d20-624e-d936-03ee232ebd3c" testName="QueueLanka.API.Tests.AppointmentControllerTests.BookToken_UnauthenticatedUser_ReturnsUnauthorized" computerName="MALINDU" duration="00:00:00.0007963" startTime="2026-03-23T23:04:43.4696634+05:30" endTime="2026-03-23T23:04:43.4696635+05:30" testType="13cdc9d9-ddb5-4fa4-a97d-d965ccfc6d4b" outcome="Passed" testListId="8c84fa94-04c1-424b-9868-57a2d4851a1d" relativeResultsDirectory="bddcc4a4-724e-48fd-bdb8-cffbe0f830de" />
    <UnitTestResult executionId="58748a2b-a7a6-438b-bbd2-262f0935fa7a" testId="73d8df65-e0b8-ef73-864d-67e4f22d0e32" testName="QueueLanka.API.Tests.ReportRepositoryIntegrationTests.GetDailyCenterSummaryAsync_TotalServed_MatchesManualCount" computerName="MALINDU" duration="00:00:00.0004440" startTime="2026-03-23T23:04:43.4100699+05:30" endTime="2026-03-23T23:04:43.4100700+05:30" testType="13cdc9d9-ddb5-4fa4-a97d-d965ccfc6d4b" outcome="Passed" testListId="8c84fa94-04c1-424b-9868-57a2d4851a1d" relativeResultsDirectory="58748a2b-a7a6-438b-bbd2-262f0935fa7a" />
    <UnitTestResult executionId="50d6e03f-3bf2-4396-a010-70852b81cfd9" testId="32e447c1-0268-abb2-1036-26828d2e0e86" testName="QueueLanka.API.Tests.AuthControllerTests.Register_DuplicateUsername_ThrowsDuplicateUsernameException" computerName="MALINDU" duration="00:00:00.0106764" startTime="2026-03-23T23:04:43.4798170+05:30" endTime="2026-03-23T23:04:43.4798171+05:30" testType="13cdc9d9-ddb5-4fa4-a97d-d965ccfc6d4b" outcome="Passed" testListId="8c84fa94-04c1-424b-9868-57a2d4851a1d" relativeResultsDirectory="50d6e03f-3bf2-4396-a010-70852b81cfd9" />
    <UnitTestResult executionId="8049a70b-8242-4fb5-abfd-5672de1be21b" testId="0be3a587-7ca2-6f36-6f03-24be4e524f7f" testName="QueueLanka.API.Tests.QueueBroadcastServiceTests.BroadcastTokenCancelled_SendsToCorrectGroupWithCancelledPayload" computerName="MALINDU" duration="00:00:00.0027094" startTime="2026-03-23T23:04:43.5044054+05:30" endTime="2026-03-23T23:04:43.5044055+05:30" testType="13cdc9d9-ddb5-4fa4-a97d-d965ccfc6d4b" outcome="Passed" testListId="8c84fa94-04c1-424b-9868-57a2d4851a1d" relativeResultsDirectory="8049a70b-8242-4fb5-abfd-5672de1be21b" />
    <UnitTestResult executionId="e890a194-8391-4748-b7a0-dc39b4e7d51c" testId="266a7da6-86f2-360d-8590-ee58ec0739e3" testName="QueueLanka.API.Tests.CounterAuthorizationTests.OfficerJwt_OfficerDashboard_Returns200Or404" computerName="MALINDU" duration="00:00:00.0104153" startTime="2026-03-23T23:04:43.8839336+05:30" endTime="2026-03-23T23:04:43.8839339+05:30" testType="13cdc9d9-ddb5-4fa4-a97d-d965ccfc6d4b" outcome="Passed" testListId="8c84fa94-04c1-424b-9868-57a2d4851a1d" relativeResultsDirectory="e890a194-8391-4748-b7a0-dc39b4e7d51c" />
    <UnitTestResult executionId="d1394642-3fed-44f3-890c-f0c3ab2a85ac" testId="2655cb08-68a3-4293-bc77-00bfcd66535a" testName="QueueLanka.API.Tests.ServiceCenterControllerTests.CheckAvailability_NotAvailable_ReturnsOkWithFalse" computerName="MALINDU" duration="00:00:00.0005319" startTime="2026-03-23T23:04:43.5096201+05:30" endTime="2026-03-23T23:04:43.5096201+05:30" testType="13cdc9d9-ddb5-4fa4-a97d-d965ccfc6d4b" outcome="Passed" testListId="8c84fa94-04c1-424b-9868-57a2d4851a1d" relativeResultsDirectory="d1394642-3fed-44f3-890c-f0c3ab2a85ac" />
    <UnitTestResult executionId="e76ef934-b29c-4773-bafb-b55ac744457c" testId="61838728-5a0f-e70d-5c67-8eb15696a1b0" testName="QueueLanka.API.Tests.ReportCsvValidationTests.GenerateDailyCenterSummaryCsvAsync_CsvBom_IsUtf8Bom" computerName="MALINDU" duration="00:00:00.0810543" startTime="2026-03-23T23:04:43.4668576+05:30" endTime="2026-03-23T23:04:43.4668577+05:30" testType="13cdc9d9-ddb5-4fa4-a97d-d965ccfc6d4b" outcome="Passed" testListId="8c84fa94-04c1-424b-9868-57a2d4851a1d" relativeResultsDirectory="e76ef934-b29c-4773-bafb-b55ac744457c" />
    <UnitTestResult executionId="b7e22eca-f35d-4468-a012-9a363530c0e7" testId="614e9b26-4a15-aefb-ef79-1bd32bfe8bae" testName="QueueLanka.API.Tests.CounterManagementServiceTests.UpdateStatusToClosed_ReturnsUpdatedCounter" computerName="MALINDU" duration="00:00:00.0977057" startTime="2026-03-23T23:04:43.4809643+05:30" endTime="2026-03-23T23:04:43.4809644+05:30" testType="13cdc9d9-ddb5-4fa4-a97d-d965ccfc6d4b" outcome="Passed" testListId="8c84fa94-04c1-424b-9868-57a2d4851a1d" relativeResultsDirectory="b7e22eca-f35d-4468-a012-9a363530c0e7" />
    <UnitTestResult executionId="e49fbd01-c401-4a29-b523-855926072a3b" testId="c844cad2-6dab-f234-65ac-83c566897b04" testName="QueueLanka.API.Tests.CounterAuthorizationTests.NoJwt_AdminCreateCounter_Returns401" computerName="MALINDU" duration="00:00:00.3723863" startTime="2026-03-23T23:04:43.7582911+05:30" endTime="2026-03-23T23:04:43.7582919+05:30" testType="13cdc9d9-ddb5-4fa4-a97d-d965ccfc6d4b" outcome="Passed" testListId="8c84fa94-04c1-424b-9868-57a2d4851a1d" relativeResultsDirectory="e49fbd01-c401-4a29-b523-855926072a3b" />
    <UnitTestResult executionId="169d9474-fdd8-482c-b199-fa64827f9bce" testId="6f598d7f-d8d9-f28d-cfba-80a60b7e24f8" testName="QueueLanka.API.Tests.QueueBroadcastServiceTests.BroadcastTokenCalled_SendsToCorrectQueueCenterGroup" computerName="MALINDU" duration="00:00:00.0023178" startTime="2026-03-23T23:04:43.5015734+05:30" endTime="2026-03-23T23:04:43.5015734+05:30" testType="13cdc9d9-ddb5-4fa4-a97d-d965ccfc6d4b" outcome="Passed" testListId="8c84fa94-04c1-424b-9868-57a2d4851a1d" relativeResultsDirectory="169d9474-fdd8-482c-b199-fa64827f9bce" />
    <UnitTestResult executionId="a632aaad-3d40-40b1-b38c-b6318967ce7c" testId="b298309a-0c83-ca8d-b611-d557f8be5a4f" testName="QueueLanka.API.Tests.TokenControllerTests.CancelMyToken_NotCancellable_ReturnsUnprocessableEntity" computerName="MALINDU" duration="00:00:00.0034232" startTime="2026-03-23T23:04:43.4555478+05:30" endTime="2026-03-23T23:04:43.4555478+05:30" testType="13cdc9d9-ddb5-4fa4-a97d-d965ccfc6d4b" outcome="Passed" testListId="8c84fa94-04c1-424b-9868-57a2d4851a1d" relativeResultsDirectory="a632aaad-3d40-40b1-b38c-b6318967ce7c" />
    <UnitTestResult executionId="b5ec7232-4755-40a4-bbbf-7bd6dd39b03e" testId="98c80029-6a4f-a488-8405-6ede024bd2ed" testName="QueueLanka.API.Tests.AuthControllerTests.Register_DuplicateEmail_ThrowsDuplicateEmailException" computerName="MALINDU" duration="00:00:00.0024587" startTime="2026-03-23T23:04:43.4682992+05:30" endTime="2026-03-23T23:04:43.4682993+05:30" testType="13cdc9d9-ddb5-4fa4-a97d-d965ccfc6d4b" outcome="Passed" testListId="8c84fa94-04c1-424b-9868-57a2d4851a1d" relativeResultsDirectory="b5ec7232-4755-40a4-bbbf-7bd6dd39b03e" />
    <UnitTestResult executionId="f75c532c-13c2-48f9-8f5e-edf10059e517" testId="aa2a11e8-e080-96df-6577-598a6ad5ab58" testName="QueueLanka.API.Tests.ReportRepositoryIntegrationTests.GetDailyCenterSummaryAsync_EmptyResult_ReturnsEmptyListNotNull" computerName="MALINDU" duration="00:00:00.0005194" startTime="2026-03-23T23:04:43.4018143+05:30" endTime="2026-03-23T23:04:43.4018144+05:30" testType="13cdc9d9-ddb5-4fa4-a97d-d965ccfc6d4b" outcome="Passed" testListId="8c84fa94-04c1-424b-9868-57a2d4851a1d" relativeResultsDirectory="f75c532c-13c2-48f9-8f5e-edf10059e517" />
    <UnitTestResult executionId="17fca80d-384f-4d9b-b1a7-6b2522e7cd2f" testId="f7bf5779-b2f3-e9b0-558a-f0526812a083" testName="QueueLanka.API.Tests.ServiceCenterControllerTests.UpsertLocation_InvalidId_ThrowsInvalidServiceCenterDataException" computerName="MALINDU" duration="00:00:00.0022629" startTime="2026-03-23T23:04:43.4626368+05:30" endTime="2026-03-23T23:04:43.4626370+05:30" testType="13cdc9d9-ddb5-4fa4-a97d-d965ccfc6d4b" outcome="Passed" testListId="8c84fa94-04c1-424b-9868-57a2d4851a1d" relativeResultsDirectory="17fca80d-384f-4d9b-b1a7-6b2522e7cd2f" />
    <UnitTestResult executionId="88a845dd-9d1f-44f6-8754-7224c96b60a4" testId="415e2493-321c-590d-8b12-807c8eb4f5cc" testName="QueueLanka.API.Tests.CounterControllerTests.ReassignToken_ValidRequest_ReturnsOk" computerName="MALINDU" duration="00:00:00.0114616" startTime="2026-03-23T23:04:43.4788830+05:30" endTime="2026-03-23T23:04:43.4788830+05:30" testType="13cdc9d9-ddb5-4fa4-a97d-d965ccfc6d4b" outcome="Passed" testListId="8c84fa94-04c1-424b-9868-57a2d4851a1d" relativeResultsDirectory="88a845dd-9d1f-44f6-8754-7224c96b60a4" />
    <UnitTestResult executionId="d4aab492-a71a-47ea-b932-3daa4acc52f3" testId="b1702915-b590-458a-93a2-7888eb6472b7" testName="QueueLanka.API.Tests.TokenControllerTests.CancelMyToken_Success_ReturnsOk" computerName="MALINDU" duration="00:00:00.0005529" startTime="2026-03-23T23:04:43.4603827+05:30" endTime="2026-03-23T23:04:43.4603827+05:30" testType="13cdc9d9-ddb5-4fa4-a97d-d965ccfc6d4b" outcome="Passed" testListId="8c84fa94-04c1-424b-9868-57a2d4851a1d" relativeResultsDirectory="d4aab492-a71a-47ea-b932-3daa4acc52f3" />
    <UnitTestResult executionId="1bd663fb-ac64-4f0e-a395-18653bc91415" testId="59652ff0-2c57-6613-a4fe-b15d299f9c66" testName="QueueLanka.API.Tests.CounterManagementServiceTests.UpdateStatusToClosedWithWaitingTokens_SucceedsWithWarningMessage" computerName="MALINDU" duration="00:00:00.0014796" startTime="2026-03-23T23:04:43.4951604+05:30" endTime="2026-03-23T23:04:43.4951605+05:30" testType="13cdc9d9-ddb5-4fa4-a97d-d965ccfc6d4b" outcome="Passed" testListId="8c84fa94-04c1-424b-9868-57a2d4851a1d" relativeResultsDirectory="1bd663fb-ac64-4f0e-a395-18653bc91415" />
    <UnitTestResult executionId="75deaa71-4260-4690-942f-8e1bc6417c81" testId="3bce7499-8a48-7d94-675d-4ccf3e5fcc90" testName="QueueLanka.API.Tests.AdminUserControllerTests.DeleteUser_NegativeId_ThrowsInvalidUserIdException" computerName="MALINDU" duration="00:00:00.0030853" startTime="2026-03-23T23:04:43.4634102+05:30" endTime="2026-03-23T23:04:43.4634103+05:30" testType="13cdc9d9-ddb5-4fa4-a97d-d965ccfc6d4b" outcome="Passed" testListId="8c84fa94-04c1-424b-9868-57a2d4851a1d" relativeResultsDirectory="75deaa71-4260-4690-942f-8e1bc6417c81" />
    <UnitTestResult executionId="dc004b42-19da-45a1-80ef-f141b39b5b93" testId="6891a1a4-6434-3a3b-fc12-e26c6fea16c9" testName="QueueLanka.API.Tests.CounterControllerTests.CallNext_NextTokenFound_ReturnsOkWithTokenDetails" computerName="MALINDU" duration="00:00:00.0026756" startTime="2026-03-23T23:04:43.4675952+05:30" endTime="2026-03-23T23:04:43.4675952+05:30" testType="13cdc9d9-ddb5-4fa4-a97d-d965ccfc6d4b" outcome="Passed" testListId="8c84fa94-04c1-424b-9868-57a2d4851a1d" relativeResultsDirectory="dc004b42-19da-45a1-80ef-f141b39b5b93" />
    <UnitTestResult executionId="eb62bf7b-d67a-4eb4-8115-e17d1bebfe15" testId="332b0aba-0a37-fc55-2737-b9f3e8ca1587" testName="QueueLanka.API.Tests.AppointmentControllerTests.BookToken_InvalidOperationException_ReturnsConflict" computerName="MALINDU" duration="00:00:00.0704843" startTime="2026-03-23T23:04:43.4554155+05:30" endTime="2026-03-23T23:04:43.4554157+05:30" testType="13cdc9d9-ddb5-4fa4-a97d-d965ccfc6d4b" outcome="Passed" testListId="8c84fa94-04c1-424b-9868-57a2d4851a1d" relativeResultsDirectory="eb62bf7b-d67a-4eb4-8115-e17d1bebfe15" />
    <UnitTestResult executionId="4e09fe0c-d755-4cae-ba55-6a41053d200d" testId="e043f67f-15b6-4fa0-8455-18ed0e43f116" testName="QueueLanka.API.Tests.AppointmentControllerTests.GetMyAppointments_AuthenticatedUser_ReturnsOkWithList" computerName="MALINDU" duration="00:00:00.0012825" startTime="2026-03-23T23:04:43.4629170+05:30" endTime="2026-03-23T23:04:43.4629171+05:30" testType="13cdc9d9-ddb5-4fa4-a97d-d965ccfc6d4b" outcome="Passed" testListId="8c84fa94-04c1-424b-9868-57a2d4851a1d" relativeResultsDirectory="4e09fe0c-d755-4cae-ba55-6a41053d200d" />
    <UnitTestResult executionId="8d33ca95-aa64-4dbb-91f2-414fb89007ac" testId="786d315d-0dd9-e4e7-c8ba-79c635372f79" testName="QueueLanka.API.Tests.ReportServiceTests.GetDailyCenterSummaryDataAsync_CenterFilterApplied_OnlySpecifiedCentersReturned" computerName="MALINDU" duration="00:00:00.0708913" startTime="2026-03-23T23:04:43.4554689+05:30" endTime="2026-03-23T23:04:43.4554690+05:30" testType="13cdc9d9-ddb5-4fa4-a97d-d965ccfc6d4b" outcome="Passed" testListId="8c84fa94-04c1-424b-9868-57a2d4851a1d" relativeResultsDirectory="8d33ca95-aa64-4dbb-91f2-414fb89007ac" />
    <UnitTestResult executionId="5754e21a-590e-4bf3-a562-2f1665e79594" testId="dcf6889b-2f48-3a16-9019-fac4b7d0472d" testName="QueueLanka.API.Tests.CounterServiceReassignTests.ReassignToken_TokenAlreadyServed_ThrowsValidationException" computerName="MALINDU" duration="00:00:00.0837152" startTime="2026-03-23T23:04:43.4670140+05:30" endTime="2026-03-23T23:04:43.4670141+05:30" testType="13cdc9d9-ddb5-4fa4-a97d-d965ccfc6d4b" outcome="Passed" testListId="8c84fa94-04c1-424b-9868-57a2d4851a1d" relativeResultsDirectory="5754e21a-590e-4bf3-a562-2f1665e79594" />
    <UnitTestResult executionId="297d59cf-c356-4e7e-a1d3-60c34a8f829a" testId="871af832-6dd8-63b7-2e4c-36693a98cb60" testName="QueueLanka.API.Tests.CounterAuthorizationTests.AdminJwt_AdminCreateCounter_Returns201Or400_Not401Or403" computerName="MALINDU" duration="00:00:00.0577330" startTime="2026-03-23T23:04:43.8601109+05:30" endTime="2026-03-23T23:04:43.8601114+05:30" testType="13cdc9d9-ddb5-4fa4-a97d-d965ccfc6d4b" outcome="Passed" testListId="8c84fa94-04c1-424b-9868-57a2d4851a1d" relativeResultsDirectory="297d59cf-c356-4e7e-a1d3-60c34a8f829a" />
    <UnitTestResult executionId="2b4e51b2-1a98-4d8b-8783-ef5554588ef6" testId="ac94656d-3b57-b919-7339-731b385f8098" testName="QueueLanka.API.Tests.AuthControllerTests.Register_InvalidModelState_ReturnsUnprocessableEntity" computerName="MALINDU" duration="00:00:00.0005626" startTime="2026-03-23T23:04:43.4691560+05:30" endTime="2026-03-23T23:04:43.4691561+05:30" testType="13cdc9d9-ddb5-4fa4-a97d-d965ccfc6d4b" outcome="Passed" testListId="8c84fa94-04c1-424b-9868-57a2d4851a1d" relativeResultsDirectory="2b4e51b2-1a98-4d8b-8783-ef5554588ef6" />
    <UnitTestResult executionId="e59cfd7b-b741-4389-b5d3-bf38ab656cd6" testId="ec6d1462-b94d-bbe5-2ba3-28887778fbc7" testName="QueueLanka.API.Tests.CounterServiceUpdateStatusTests.UpdateTokenStatus_TokenNotInCalledState_ThrowsAppropriateException" computerName="MALINDU" duration="00:00:00.0016246" startTime="2026-03-23T23:04:43.4902344+05:30" endTime="2026-03-23T23:04:43.4902346+05:30" testType="13cdc9d9-ddb5-4fa4-a97d-d965ccfc6d4b" outcome="Passed" testListId="8c84fa94-04c1-424b-9868-57a2d4851a1d" relativeResultsDirectory="e59cfd7b-b741-4389-b5d3-bf38ab656cd6" />
    <UnitTestResult executionId="ea686258-a931-458c-ad21-56a1ecfc39f0" testId="338c37e2-d296-617a-43e9-1aa33473460e" testName="QueueLanka.API.Tests.AdminUserControllerTests.DeleteUser_ValidId_ReturnsOk" computerName="MALINDU" duration="00:00:00.0012634" startTime="2026-03-23T23:04:43.4647245+05:30" endTime="2026-03-23T23:04:43.4647247+05:30" testType="13cdc9d9-ddb5-4fa4-a97d-d965ccfc6d4b" outcome="Passed" testListId="8c84fa94-04c1-424b-9868-57a2d4851a1d" relativeResultsDirectory="ea686258-a931-458c-ad21-56a1ecfc39f0" />
    <UnitTestResult executionId="2ea2f45c-2d46-4723-8c46-48b70f71d77d" testId="6790b8bb-0233-bda0-e213-7e63d4aa152f" testName="QueueLanka.API.Tests.ServiceCenterControllerTests.UpsertLocation_ValidRequest_ReturnsOk" computerName="MALINDU" duration="00:00:00.0025689" startTime="2026-03-23T23:04:43.4682502+05:30" endTime="2026-03-23T23:04:43.4682504+05:30" testType="13cdc9d9-ddb5-4fa4-a97d-d965ccfc6d4b" outcome="Passed" testListId="8c84fa94-04c1-424b-9868-57a2d4851a1d" relativeResultsDirectory="2ea2f45c-2d46-4723-8c46-48b70f71d77d" />
    <UnitTestResult executionId="0706a2ce-b202-4149-bbf0-597a61106dd9" testId="6969fd72-f498-7eeb-884c-cb36befeeda6" testName="QueueLanka.API.Tests.QueueBroadcastServiceTests.BroadcastTokenReassigned_SendsToCorrectCenterGroup" computerName="MALINDU" duration="00:00:00.0935611" startTime="2026-03-23T23:04:43.4767685+05:30" endTime="2026-03-23T23:04:43.4767686+05:30" testType="13cdc9d9-ddb5-4fa4-a97d-d965ccfc6d4b" outcome="Passed" testListId="8c84fa94-04c1-424b-9868-57a2d4851a1d" relativeResultsDirectory="0706a2ce-b202-4149-bbf0-597a61106dd9" />
    <UnitTestResult executionId="30aa4a51-a2e7-43b7-99eb-7a9b38c61bba" testId="76e208e0-4901-25a7-a590-2000a8a0fd63" testName="QueueLanka.API.Tests.ServiceCenterControllerTests.GetLocation_InvalidId_ThrowsInvalidServiceCenterDataException" computerName="MALINDU" duration="00:00:00.0024372" startTime="2026-03-23T23:04:43.4650867+05:30" endTime="2026-03-23T23:04:43.4650868+05:30" testType="13cdc9d9-ddb5-4fa4-a97d-d965ccfc6d4b" outcome="Passed" testListId="8c84fa94-04c1-424b-9868-57a2d4851a1d" relativeResultsDirectory="30aa4a51-a2e7-43b7-99eb-7a9b38c61bba" />
    <UnitTestResult executionId="4e297e27-b3c2-4899-92aa-132a4e9c5861" testId="aab4a97a-3aab-f0bf-1bde-ddc34bc2dfca" testName="QueueLanka.API.Tests.AuthControllerTests.Login_InvalidCredentials_ThrowsInvalidCredentialsException" computerName="MALINDU" duration="00:00:00.0022577" startTime="2026-03-23T23:04:43.4820605+05:30" endTime="2026-03-23T23:04:43.4820605+05:30" testType="13cdc9d9-ddb5-4fa4-a97d-d965ccfc6d4b" outcome="Passed" testListId="8c84fa94-04c1-424b-9868-57a2d4851a1d" relativeResultsDirectory="4e297e27-b3c2-4899-92aa-132a4e9c5861" />
    <UnitTestResult executionId="8994d8ff-c447-497e-a238-3f50e127fc8e" testId="5ad3f9a2-7f09-dbfa-06e3-bdca62167a13" testName="QueueLanka.API.Tests.ServiceCenterControllerTests.GetServiceCenterById_NegativeId_ThrowsInvalidServiceCenterDataException" computerName="MALINDU" duration="00:00:00.0015462" startTime="2026-03-23T23:04:43.4890919+05:30" endTime="2026-03-23T23:04:43.4890919+05:30" testType="13cdc9d9-ddb5-4fa4-a97d-d965ccfc6d4b" outcome="Passed" testListId="8c84fa94-04c1-424b-9868-57a2d4851a1d" relativeResultsDirectory="8994d8ff-c447-497e-a238-3f50e127fc8e" />
    <UnitTestResult executionId="3e405362-b249-4999-9db9-0c9376fa6be2" testId="66ce64c1-4a7d-a257-d673-af3340aa5e6f" testName="QueueLanka.API.Tests.CounterControllerTests.UpdateTokenStatus_CounterMismatch_Returns403" computerName="MALINDU" duration="00:00:00.0007986" startTime="2026-03-23T23:04:43.4919431+05:30" endTime="2026-03-23T23:04:43.4919432+05:30" testType="13cdc9d9-ddb5-4fa4-a97d-d965ccfc6d4b" outcome="Passed" testListId="8c84fa94-04c1-424b-9868-57a2d4851a1d" relativeResultsDirectory="3e405362-b249-4999-9db9-0c9376fa6be2" />
    <UnitTestResult executionId="2fb59559-a949-45bd-87ea-c84e3792dc67" testId="8aefc8eb-970e-1d26-ca07-e4a67dbd2df9" testName="QueueLanka.API.Tests.ServiceCenterControllerTests.GetLocation_ValidId_ReturnsOk" computerName="MALINDU" duration="00:00:00.0013426" startTime="2026-03-23T23:04:43.4927299+05:30" endTime="2026-03-23T23:04:43.4927299+05:30" testType="13cdc9d9-ddb5-4fa4-a97d-d965ccfc6d4b" outcome="Passed" testListId="8c84fa94-04c1-424b-9868-57a2d4851a1d" relativeResultsDirectory="2fb59559-a949-45bd-87ea-c84e3792dc67" />
    <UnitTestResult executionId="dd4758a3-342d-4af6-b963-2a5566c6344f" testId="242cbd37-93c3-6ad3-2a48-5e70f35149da" testName="QueueLanka.API.Tests.ServiceCenterControllerTests.GetAllServiceCenters_EmptyList_ReturnsOkWithEmptyList" computerName="MALINDU" duration="00:00:00.0009200" startTime="2026-03-23T23:04:43.4980107+05:30" endTime="2026-03-23T23:04:43.4980108+05:30" testType="13cdc9d9-ddb5-4fa4-a97d-d965ccfc6d4b" outcome="Passed" testListId="8c84fa94-04c1-424b-9868-57a2d4851a1d" relativeResultsDirectory="dd4758a3-342d-4af6-b963-2a5566c6344f" />
    <UnitTestResult executionId="f7f741de-eb13-4f93-aeca-fabc5b9a84df" testId="e4df18a3-273f-e73c-f07b-730656a8e642" testName="QueueLanka.API.Tests.CounterManagementServiceTests.CreateCounter_ValidRequest_ReturnsCreatedCounter" computerName="MALINDU" duration="00:00:00.0029995" startTime="2026-03-23T23:04:43.4936095+05:30" endTime="2026-03-23T23:04:43.4936096+05:30" testType="13cdc9d9-ddb5-4fa4-a97d-d965ccfc6d4b" outcome="Passed" testListId="8c84fa94-04c1-424b-9868-57a2d4851a1d" relativeResultsDirectory="f7f741de-eb13-4f93-aeca-fabc5b9a84df" />
    <UnitTestResult executionId="ccee0e12-b892-42ad-bc6f-54ab5a0956c0" testId="3ca40f77-837a-d4f8-e518-dc8f5045d939" testName="QueueLanka.API.Tests.CounterManagementServiceTests.UpdateStatus_CounterNotFound_ThrowsNotFoundExceptionEquivalent" computerName="MALINDU" duration="00:00:00.0014351" startTime="2026-03-23T23:04:43.4985369+05:30" endTime="2026-03-23T23:04:43.4985369+05:30" testType="13cdc9d9-ddb5-4fa4-a97d-d965ccfc6d4b" outcome="Passed" testListId="8c84fa94-04c1-424b-9868-57a2d4851a1d" relativeResultsDirectory="ccee0e12-b892-42ad-bc6f-54ab5a0956c0" />
    <UnitTestResult executionId="50e89f85-04e9-4955-a317-45964b09cebc" testId="ea9e6aa0-fa33-e3ff-4ad9-9857493fc681" testName="QueueLanka.API.Tests.TokenControllerTests.CancelMyToken_AdminUser_PassesIsAdminTrue" computerName="MALINDU" duration="00:00:00.0012623" startTime="2026-03-23T23:04:43.4590482+05:30" endTime="2026-03-23T23:04:43.4590483+05:30" testType="13cdc9d9-ddb5-4fa4-a97d-d965ccfc6d4b" outcome="Passed" testListId="8c84fa94-04c1-424b-9868-57a2d4851a1d" relativeResultsDirectory="50e89f85-04e9-4955-a317-45964b09cebc" />
    <UnitTestResult executionId="bba8718d-71d5-45fe-b4c2-aec59b6c5c33" testId="262ce43c-e921-dd47-3dad-c2086732c481" testName="QueueLanka.API.Tests.AuthControllerTests.Login_AccountDisabled_ThrowsAccountDisabledException" computerName="MALINDU" duration="00:00:00.0028815" startTime="2026-03-23T23:04:43.4656965+05:30" endTime="2026-03-23T23:04:43.4656966+05:30" testType="13cdc9d9-ddb5-4fa4-a97d-d965ccfc6d4b" outcome="Passed" testListId="8c84fa94-04c1-424b-9868-57a2d4851a1d" relativeResultsDirectory="bba8718d-71d5-45fe-b4c2-aec59b6c5c33" />
    <UnitTestResult executionId="dd3480f4-29de-4cbf-b9d5-0edaf17725ca" testId="729df959-b605-1275-93c2-e7356c375e80" testName="QueueLanka.API.Tests.CounterDashboardServiceTests.GetDashboardAsync_WrongOfficer_ThrowsForbidden" computerName="MALINDU" duration="00:00:00.0126135" startTime="2026-03-23T23:04:43.4966929+05:30" endTime="2026-03-23T23:04:43.4966930+05:30" testType="13cdc9d9-ddb5-4fa4-a97d-d965ccfc6d4b" outcome="Passed" testListId="8c84fa94-04c1-424b-9868-57a2d4851a1d" relativeResultsDirectory="dd3480f4-29de-4cbf-b9d5-0edaf17725ca" />
    <UnitTestResult executionId="a81c24d4-83cd-4e52-860a-0086d690cc65" testId="811822fe-4aa7-8a01-c63e-6c4177c81d1b" testName="QueueLanka.API.Tests.ReportRepositoryIntegrationTests.GetDailyCenterSummaryAsync_DateRange_ReturnsCorrectRowCount" computerName="MALINDU" duration="00:00:00.0019960" startTime="2026-03-23T23:04:43.3984876+05:30" endTime="2026-03-23T23:04:43.3985044+05:30" testType="13cdc9d9-ddb5-4fa4-a97d-d965ccfc6d4b" outcome="Passed" testListId="8c84fa94-04c1-424b-9868-57a2d4851a1d" relativeResultsDirectory="a81c24d4-83cd-4e52-860a-0086d690cc65" />
    <UnitTestResult executionId="2d0f4261-2465-4aa4-8cf8-b55f1725277e" testId="dc1e57f5-d72c-5b2d-03f2-ef1e561197a4" testName="QueueLanka.API.Tests.ReportCsvValidationTests.GenerateDailyCenterSummaryCsvAsync_ZeroAverageWaitTime_DisplaysAsZeroPointZero" computerName="MALINDU" duration="00:00:00.0008101" startTime="2026-03-23T23:04:43.5236499+05:30" endTime="2026-03-23T23:04:43.5236501+05:30" testType="13cdc9d9-ddb5-4fa4-a97d-d965ccfc6d4b" outcome="Passed" testListId="8c84fa94-04c1-424b-9868-57a2d4851a1d" relativeResultsDirectory="2d0f4261-2465-4aa4-8cf8-b55f1725277e" />
    <UnitTestResult executionId="07ddd156-1d5e-4b67-81f7-a81616e504d5" testId="fba9fc5f-4181-08b3-2e24-800cc10a6e31" testName="QueueLanka.API.Tests.CounterControllerTests.UpdateTokenStatus_TokenNotFound_Returns404" computerName="MALINDU" duration="00:00:00.0008600" startTime="2026-03-23T23:04:43.4831269+05:30" endTime="2026-03-23T23:04:43.4831270+05:30" testType="13cdc9d9-ddb5-4fa4-a97d-d965ccfc6d4b" outcome="Passed" testListId="8c84fa94-04c1-424b-9868-57a2d4851a1d" relativeResultsDirectory="07ddd156-1d5e-4b67-81f7-a81616e504d5" />
    <UnitTestResult executionId="16175c2e-ac6b-461f-a0ca-7d1196e70a64" testId="b1387f11-ea25-a7a9-4a6b-5ef4c5ee7018" testName="QueueLanka.API.Tests.ServiceCenterControllerTests.GetServiceCenterById_ValidId_ReturnsOk" computerName="MALINDU" duration="00:00:00.0007105" startTime="2026-03-23T23:04:43.4987848+05:30" endTime="2026-03-23T23:04:43.4987849+05:30" testType="13cdc9d9-ddb5-4fa4-a97d-d965ccfc6d4b" outcome="Passed" testListId="8c84fa94-04c1-424b-9868-57a2d4851a1d" relativeResultsDirectory="16175c2e-ac6b-461f-a0ca-7d1196e70a64" />
    <UnitTestResult executionId="47c99d97-81d3-4382-8acb-f8b1e611d41e" testId="f8d97e66-bfcd-41ea-12a5-17fff4de2e01" testName="QueueLanka.API.Tests.ServiceCenterControllerTests.GetAllServiceCenters_ValidRequest_ReturnsOkWithList" computerName="MALINDU" duration="00:00:00.0024639" startTime="2026-03-23T23:04:43.4861067+05:30" endTime="2026-03-23T23:04:43.4861068+05:30" testType="13cdc9d9-ddb5-4fa4-a97d-d965ccfc6d4b" outcome="Passed" testListId="8c84fa94-04c1-424b-9868-57a2d4851a1d" relativeResultsDirectory="47c99d97-81d3-4382-8acb-f8b1e611d41e" />
    <UnitTestResult executionId="5a38c976-f1ae-4ac0-b106-95c1944ce628" testId="fafbdfc5-b3c5-5935-1dc9-3e1ad29bb57b" testName="QueueLanka.API.Tests.ReportServiceTests.GenerateDailyCenterSummaryCsvAsync_EmptyResult_ReturnsHeadersOnlyWithoutException" computerName="MALINDU" duration="00:00:00.0124608" startTime="2026-03-23T23:04:43.4798604+05:30" endTime="2026-03-23T23:04:43.4798605+05:30" testType="13cdc9d9-ddb5-4fa4-a97d-d965ccfc6d4b" outcome="Passed" testListId="8c84fa94-04c1-424b-9868-57a2d4851a1d" relativeResultsDirectory="5a38c976-f1ae-4ac0-b106-95c1944ce628" />
    <UnitTestResult executionId="548a097e-c0df-4796-998c-a0334eb40b19" testId="a9851f0e-51ff-328a-50f9-0304ea99f784" testName="QueueLanka.API.Tests.CounterServiceReassignTests.ReassignToken_AuditLogFailure_ReassignmentStillSucceeds" computerName="MALINDU" duration="00:00:00.0019153" startTime="2026-03-23T23:04:43.5068774+05:30" endTime="2026-03-23T23:04:43.5068775+05:30" testType="13cdc9d9-ddb5-4fa4-a97d-d965ccfc6d4b" outcome="Passed" testListId="8c84fa94-04c1-424b-9868-57a2d4851a1d" relativeResultsDirectory="548a097e-c0df-4796-998c-a0334eb40b19" />
    <UnitTestResult executionId="bb675e0a-6a50-43c5-a89a-f8d17d313d4a" testId="712f7399-7d18-0cd3-84f9-1eb605431337" testName="QueueLanka.API.Tests.CounterServiceBroadcastTests.ReassignToken_BroadcastsQueueUpdated_ForSourceAndDestinationCounters" computerName="MALINDU" duration="00:00:00.0055168" startTime="2026-03-23T23:04:43.5018775+05:30" endTime="2026-03-23T23:04:43.5018776+05:30" testType="13cdc9d9-ddb5-4fa4-a97d-d965ccfc6d4b" outcome="Passed" testListId="8c84fa94-04c1-424b-9868-57a2d4851a1d" relativeResultsDirectory="bb675e0a-6a50-43c5-a89a-f8d17d313d4a" />
    <UnitTestResult executionId="27f0d767-de0e-40db-99a4-73d0997bb41b" testId="be281423-b4fd-a708-cfc5-1435e243046b" testName="QueueLanka.API.Tests.AdminUserControllerTests.DeleteUser_ServiceThrowsDataAccessException_Throws" computerName="MALINDU" duration="00:00:00.0770790" startTime="2026-03-23T23:04:43.4602779+05:30" endTime="2026-03-23T23:04:43.4602780+05:30" testType="13cdc9d9-ddb5-4fa4-a97d-d965ccfc6d4b" outcome="Passed" testListId="8c84fa94-04c1-424b-9868-57a2d4851a1d" relativeResultsDirectory="27f0d767-de0e-40db-99a4-73d0997bb41b" />
    <UnitTestResult executionId="7a1c31cd-99cc-45fa-a38a-c543a26f1ffd" testId="c5022dc1-ccae-40c3-b867-08c665d978e1" testName="QueueLanka.API.Tests.ServiceCenterControllerTests.GetAllServiceCenters_ServiceThrows_Throws" computerName="MALINDU" duration="00:00:00.0015892" startTime="2026-03-23T23:04:43.4873968+05:30" endTime="2026-03-23T23:04:43.4873969+05:30" testType="13cdc9d9-ddb5-4fa4-a97d-d965ccfc6d4b" outcome="Passed" testListId="8c84fa94-04c1-424b-9868-57a2d4851a1d" relativeResultsDirectory="7a1c31cd-99cc-45fa-a38a-c543a26f1ffd" />
    <UnitTestResult executionId="15c9ac7f-998e-4987-8d1e-a6804ee8e619" testId="35007129-5b2d-5674-9909-085dee45ae27" testName="QueueLanka.API.Tests.ReportServiceTests.GenerateDailyCenterSummaryCsvAsync_AverageTimesFormattedInMinutesWithOneDecimal" computerName="MALINDU" duration="00:00:00.0129090" startTime="2026-03-23T23:04:43.4670810+05:30" endTime="2026-03-23T23:04:43.4670810+05:30" testType="13cdc9d9-ddb5-4fa4-a97d-d965ccfc6d4b" outcome="Passed" testListId="8c84fa94-04c1-424b-9868-57a2d4851a1d" relativeResultsDirectory="15c9ac7f-998e-4987-8d1e-a6804ee8e619" />
    <UnitTestResult executionId="c881d7d8-5200-42a9-8322-ad483ae15b77" testId="60e46e8c-e0f4-b1a0-8496-765a3ca348c2" testName="QueueLanka.API.Tests.CounterControllerTests.GetWaitingTokens_ValidOfficer_ReturnsOk" computerName="MALINDU" duration="00:00:00.0020033" startTime="2026-03-23T23:04:43.4911507+05:30" endTime="2026-03-23T23:04:43.4911507+05:30" testType="13cdc9d9-ddb5-4fa4-a97d-d965ccfc6d4b" outcome="Passed" testListId="8c84fa94-04c1-424b-9868-57a2d4851a1d" relativeResultsDirectory="c881d7d8-5200-42a9-8322-ad483ae15b77" />
    <UnitTestResult executionId="c150e009-925e-4e10-bd26-c4a7c24f2296" testId="c4e44153-7052-9b0a-dc19-9e0b3fc72d0d" testName="QueueLanka.API.Tests.CounterControllerTests.UpdateTokenStatus_ValidServedRequest_ReturnsOk" computerName="MALINDU" duration="00:00:00.0712667" startTime="2026-03-23T23:04:43.4555092+05:30" endTime="2026-03-23T23:04:43.4555093+05:30" testType="13cdc9d9-ddb5-4fa4-a97d-d965ccfc6d4b" outcome="Passed" testListId="8c84fa94-04c1-424b-9868-57a2d4851a1d" relativeResultsDirectory="c150e009-925e-4e10-bd26-c4a7c24f2296" />
    <UnitTestResult executionId="c1fdee97-8515-4e33-819d-08a554926876" testId="a2905c48-e35c-ba5e-d459-08aa0bb54d64" testName="QueueLanka.API.Tests.QueueBroadcastServiceTests.BroadcastTokenServed_SendsToCorrectGroupWithServedPayload" computerName="MALINDU" duration="00:00:00.0041169" startTime="2026-03-23T23:04:43.4810050+05:30" endTime="2026-03-23T23:04:43.4810051+05:30" testType="13cdc9d9-ddb5-4fa4-a97d-d965ccfc6d4b" outcome="Passed" testListId="8c84fa94-04c1-424b-9868-57a2d4851a1d" relativeResultsDirectory="c1fdee97-8515-4e33-819d-08a554926876" />
    <UnitTestResult executionId="80588eca-ad9a-4c5b-9727-1ddb0a175734" testId="0a3d677d-91d2-7f36-ef34-4738d8175c66" testName="QueueLanka.API.Tests.ReportCsvValidationTests.GenerateDailyCenterSummaryCsvAsync_TotalServed_MatchesExpectedAggregate" computerName="MALINDU" duration="00:00:00.0006937" startTime="2026-03-23T23:04:43.5173000+05:30" endTime="2026-03-23T23:04:43.5173000+05:30" testType="13cdc9d9-ddb5-4fa4-a97d-d965ccfc6d4b" outcome="Passed" testListId="8c84fa94-04c1-424b-9868-57a2d4851a1d" relativeResultsDirectory="80588eca-ad9a-4c5b-9727-1ddb0a175734" />
    <UnitTestResult executionId="cfbdda7a-4f6f-43fc-a9b5-9ef672b6532b" testId="f20b0e21-0b73-9291-eb54-717623d71aba" testName="QueueLanka.API.Tests.ServiceCenterControllerTests.GetServiceCenterById_NotFound_ThrowsServiceCenterNotFoundException" computerName="MALINDU" duration="00:00:00.0018659" startTime="2026-03-23T23:04:43.4911127+05:30" endTime="2026-03-23T23:04:43.4911128+05:30" testType="13cdc9d9-ddb5-4fa4-a97d-d965ccfc6d4b" outcome="Passed" testListId="8c84fa94-04c1-424b-9868-57a2d4851a1d" relativeResultsDirectory="cfbdda7a-4f6f-43fc-a9b5-9ef672b6532b" />
    <UnitTestResult executionId="509c80fb-ef02-4d7a-a9ad-0666f723be3c" testId="33ac541d-d7c9-b72a-df2c-b183ce6be74f" testName="QueueLanka.API.Tests.CounterDashboardServiceTests.GetDashboardAsync_AverageServiceTimeNoData_ReturnsZeroWithoutErrors" computerName="MALINDU" duration="00:00:00.0015225" startTime="2026-03-23T23:04:43.5003810+05:30" endTime="2026-03-23T23:04:43.5003812+05:30" testType="13cdc9d9-ddb5-4fa4-a97d-d965ccfc6d4b" outcome="Passed" testListId="8c84fa94-04c1-424b-9868-57a2d4851a1d" relativeResultsDirectory="509c80fb-ef02-4d7a-a9ad-0666f723be3c" />
    <UnitTestResult executionId="df711149-ac7a-42df-a48a-eb7225586073" testId="163b3acb-a632-7533-c9f0-78dfd16ab644" testName="QueueLanka.API.Tests.ServiceCenterControllerTests.CheckAvailability_Available_ReturnsOkWithTrue" computerName="MALINDU" duration="00:00:00.0011124" startTime="2026-03-23T23:04:43.4970325+05:30" endTime="2026-03-23T23:04:43.4970325+05:30" testType="13cdc9d9-ddb5-4fa4-a97d-d965ccfc6d4b" outcome="Passed" testListId="8c84fa94-04c1-424b-9868-57a2d4851a1d" relativeResultsDirectory="df711149-ac7a-42df-a48a-eb7225586073" />
    <UnitTestResult executionId="f4223515-5086-4cd5-ac3e-15fe4ff92cdc" testId="5102030c-0b91-3fe0-a86f-cca5596689d9" testName="QueueLanka.API.Tests.CounterAuthorizationTests.ExpiredJwt_AnyEndpoint_Returns401" computerName="MALINDU" duration="00:00:00.0034429" startTime="2026-03-23T23:04:43.8715734+05:30" endTime="2026-03-23T23:04:43.8715737+05:30" testType="13cdc9d9-ddb5-4fa4-a97d-d965ccfc6d4b" outcome="Passed" testListId="8c84fa94-04c1-424b-9868-57a2d4851a1d" relativeResultsDirectory="f4223515-5086-4cd5-ac3e-15fe4ff92cdc" />
    <UnitTestResult executionId="351f8047-8cf9-44ac-9930-d717687cbfdd" testId="f197681b-4ce1-4701-40c1-a46f8fb5213f" testName="QueueLanka.API.Tests.CounterManagementServiceTests.ListCounters_CenterNotFound_ThrowsNotFoundExceptionEquivalent" computerName="MALINDU" duration="00:00:00.0017625" startTime="2026-03-23T23:04:43.4969886+05:30" endTime="2026-03-23T23:04:43.4969887+05:30" testType="13cdc9d9-ddb5-4fa4-a97d-d965ccfc6d4b" outcome="Passed" testListId="8c84fa94-04c1-424b-9868-57a2d4851a1d" relativeResultsDirectory="351f8047-8cf9-44ac-9930-d717687cbfdd" />
    <UnitTestResult executionId="2dfe8a05-d9b6-4fb6-b782-dae54d45e951" testId="1990550f-999e-5586-ccc7-98eff29c449b" testName="QueueLanka.API.Tests.AppointmentControllerTests.GetMyAppointments_NoAppointments_ReturnsOkWithEmptyList" computerName="MALINDU" duration="00:00:00.0025389" startTime="2026-03-23T23:04:43.4584516+05:30" endTime="2026-03-23T23:04:43.4584517+05:30" testType="13cdc9d9-ddb5-4fa4-a97d-d965ccfc6d4b" outcome="Passed" testListId="8c84fa94-04c1-424b-9868-57a2d4851a1d" relativeResultsDirectory="2dfe8a05-d9b6-4fb6-b782-dae54d45e951" />
    <UnitTestResult executionId="a386ce1c-3c28-4832-b57b-b6b99bf6311a" testId="626ec751-5eb4-8b4c-239a-1a73ead2145e" testName="QueueLanka.API.Tests.AdminUserControllerTests.DeleteUser_TargetIsAdmin_ThrowsCannotDeleteAdminException" computerName="MALINDU" duration="00:00:00.0026151" startTime="2026-03-23T23:04:43.4864527+05:30" endTime="2026-03-23T23:04:43.4864528+05:30" testType="13cdc9d9-ddb5-4fa4-a97d-d965ccfc6d4b" outcome="Passed" testListId="8c84fa94-04c1-424b-9868-57a2d4851a1d" relativeResultsDirectory="a386ce1c-3c28-4832-b57b-b6b99bf6311a" />
    <UnitTestResult executionId="abe135e3-9654-4cf5-9849-ea6e7122c4c9" testId="753471a4-b4d9-d774-a83f-b8878369634b" testName="QueueLanka.API.Tests.ReportCsvValidationTests.GenerateDailyCenterSummaryCsvAsync_TotalSkipped_MatchesExpectedAggregate" computerName="MALINDU" duration="00:00:00.0007441" startTime="2026-03-23T23:04:43.5244074+05:30" endTime="2026-03-23T23:04:43.5244075+05:30" testType="13cdc9d9-ddb5-4fa4-a97d-d965ccfc6d4b" outcome="Passed" testListId="8c84fa94-04c1-424b-9868-57a2d4851a1d" relativeResultsDirectory="abe135e3-9654-4cf5-9849-ea6e7122c4c9" />
    <UnitTestResult executionId="8aaca3e7-fadc-405f-9cba-b6302b7d3713" testId="5275d3c2-386c-4cee-c73b-4cf10973da25" testName="QueueLanka.API.Tests.CounterControllerTests.CallNext_CounterClosed_Returns400BadRequest" computerName="MALINDU" duration="00:00:00.0009764" startTime="2026-03-23T23:04:43.4864059+05:30" endTime="2026-03-23T23:04:43.4864060+05:30" testType="13cdc9d9-ddb5-4fa4-a97d-d965ccfc6d4b" outcome="Passed" testListId="8c84fa94-04c1-424b-9868-57a2d4851a1d" relativeResultsDirectory="8aaca3e7-fadc-405f-9cba-b6302b7d3713" />
    <UnitTestResult executionId="7e62ac07-ea23-4544-bdcc-1bebc56a3cd4" testId="8d00c966-495a-f0a8-c020-308605a228a8" testName="QueueLanka.API.Tests.CounterDashboardServiceTests.GetWaitingTokensAsync_NoWaitingTokens_ReturnsEmptyList" computerName="MALINDU" duration="00:00:00.0028147" startTime="2026-03-23T23:04:43.4820178+05:30" endTime="2026-03-23T23:04:43.4820179+05:30" testType="13cdc9d9-ddb5-4fa4-a97d-d965ccfc6d4b" outcome="Passed" testListId="8c84fa94-04c1-424b-9868-57a2d4851a1d" relativeResultsDirectory="7e62ac07-ea23-4544-bdcc-1bebc56a3cd4" />
    <UnitTestResult executionId="af22eee0-89c2-4973-90ec-1cf6b2309b16" testId="0c3951cf-2fb6-456d-cd89-69f907b037f6" testName="QueueLanka.API.Tests.ServiceCenterControllerTests.CreateServiceCenter_ValidRequest_Returns201Created" computerName="MALINDU" duration="00:00:00.0034781" startTime="2026-03-23T23:04:43.4958497+05:30" endTime="2026-03-23T23:04:43.4958498+05:30" testType="13cdc9d9-ddb5-4fa4-a97d-d965ccfc6d4b" outcome="Passed" testListId="8c84fa94-04c1-424b-9868-57a2d4851a1d" relativeResultsDirectory="af22eee0-89c2-4973-90ec-1cf6b2309b16" />
    <UnitTestResult executionId="a9edd6d4-42fb-4309-bd35-b3785887582f" testId="21ac0ffc-1bac-3d0c-f040-5af9dc06b126" testName="QueueLanka.API.Tests.ReportCsvValidationTests.GenerateDailyCenterSummaryCsvAsync_CenterNameWithComma_IsQuotedCorrectly" computerName="MALINDU" duration="00:00:00.0008467" startTime="2026-03-23T23:04:43.5165650+05:30" endTime="2026-03-23T23:04:43.5165652+05:30" testType="13cdc9d9-ddb5-4fa4-a97d-d965ccfc6d4b" outcome="Passed" testListId="8c84fa94-04c1-424b-9868-57a2d4851a1d" relativeResultsDirectory="a9edd6d4-42fb-4309-bd35-b3785887582f" />
    <UnitTestResult executionId="def40f98-9072-4c30-bf34-b262e6b89833" testId="06b8f8b5-b454-24e4-57a4-10d3a3d872f7" testName="QueueLanka.API.Tests.CounterManagementServiceTests.UpdateStatusToOpen_ReturnsUpdatedCounter" computerName="MALINDU" duration="00:00:00.0018777" startTime="2026-03-23T23:04:43.4910412+05:30" endTime="2026-03-23T23:04:43.4910413+05:30" testType="13cdc9d9-ddb5-4fa4-a97d-d965ccfc6d4b" outcome="Passed" testListId="8c84fa94-04c1-424b-9868-57a2d4851a1d" relativeResultsDirectory="def40f98-9072-4c30-bf34-b262e6b89833" />
    <UnitTestResult executionId="6e0e3bf6-60d6-4da0-ae4e-67e8c7caa1df" testId="e5661f2c-d725-b417-794f-9e5a58470517" testName="QueueLanka.API.Tests.ReportRepositoryIntegrationTests.GetDailyCenterSummaryAsync_DateRangeFilter_ExcludesOutsideRange" computerName="MALINDU" duration="00:00:00.0003838" startTime="2026-03-23T23:04:43.4100912+05:30" endTime="2026-03-23T23:04:43.4100912+05:30" testType="13cdc9d9-ddb5-4fa4-a97d-d965ccfc6d4b" outcome="Passed" testListId="8c84fa94-04c1-424b-9868-57a2d4851a1d" relativeResultsDirectory="6e0e3bf6-60d6-4da0-ae4e-67e8c7caa1df" />
    <UnitTestResult executionId="c38d0d02-7fd6-419c-913b-9f0ede33fae2" testId="3b7b8f67-b165-3122-c852-73f0884f92bf" testName="QueueLanka.API.Tests.ReportRepositoryIntegrationTests.GetDailyCenterSummaryAsync_AverageWaitTimeSeconds_MatchesManualCalculation" computerName="MALINDU" duration="00:00:00.0007154" startTime="2026-03-23T23:04:43.4099626+05:30" endTime="2026-03-23T23:04:43.4099627+05:30" testType="13cdc9d9-ddb5-4fa4-a97d-d965ccfc6d4b" outcome="Passed" testListId="8c84fa94-04c1-424b-9868-57a2d4851a1d" relativeResultsDirectory="c38d0d02-7fd6-419c-913b-9f0ede33fae2" />
    <UnitTestResult executionId="6d1b0327-d0d9-4fef-9686-33f9df9c4826" testId="0b1e181a-9d2c-179d-af75-4123ae844795" testName="QueueLanka.API.Tests.ServiceCenterControllerTests.GetServiceCenterById_InvalidId_ThrowsInvalidServiceCenterDataException" computerName="MALINDU" duration="00:00:00.0770708" startTime="2026-03-23T23:04:43.4602936+05:30" endTime="2026-03-23T23:04:43.4602937+05:30" testType="13cdc9d9-ddb5-4fa4-a97d-d965ccfc6d4b" outcome="Passed" testListId="8c84fa94-04c1-424b-9868-57a2d4851a1d" relativeResultsDirectory="6d1b0327-d0d9-4fef-9686-33f9df9c4826" />
    <UnitTestResult executionId="eeec91b6-118c-4c85-a700-820334fdb228" testId="c230320b-9898-1144-83bf-b33a687bb513" testName="QueueLanka.API.Tests.ReportCsvValidationTests.GenerateDailyCenterSummaryCsvAsync_TotalCancelled_MatchesExpectedAggregate" computerName="MALINDU" duration="00:00:00.0006671" startTime="2026-03-23T23:04:43.5180736+05:30" endTime="2026-03-23T23:04:43.5180737+05:30" testType="13cdc9d9-ddb5-4fa4-a97d-d965ccfc6d4b" outcome="Passed" testListId="8c84fa94-04c1-424b-9868-57a2d4851a1d" relativeResultsDirectory="eeec91b6-118c-4c85-a700-820334fdb228" />
    <UnitTestResult executionId="47a501b4-1dff-430f-8b20-355636d46986" testId="c04a58c9-471c-a8f2-724d-0632991a674b" testName="QueueLanka.API.Tests.ReportRepositoryIntegrationTests.GetDailyCenterSummaryAsync_CenterFilter_ExcludesOtherCenters" computerName="MALINDU" duration="00:00:00.0004666" startTime="2026-03-23T23:04:43.4101110+05:30" endTime="2026-03-23T23:04:43.4101110+05:30" testType="13cdc9d9-ddb5-4fa4-a97d-d965ccfc6d4b" outcome="Passed" testListId="8c84fa94-04c1-424b-9868-57a2d4851a1d" relativeResultsDirectory="47a501b4-1dff-430f-8b20-355636d46986" />
    <UnitTestResult executionId="8a6b68db-4772-4498-8e83-dbd1fcc30481" testId="74b7f199-6bd3-8f3a-3e97-73ff96b01533" testName="QueueLanka.API.Tests.ServiceCenterControllerTests.CreateServiceCenter_DuplicateCenter_ThrowsDuplicateServiceCenterException" computerName="MALINDU" duration="00:00:00.0021487" startTime="2026-03-23T23:04:43.5069863+05:30" endTime="2026-03-23T23:04:43.5069864+05:30" testType="13cdc9d9-ddb5-4fa4-a97d-d965ccfc6d4b" outcome="Passed" testListId="8c84fa94-04c1-424b-9868-57a2d4851a1d" relativeResultsDirectory="8a6b68db-4772-4498-8e83-dbd1fcc30481" />
    <UnitTestResult executionId="1fedb537-311b-4438-8f63-20f431a8adaf" testId="b9e0f9a2-dcd8-26f7-b2da-ce7bf3784dc1" testName="QueueLanka.API.Tests.ReportServiceTests.GenerateDailyCenterSummaryCsvAsync_ValidRequestWithData_ReturnsRowsWithExpectedValues" computerName="MALINDU" duration="00:00:00.0025435" startTime="2026-03-23T23:04:43.4940819+05:30" endTime="2026-03-23T23:04:43.4940820+05:30" testType="13cdc9d9-ddb5-4fa4-a97d-d965ccfc6d4b" outcome="Passed" testListId="8c84fa94-04c1-424b-9868-57a2d4851a1d" relativeResultsDirectory="1fedb537-311b-4438-8f63-20f431a8adaf" />
    <UnitTestResult executionId="6c3b5aad-25a1-41cb-9fcb-9bb6fd245a0c" testId="f520eef8-a5df-d792-69e5-356e927d9ab9" testName="QueueLanka.API.Tests.ReportServiceTests.GenerateDailyCenterSummaryCsvAsync_CsvEscapesCommasAndQuotesInCenterName" computerName="MALINDU" duration="00:00:00.0023237" startTime="2026-03-23T23:04:43.4914842+05:30" endTime="2026-03-23T23:04:43.4914844+05:30" testType="13cdc9d9-ddb5-4fa4-a97d-d965ccfc6d4b" outcome="Passed" testListId="8c84fa94-04c1-424b-9868-57a2d4851a1d" relativeResultsDirectory="6c3b5aad-25a1-41cb-9fcb-9bb6fd245a0c" />
    <UnitTestResult executionId="df13212c-045b-43e1-97fe-14db16b3e3db" testId="3aede174-fc32-c8d1-bf26-bd2a40f65e70" testName="QueueLanka.API.Tests.ReportCsvValidationTests.GenerateDailyCenterSummaryCsvAsync_AverageServiceTime_MatchesManualCalculationInMinutes" computerName="MALINDU" duration="00:00:00.0007423" startTime="2026-03-23T23:04:43.5157134+05:30" endTime="2026-03-23T23:04:43.5157137+05:30" testType="13cdc9d9-ddb5-4fa4-a97d-d965ccfc6d4b" outcome="Passed" testListId="8c84fa94-04c1-424b-9868-57a2d4851a1d" relativeResultsDirectory="df13212c-045b-43e1-97fe-14db16b3e3db" />
    <UnitTestResult executionId="41668c62-3d04-442d-9b06-c34e34bd58d4" testId="4bc38025-046a-fe3f-b46d-9c051587b7f0" testName="QueueLanka.API.Tests.CounterManagementServiceTests.CreateCounter_DuplicateName_ThrowsConflictExceptionEquivalent" computerName="MALINDU" duration="00:00:00.0018091" startTime="2026-03-23T23:04:43.5057020+05:30" endTime="2026-03-23T23:04:43.5057021+05:30" testType="13cdc9d9-ddb5-4fa4-a97d-d965ccfc6d4b" outcome="Passed" testListId="8c84fa94-04c1-424b-9868-57a2d4851a1d" relativeResultsDirectory="41668c62-3d04-442d-9b06-c34e34bd58d4" />
    <UnitTestResult executionId="1d77c9d1-1874-4780-8e26-f236aff5ad5c" testId="5dc24600-4b41-03a8-ffc3-90929e58d703" testName="QueueLanka.API.Tests.AdminUserControllerTests.GetUsers_WithRoleFilter_ReturnsOkWithFilteredList" computerName="MALINDU" duration="00:00:00.0009552" startTime="2026-03-23T23:04:43.4874411+05:30" endTime="2026-03-23T23:04:43.4874411+05:30" testType="13cdc9d9-ddb5-4fa4-a97d-d965ccfc6d4b" outcome="Passed" testListId="8c84fa94-04c1-424b-9868-57a2d4851a1d" relativeResultsDirectory="1d77c9d1-1874-4780-8e26-f236aff5ad5c" />
    <UnitTestResult executionId="82b718d8-8137-4267-b20c-6178be5a13a8" testId="4706418d-12ae-4931-ad92-de0507666a21" testName="QueueLanka.API.Tests.AuthControllerTests.VerifyEmail_InvalidToken_ThrowsInvalidVerificationTokenException" computerName="MALINDU" duration="00:00:00.0026787" startTime="2026-03-23T23:04:43.4607818+05:30" endTime="2026-03-23T23:04:43.4607819+05:30" testType="13cdc9d9-ddb5-4fa4-a97d-d965ccfc6d4b" outcome="Passed" testListId="8c84fa94-04c1-424b-9868-57a2d4851a1d" relativeResultsDirectory="82b718d8-8137-4267-b20c-6178be5a13a8" />
    <UnitTestResult executionId="31ce8545-1b7a-46ab-b9c0-e4af4287b293" testId="65d7996d-c571-4826-98b4-f1ef7719e3ac" testName="QueueLanka.API.Tests.ReportRepositoryIntegrationTests.GetDailyCenterSummaryAsync_TotalSkipped_MatchesManualCount" computerName="MALINDU" duration="00:00:00.0004003" startTime="2026-03-23T23:04:43.4100478+05:30" endTime="2026-03-23T23:04:43.4100479+05:30" testType="13cdc9d9-ddb5-4fa4-a97d-d965ccfc6d4b" outcome="Passed" testListId="8c84fa94-04c1-424b-9868-57a2d4851a1d" relativeResultsDirectory="31ce8545-1b7a-46ab-b9c0-e4af4287b293" />
    <UnitTestResult executionId="be00bef6-82f6-4994-b8da-7ce2b13a1d29" testId="c75cfdb0-bf60-c0ab-5703-989cd890f308" testName="QueueLanka.API.Tests.CounterServiceUpdateStatusTests.UpdateTokenStatus_TokenNotFound_ThrowsNotFoundException" computerName="MALINDU" duration="00:00:00.0025211" startTime="2026-03-23T23:04:43.4837431+05:30" endTime="2026-03-23T23:04:43.4837432+05:30" testType="13cdc9d9-ddb5-4fa4-a97d-d965ccfc6d4b" outcome="Passed" testListId="8c84fa94-04c1-424b-9868-57a2d4851a1d" relativeResultsDirectory="be00bef6-82f6-4994-b8da-7ce2b13a1d29" />
    <UnitTestResult executionId="64ff8eae-7206-4032-829d-f0803bad973a" testId="c0764244-7a32-39bc-9717-5638ed778cee" testName="QueueLanka.API.Tests.AppointmentControllerTests.BookToken_UnexpectedException_ReturnsStatusCode500" computerName="MALINDU" duration="00:00:00.0013695" startTime="2026-03-23T23:04:43.4598428+05:30" endTime="2026-03-23T23:04:43.4598429+05:30" testType="13cdc9d9-ddb5-4fa4-a97d-d965ccfc6d4b" outcome="Passed" testListId="8c84fa94-04c1-424b-9868-57a2d4851a1d" relativeResultsDirectory="64ff8eae-7206-4032-829d-f0803bad973a" />
    <UnitTestResult executionId="3c1fe719-e83e-46d1-8c31-5910ee29bfaf" testId="46e21992-fe3e-5bf4-bbbc-567c10a1c318" testName="QueueLanka.API.Tests.ReportServiceTests.GetDailyCenterSummaryDataAsync_DateRangeExceeds90Days_ThrowsValidationException" computerName="MALINDU" duration="00:00:00.0023084" startTime="2026-03-23T23:04:43.4821048+05:30" endTime="2026-03-23T23:04:43.4821048+05:30" testType="13cdc9d9-ddb5-4fa4-a97d-d965ccfc6d4b" outcome="Passed" testListId="8c84fa94-04c1-424b-9868-57a2d4851a1d" relativeResultsDirectory="3c1fe719-e83e-46d1-8c31-5910ee29bfaf" />
    <UnitTestResult executionId="414c08ac-1cf4-41f7-bba9-39b2c32aac1a" testId="a887dea1-9670-a80e-7a1b-18c229de4dbf" testName="QueueLanka.API.Tests.TokenControllerTests.CancelMyToken_UnauthenticatedUser_ReturnsUnauthorized" computerName="MALINDU" duration="00:00:00.0003679" startTime="2026-03-23T23:04:43.4567714+05:30" endTime="2026-03-23T23:04:43.4567715+05:30" testType="13cdc9d9-ddb5-4fa4-a97d-d965ccfc6d4b" outcome="Passed" testListId="8c84fa94-04c1-424b-9868-57a2d4851a1d" relativeResultsDirectory="414c08ac-1cf4-41f7-bba9-39b2c32aac1a" />
    <UnitTestResult executionId="877950be-3894-4eac-bce9-307a7822fc91" testId="9916f3ca-1f11-30c2-1ac4-900179ceaf50" testName="QueueLanka.API.Tests.ServiceCenterControllerTests.GetLocation_CenterNotFound_ThrowsServiceCenterNotFoundException" computerName="MALINDU" duration="00:00:00.0014706" startTime="2026-03-23T23:04:43.5047430+05:30" endTime="2026-03-23T23:04:43.5047431+05:30" testType="13cdc9d9-ddb5-4fa4-a97d-d965ccfc6d4b" outcome="Passed" testListId="8c84fa94-04c1-424b-9868-57a2d4851a1d" relativeResultsDirectory="877950be-3894-4eac-bce9-307a7822fc91" />
    <UnitTestResult executionId="73863132-0847-4bb7-a057-f99803f70f9f" testId="6526e68a-86d8-f27f-f713-cd224a8fff38" testName="QueueLanka.API.Tests.QueueBroadcastServiceTests.AllEventTypes_BroadcastToCorrectGroupScope" computerName="MALINDU" duration="00:00:00.0028911" startTime="2026-03-23T23:04:43.4988895+05:30" endTime="2026-03-23T23:04:43.4988896+05:30" testType="13cdc9d9-ddb5-4fa4-a97d-d965ccfc6d4b" outcome="Passed" testListId="8c84fa94-04c1-424b-9868-57a2d4851a1d" relativeResultsDirectory="73863132-0847-4bb7-a057-f99803f70f9f" />
    <UnitTestResult executionId="8f58c132-bf07-4824-b6e2-6b766219fbe3" testId="27cb67b3-edb3-5bec-9638-db6a8b41476a" testName="QueueLanka.API.Tests.CounterServiceUpdateStatusTests.UpdateTokenStatus_ValidSkippedUpdate_ReturnsUpdatedTokenAndPublishesEvent" computerName="MALINDU" duration="00:00:00.0979452" startTime="2026-03-23T23:04:43.4815924+05:30" endTime="2026-03-23T23:04:43.4815925+05:30" testType="13cdc9d9-ddb5-4fa4-a97d-d965ccfc6d4b" outcome="Passed" testListId="8c84fa94-04c1-424b-9868-57a2d4851a1d" relativeResultsDirectory="8f58c132-bf07-4824-b6e2-6b766219fbe3" />
    <UnitTestResult executionId="9ec30fb2-0a98-439c-af02-0ee9f4db9e67" testId="95f86085-2f1b-6151-bb1d-579ceb6d975b" testName="QueueLanka.API.Tests.AppointmentControllerTests.BookToken_DuplicateBookingException_Throws" computerName="MALINDU" duration="00:00:00.0022488" startTime="2026-03-23T23:04:43.4686777+05:30" endTime="2026-03-23T23:04:43.4686780+05:30" testType="13cdc9d9-ddb5-4fa4-a97d-d965ccfc6d4b" outcome="Passed" testListId="8c84fa94-04c1-424b-9868-57a2d4851a1d" relativeResultsDirectory="9ec30fb2-0a98-439c-af02-0ee9f4db9e67" />
    <UnitTestResult executionId="6143ea04-d37b-4645-a13f-c680655bf2d4" testId="2da2830c-52e3-b266-6b70-13da9ea8ab7b" testName="QueueLanka.API.Tests.ServiceCenterControllerTests.UpsertLocation_ServiceThrows_Throws" computerName="MALINDU" duration="00:00:00.0021438" startTime="2026-03-23T23:04:43.5032019+05:30" endTime="2026-03-23T23:04:43.5032020+05:30" testType="13cdc9d9-ddb5-4fa4-a97d-d965ccfc6d4b" outcome="Passed" testListId="8c84fa94-04c1-424b-9868-57a2d4851a1d" relativeResultsDirectory="6143ea04-d37b-4645-a13f-c680655bf2d4" />
    <UnitTestResult executionId="e013eff3-bdd4-4b65-aa4a-a6a528c8eaad" testId="456ddad7-9b62-0133-b29c-8095a70a17b5" testName="QueueLanka.API.Tests.AuthControllerTests.Login_InvalidModelState_ReturnsBadRequest" computerName="MALINDU" duration="00:00:00.0012702" startTime="2026-03-23T23:04:43.4621022+05:30" endTime="2026-03-23T23:04:43.4621024+05:30" testType="13cdc9d9-ddb5-4fa4-a97d-d965ccfc6d4b" outcome="Passed" testListId="8c84fa94-04c1-424b-9868-57a2d4851a1d" relativeResultsDirectory="e013eff3-bdd4-4b65-aa4a-a6a528c8eaad" />
    <UnitTestResult executionId="7d52c7fa-61c6-4460-a61b-1578821280cb" testId="99e69349-7d0b-86f3-9bae-59f36061775a" testName="QueueLanka.API.Tests.ReportRepositoryIntegrationTests.GetDailyCenterSummaryAsync_MultipleCenters_ReturnsPerCenterPerDayRows" computerName="MALINDU" duration="00:00:00.0006193" startTime="2026-03-23T23:04:43.4014847+05:30" endTime="2026-03-23T23:04:43.4014848+05:30" testType="13cdc9d9-ddb5-4fa4-a97d-d965ccfc6d4b" outcome="Passed" testListId="8c84fa94-04c1-424b-9868-57a2d4851a1d" relativeResultsDirectory="7d52c7fa-61c6-4460-a61b-1578821280cb" />
    <UnitTestResult executionId="7fca8d3c-cb63-412b-b8c9-65c7b6809d4a" testId="1399bf79-353b-8095-21b7-e5868d9bb226" testName="QueueLanka.API.Tests.ServiceCenterControllerTests.GetLocation_LocationNotFound_ThrowsLocationNotFoundException" computerName="MALINDU" duration="00:00:00.0033673" startTime="2026-03-23T23:04:43.4832327+05:30" endTime="2026-03-23T23:04:43.4832327+05:30" testType="13cdc9d9-ddb5-4fa4-a97d-d965ccfc6d4b" outcome="Passed" testListId="8c84fa94-04c1-424b-9868-57a2d4851a1d" relativeResultsDirectory="7fca8d3c-cb63-412b-b8c9-65c7b6809d4a" />
    <UnitTestResult executionId="c33b39ba-d8d4-4dbb-9e82-38d83d5df148" testId="60ba04a1-5491-9eb0-4f41-b822cd102a3e" testName="QueueLanka.API.Tests.ReportCsvValidationTests.GenerateDailyCenterSummaryCsvAsync_PeakHour_UsesHighestIssuedHour" computerName="MALINDU" duration="00:00:00.0010963" startTime="2026-03-23T23:04:43.4816264+05:30" endTime="2026-03-23T23:04:43.4816264+05:30" testType="13cdc9d9-ddb5-4fa4-a97d-d965ccfc6d4b" outcome="Passed" testListId="8c84fa94-04c1-424b-9868-57a2d4851a1d" relativeResultsDirectory="c33b39ba-d8d4-4dbb-9e82-38d83d5df148" />
    <UnitTestResult executionId="e85d088f-2152-4b87-91a6-0125c031a65c" testId="90dc7370-4978-36c6-b2a2-7a2b5b039c97" testName="QueueLanka.API.Tests.ReportCsvValidationTests.GenerateDailyCenterSummaryCsvAsync_DateRangeFilter_ExcludesOutsideTokens" computerName="MALINDU" duration="00:00:00.0042718" startTime="2026-03-23T23:04:43.4855845+05:30" endTime="2026-03-23T23:04:43.4855846+05:30" testType="13cdc9d9-ddb5-4fa4-a97d-d965ccfc6d4b" outcome="Passed" testListId="8c84fa94-04c1-424b-9868-57a2d4851a1d" relativeResultsDirectory="e85d088f-2152-4b87-91a6-0125c031a65c" />
    <UnitTestResult executionId="9169af16-d6d4-4fdc-ae47-55374eb00ed4" testId="ffad0fd4-e7cf-34cf-0dc3-bf96cb91d853" testName="QueueLanka.API.Tests.CounterAuthorizationTests.CitizenJwt_AdminCreateCounter_Returns403" computerName="MALINDU" duration="00:00:00.0015693" startTime="2026-03-23T23:04:43.8641025+05:30" endTime="2026-03-23T23:04:43.8641027+05:30" testType="13cdc9d9-ddb5-4fa4-a97d-d965ccfc6d4b" outcome="Passed" testListId="8c84fa94-04c1-424b-9868-57a2d4851a1d" relativeResultsDirectory="9169af16-d6d4-4fdc-ae47-55374eb00ed4" />
    <UnitTestResult executionId="854a0ad5-92c7-44b5-ac3c-da0ca5c8d735" testId="d589b9e0-cfd6-9b5c-6c76-cd22981d0ea8" testName="QueueLanka.API.Tests.ReportServiceTests.GenerateDailyCenterSummaryCsvAsync_ValidRequest_ReturnsCsvWithCorrectHeaders" computerName="MALINDU" duration="00:00:00.0032061" startTime="2026-03-23T23:04:43.4891609+05:30" endTime="2026-03-23T23:04:43.4891609+05:30" testType="13cdc9d9-ddb5-4fa4-a97d-d965ccfc6d4b" outcome="Passed" testListId="8c84fa94-04c1-424b-9868-57a2d4851a1d" relativeResultsDirectory="854a0ad5-92c7-44b5-ac3c-da0ca5c8d735" />
    <UnitTestResult executionId="913f211b-f5c7-4d6e-a35d-67e2da58212e" testId="f5206902-fd14-626b-2b4f-ee6de7aa9f21" testName="QueueLanka.API.Tests.CounterManagementServiceTests.CreateCounter_CenterNotFound_ThrowsNotFoundExceptionEquivalent" computerName="MALINDU" duration="00:00:00.0011931" startTime="2026-03-23T23:04:43.5022626+05:30" endTime="2026-03-23T23:04:43.5022627+05:30" testType="13cdc9d9-ddb5-4fa4-a97d-d965ccfc6d4b" outcome="Passed" testListId="8c84fa94-04c1-424b-9868-57a2d4851a1d" relativeResultsDirectory="913f211b-f5c7-4d6e-a35d-67e2da58212e" />
    <UnitTestResult executionId="e0368de8-c11d-40c0-996e-143b2f26eef8" testId="324a24e4-fd45-7e4b-aaff-c7ab2abb8af3" testName="QueueLanka.API.Tests.CounterServiceReassignTests.ReassignToken_BroadcastFailure_ReassignmentStillSucceeds" computerName="MALINDU" duration="00:00:00.0022795" startTime="2026-03-23T23:04:43.5049018+05:30" endTime="2026-03-23T23:04:43.5049019+05:30" testType="13cdc9d9-ddb5-4fa4-a97d-d965ccfc6d4b" outcome="Passed" testListId="8c84fa94-04c1-424b-9868-57a2d4851a1d" relativeResultsDirectory="e0368de8-c11d-40c0-996e-143b2f26eef8" />
    <UnitTestResult executionId="15c1c9f3-c4eb-445a-ae81-74fcc2741bd2" testId="3ce33225-112e-5834-d460-2be71b9149f8" testName="QueueLanka.API.Tests.TokenControllerTests.GetMyTokens_NoTokens_ReturnsOkWithEmptyList" computerName="MALINDU" duration="00:00:00.0012098" startTime="2026-03-23T23:04:43.4519755+05:30" endTime="2026-03-23T23:04:43.4519757+05:30" testType="13cdc9d9-ddb5-4fa4-a97d-d965ccfc6d4b" outcome="Passed" testListId="8c84fa94-04c1-424b-9868-57a2d4851a1d" relativeResultsDirectory="15c1c9f3-c4eb-445a-ae81-74fcc2741bd2" />
    <UnitTestResult executionId="6f691010-88a9-49f5-86e1-cc53f9cd2a78" testId="6a751a85-a4f7-ff38-ad60-ad0d1477d6f4" testName="QueueLanka.API.Tests.AuthControllerTests.Register_ValidRequest_Returns201Created" computerName="MALINDU" duration="00:00:00.0704465" startTime="2026-03-23T23:04:43.4536150+05:30" endTime="2026-03-23T23:04:43.4536151+05:30" testType="13cdc9d9-ddb5-4fa4-a97d-d965ccfc6d4b" outcome="Passed" testListId="8c84fa94-04c1-424b-9868-57a2d4851a1d" relativeResultsDirectory="6f691010-88a9-49f5-86e1-cc53f9cd2a78" />
    <UnitTestResult executionId="6f187993-9943-44b5-b6b9-7284d7a38d16" testId="f0d570f7-0850-4dfd-400c-49e1b465ba29" testName="QueueLanka.API.Tests.CounterControllerTests.CreateCounter_AdminUser_ReturnsCreated" computerName="MALINDU" duration="00:00:00.0028190" startTime="2026-03-23T23:04:43.4822118+05:30" endTime="2026-03-23T23:04:43.4822119+05:30" testType="13cdc9d9-ddb5-4fa4-a97d-d965ccfc6d4b" outcome="Passed" testListId="8c84fa94-04c1-424b-9868-57a2d4851a1d" relativeResultsDirectory="6f187993-9943-44b5-b6b9-7284d7a38d16" />
    <UnitTestResult executionId="7378e056-23a1-4c5d-93ac-551f94c60aec" testId="424af81f-9b2a-fd28-1304-af130bcbbe9f" testName="QueueLanka.API.Tests.ServiceCenterControllerTests.CheckAvailability_NotActive_ReturnsOkWithFalse" computerName="MALINDU" duration="00:00:00.0006210" startTime="2026-03-23T23:04:43.5090486+05:30" endTime="2026-03-23T23:04:43.5090487+05:30" testType="13cdc9d9-ddb5-4fa4-a97d-d965ccfc6d4b" outcome="Passed" testListId="8c84fa94-04c1-424b-9868-57a2d4851a1d" relativeResultsDirectory="7378e056-23a1-4c5d-93ac-551f94c60aec" />
    <UnitTestResult executionId="37abb28d-b7e6-4319-84a7-e8689cf87680" testId="2559163c-9022-de7a-c088-693bb5346b76" testName="QueueLanka.API.Tests.TokenControllerTests.CancelMyToken_AlreadyCancelled_ReturnsConflict" computerName="MALINDU" duration="00:00:00.0008250" startTime="2026-03-23T23:04:43.4564763+05:30" endTime="2026-03-23T23:04:43.4564763+05:30" testType="13cdc9d9-ddb5-4fa4-a97d-d965ccfc6d4b" outcome="Passed" testListId="8c84fa94-04c1-424b-9868-57a2d4851a1d" relativeResultsDirectory="37abb28d-b7e6-4319-84a7-e8689cf87680" />
    <UnitTestResult executionId="a4ca8ea0-2046-4db8-9e7e-52d977a77adf" testId="8aba1367-7910-a884-7bb5-e225e3d4e2ac" testName="QueueLanka.API.Tests.ServiceCenterControllerTests.CreateServiceCenter_ServiceThrows_Throws" computerName="MALINDU" duration="00:00:00.0013341" startTime="2026-03-23T23:04:43.5083720+05:30" endTime="2026-03-23T23:04:43.5083722+05:30" testType="13cdc9d9-ddb5-4fa4-a97d-d965ccfc6d4b" outcome="Passed" testListId="8c84fa94-04c1-424b-9868-57a2d4851a1d" relativeResultsDirectory="a4ca8ea0-2046-4db8-9e7e-52d977a77adf" />
    <UnitTestResult executionId="efde9e9e-85f6-4e88-af01-796063f7cfdb" testId="b44eded7-992a-c81b-3430-aef0c12c5482" testName="QueueLanka.API.Tests.ReportCsvValidationTests.GenerateDailyCenterSummaryCsvAsync_TotalTokensIssued_MatchesExpectedAggregate" computerName="MALINDU" duration="00:00:00.0011169" startTime="2026-03-23T23:04:43.4800929+05:30" endTime="2026-03-23T23:04:43.4800931+05:30" testType="13cdc9d9-ddb5-4fa4-a97d-d965ccfc6d4b" outcome="Passed" testListId="8c84fa94-04c1-424b-9868-57a2d4851a1d" relativeResultsDirectory="efde9e9e-85f6-4e88-af01-796063f7cfdb" />
    <UnitTestResult executionId="86c612b1-4c0e-440d-ba3b-cef84e14f926" testId="aa391fb5-1e69-0c53-8ae8-52e7d5574d2f" testName="QueueLanka.API.Tests.CounterDashboardServiceTests.GetDashboardAsync_ValidOfficer_ReturnsDashboardData" computerName="MALINDU" duration="00:00:00.0022797" startTime="2026-03-23T23:04:43.4842864+05:30" endTime="2026-03-23T23:04:43.4842865+05:30" testType="13cdc9d9-ddb5-4fa4-a97d-d965ccfc6d4b" outcome="Passed" testListId="8c84fa94-04c1-424b-9868-57a2d4851a1d" relativeResultsDirectory="86c612b1-4c0e-440d-ba3b-cef84e14f926" />
    <UnitTestResult executionId="ce4d7c25-52fa-4175-b5aa-45641f5446cb" testId="e1010094-b91f-cdb1-b459-721daaab82c7" testName="QueueLanka.API.Tests.ReportCsvValidationTests.GenerateDailyCenterSummaryCsvAsync_ActiveCounters_MatchesDistinctServedCounters" computerName="MALINDU" duration="00:00:00.0010594" startTime="2026-03-23T23:04:43.5227471+05:30" endTime="2026-03-23T23:04:43.5227473+05:30" testType="13cdc9d9-ddb5-4fa4-a97d-d965ccfc6d4b" outcome="Passed" testListId="8c84fa94-04c1-424b-9868-57a2d4851a1d" relativeResultsDirectory="ce4d7c25-52fa-4175-b5aa-45641f5446cb" />
    <UnitTestResult executionId="45ae6df8-19e2-4145-82cf-6a736bf642e2" testId="47c09470-c82d-3fb6-8f1f-85d645b97d5c" testName="QueueLanka.API.Tests.AuthControllerTests.VerifyEmail_ValidToken_ReturnsOk" computerName="MALINDU" duration="00:00:00.0037404" startTime="2026-03-23T23:04:43.4860645+05:30" endTime="2026-03-23T23:04:43.4860645+05:30" testType="13cdc9d9-ddb5-4fa4-a97d-d965ccfc6d4b" outcome="Passed" testListId="8c84fa94-04c1-424b-9868-57a2d4851a1d" relativeResultsDirectory="45ae6df8-19e2-4145-82cf-6a736bf642e2" />
    <UnitTestResult executionId="8c60875b-b2b4-4a51-b71e-e92168eed103" testId="acf683ea-68aa-dee0-4f5c-0dbb0835293c" testName="QueueLanka.API.Tests.ServiceCenterControllerTests.CheckAvailability_NotFound_ThrowsServiceCenterNotFoundException" computerName="MALINDU" duration="00:00:00.0031017" startTime="2026-03-23T23:04:43.4799019+05:30" endTime="2026-03-23T23:04:43.4799019+05:30" testType="13cdc9d9-ddb5-4fa4-a97d-d965ccfc6d4b" outcome="Passed" testListId="8c84fa94-04c1-424b-9868-57a2d4851a1d" relativeResultsDirectory="8c60875b-b2b4-4a51-b71e-e92168eed103" />
    <UnitTestResult executionId="84b27d53-c71a-4fc1-83ec-599bc6cff41f" testId="93c699f7-44ab-b8e1-e5c6-d8181747ff25" testName="QueueLanka.API.Tests.CounterControllerTests.CreateCounter_InvalidUserIdClaim_Returns403" computerName="MALINDU" duration="00:00:00.0099547" startTime="2026-03-23T23:04:43.4645659+05:30" endTime="2026-03-23T23:04:43.4645660+05:30" testType="13cdc9d9-ddb5-4fa4-a97d-d965ccfc6d4b" outcome="Passed" testListId="8c84fa94-04c1-424b-9868-57a2d4851a1d" relativeResultsDirectory="84b27d53-c71a-4fc1-83ec-599bc6cff41f" />
[...]
    <TestEntry testId="871af832-6dd8-63b7-2e4c-36693a98cb60" executionId="297d59cf-c356-4e7e-a1d3-60c34a8f829a" testListId="8c84fa94-04c1-424b-9868-57a2d4851a1d" />
    <TestEntry testId="ac94656d-3b57-b919-7339-731b385f8098" executionId="2b4e51b2-1a98-4d8b-8783-ef5554588ef6" testListId="8c84fa94-04c1-424b-9868-57a2d4851a1d" />
    <TestEntry testId="ec6d1462-b94d-bbe5-2ba3-28887778fbc7" executionId="e59cfd7b-b741-4389-b5d3-bf38ab656cd6" testListId="8c84fa94-04c1-424b-9868-57a2d4851a1d" />
    <TestEntry testId="338c37e2-d296-617a-43e9-1aa33473460e" executionId="ea686258-a931-458c-ad21-56a1ecfc39f0" testListId="8c84fa94-04c1-424b-9868-57a2d4851a1d" />
    <TestEntry testId="6790b8bb-0233-bda0-e213-7e63d4aa152f" executionId="2ea2f45c-2d46-4723-8c46-48b70f71d77d" testListId="8c84fa94-04c1-424b-9868-57a2d4851a1d" />
    <TestEntry testId="6969fd72-f498-7eeb-884c-cb36befeeda6" executionId="0706a2ce-b202-4149-bbf0-597a61106dd9" testListId="8c84fa94-04c1-424b-9868-57a2d4851a1d" />
    <TestEntry testId="76e208e0-4901-25a7-a590-2000a8a0fd63" executionId="30aa4a51-a2e7-43b7-99eb-7a9b38c61bba" testListId="8c84fa94-04c1-424b-9868-57a2d4851a1d" />
    <TestEntry testId="aab4a97a-3aab-f0bf-1bde-ddc34bc2dfca" executionId="4e297e27-b3c2-4899-92aa-132a4e9c5861" testListId="8c84fa94-04c1-424b-9868-57a2d4851a1d" />
    <TestEntry testId="5ad3f9a2-7f09-dbfa-06e3-bdca62167a13" executionId="8994d8ff-c447-497e-a238-3f50e127fc8e" testListId="8c84fa94-04c1-424b-9868-57a2d4851a1d" />
    <TestEntry testId="66ce64c1-4a7d-a257-d673-af3340aa5e6f" executionId="3e405362-b249-4999-9db9-0c9376fa6be2" testListId="8c84fa94-04c1-424b-9868-57a2d4851a1d" />
    <TestEntry testId="8aefc8eb-970e-1d26-ca07-e4a67dbd2df9" executionId="2fb59559-a949-45bd-87ea-c84e3792dc67" testListId="8c84fa94-04c1-424b-9868-57a2d4851a1d" />
    <TestEntry testId="242cbd37-93c3-6ad3-2a48-5e70f35149da" executionId="dd4758a3-342d-4af6-b963-2a5566c6344f" testListId="8c84fa94-04c1-424b-9868-57a2d4851a1d" />
    <TestEntry testId="e4df18a3-273f-e73c-f07b-730656a8e642" executionId="f7f741de-eb13-4f93-aeca-fabc5b9a84df" testListId="8c84fa94-04c1-424b-9868-57a2d4851a1d" />
    <TestEntry testId="3ca40f77-837a-d4f8-e518-dc8f5045d939" executionId="ccee0e12-b892-42ad-bc6f-54ab5a0956c0" testListId="8c84fa94-04c1-424b-9868-57a2d4851a1d" />
    <TestEntry testId="ea9e6aa0-fa33-e3ff-4ad9-9857493fc681" executionId="50e89f85-04e9-4955-a317-45964b09cebc" testListId="8c84fa94-04c1-424b-9868-57a2d4851a1d" />
    <TestEntry testId="262ce43c-e921-dd47-3dad-c2086732c481" executionId="bba8718d-71d5-45fe-b4c2-aec59b6c5c33" testListId="8c84fa94-04c1-424b-9868-57a2d4851a1d" />
    <TestEntry testId="729df959-b605-1275-93c2-e7356c375e80" executionId="dd3480f4-29de-4cbf-b9d5-0edaf17725ca" testListId="8c84fa94-04c1-424b-9868-57a2d4851a1d" />
    <TestEntry testId="811822fe-4aa7-8a01-c63e-6c4177c81d1b" executionId="a81c24d4-83cd-4e52-860a-0086d690cc65" testListId="8c84fa94-04c1-424b-9868-57a2d4851a1d" />
    <TestEntry testId="dc1e57f5-d72c-5b2d-03f2-ef1e561197a4" executionId="2d0f4261-2465-4aa4-8cf8-b55f1725277e" testListId="8c84fa94-04c1-424b-9868-57a2d4851a1d" />
    <TestEntry testId="fba9fc5f-4181-08b3-2e24-800cc10a6e31" executionId="07ddd156-1d5e-4b67-81f7-a81616e504d5" testListId="8c84fa94-04c1-424b-9868-57a2d4851a1d" />
    <TestEntry testId="b1387f11-ea25-a7a9-4a6b-5ef4c5ee7018" executionId="16175c2e-ac6b-461f-a0ca-7d1196e70a64" testListId="8c84fa94-04c1-424b-9868-57a2d4851a1d" />
    <TestEntry testId="f8d97e66-bfcd-41ea-12a5-17fff4de2e01" executionId="47c99d97-81d3-4382-8acb-f8b1e611d41e" testListId="8c84fa94-04c1-424b-9868-57a2d4851a1d" />
    <TestEntry testId="fafbdfc5-b3c5-5935-1dc9-3e1ad29bb57b" executionId="5a38c976-f1ae-4ac0-b106-95c1944ce628" testListId="8c84fa94-04c1-424b-9868-57a2d4851a1d" />
    <TestEntry testId="a9851f0e-51ff-328a-50f9-0304ea99f784" executionId="548a097e-c0df-4796-998c-a0334eb40b19" testListId="8c84fa94-04c1-424b-9868-57a2d4851a1d" />
    <TestEntry testId="712f7399-7d18-0cd3-84f9-1eb605431337" executionId="bb675e0a-6a50-43c5-a89a-f8d17d313d4a" testListId="8c84fa94-04c1-424b-9868-57a2d4851a1d" />
    <TestEntry testId="be281423-b4fd-a708-cfc5-1435e243046b" executionId="27f0d767-de0e-40db-99a4-73d0997bb41b" testListId="8c84fa94-04c1-424b-9868-57a2d4851a1d" />
    <TestEntry testId="c5022dc1-ccae-40c3-b867-08c665d978e1" executionId="7a1c31cd-99cc-45fa-a38a-c543a26f1ffd" testListId="8c84fa94-04c1-424b-9868-57a2d4851a1d" />
    <TestEntry testId="35007129-5b2d-5674-9909-085dee45ae27" executionId="15c9ac7f-998e-4987-8d1e-a6804ee8e619" testListId="8c84fa94-04c1-424b-9868-57a2d4851a1d" />
    <TestEntry testId="60e46e8c-e0f4-b1a0-8496-765a3ca348c2" executionId="c881d7d8-5200-42a9-8322-ad483ae15b77" testListId="8c84fa94-04c1-424b-9868-57a2d4851a1d" />
    <TestEntry testId="c4e44153-7052-9b0a-dc19-9e0b3fc72d0d" executionId="c150e009-925e-4e10-bd26-c4a7c24f2296" testListId="8c84fa94-04c1-424b-9868-57a2d4851a1d" />
    <TestEntry testId="a2905c48-e35c-ba5e-d459-08aa0bb54d64" executionId="c1fdee97-8515-4e33-819d-08a554926876" testListId="8c84fa94-04c1-424b-9868-57a2d4851a1d" />
    <TestEntry testId="0a3d677d-91d2-7f36-ef34-4738d8175c66" executionId="80588eca-ad9a-4c5b-9727-1ddb0a175734" testListId="8c84fa94-04c1-424b-9868-57a2d4851a1d" />
    <TestEntry testId="f20b0e21-0b73-9291-eb54-717623d71aba" executionId="cfbdda7a-4f6f-43fc-a9b5-9ef672b6532b" testListId="8c84fa94-04c1-424b-9868-57a2d4851a1d" />
    <TestEntry testId="33ac541d-d7c9-b72a-df2c-b183ce6be74f" executionId="509c80fb-ef02-4d7a-a9ad-0666f723be3c" testListId="8c84fa94-04c1-424b-9868-57a2d4851a1d" />
    <TestEntry testId="163b3acb-a632-7533-c9f0-78dfd16ab644" executionId="df711149-ac7a-42df-a48a-eb7225586073" testListId="8c84fa94-04c1-424b-9868-57a2d4851a1d" />
    <TestEntry testId="5102030c-0b91-3fe0-a86f-cca5596689d9" executionId="f4223515-5086-4cd5-ac3e-15fe4ff92cdc" testListId="8c84fa94-04c1-424b-9868-57a2d4851a1d" />
    <TestEntry testId="f197681b-4ce1-4701-40c1-a46f8fb5213f" executionId="351f8047-8cf9-44ac-9930-d717687cbfdd" testListId="8c84fa94-04c1-424b-9868-57a2d4851a1d" />
    <TestEntry testId="1990550f-999e-5586-ccc7-98eff29c449b" executionId="2dfe8a05-d9b6-4fb6-b782-dae54d45e951" testListId="8c84fa94-04c1-424b-9868-57a2d4851a1d" />
    <TestEntry testId="626ec751-5eb4-8b4c-239a-1a73ead2145e" executionId="a386ce1c-3c28-4832-b57b-b6b99bf6311a" testListId="8c84fa94-04c1-424b-9868-57a2d4851a1d" />
    <TestEntry testId="753471a4-b4d9-d774-a83f-b8878369634b" executionId="abe135e3-9654-4cf5-9849-ea6e7122c4c9" testListId="8c84fa94-04c1-424b-9868-57a2d4851a1d" />
    <TestEntry testId="5275d3c2-386c-4cee-c73b-4cf10973da25" executionId="8aaca3e7-fadc-405f-9cba-b6302b7d3713" testListId="8c84fa94-04c1-424b-9868-57a2d4851a1d" />
    <TestEntry testId="8d00c966-495a-f0a8-c020-308605a228a8" executionId="7e62ac07-ea23-4544-bdcc-1bebc56a3cd4" testListId="8c84fa94-04c1-424b-9868-57a2d4851a1d" />
    <TestEntry testId="0c3951cf-2fb6-456d-cd89-69f907b037f6" executionId="af22eee0-89c2-4973-90ec-1cf6b2309b16" testListId="8c84fa94-04c1-424b-9868-57a2d4851a1d" />
    <TestEntry testId="21ac0ffc-1bac-3d0c-f040-5af9dc06b126" executionId="a9edd6d4-42fb-4309-bd35-b3785887582f" testListId="8c84fa94-04c1-424b-9868-57a2d4851a1d" />
    <TestEntry testId="06b8f8b5-b454-24e4-57a4-10d3a3d872f7" executionId="def40f98-9072-4c30-bf34-b262e6b89833" testListId="8c84fa94-04c1-424b-9868-57a2d4851a1d" />
    <TestEntry testId="e5661f2c-d725-b417-794f-9e5a58470517" executionId="6e0e3bf6-60d6-4da0-ae4e-67e8c7caa1df" testListId="8c84fa94-04c1-424b-9868-57a2d4851a1d" />
    <TestEntry testId="3b7b8f67-b165-3122-c852-73f0884f92bf" executionId="c38d0d02-7fd6-419c-913b-9f0ede33fae2" testListId="8c84fa94-04c1-424b-9868-57a2d4851a1d" />
    <TestEntry testId="0b1e181a-9d2c-179d-af75-4123ae844795" executionId="6d1b0327-d0d9-4fef-9686-33f9df9c4826" testListId="8c84fa94-04c1-424b-9868-57a2d4851a1d" />
    <TestEntry testId="c230320b-9898-1144-83bf-b33a687bb513" executionId="eeec91b6-118c-4c85-a700-820334fdb228" testListId="8c84fa94-04c1-424b-9868-57a2d4851a1d" />
    <TestEntry testId="c04a58c9-471c-a8f2-724d-0632991a674b" executionId="47a501b4-1dff-430f-8b20-355636d46986" testListId="8c84fa94-04c1-424b-9868-57a2d4851a1d" />
    <TestEntry testId="74b7f199-6bd3-8f3a-3e97-73ff96b01533" executionId="8a6b68db-4772-4498-8e83-dbd1fcc30481" testListId="8c84fa94-04c1-424b-9868-57a2d4851a1d" />
    <TestEntry testId="b9e0f9a2-dcd8-26f7-b2da-ce7bf3784dc1" executionId="1fedb537-311b-4438-8f63-20f431a8adaf" testListId="8c84fa94-04c1-424b-9868-57a2d4851a1d" />
    <TestEntry testId="f520eef8-a5df-d792-69e5-356e927d9ab9" executionId="6c3b5aad-25a1-41cb-9fcb-9bb6fd245a0c" testListId="8c84fa94-04c1-424b-9868-57a2d4851a1d" />
    <TestEntry testId="3aede174-fc32-c8d1-bf26-bd2a40f65e70" executionId="df13212c-045b-43e1-97fe-14db16b3e3db" testListId="8c84fa94-04c1-424b-9868-57a2d4851a1d" />
    <TestEntry testId="4bc38025-046a-fe3f-b46d-9c051587b7f0" executionId="41668c62-3d04-442d-9b06-c34e34bd58d4" testListId="8c84fa94-04c1-424b-9868-57a2d4851a1d" />
    <TestEntry testId="5dc24600-4b41-03a8-ffc3-90929e58d703" executionId="1d77c9d1-1874-4780-8e26-f236aff5ad5c" testListId="8c84fa94-04c1-424b-9868-57a2d4851a1d" />
    <TestEntry testId="4706418d-12ae-4931-ad92-de0507666a21" executionId="82b718d8-8137-4267-b20c-6178be5a13a8" testListId="8c84fa94-04c1-424b-9868-57a2d4851a1d" />
    <TestEntry testId="65d7996d-c571-4826-98b4-f1ef7719e3ac" executionId="31ce8545-1b7a-46ab-b9c0-e4af4287b293" testListId="8c84fa94-04c1-424b-9868-57a2d4851a1d" />
    <TestEntry testId="c75cfdb0-bf60-c0ab-5703-989cd890f308" executionId="be00bef6-82f6-4994-b8da-7ce2b13a1d29" testListId="8c84fa94-04c1-424b-9868-57a2d4851a1d" />
    <TestEntry testId="c0764244-7a32-39bc-9717-5638ed778cee" executionId="64ff8eae-7206-4032-829d-f0803bad973a" testListId="8c84fa94-04c1-424b-9868-57a2d4851a1d" />
    <TestEntry testId="46e21992-fe3e-5bf4-bbbc-567c10a1c318" executionId="3c1fe719-e83e-46d1-8c31-5910ee29bfaf" testListId="8c84fa94-04c1-424b-9868-57a2d4851a1d" />
    <TestEntry testId="a887dea1-9670-a80e-7a1b-18c229de4dbf" executionId="414c08ac-1cf4-41f7-bba9-39b2c32aac1a" testListId="8c84fa94-04c1-424b-9868-57a2d4851a1d" />
    <TestEntry testId="9916f3ca-1f11-30c2-1ac4-900179ceaf50" executionId="877950be-3894-4eac-bce9-307a7822fc91" testListId="8c84fa94-04c1-424b-9868-57a2d4851a1d" />
    <TestEntry testId="6526e68a-86d8-f27f-f713-cd224a8fff38" executionId="73863132-0847-4bb7-a057-f99803f70f9f" testListId="8c84fa94-04c1-424b-9868-57a2d4851a1d" />
    <TestEntry testId="27cb67b3-edb3-5bec-9638-db6a8b41476a" executionId="8f58c132-bf07-4824-b6e2-6b766219fbe3" testListId="8c84fa94-04c1-424b-9868-57a2d4851a1d" />
    <TestEntry testId="95f86085-2f1b-6151-bb1d-579ceb6d975b" executionId="9ec30fb2-0a98-439c-af02-0ee9f4db9e67" testListId="8c84fa94-04c1-424b-9868-57a2d4851a1d" />
    <TestEntry testId="2da2830c-52e3-b266-6b70-13da9ea8ab7b" executionId="6143ea04-d37b-4645-a13f-c680655bf2d4" testListId="8c84fa94-04c1-424b-9868-57a2d4851a1d" />
    <TestEntry testId="456ddad7-9b62-0133-b29c-8095a70a17b5" executionId="e013eff3-bdd4-4b65-aa4a-a6a528c8eaad" testListId="8c84fa94-04c1-424b-9868-57a2d4851a1d" />
    <TestEntry testId="99e69349-7d0b-86f3-9bae-59f36061775a" executionId="7d52c7fa-61c6-4460-a61b-1578821280cb" testListId="8c84fa94-04c1-424b-9868-57a2d4851a1d" />
    <TestEntry testId="1399bf79-353b-8095-21b7-e5868d9bb226" executionId="7fca8d3c-cb63-412b-b8c9-65c7b6809d4a" testListId="8c84fa94-04c1-424b-9868-57a2d4851a1d" />
    <TestEntry testId="60ba04a1-5491-9eb0-4f41-b822cd102a3e" executionId="c33b39ba-d8d4-4dbb-9e82-38d83d5df148" testListId="8c84fa94-04c1-424b-9868-57a2d4851a1d" />
    <TestEntry testId="90dc7370-4978-36c6-b2a2-7a2b5b039c97" executionId="e85d088f-2152-4b87-91a6-0125c031a65c" testListId="8c84fa94-04c1-424b-9868-57a2d4851a1d" />
    <TestEntry testId="ffad0fd4-e7cf-34cf-0dc3-bf96cb91d853" executionId="9169af16-d6d4-4fdc-ae47-55374eb00ed4" testListId="8c84fa94-04c1-424b-9868-57a2d4851a1d" />
    <TestEntry testId="d589b9e0-cfd6-9b5c-6c76-cd22981d0ea8" executionId="854a0ad5-92c7-44b5-ac3c-da0ca5c8d735" testListId="8c84fa94-04c1-424b-9868-57a2d4851a1d" />
    <TestEntry testId="f5206902-fd14-626b-2b4f-ee6de7aa9f21" executionId="913f211b-f5c7-4d6e-a35d-67e2da58212e" testListId="8c84fa94-04c1-424b-9868-57a2d4851a1d" />
    <TestEntry testId="324a24e4-fd45-7e4b-aaff-c7ab2abb8af3" executionId="e0368de8-c11d-40c0-996e-143b2f26eef8" testListId="8c84fa94-04c1-424b-9868-57a2d4851a1d" />
    <TestEntry testId="3ce33225-112e-5834-d460-2be71b9149f8" executionId="15c1c9f3-c4eb-445a-ae81-74fcc2741bd2" testListId="8c84fa94-04c1-424b-9868-57a2d4851a1d" />
    <TestEntry testId="6a751a85-a4f7-ff38-ad60-ad0d1477d6f4" executionId="6f691010-88a9-49f5-86e1-cc53f9cd2a78" testListId="8c84fa94-04c1-424b-9868-57a2d4851a1d" />
    <TestEntry testId="f0d570f7-0850-4dfd-400c-49e1b465ba29" executionId="6f187993-9943-44b5-b6b9-7284d7a38d16" testListId="8c84fa94-04c1-424b-9868-57a2d4851a1d" />
    <TestEntry testId="424af81f-9b2a-fd28-1304-af130bcbbe9f" executionId="7378e056-23a1-4c5d-93ac-551f94c60aec" testListId="8c84fa94-04c1-424b-9868-57a2d4851a1d" />
    <TestEntry testId="2559163c-9022-de7a-c088-693bb5346b76" executionId="37abb28d-b7e6-4319-84a7-e8689cf87680" testListId="8c84fa94-04c1-424b-9868-57a2d4851a1d" />
    <TestEntry testId="8aba1367-7910-a884-7bb5-e225e3d4e2ac" executionId="a4ca8ea0-2046-4db8-9e7e-52d977a77adf" testListId="8c84fa94-04c1-424b-9868-57a2d4851a1d" />
    <TestEntry testId="b44eded7-992a-c81b-3430-aef0c12c5482" executionId="efde9e9e-85f6-4e88-af01-796063f7cfdb" testListId="8c84fa94-04c1-424b-9868-57a2d4851a1d" />
    <TestEntry testId="aa391fb5-1e69-0c53-8ae8-52e7d5574d2f" executionId="86c612b1-4c0e-440d-ba3b-cef84e14f926" testListId="8c84fa94-04c1-424b-9868-57a2d4851a1d" />
    <TestEntry testId="e1010094-b91f-cdb1-b459-721daaab82c7" executionId="ce4d7c25-52fa-4175-b5aa-45641f5446cb" testListId="8c84fa94-04c1-424b-9868-57a2d4851a1d" />
    <TestEntry testId="47c09470-c82d-3fb6-8f1f-85d645b97d5c" executionId="45ae6df8-19e2-4145-82cf-6a736bf642e2" testListId="8c84fa94-04c1-424b-9868-57a2d4851a1d" />
    <TestEntry testId="acf683ea-68aa-dee0-4f5c-0dbb0835293c" executionId="8c60875b-b2b4-4a51-b71e-e92168eed103" testListId="8c84fa94-04c1-424b-9868-57a2d4851a1d" />
    <TestEntry testId="93c699f7-44ab-b8e1-e5c6-d8181747ff25" executionId="84b27d53-c71a-4fc1-83ec-599bc6cff41f" testListId="8c84fa94-04c1-424b-9868-57a2d4851a1d" />
    <TestEntry testId="5f0d5a46-50e5-62ea-1195-bdb4674e53f7" executionId="57081ab2-e69d-407a-85cd-b730842b2586" testListId="8c84fa94-04c1-424b-9868-57a2d4851a1d" />
    <TestEntry testId="2aba73d3-1fd8-c3bd-f3af-0a81489fc0f3" executionId="bcfa8e7a-d52d-4d64-9edf-93d22717eea8" testListId="8c84fa94-04c1-424b-9868-57a2d4851a1d" />
    <TestEntry testId="f61b65fd-89a6-052a-4f2b-a97dc99cd05b" executionId="5495759e-a010-4d5e-a92b-27857e937d6b" testListId="8c84fa94-04c1-424b-9868-57a2d4851a1d" />
    <TestEntry testId="3ea41655-1bf0-ed1b-3c55-2364dfff71f8" executionId="ad190cb7-06ff-4ac3-9502-09fa0726b793" testListId="8c84fa94-04c1-424b-9868-57a2d4851a1d" />
    <TestEntry testId="837f9bfb-96fd-6dc3-3580-84d8b88247bb" executionId="d156b3cc-48b7-40f8-a33f-5e44e8c0a087" testListId="8c84fa94-04c1-424b-9868-57a2d4851a1d" />
    <TestEntry testId="7f651b96-194c-1e15-392a-0198a0a05e11" executionId="b1270429-a4b1-4090-bf35-7201ad8b3338" testListId="8c84fa94-04c1-424b-9868-57a2d4851a1d" />
    <TestEntry testId="bc5a244a-50e2-70f3-8a2f-d05763131c0c" executionId="5e02a467-ebe2-4e8c-b0f1-5898bc049672" testListId="8c84fa94-04c1-424b-9868-57a2d4851a1d" />
    <TestEntry testId="2af9e2fd-10dd-a794-5c32-de3b5cc05d49" executionId="b7f8922f-13c7-47cc-b3b7-565f0b9a06d6" testListId="8c84fa94-04c1-424b-9868-57a2d4851a1d" />
    <TestEntry testId="13f031f8-305b-e8db-feb9-882c70fca952" executionId="f903dbf6-6abb-4a50-855f-560f13b585e5" testListId="8c84fa94-04c1-424b-9868-57a2d4851a1d" />
    <TestEntry testId="05044c6f-655b-1a0a-bbbb-2c216544afc4" executionId="64c2ebb0-93c1-4959-9f77-25dd9f4ac99b" testListId="8c84fa94-04c1-424b-9868-57a2d4851a1d" />
    <TestEntry testId="75102758-2960-c41c-e352-c24837e304dc" executionId="cd768650-c4a7-4b3a-b430-d5270eee4ee9" testListId="8c84fa94-04c1-424b-9868-57a2d4851a1d" />
    <TestEntry testId="39c6ca59-4c4e-e772-46a3-595728a4d4c8" executionId="87902b64-e76f-4e59-9d56-62bf686992f5" testListId="8c84fa94-04c1-424b-9868-57a2d4851a1d" />
    <TestEntry testId="6add8946-948e-b827-6ef8-c44f516139e7" executionId="5d0d0b7f-3e10-497d-9930-42f1ee01a3b3" testListId="8c84fa94-04c1-424b-9868-57a2d4851a1d" />
    <TestEntry testId="17bb7d66-800c-88ef-3103-f460543edc24" executionId="10ec8c23-a650-47cd-a1fe-5436ac904135" testListId="8c84fa94-04c1-424b-9868-57a2d4851a1d" />
    <TestEntry testId="df2fde32-26d6-412e-99d0-fd16797790c1" executionId="4e4bf468-6a41-4795-b8f7-71247e9ebff8" testListId="8c84fa94-04c1-424b-9868-57a2d4851a1d" />
    <TestEntry testId="d8774edf-649f-6b77-5579-08b95913940b" executionId="5bc24bfb-db21-4aa6-acaa-ae9d822eb53b" testListId="8c84fa94-04c1-424b-9868-57a2d4851a1d" />
    <TestEntry testId="17ad9b01-32d0-f7ad-7af2-4c764c5f380a" executionId="f8162fbd-9d25-42f9-b932-f0593afb0909" testListId="8c84fa94-04c1-424b-9868-57a2d4851a1d" />
    <TestEntry testId="13d34f7a-d367-103c-f047-2a8c17699af3" executionId="0f26d54c-f17a-46ae-8407-507a02525fa4" testListId="8c84fa94-04c1-424b-9868-57a2d4851a1d" />
    <TestEntry testId="e91b8c52-1786-5ac1-6a86-4867759779c4" executionId="c2f1fdb1-9986-4a79-a564-c000df1be372" testListId="8c84fa94-04c1-424b-9868-57a2d4851a1d" />
    <TestEntry testId="610f273e-91b7-03be-dad8-6dce99b81ffe" executionId="7014a99f-2e7f-4222-beb8-dab338def296" testListId="8c84fa94-04c1-424b-9868-57a2d4851a1d" />
    <TestEntry testId="173c6be6-0ce8-d67b-6328-5b59e7b913aa" executionId="a934afad-d585-4bb5-9300-cafd6709d4cd" testListId="8c84fa94-04c1-424b-9868-57a2d4851a1d" />
    <TestEntry testId="6b7e5d96-dab9-8026-e8a2-cbcf198fe55b" executionId="202e7f84-2da8-4bb9-8431-464e3269087e" testListId="8c84fa94-04c1-424b-9868-57a2d4851a1d" />
    <TestEntry testId="65b79abb-c836-4096-3283-c705945685a8" executionId="7f9f4105-dbd2-4fa2-96b4-d4b566083322" testListId="8c84fa94-04c1-424b-9868-57a2d4851a1d" />
    <TestEntry testId="7a4133d0-7504-fb52-c7de-aeb6777e8aac" executionId="24d7e25b-65cd-4ad1-90e5-5d83959b2314" testListId="8c84fa94-04c1-424b-9868-57a2d4851a1d" />
    <TestEntry testId="8b49f71f-42da-431e-36ab-96b88588c3e2" executionId="423ee43d-a33a-4dee-b4e7-851324379d71" testListId="8c84fa94-04c1-424b-9868-57a2d4851a1d" />
    <TestEntry testId="2f286440-41e3-c0a6-f3cc-ebc179c267f7" executionId="565af3ce-69fc-49dc-abf0-0bc441718550" testListId="8c84fa94-04c1-424b-9868-57a2d4851a1d" />
    <TestEntry testId="4f2c4503-b667-b809-1133-10361ae90735" executionId="28d51f6f-8233-4794-bfca-e3d52463482f" testListId="8c84fa94-04c1-424b-9868-57a2d4851a1d" />
  </TestEntries>
  <TestLists>
    <TestList name="Results Not in a List" id="8c84fa94-04c1-424b-9868-57a2d4851a1d" />
    <TestList name="All Loaded Results" id="19431567-8539-422a-85d7-44ee4e166bda" />
  </TestLists>
  <ResultSummary outcome="Completed">
    <Counters total="170" executed="170" passed="170" failed="0" error="0" timeout="0" aborted="0" inconclusive="0" passedButRunAborted="0" notRunnable="0" notExecuted="0" disconnected="0" warning="0" completed="0" inProgress="0" pending="0" />
    <Output>
      <StdOut>[xUnit.net 00:00:00.00] xUnit.net VSTest Adapter v2.5.3.1+6b60a9e56a (64-bit .NET 8.0.24)&#xD;
[xUnit.net 00:00:01.33]   Discovering: QueueLanka.API.Tests&#xD;
[xUnit.net 00:00:01.39]   Discovered:  QueueLanka.API.Tests&#xD;
[xUnit.net 00:00:01.39]   Starting:    QueueLanka.API.Tests&#xD;
[xUnit.net 00:00:01.95]   Finished:    QueueLanka.API.Tests&#xD;
</StdOut>
    </Output>
  </ResultSummary>
</TestRun>