<?xml version="1.0" encoding="utf-8"?>
<TestRun id="aa1fc00a-5ff2-487c-ad8c-d7dc0b65b0b9" name="malin@MALINDU 2026-03-23 22:55:40" runUser="MALINDU\malin" xmlns="http://microsoft.com/schemas/VisualStudio/TeamTest/2010">
  <Times creation="2026-03-23T22:55:40.8559332+05:30" queuing="2026-03-23T22:55:40.8559338+05:30" start="2026-03-23T22:55:40.2298674+05:30" finish="2026-03-23T22:55:41.3150911+05:30" />
  <TestSettings name="default" id="b3c28a31-97e9-4bb9-8375-68d0abe83e99">
    <Deployment runDeploymentRoot="malin_MALINDU_2026-03-23_22_55_40" />
  </TestSettings>
  <Results>
    <UnitTestResult executionId="c5d00b00-d2c2-4d7a-823f-69044bf33d99" testId="456ddad7-9b62-0133-b29c-8095a70a17b5" testName="QueueLanka.API.Tests.AuthControllerTests.Login_InvalidModelState_ReturnsBadRequest" computerName="MALINDU" duration="00:00:00.0023448" startTime="2026-03-23T22:55:40.8885183+05:30" endTime="2026-03-23T22:55:40.8885183+05:30" testType="13cdc9d9-ddb5-4fa4-a97d-d965ccfc6d4b" outcome="Passed" testListId="8c84fa94-04c1-424b-9868-57a2d4851a1d" relativeResultsDirectory="c5d00b00-d2c2-4d7a-823f-69044bf33d99" />
    <UnitTestResult executionId="95e97192-6965-4c7f-b0a1-f58da4a30f90" testId="d8774edf-649f-6b77-5579-08b95913940b" testName="QueueLanka.API.Tests.AdminUserControllerTests.GetUsers_InvalidRoleFilter_ThrowsInvalidUserRoleFilterException" computerName="MALINDU" duration="00:00:00.0014212" startTime="2026-03-23T22:55:40.9237605+05:30" endTime="2026-03-23T22:55:40.9237606+05:30" testType="13cdc9d9-ddb5-4fa4-a97d-d965ccfc6d4b" outcome="Passed" testListId="8c84fa94-04c1-424b-9868-57a2d4851a1d" relativeResultsDirectory="95e97192-6965-4c7f-b0a1-f58da4a30f90" />
    <UnitTestResult executionId="0e3aaf4f-f82b-4cd6-93eb-bf66f05e267b" testId="e91b8c52-1786-5ac1-6a86-4867759779c4" testName="QueueLanka.API.Tests.AuthControllerTests.Login_ValidCredentials_ReturnsOk" computerName="MALINDU" duration="00:00:00.0027014" startTime="2026-03-23T22:55:40.8785902+05:30" endTime="2026-03-23T22:55:40.8785903+05:30" testType="13cdc9d9-ddb5-4fa4-a97d-d965ccfc6d4b" outcome="Passed" testListId="8c84fa94-04c1-424b-9868-57a2d4851a1d" relativeResultsDirectory="0e3aaf4f-f82b-4cd6-93eb-bf66f05e267b" />
    <UnitTestResult executionId="94d861f0-0afc-41e0-9536-44ae26803b08" testId="c0764244-7a32-39bc-9717-5638ed778cee" testName="QueueLanka.API.Tests.AppointmentControllerTests.BookToken_UnexpectedException_ReturnsStatusCode500" computerName="MALINDU" duration="00:00:00.0013352" startTime="2026-03-23T22:55:40.8875662+05:30" endTime="2026-03-23T22:55:40.8875663+05:30" testType="13cdc9d9-ddb5-4fa4-a97d-d965ccfc6d4b" outcome="Passed" testListId="8c84fa94-04c1-424b-9868-57a2d4851a1d" relativeResultsDirectory="94d861f0-0afc-41e0-9536-44ae26803b08" />
    <UnitTestResult executionId="c1907cb6-edb7-4ebb-a9c4-1be3d42bba3b" testId="06b8f8b5-b454-24e4-57a4-10d3a3d872f7" testName="QueueLanka.API.Tests.CounterManagementServiceTests.UpdateStatusToOpen_ReturnsUpdatedCounter" computerName="MALINDU" duration="00:00:00.0014206" startTime="2026-03-23T22:55:40.9201931+05:30" endTime="2026-03-23T22:55:40.9201932+05:30" testType="13cdc9d9-ddb5-4fa4-a97d-d965ccfc6d4b" outcome="Passed" testListId="8c84fa94-04c1-424b-9868-57a2d4851a1d" relativeResultsDirectory="c1907cb6-edb7-4ebb-a9c4-1be3d42bba3b" />
    <UnitTestResult executionId="9b279c6a-1ad2-42d7-a8f7-73b92a0671db" testId="f520eef8-a5df-d792-69e5-356e927d9ab9" testName="QueueLanka.API.Tests.ReportServiceTests.GenerateDailyCenterSummaryCsvAsync_CsvEscapesCommasAndQuotesInCenterName" computerName="MALINDU" duration="00:00:00.0023594" startTime="2026-03-23T22:55:40.9147289+05:30" endTime="2026-03-23T22:55:40.9147290+05:30" testType="13cdc9d9-ddb5-4fa4-a97d-d965ccfc6d4b" outcome="Passed" testListId="8c84fa94-04c1-424b-9868-57a2d4851a1d" relativeResultsDirectory="9b279c6a-1ad2-42d7-a8f7-73b92a0671db" />
    <UnitTestResult executionId="62f51cc5-da15-4316-96fa-ec094045fd0a" testId="2f286440-41e3-c0a6-f3cc-ebc179c267f7" testName="QueueLanka.API.Tests.CounterServiceBroadcastTests.ServeToken_BroadcastsQueueUpdated_WithUpdatedServedCount" computerName="MALINDU" duration="00:00:00.0962206" startTime="2026-03-23T22:55:40.9117768+05:30" endTime="2026-03-23T22:55:40.9117768+05:30" testType="13cdc9d9-ddb5-4fa4-a97d-d965ccfc6d4b" outcome="Passed" testListId="8c84fa94-04c1-424b-9868-57a2d4851a1d" relativeResultsDirectory="62f51cc5-da15-4316-96fa-ec094045fd0a" />
    <UnitTestResult executionId="f546fc4b-9c3a-4093-a8c4-6aae46e8a2ab" testId="1e9c5e9f-497e-7237-3ebb-afc24258511d" testName="QueueLanka.API.Tests.CounterServiceUpdateStatusTests.UpdateTokenStatus_ValidServedUpdate_ReturnsUpdatedTokenAndPublishesEvent" computerName="MALINDU" duration="00:00:00.0025356" startTime="2026-03-23T22:55:40.9164111+05:30" endTime="2026-03-23T22:55:40.9164111+05:30" testType="13cdc9d9-ddb5-4fa4-a97d-d965ccfc6d4b" outcome="Passed" testListId="8c84fa94-04c1-424b-9868-57a2d4851a1d" relativeResultsDirectory="f546fc4b-9c3a-4093-a8c4-6aae46e8a2ab" />
    <UnitTestResult executionId="bed97af7-b872-4a1d-8e6a-13211ccba8a3" testId="32e447c1-0268-abb2-1036-26828d2e0e86" testName="QueueLanka.API.Tests.AuthControllerTests.Register_DuplicateUsername_ThrowsDuplicateUsernameException" computerName="MALINDU" duration="00:00:00.0022481" startTime="2026-03-23T22:55:40.9136321+05:30" endTime="2026-03-23T22:55:40.9136322+05:30" testType="13cdc9d9-ddb5-4fa4-a97d-d965ccfc6d4b" outcome="Passed" testListId="8c84fa94-04c1-424b-9868-57a2d4851a1d" relativeResultsDirectory="bed97af7-b872-4a1d-8e6a-13211ccba8a3" />
    <UnitTestResult executionId="8eed0608-d8c3-412c-a104-1f79290f41d2" testId="811822fe-4aa7-8a01-c63e-6c4177c81d1b" testName="QueueLanka.API.Tests.ReportRepositoryIntegrationTests.GetDailyCenterSummaryAsync_DateRange_ReturnsCorrectRowCount" computerName="MALINDU" duration="00:00:00.0020161" startTime="2026-03-23T22:55:40.8273309+05:30" endTime="2026-03-23T22:55:40.8273478+05:30" testType="13cdc9d9-ddb5-4fa4-a97d-d965ccfc6d4b" outcome="Passed" testListId="8c84fa94-04c1-424b-9868-57a2d4851a1d" relativeResultsDirectory="8eed0608-d8c3-412c-a104-1f79290f41d2" />
    <UnitTestResult executionId="40e1d0c6-de3f-431c-96c9-64d0f2c9ff86" testId="2aba73d3-1fd8-c3bd-f3af-0a81489fc0f3" testName="QueueLanka.API.Tests.AuthControllerTests.VerifyEmail_WhitespaceToken_ReturnsBadRequest" computerName="MALINDU" duration="00:00:00.0003695" startTime="2026-03-23T22:55:40.8891620+05:30" endTime="2026-03-23T22:55:40.8891621+05:30" testType="13cdc9d9-ddb5-4fa4-a97d-d965ccfc6d4b" outcome="Passed" testListId="8c84fa94-04c1-424b-9868-57a2d4851a1d" relativeResultsDirectory="40e1d0c6-de3f-431c-96c9-64d0f2c9ff86" />
    <UnitTestResult executionId="ce495879-ae55-4529-84b4-1786819cd677" testId="0be3a587-7ca2-6f36-6f03-24be4e524f7f" testName="QueueLanka.API.Tests.QueueBroadcastServiceTests.BroadcastTokenCancelled_SendsToCorrectGroupWithCancelledPayload" computerName="MALINDU" duration="00:00:00.0019899" startTime="2026-03-23T22:55:40.9239701+05:30" endTime="2026-03-23T22:55:40.9239702+05:30" testType="13cdc9d9-ddb5-4fa4-a97d-d965ccfc6d4b" outcome="Passed" testListId="8c84fa94-04c1-424b-9868-57a2d4851a1d" relativeResultsDirectory="ce495879-ae55-4529-84b4-1786819cd677" />
    <UnitTestResult executionId="09455107-e2fe-4531-9595-8e10cbd2ffb5" testId="4bc38025-046a-fe3f-b46d-9c051587b7f0" testName="QueueLanka.API.Tests.CounterManagementServiceTests.CreateCounter_DuplicateName_ThrowsConflictExceptionEquivalent" computerName="MALINDU" duration="00:00:00.0017763" startTime="2026-03-23T22:55:40.9335913+05:30" endTime="2026-03-23T22:55:40.9335914+05:30" testType="13cdc9d9-ddb5-4fa4-a97d-d965ccfc6d4b" outcome="Passed" testListId="8c84fa94-04c1-424b-9868-57a2d4851a1d" relativeResultsDirectory="09455107-e2fe-4531-9595-8e10cbd2ffb5" />
    <UnitTestResult executionId="cfb33909-a301-4b1e-b1ed-f186309e2514" testId="786d315d-0dd9-e4e7-c8ba-79c635372f79" testName="QueueLanka.API.Tests.ReportServiceTests.GetDailyCenterSummaryDataAsync_CenterFilterApplied_OnlySpecifiedCentersReturned" computerName="MALINDU" duration="00:00:00.0569406" startTime="2026-03-23T22:55:40.8737702+05:30" endTime="2026-03-23T22:55:40.8737703+05:30" testType="13cdc9d9-ddb5-4fa4-a97d-d965ccfc6d4b" outcome="Passed" testListId="8c84fa94-04c1-424b-9868-57a2d4851a1d" relativeResultsDirectory="cfb33909-a301-4b1e-b1ed-f186309e2514" />
    <UnitTestResult executionId="1034dd85-803a-4459-8c2a-4d77bad729a9" testId="2da2830c-52e3-b266-6b70-13da9ea8ab7b" testName="QueueLanka.API.Tests.ServiceCenterControllerTests.UpsertLocation_ServiceThrows_Throws" computerName="MALINDU" duration="00:00:00.0018777" startTime="2026-03-23T22:55:40.9362664+05:30" endTime="2026-03-23T22:55:40.9362665+05:30" testType="13cdc9d9-ddb5-4fa4-a97d-d965ccfc6d4b" outcome="Passed" testListId="8c84fa94-04c1-424b-9868-57a2d4851a1d" relativeResultsDirectory="1034dd85-803a-4459-8c2a-4d77bad729a9" />
    <UnitTestResult executionId="fd8c18a6-03d6-44bb-8173-16c70ae5aabe" testId="3b7b8f67-b165-3122-c852-73f0884f92bf" testName="QueueLanka.API.Tests.ReportRepositoryIntegrationTests.GetDailyCenterSummaryAsync_AverageWaitTimeSeconds_MatchesManualCalculation" computerName="MALINDU" duration="00:00:00.0005283" startTime="2026-03-23T22:55:40.8307279+05:30" endTime="2026-03-23T22:55:40.8307280+05:30" testType="13cdc9d9-ddb5-4fa4-a97d-d965ccfc6d4b" outcome="Passed" testListId="8c84fa94-04c1-424b-9868-57a2d4851a1d" relativeResultsDirectory="fd8c18a6-03d6-44bb-8173-16c70ae5aabe" />
    <UnitTestResult executionId="77e12623-9ef7-4e5d-b1a4-b7a822e6acd6" testId="c844cad2-6dab-f234-65ac-83c566897b04" testName="QueueLanka.API.Tests.CounterAuthorizationTests.NoJwt_AdminCreateCounter_Returns401" computerName="MALINDU" duration="00:00:00.3279129" startTime="2026-03-23T22:55:41.1461905+05:30" endTime="2026-03-23T22:55:41.1461912+05:30" testType="13cdc9d9-ddb5-4fa4-a97d-d965ccfc6d4b" outcome="Passed" testListId="8c84fa94-04c1-424b-9868-57a2d4851a1d" relativeResultsDirectory="77e12623-9ef7-4e5d-b1a4-b7a822e6acd6" />
    <UnitTestResult executionId="4730e42f-4770-4781-8106-51ab9db507c7" testId="b9e0f9a2-dcd8-26f7-b2da-ce7bf3784dc1" testName="QueueLanka.API.Tests.ReportServiceTests.GenerateDailyCenterSummaryCsvAsync_ValidRequestWithData_ReturnsRowsWithExpectedValues" computerName="MALINDU" duration="00:00:00.0024438" startTime="2026-03-23T22:55:40.9166219+05:30" endTime="2026-03-23T22:55:40.9166220+05:30" testType="13cdc9d9-ddb5-4fa4-a97d-d965ccfc6d4b" outcome="Passed" testListId="8c84fa94-04c1-424b-9868-57a2d4851a1d" relativeResultsDirectory="4730e42f-4770-4781-8106-51ab9db507c7" />
    <UnitTestResult executionId="82d0da89-2d91-4eb8-a7f5-594383a9fd8b" testId="65d7996d-c571-4826-98b4-f1ef7719e3ac" testName="QueueLanka.API.Tests.ReportRepositoryIntegrationTests.GetDailyCenterSummaryAsync_TotalSkipped_MatchesManualCount" computerName="MALINDU" duration="00:00:00.0004038" startTime="2026-03-23T22:55:40.8371804+05:30" endTime="2026-03-23T22:55:40.8371805+05:30" testType="13cdc9d9-ddb5-4fa4-a97d-d965ccfc6d4b" outcome="Passed" testListId="8c84fa94-04c1-424b-9868-57a2d4851a1d" relativeResultsDirectory="82d0da89-2d91-4eb8-a7f5-594383a9fd8b" />
    <UnitTestResult executionId="373b24bc-9990-4bdb-b8b5-2ab2d835c5dd" testId="9be9a274-e71c-afde-5a4c-3b036a96a527" testName="QueueLanka.API.Tests.CounterAuthorizationTests.TamperedJwtSignature_AnyEndpoint_Returns401" computerName="MALINDU" duration="00:00:00.0033947" startTime="2026-03-23T22:55:41.2283538+05:30" endTime="2026-03-23T22:55:41.2283540+05:30" testType="13cdc9d9-ddb5-4fa4-a97d-d965ccfc6d4b" outcome="Passed" testListId="8c84fa94-04c1-424b-9868-57a2d4851a1d" relativeResultsDirectory="373b24bc-9990-4bdb-b8b5-2ab2d835c5dd" />
    <UnitTestResult executionId="8b1616c7-54f7-4609-89f8-f6bf30b1efc2" testId="c5022dc1-ccae-40c3-b867-08c665d978e1" testName="QueueLanka.API.Tests.ServiceCenterControllerTests.GetAllServiceCenters_ServiceThrows_Throws" computerName="MALINDU" duration="00:00:00.0018564" startTime="2026-03-23T22:55:40.9217116+05:30" endTime="2026-03-23T22:55:40.9217117+05:30" testType="13cdc9d9-ddb5-4fa4-a97d-d965ccfc6d4b" outcome="Passed" testListId="8c84fa94-04c1-424b-9868-57a2d4851a1d" relativeResultsDirectory="8b1616c7-54f7-4609-89f8-f6bf30b1efc2" />
    <UnitTestResult executionId="4556977c-6b77-4685-896e-0acf2cf429ad" testId="ec6d1462-b94d-bbe5-2ba3-28887778fbc7" testName="QueueLanka.API.Tests.CounterServiceUpdateStatusTests.UpdateTokenStatus_TokenNotInCalledState_ThrowsAppropriateException" computerName="MALINDU" duration="00:00:00.0020417" startTime="2026-03-23T22:55:40.9206290+05:30" endTime="2026-03-23T22:55:40.9206291+05:30" testType="13cdc9d9-ddb5-4fa4-a97d-d965ccfc6d4b" outcome="Passed" testListId="8c84fa94-04c1-424b-9868-57a2d4851a1d" relativeResultsDirectory="4556977c-6b77-4685-896e-0acf2cf429ad" />
    <UnitTestResult executionId="47dcdc98-3c67-4ba0-8d58-b5cc69ec8b2d" testId="46e21992-fe3e-5bf4-bbbc-567c10a1c318" testName="QueueLanka.API.Tests.ReportServiceTests.GetDailyCenterSummaryDataAsync_DateRangeExceeds90Days_ThrowsValidationException" computerName="MALINDU" duration="00:00:00.0019847" startTime="2026-03-23T22:55:40.8887209+05:30" endTime="2026-03-23T22:55:40.8887210+05:30" testType="13cdc9d9-ddb5-4fa4-a97d-d965ccfc6d4b" outcome="Passed" testListId="8c84fa94-04c1-424b-9868-57a2d4851a1d" relativeResultsDirectory="47dcdc98-3c67-4ba0-8d58-b5cc69ec8b2d" />
    <UnitTestResult executionId="b86e4e21-b724-4342-afe7-80d49aa1f47e" testId="8aba1367-7910-a884-7bb5-e225e3d4e2ac" testName="QueueLanka.API.Tests.ServiceCenterControllerTests.CreateServiceCenter_ServiceThrows_Throws" computerName="MALINDU" duration="00:00:00.0019568" startTime="2026-03-23T22:55:40.9412832+05:30" endTime="2026-03-23T22:55:40.9412833+05:30" testType="13cdc9d9-ddb5-4fa4-a97d-d965ccfc6d4b" outcome="Passed" testListId="8c84fa94-04c1-424b-9868-57a2d4851a1d" relativeResultsDirectory="b86e4e21-b724-4342-afe7-80d49aa1f47e" />
    <UnitTestResult executionId="7fc772ce-d1f8-42bd-aebf-45b8e8c718fd" testId="ac94656d-3b57-b919-7339-731b385f8098" testName="QueueLanka.API.Tests.AuthControllerTests.Register_InvalidModelState_ReturnsUnprocessableEntity" computerName="MALINDU" duration="00:00:00.0177416" startTime="2026-03-23T22:55:40.9111971+05:30" endTime="2026-03-23T22:55:40.9111974+05:30" testType="13cdc9d9-ddb5-4fa4-a97d-d965ccfc6d4b" outcome="Passed" testListId="8c84fa94-04c1-424b-9868-57a2d4851a1d" relativeResultsDirectory="7fc772ce-d1f8-42bd-aebf-45b8e8c718fd" />
    <UnitTestResult executionId="d96dbd5d-8d2d-4eec-8f28-7931faa26c87" testId="0ece21cc-0f3a-cdf7-ed7b-7b7bd2442409" testName="QueueLanka.API.Tests.CounterServiceBroadcastTests.QueueBroadcastFailure_DoesNotBreakSuccessfulDbOperation" computerName="MALINDU" duration="00:00:00.0047089" startTime="2026-03-23T22:55:40.9233151+05:30" endTime="2026-03-23T22:55:40.9233152+05:30" testType="13cdc9d9-ddb5-4fa4-a97d-d965ccfc6d4b" outcome="Passed" testListId="8c84fa94-04c1-424b-9868-57a2d4851a1d" relativeResultsDirectory="d96dbd5d-8d2d-4eec-8f28-7931faa26c87" />
    <UnitTestResult executionId="cf4dbb57-e710-4f1b-95cf-03b3255e3938" testId="61838728-5a0f-e70d-5c67-8eb15696a1b0" testName="QueueLanka.API.Tests.ReportCsvValidationTests.GenerateDailyCenterSummaryCsvAsync_CsvBom_IsUtf8Bom" computerName="MALINDU" duration="00:00:00.0655659" startTime="2026-03-23T22:55:40.8840101+05:30" endTime="2026-03-23T22:55:40.8840102+05:30" testType="13cdc9d9-ddb5-4fa4-a97d-d965ccfc6d4b" outcome="Passed" testListId="8c84fa94-04c1-424b-9868-57a2d4851a1d" relativeResultsDirectory="cf4dbb57-e710-4f1b-95cf-03b3255e3938" />
    <UnitTestResult executionId="8b2bfa92-34a7-4e7d-8105-3ea3151359a5" testId="f8d97e66-bfcd-41ea-12a5-17fff4de2e01" testName="QueueLanka.API.Tests.ServiceCenterControllerTests.GetAllServiceCenters_ValidRequest_ReturnsOkWithList" computerName="MALINDU" duration="00:00:00.0025092" startTime="2026-03-23T22:55:40.9197937+05:30" endTime="2026-03-23T22:55:40.9197938+05:30" testType="13cdc9d9-ddb5-4fa4-a97d-d965ccfc6d4b" outcome="Passed" testListId="8c84fa94-04c1-424b-9868-57a2d4851a1d" relativeResultsDirectory="8b2bfa92-34a7-4e7d-8105-3ea3151359a5" />
    <UnitTestResult executionId="4f071e18-e8f3-4362-9c9f-6877349ba6eb" testId="5102030c-0b91-3fe0-a86f-cca5596689d9" testName="QueueLanka.API.Tests.CounterAuthorizationTests.ExpiredJwt_AnyEndpoint_Returns401" computerName="MALINDU" duration="00:00:00.0035044" startTime="2026-03-23T22:55:41.2319708+05:30" endTime="2026-03-23T22:55:41.2319710+05:30" testType="13cdc9d9-ddb5-4fa4-a97d-d965ccfc6d4b" outcome="Passed" testListId="8c84fa94-04c1-424b-9868-57a2d4851a1d" relativeResultsDirectory="4f071e18-e8f3-4362-9c9f-6877349ba6eb" />
    <UnitTestResult executionId="ced29cb4-27d4-4b9e-b1b3-37bad1e85a07" testId="27cb67b3-edb3-5bec-9638-db6a8b41476a" testName="QueueLanka.API.Tests.CounterServiceUpdateStatusTests.UpdateTokenStatus_ValidSkippedUpdate_ReturnsUpdatedTokenAndPublishesEvent" computerName="MALINDU" duration="00:00:00.0959763" startTime="2026-03-23T22:55:40.9117013+05:30" endTime="2026-03-23T22:55:40.9117014+05:30" testType="13cdc9d9-ddb5-4fa4-a97d-d965ccfc6d4b" outcome="Passed" testListId="8c84fa94-04c1-424b-9868-57a2d4851a1d" relativeResultsDirectory="ced29cb4-27d4-4b9e-b1b3-37bad1e85a07" />
    <UnitTestResult executionId="3f8db139-eccc-4662-9f51-d202f348fdc4" testId="74b7f199-6bd3-8f3a-3e97-73ff96b01533" testName="QueueLanka.API.Tests.ServiceCenterControllerTests.CreateServiceCenter_DuplicateCenter_ThrowsDuplicateServiceCenterException" computerName="MALINDU" duration="00:00:00.0019354" startTime="2026-03-23T22:55:40.9392520+05:30" endTime="2026-03-23T22:55:40.9392521+05:30" testType="13cdc9d9-ddb5-4fa4-a97d-d965ccfc6d4b" outcome="Passed" testListId="8c84fa94-04c1-424b-9868-57a2d4851a1d" relativeResultsDirectory="3f8db139-eccc-4662-9f51-d202f348fdc4" />
    <UnitTestResult executionId="b466bca6-03ee-4e8c-b4f0-b6c125ec68d0" testId="dc1e57f5-d72c-5b2d-03f2-ef1e561197a4" testName="QueueLanka.API.Tests.ReportCsvValidationTests.GenerateDailyCenterSummaryCsvAsync_ZeroAverageWaitTime_DisplaysAsZeroPointZero" computerName="MALINDU" duration="00:00:00.0009373" startTime="2026-03-23T22:55:40.9472557+05:30" endTime="2026-03-23T22:55:40.9472558+05:30" testType="13cdc9d9-ddb5-4fa4-a97d-d965ccfc6d4b" outcome="Passed" testListId="8c84fa94-04c1-424b-9868-57a2d4851a1d" relativeResultsDirectory="b466bca6-03ee-4e8c-b4f0-b6c125ec68d0" />
    <UnitTestResult executionId="dc24d637-c542-46f0-8970-312e233d201c" testId="7a4133d0-7504-fb52-c7de-aeb6777e8aac" testName="QueueLanka.API.Tests.ReportCsvValidationTests.GenerateDailyCenterSummaryCsvAsync_MultipleCenterFilter_IncludesOnlySpecifiedCenters" computerName="MALINDU" duration="00:00:00.0433964" startTime="2026-03-23T22:55:40.9364580+05:30" endTime="2026-03-23T22:55:40.9364581+05:30" testType="13cdc9d9-ddb5-4fa4-a97d-d965ccfc6d4b" outcome="Passed" testListId="8c84fa94-04c1-424b-9868-57a2d4851a1d" relativeResultsDirectory="dc24d637-c542-46f0-8970-312e233d201c" />
    <UnitTestResult executionId="c0efe978-2371-41fe-b312-54899fbe2cea" testId="5dc24600-4b41-03a8-ffc3-90929e58d703" testName="QueueLanka.API.Tests.AdminUserControllerTests.GetUsers_WithRoleFilter_ReturnsOkWithFilteredList" computerName="MALINDU" duration="00:00:00.0009321" startTime="2026-03-23T22:55:40.9221957+05:30" endTime="2026-03-23T22:55:40.9221957+05:30" testType="13cdc9d9-ddb5-4fa4-a97d-d965ccfc6d4b" outcome="Passed" testListId="8c84fa94-04c1-424b-9868-57a2d4851a1d" relativeResultsDirectory="c0efe978-2371-41fe-b312-54899fbe2cea" />
    <UnitTestResult executionId="9272fd2e-8e89-4771-8fc4-4c835e74cf7d" testId="9916f3ca-1f11-30c2-1ac4-900179ceaf50" testName="QueueLanka.API.Tests.ServiceCenterControllerTests.GetLocation_CenterNotFound_ThrowsServiceCenterNotFoundException" computerName="MALINDU" duration="00:00:00.0009664" startTime="2026-03-23T22:55:40.9372680+05:30" endTime="2026-03-23T22:55:40.9372681+05:30" testType="13cdc9d9-ddb5-4fa4-a97d-d965ccfc6d4b" outcome="Passed" testListId="8c84fa94-04c1-424b-9868-57a2d4851a1d" relativeResultsDirectory="9272fd2e-8e89-4771-8fc4-4c835e74cf7d" />
    <UnitTestResult executionId="1759e262-8f00-468a-b4fd-7e8d0ee6e5a8" testId="f61b65fd-89a6-052a-4f2b-a97dc99cd05b" testName="QueueLanka.API.Tests.AppointmentControllerTests.BookToken_ValidRequest_ReturnsOk" computerName="MALINDU" duration="00:00:00.0019562" startTime="2026-03-23T22:55:40.8894695+05:30" endTime="2026-03-23T22:55:40.8894696+05:30" testType="13cdc9d9-ddb5-4fa4-a97d-d965ccfc6d4b" outcome="Passed" testListId="8c84fa94-04c1-424b-9868-57a2d4851a1d" relativeResultsDirectory="1759e262-8f00-468a-b4fd-7e8d0ee6e5a8" />
    <UnitTestResult executionId="568a1bc4-6196-4937-9f5b-a8a1ef416f82" testId="58946fc8-c648-785c-0545-d7712d3af878" testName="QueueLanka.API.Tests.ServiceCenterControllerTests.UpsertLocation_CenterNotFound_ThrowsServiceCenterNotFoundException" computerName="MALINDU" duration="00:00:00.0015254" startTime="2026-03-23T22:55:40.9343227+05:30" endTime="2026-03-23T22:55:40.9343228+05:30" testType="13cdc9d9-ddb5-4fa4-a97d-d965ccfc6d4b" outcome="Passed" testListId="8c84fa94-04c1-424b-9868-57a2d4851a1d" relativeResultsDirectory="568a1bc4-6196-4937-9f5b-a8a1ef416f82" />
    <UnitTestResult executionId="4164d0d0-3114-443d-b122-4fa9f024c363" testId="01718eee-d27b-b7f1-19bf-045bd4f160e7" testName="QueueLanka.API.Tests.AdminUserControllerTests.DeleteUser_ZeroId_ThrowsInvalidUserIdException" computerName="MALINDU" duration="00:00:00.0012049" startTime="2026-03-23T22:55:40.9182661+05:30" endTime="2026-03-23T22:55:40.9182662+05:30" testType="13cdc9d9-ddb5-4fa4-a97d-d965ccfc6d4b" outcome="Passed" testListId="8c84fa94-04c1-424b-9868-57a2d4851a1d" relativeResultsDirectory="4164d0d0-3114-443d-b122-4fa9f024c363" />
    <UnitTestResult executionId="319cfcfb-1d3c-4c04-bd59-fe1f02d0c0d2" testId="871af832-6dd8-63b7-2e4c-36693a98cb60" testName="QueueLanka.API.Tests.CounterAuthorizationTests.AdminJwt_AdminCreateCounter_Returns201Or400_Not401Or403" computerName="MALINDU" duration="00:00:00.0381837" startTime="2026-03-23T22:55:41.2215797+05:30" endTime="2026-03-23T22:55:41.2215801+05:30" testType="13cdc9d9-ddb5-4fa4-a97d-d965ccfc6d4b" outcome="Passed" testListId="8c84fa94-04c1-424b-9868-57a2d4851a1d" relativeResultsDirectory="319cfcfb-1d3c-4c04-bd59-fe1f02d0c0d2" />
    <UnitTestResult executionId="069f0b90-1e83-402b-9caf-9626d723c059" testId="76e208e0-4901-25a7-a590-2000a8a0fd63" testName="QueueLanka.API.Tests.ServiceCenterControllerTests.GetLocation_InvalidId_ThrowsInvalidServiceCenterDataException" computerName="MALINDU" duration="00:00:00.0017088" startTime="2026-03-23T22:55:40.8912800+05:30" endTime="2026-03-23T22:55:40.8912801+05:30" testType="13cdc9d9-ddb5-4fa4-a97d-d965ccfc6d4b" outcome="Passed" testListId="8c84fa94-04c1-424b-9868-57a2d4851a1d" relativeResultsDirectory="069f0b90-1e83-402b-9caf-9626d723c059" />
    <UnitTestResult executionId="218f9a74-2d45-42aa-86d9-13183eb7cbcb" testId="262ce43c-e921-dd47-3dad-c2086732c481" testName="QueueLanka.API.Tests.AuthControllerTests.Login_AccountDisabled_ThrowsAccountDisabledException" computerName="MALINDU" duration="00:00:00.0022422" startTime="2026-03-23T22:55:40.8912056+05:30" endTime="2026-03-23T22:55:40.8912057+05:30" testType="13cdc9d9-ddb5-4fa4-a97d-d965ccfc6d4b" outcome="Passed" testListId="8c84fa94-04c1-424b-9868-57a2d4851a1d" relativeResultsDirectory="218f9a74-2d45-42aa-86d9-13183eb7cbcb" />
    <UnitTestResult executionId="023307b8-9553-4613-94ef-e69a42527b75" testId="4706418d-12ae-4931-ad92-de0507666a21" testName="QueueLanka.API.Tests.AuthControllerTests.VerifyEmail_InvalidToken_ThrowsInvalidVerificationTokenException" computerName="MALINDU" duration="00:00:00.0064741" startTime="2026-03-23T22:55:40.8867284+05:30" endTime="2026-03-23T22:55:40.8867284+05:30" testType="13cdc9d9-ddb5-4fa4-a97d-d965ccfc6d4b" outcome="Passed" testListId="8c84fa94-04c1-424b-9868-57a2d4851a1d" relativeResultsDirectory="023307b8-9553-4613-94ef-e69a42527b75" />
    <UnitTestResult executionId="79691d75-9389-4d40-b049-f397aa5c98f9" testId="324a24e4-fd45-7e4b-aaff-c7ab2abb8af3" testName="QueueLanka.API.Tests.CounterServiceReassignTests.ReassignToken_BroadcastFailure_ReassignmentStillSucceeds" computerName="MALINDU" duration="00:00:00.0018588" startTime="2026-03-23T22:55:40.9334040+05:30" endTime="2026-03-23T22:55:40.9334041+05:30" testType="13cdc9d9-ddb5-4fa4-a97d-d965ccfc6d4b" outcome="Passed" testListId="8c84fa94-04c1-424b-9868-57a2d4851a1d" relativeResultsDirectory="79691d75-9389-4d40-b049-f397aa5c98f9" />
    <UnitTestResult executionId="3abc044e-3651-4b4f-a27f-2d87bca4936d" testId="1990550f-999e-5586-ccc7-98eff29c449b" testName="QueueLanka.API.Tests.AppointmentControllerTests.GetMyAppointments_NoAppointments_ReturnsOkWithEmptyList" computerName="MALINDU" duration="00:00:00.0024719" startTime="2026-03-23T22:55:40.8866769+05:30" endTime="2026-03-23T22:55:40.8866771+05:30" testType="13cdc9d9-ddb5-4fa4-a97d-d965ccfc6d4b" outcome="Passed" testListId="8c84fa94-04c1-424b-9868-57a2d4851a1d" relativeResultsDirectory="3abc044e-3651-4b4f-a27f-2d87bca4936d" />
    <UnitTestResult executionId="9df13d75-d7c2-4b47-8a1b-b03791aa02a0" testId="402f1fcd-a0e4-8b53-6c06-7932cf5f073b" testName="QueueLanka.API.Tests.AdminUserControllerTests.GetUsers_WithIsActiveFilter_ReturnsOkWithFilteredList" computerName="MALINDU" duration="00:00:00.0023395" startTime="2026-03-23T22:55:40.9136754+05:30" endTime="2026-03-23T22:55:40.9136754+05:30" testType="13cdc9d9-ddb5-4fa4-a97d-d965ccfc6d4b" outcome="Passed" testListId="8c84fa94-04c1-424b-9868-57a2d4851a1d" relativeResultsDirectory="9df13d75-d7c2-4b47-8a1b-b03791aa02a0" />
    <UnitTestResult executionId="6c51d7c5-4cf9-4515-97a2-913f46e4d21a" testId="33ac541d-d7c9-b72a-df2c-b183ce6be74f" testName="QueueLanka.API.Tests.CounterDashboardServiceTests.GetDashboardAsync_AverageServiceTimeNoData_ReturnsZeroWithoutErrors" computerName="MALINDU" duration="00:00:00.0017158" startTime="2026-03-23T22:55:40.9303423+05:30" endTime="2026-03-23T22:55:40.9303424+05:30" testType="13cdc9d9-ddb5-4fa4-a97d-d965ccfc6d4b" outcome="Passed" testListId="8c84fa94-04c1-424b-9868-57a2d4851a1d" relativeResultsDirectory="6c51d7c5-4cf9-4515-97a2-913f46e4d21a" />
    <UnitTestResult executionId="0f05f8aa-8970-49cf-9ad3-df87671544ee" testId="5f0d5a46-50e5-62ea-1195-bdb4674e53f7" testName="QueueLanka.API.Tests.TokenControllerTests.CancelMyToken_TokenNotFound_ReturnsNotFound" computerName="MALINDU" duration="00:00:00.0009893" startTime="2026-03-23T22:55:40.8788861+05:30" endTime="2026-03-23T22:55:40.8788863+05:30" testType="13cdc9d9-ddb5-4fa4-a97d-d965ccfc6d4b" outcome="Passed" testListId="8c84fa94-04c1-424b-9868-57a2d4851a1d" relativeResultsDirectory="0f05f8aa-8970-49cf-9ad3-df87671544ee" />
    <UnitTestResult executionId="f6199923-7343-4f57-b8ff-00ab3d4ec8d3" testId="ea9e6aa0-fa33-e3ff-4ad9-9857493fc681" testName="QueueLanka.API.Tests.TokenControllerTests.CancelMyToken_AdminUser_PassesIsAdminTrue" computerName="MALINDU" duration="00:00:00.0012320" startTime="2026-03-23T22:55:40.8779112+05:30" endTime="2026-03-23T22:55:40.8779114+05:30" testType="13cdc9d9-ddb5-4fa4-a97d-d965ccfc6d4b" outcome="Passed" testListId="8c84fa94-04c1-424b-9868-57a2d4851a1d" relativeResultsDirectory="f6199923-7343-4f57-b8ff-00ab3d4ec8d3" />
    <UnitTestResult executionId="479d381c-e6d2-40e5-af1e-f8115cbac2d2" testId="95f86085-2f1b-6151-bb1d-579ceb6d975b" testName="QueueLanka.API.Tests.AppointmentControllerTests.BookToken_DuplicateBookingException_Throws" computerName="MALINDU" duration="00:00:00.0029763" startTime="2026-03-23T22:55:40.9142615+05:30" endTime="2026-03-23T22:55:40.9142615+05:30" testType="13cdc9d9-ddb5-4fa4-a97d-d965ccfc6d4b" outcome="Passed" testListId="8c84fa94-04c1-424b-9868-57a2d4851a1d" relativeResultsDirectory="479d381c-e6d2-40e5-af1e-f8115cbac2d2" />
    <UnitTestResult executionId="62fe1b78-d64c-4c0b-b855-fb8fda474947" testId="6add8946-948e-b827-6ef8-c44f516139e7" testName="QueueLanka.API.Tests.ReportCsvValidationTests.GenerateDailyCenterSummaryCsvAsync_CenterFilter_ExcludesOtherCenters" computerName="MALINDU" duration="00:00:00.0014614" startTime="2026-03-23T22:55:40.9379543+05:30" endTime="2026-03-23T22:55:40.9379544+05:30" testType="13cdc9d9-ddb5-4fa4-a97d-d965ccfc6d4b" outcome="Passed" testListId="8c84fa94-04c1-424b-9868-57a2d4851a1d" relativeResultsDirectory="62fe1b78-d64c-4c0b-b855-fb8fda474947" />
    <UnitTestResult executionId="80826dab-3a32-46df-8fee-862236bcfbc9" testId="6097ff89-b9d5-ee9d-714f-aba67c5b883f" testName="QueueLanka.API.Tests.TokenControllerTests.GetMyTokens_UnauthenticatedUser_ReturnsUnauthorized" computerName="MALINDU" duration="00:00:00.0546795" startTime="2026-03-23T22:55:40.8702581+05:30" endTime="2026-03-23T22:55:40.8702585+05:30" testType="13cdc9d9-ddb5-4fa4-a97d-d965ccfc6d4b" outcome="Passed" testListId="8c84fa94-04c1-424b-9868-57a2d4851a1d" relativeResultsDirectory="80826dab-3a32-46df-8fee-862236bcfbc9" />
    <UnitTestResult executionId="c06db71f-69c1-459c-a919-478731fd44bf" testId="0a3d677d-91d2-7f36-ef34-4738d8175c66" testName="QueueLanka.API.Tests.ReportCsvValidationTests.GenerateDailyCenterSummaryCsvAsync_TotalServed_MatchesExpectedAggregate" computerName="MALINDU" duration="00:00:00.0013697" startTime="2026-03-23T22:55:40.9415986+05:30" endTime="2026-03-23T22:55:40.9415986+05:30" testType="13cdc9d9-ddb5-4fa4-a97d-d965ccfc6d4b" outcome="Passed" testListId="8c84fa94-04c1-424b-9868-57a2d4851a1d" relativeResultsDirectory="c06db71f-69c1-459c-a919-478731fd44bf" />
    <UnitTestResult executionId="35de2488-4b30-4628-8981-92d70e77b48e" testId="10aaa2d4-3433-1120-ada2-c3d9918be38d" testName="QueueLanka.API.Tests.ReportServiceTests.GenerateDailyCenterSummaryCsvAsync_SummaryRowTotalsAreCorrect" computerName="MALINDU" duration="00:00:00.0019400" startTime="2026-03-23T22:55:40.8907281+05:30" endTime="2026-03-23T22:55:40.8907281+05:30" testType="13cdc9d9-ddb5-4fa4-a97d-d965ccfc6d4b" outcome="Passed" testListId="8c84fa94-04c1-424b-9868-57a2d4851a1d" relativeResultsDirectory="35de2488-4b30-4628-8981-92d70e77b48e" />
    <UnitTestResult executionId="04108351-d237-42ab-8818-3d77ae5887f5" testId="dbcfc758-ec8c-0f34-d25f-da61e7444b51" testName="QueueLanka.API.Tests.ReportCsvValidationTests.GenerateDailyCenterSummaryCsvAsync_NoShowCount_MatchesWaitingAndCalledAtEndOfDay" computerName="MALINDU" duration="00:00:00.0015609" startTime="2026-03-23T22:55:40.8891134+05:30" endTime="2026-03-23T22:55:40.8891135+05:30" testType="13cdc9d9-ddb5-4fa4-a97d-d965ccfc6d4b" outcome="Passed" testListId="8c84fa94-04c1-424b-9868-57a2d4851a1d" relativeResultsDirectory="04108351-d237-42ab-8818-3d77ae5887f5" />
    <UnitTestResult executionId="4b43088e-8608-42df-ab32-3486879ed7de" testId="ee8e87b2-0d20-624e-d936-03ee232ebd3c" testName="QueueLanka.API.Tests.AppointmentControllerTests.BookToken_UnauthenticatedUser_ReturnsUnauthorized" computerName="MALINDU" duration="00:00:00.0006071" startTime="2026-03-23T22:55:40.9147644+05:30" endTime="2026-03-23T22:55:40.9147644+05:30" testType="13cdc9d9-ddb5-4fa4-a97d-d965ccfc6d4b" outcome="Passed" testListId="8c84fa94-04c1-424b-9868-57a2d4851a1d" relativeResultsDirectory="4b43088e-8608-42df-ab32-3486879ed7de" />
    <UnitTestResult executionId="ea308be3-7e5f-4223-a31f-fbbe29b2f1ef" testId="df2fde32-26d6-412e-99d0-fd16797790c1" testName="QueueLanka.API.Tests.CounterControllerTests.CallNext_NoWaitingTokens_Returns404NotFound" computerName="MALINDU" duration="00:00:00.0006123" startTime="2026-03-23T22:55:40.8748425+05:30" endTime="2026-03-23T22:55:40.8748426+05:30" testType="13cdc9d9-ddb5-4fa4-a97d-d965ccfc6d4b" outcome="Passed" testListId="8c84fa94-04c1-424b-9868-57a2d4851a1d" relativeResultsDirectory="ea308be3-7e5f-4223-a31f-fbbe29b2f1ef" />
    <UnitTestResult executionId="2454b85a-b5b2-4181-8261-8aa7f042b7ec" testId="aab4a97a-3aab-f0bf-1bde-ddc34bc2dfca" testName="QueueLanka.API.Tests.AuthControllerTests.Login_InvalidCredentials_ThrowsInvalidCredentialsException" computerName="MALINDU" duration="00:00:00.0020743" startTime="2026-03-23T22:55:40.9156565+05:30" endTime="2026-03-23T22:55:40.9156566+05:30" testType="13cdc9d9-ddb5-4fa4-a97d-d965ccfc6d4b" outcome="Passed" testListId="8c84fa94-04c1-424b-9868-57a2d4851a1d" relativeResultsDirectory="2454b85a-b5b2-4181-8261-8aa7f042b7ec" />
    <UnitTestResult executionId="27edabbc-f8ff-4fed-9fbb-d78a31d7554b" testId="5659c736-a958-ad6e-e38a-1333dacf113e" testName="QueueLanka.API.Tests.CounterAuthorizationTests.NoJwt_OfficerDashboard_Returns401" computerName="MALINDU" duration="00:00:00.0016684" startTime="2026-03-23T22:55:41.2233621+05:30" endTime="2026-03-23T22:55:41.2233622+05:30" testType="13cdc9d9-ddb5-4fa4-a97d-d965ccfc6d4b" outcome="Passed" testListId="8c84fa94-04c1-424b-9868-57a2d4851a1d" relativeResultsDirectory="27edabbc-f8ff-4fed-9fbb-d78a31d7554b" />
    <UnitTestResult executionId="dc48be2c-b8ef-429b-bc28-e9a2c945f54d" testId="242cbd37-93c3-6ad3-2a48-5e70f35149da" testName="QueueLanka.API.Tests.ServiceCenterControllerTests.GetAllServiceCenters_EmptyList_ReturnsOkWithEmptyList" computerName="MALINDU" duration="00:00:00.0020397" startTime="2026-03-23T22:55:40.9318918+05:30" endTime="2026-03-23T22:55:40.9318919+05:30" testType="13cdc9d9-ddb5-4fa4-a97d-d965ccfc6d4b" outcome="Passed" testListId="8c84fa94-04c1-424b-9868-57a2d4851a1d" relativeResultsDirectory="dc48be2c-b8ef-429b-bc28-e9a2c945f54d" />
    <UnitTestResult executionId="83bc7607-8a96-4aa2-955e-719cddd50e67" testId="424af81f-9b2a-fd28-1304-af130bcbbe9f" testName="QueueLanka.API.Tests.ServiceCenterControllerTests.CheckAvailability_NotActive_ReturnsOkWithFalse" computerName="MALINDU" duration="00:00:00.0009121" startTime="2026-03-23T22:55:40.9422552+05:30" endTime="2026-03-23T22:55:40.9422553+05:30" testType="13cdc9d9-ddb5-4fa4-a97d-d965ccfc6d4b" outcome="Passed" testListId="8c84fa94-04c1-424b-9868-57a2d4851a1d" relativeResultsDirectory="83bc7607-8a96-4aa2-955e-719cddd50e67" />
    <UnitTestResult executionId="64c310eb-7b18-40fe-823d-235281eb9298" testId="c04a58c9-471c-a8f2-724d-0632991a674b" testName="QueueLanka.API.Tests.ReportRepositoryIntegrationTests.GetDailyCenterSummaryAsync_CenterFilter_ExcludesOtherCenters" computerName="MALINDU" duration="00:00:00.0005663" startTime="2026-03-23T22:55:40.8373706+05:30" endTime="2026-03-23T22:55:40.8373706+05:30" testType="13cdc9d9-ddb5-4fa4-a97d-d965ccfc6d4b" outcome="Passed" testListId="8c84fa94-04c1-424b-9868-57a2d4851a1d" relativeResultsDirectory="64c310eb-7b18-40fe-823d-235281eb9298" />
    <UnitTestResult executionId="9a25e6e0-f042-4e35-b33d-fe1fb2b4ea37" testId="5275d3c2-386c-4cee-c73b-4cf10973da25" testName="QueueLanka.API.Tests.CounterControllerTests.CallNext_CounterClosed_Returns400BadRequest" computerName="MALINDU" duration="00:00:00.0016486" startTime="2026-03-23T22:55:40.8741684+05:30" endTime="2026-03-23T22:55:40.8741685+05:30" testType="13cdc9d9-ddb5-4fa4-a97d-d965ccfc6d4b" outcome="Passed" testListId="8c84fa94-04c1-424b-9868-57a2d4851a1d" relativeResultsDirectory="9a25e6e0-f042-4e35-b33d-fe1fb2b4ea37" />
    <UnitTestResult executionId="8f9dd649-1558-481b-8d3c-7c74d8f84aec" testId="47c09470-c82d-3fb6-8f1f-85d645b97d5c" testName="QueueLanka.API.Tests.AuthControllerTests.VerifyEmail_ValidToken_ReturnsOk" computerName="MALINDU" duration="00:00:00.0010673" startTime="2026-03-23T22:55:40.9167234+05:30" endTime="2026-03-23T22:55:40.9167235+05:30" testType="13cdc9d9-ddb5-4fa4-a97d-d965ccfc6d4b" outcome="Passed" testListId="8c84fa94-04c1-424b-9868-57a2d4851a1d" relativeResultsDirectory="8f9dd649-1558-481b-8d3c-7c74d8f84aec" />
    <UnitTestResult executionId="98d46774-172e-4d1f-898e-26331c572047" testId="2af9e2fd-10dd-a794-5c32-de3b5cc05d49" testName="QueueLanka.API.Tests.ReportCsvValidationTests.GenerateDailyCenterSummaryCsvAsync_PeakHourTokenCount_MatchesExpectedAggregate" computerName="MALINDU" duration="00:00:00.0016356" startTime="2026-03-23T22:55:40.9522511+05:30" endTime="2026-03-23T22:55:40.9522514+05:30" testType="13cdc9d9-ddb5-4fa4-a97d-d965ccfc6d4b" outcome="Passed" testListId="8c84fa94-04c1-424b-9868-57a2d4851a1d" relativeResultsDirectory="98d46774-172e-4d1f-898e-26331c572047" />
    <UnitTestResult executionId="d48ed0d4-8bc9-444a-8dad-35dd56e58022" testId="e8177d0e-2924-d0f0-3d5b-4fca08e95b39" testName="QueueLanka.API.Tests.CounterServiceReassignTests.ReassignToken_TargetCounterClosed_ThrowsValidationException" computerName="MALINDU" duration="00:00:00.0019654" startTime="2026-03-23T22:55:40.9372280+05:30" endTime="2026-03-23T22:55:40.9372282+05:30" testType="13cdc9d9-ddb5-4fa4-a97d-d965ccfc6d4b" outcome="Passed" testListId="8c84fa94-04c1-424b-9868-57a2d4851a1d" relativeResultsDirectory="d48ed0d4-8bc9-444a-8dad-35dd56e58022" />
    <UnitTestResult executionId="d63a1ed0-405d-4a17-8e6d-90a652d713a7" testId="59652ff0-2c57-6613-a4fe-b15d299f9c66" testName="QueueLanka.API.Tests.CounterManagementServiceTests.UpdateStatusToClosedWithWaitingTokens_SucceedsWithWarningMessage" computerName="MALINDU" duration="00:00:00.0013089" startTime="2026-03-23T22:55:40.9237296+05:30" endTime="2026-03-23T22:55:40.9237297+05:30" testType="13cdc9d9-ddb5-4fa4-a97d-d965ccfc6d4b" outcome="Passed" testListId="8c84fa94-04c1-424b-9868-57a2d4851a1d" relativeResultsDirectory="d63a1ed0-405d-4a17-8e6d-90a652d713a7" />
    <UnitTestResult executionId="560c15ec-ce2c-40b1-afd8-c66802975320" testId="338c37e2-d296-617a-43e9-1aa33473460e" testName="QueueLanka.API.Tests.AdminUserControllerTests.DeleteUser_ValidId_ReturnsOk" computerName="MALINDU" duration="00:00:00.0011338" startTime="2026-03-23T22:55:40.8906566+05:30" endTime="2026-03-23T22:55:40.8906567+05:30" testType="13cdc9d9-ddb5-4fa4-a97d-d965ccfc6d4b" outcome="Passed" testListId="8c84fa94-04c1-424b-9868-57a2d4851a1d" relativeResultsDirectory="560c15ec-ce2c-40b1-afd8-c66802975320" />
    <UnitTestResult executionId="cd37cb6d-29f5-4b69-a944-96c499bdb20d" testId="c230320b-9898-1144-83bf-b33a687bb513" testName="QueueLanka.API.Tests.ReportCsvValidationTests.GenerateDailyCenterSummaryCsvAsync_TotalCancelled_MatchesExpectedAggregate" computerName="MALINDU" duration="00:00:00.0011159" startTime="2026-03-23T22:55:40.9428071+05:30" endTime="2026-03-23T22:55:40.9428072+05:30" testType="13cdc9d9-ddb5-4fa4-a97d-d965ccfc6d4b" outcome="Passed" testListId="8c84fa94-04c1-424b-9868-57a2d4851a1d" relativeResultsDirectory="cd37cb6d-29f5-4b69-a944-96c499bdb20d" />
    <UnitTestResult executionId="63c55030-c760-4ba6-a6ed-49af049fc628" testId="626ec751-5eb4-8b4c-239a-1a73ead2145e" testName="QueueLanka.API.Tests.AdminUserControllerTests.DeleteUser_TargetIsAdmin_ThrowsCannotDeleteAdminException" computerName="MALINDU" duration="00:00:00.0029189" startTime="2026-03-23T22:55:40.9212349+05:30" endTime="2026-03-23T22:55:40.9212350+05:30" testType="13cdc9d9-ddb5-4fa4-a97d-d965ccfc6d4b" outcome="Passed" testListId="8c84fa94-04c1-424b-9868-57a2d4851a1d" relativeResultsDirectory="63c55030-c760-4ba6-a6ed-49af049fc628" />
    <UnitTestResult executionId="96a2f1d8-7071-437e-af00-9a79e1f4b072" testId="6526e68a-86d8-f27f-f713-cd224a8fff38" testName="QueueLanka.API.Tests.QueueBroadcastServiceTests.AllEventTypes_BroadcastToCorrectGroupScope" computerName="MALINDU" duration="00:00:00.0030458" startTime="2026-03-23T22:55:40.9200044+05:30" endTime="2026-03-23T22:55:40.9200045+05:30" testType="13cdc9d9-ddb5-4fa4-a97d-d965ccfc6d4b" outcome="Passed" testListId="8c84fa94-04c1-424b-9868-57a2d4851a1d" relativeResultsDirectory="96a2f1d8-7071-437e-af00-9a79e1f4b072" />
    <UnitTestResult executionId="d7cce116-88d5-4088-abb0-d4516567261f" testId="448c56e7-68d3-20b4-d461-be36b0f1d3be" testName="QueueLanka.API.Tests.ReportCsvValidationTests.GenerateDailyCenterSummaryCsvAsync_EmptyDateRange_ReturnsHeadersOnly" computerName="MALINDU" duration="00:00:00.0032918" startTime="2026-03-23T22:55:40.8872774+05:30" endTime="2026-03-23T22:55:40.8872774+05:30" testType="13cdc9d9-ddb5-4fa4-a97d-d965ccfc6d4b" outcome="Passed" testListId="8c84fa94-04c1-424b-9868-57a2d4851a1d" relativeResultsDirectory="d7cce116-88d5-4088-abb0-d4516567261f" />
    <UnitTestResult executionId="e762a1ce-159f-4736-a44b-ce8095986f35" testId="2559163c-9022-de7a-c088-693bb5346b76" testName="QueueLanka.API.Tests.TokenControllerTests.CancelMyToken_AlreadyCancelled_ReturnsConflict" computerName="MALINDU" duration="00:00:00.0007533" startTime="2026-03-23T22:55:40.8752618+05:30" endTime="2026-03-23T22:55:40.8752619+05:30" testType="13cdc9d9-ddb5-4fa4-a97d-d965ccfc6d4b" outcome="Passed" testListId="8c84fa94-04c1-424b-9868-57a2d4851a1d" relativeResultsDirectory="e762a1ce-159f-4736-a44b-ce8095986f35" />
    <UnitTestResult executionId="5dfec07a-c1c3-4df1-a0d7-4fdbf34093cf" testId="1399bf79-353b-8095-21b7-e5868d9bb226" testName="QueueLanka.API.Tests.ServiceCenterControllerTests.GetLocation_LocationNotFound_ThrowsLocationNotFoundException" computerName="MALINDU" duration="00:00:00.0018033" startTime="2026-03-23T22:55:40.9174001+05:30" endTime="2026-03-23T22:55:40.9174001+05:30" testType="13cdc9d9-ddb5-4fa4-a97d-d965ccfc6d4b" outcome="Passed" testListId="8c84fa94-04c1-424b-9868-57a2d4851a1d" relativeResultsDirectory="5dfec07a-c1c3-4df1-a0d7-4fdbf34093cf" />
    <UnitTestResult executionId="d50e7077-9123-41ff-ac04-a497b2084227" testId="683b04d1-f105-8d2a-7e52-422a81ecfe3a" testName="QueueLanka.API.Tests.CounterAuthorizationTests.OfficerJwt_AdminCreateCounter_Returns403" computerName="MALINDU" duration="00:00:00.0368839" startTime="2026-03-23T22:55:41.1832668+05:30" endTime="2026-03-23T22:55:41.1832670+05:30" testType="13cdc9d9-ddb5-4fa4-a97d-d965ccfc6d4b" outcome="Passed" testListId="8c84fa94-04c1-424b-9868-57a2d4851a1d" relativeResultsDirectory="d50e7077-9123-41ff-ac04-a497b2084227" />
    <UnitTestResult executionId="7a758b18-b775-41ae-a5a1-fd7d7aff2681" testId="332b0aba-0a37-fc55-2737-b9f3e8ca1587" testName="QueueLanka.API.Tests.AppointmentControllerTests.BookToken_InvalidOperationException_ReturnsConflict" computerName="MALINDU" duration="00:00:00.0664551" startTime="2026-03-23T22:55:40.8820026+05:30" endTime="2026-03-23T22:55:40.8820027+05:30" testType="13cdc9d9-ddb5-4fa4-a97d-d965ccfc6d4b" outcome="Passed" testListId="8c84fa94-04c1-424b-9868-57a2d4851a1d" relativeResultsDirectory="7a758b18-b775-41ae-a5a1-fd7d7aff2681" />
    <UnitTestResult executionId="4f589fdf-adba-4a6f-a4be-7b600dfe349c" testId="837f9bfb-96fd-6dc3-3580-84d8b88247bb" testName="QueueLanka.API.Tests.CounterAuthorizationTests.CitizenJwt_OfficerDashboard_Returns403" computerName="MALINDU" duration="00:00:00.0011111" startTime="2026-03-23T22:55:41.2331697+05:30" endTime="2026-03-23T22:55:41.2331699+05:30" testType="13cdc9d9-ddb5-4fa4-a97d-d965ccfc6d4b" outcome="Passed" testListId="8c84fa94-04c1-424b-9868-57a2d4851a1d" relativeResultsDirectory="4f589fdf-adba-4a6f-a4be-7b600dfe349c" />
    <UnitTestResult executionId="f14c256e-14b2-4047-825e-76ca64444ac8" testId="acf683ea-68aa-dee0-4f5c-0dbb0835293c" testName="QueueLanka.API.Tests.ServiceCenterControllerTests.CheckAvailability_NotFound_ThrowsServiceCenterNotFoundException" computerName="MALINDU" duration="00:00:00.0033413" startTime="2026-03-23T22:55:40.9153704+05:30" endTime="2026-03-23T22:55:40.9153705+05:30" testType="13cdc9d9-ddb5-4fa4-a97d-d965ccfc6d4b" outcome="Passed" testListId="8c84fa94-04c1-424b-9868-57a2d4851a1d" relativeResultsDirectory="f14c256e-14b2-4047-825e-76ca64444ac8" />
    <UnitTestResult executionId="8958ccd3-6af9-4951-a668-0570351717c4" testId="6a751a85-a4f7-ff38-ad60-ad0d1477d6f4" testName="QueueLanka.API.Tests.AuthControllerTests.Register_ValidRequest_Returns201Created" computerName="MALINDU" duration="00:00:00.0603070" startTime="2026-03-23T22:55:40.8758179+05:30" endTime="2026-03-23T22:55:40.8758179+05:30" testType="13cdc9d9-ddb5-4fa4-a97d-d965ccfc6d4b" outcome="Passed" testListId="8c84fa94-04c1-424b-9868-57a2d4851a1d" relativeResultsDirectory="8958ccd3-6af9-4951-a668-0570351717c4" />
    <UnitTestResult executionId="8a172eac-2a75-40c8-bf88-d48bd4e1fe5b" testId="75102758-2960-c41c-e352-c24837e304dc" testName="QueueLanka.API.Tests.AppointmentControllerTests.GetMyAppointments_UnauthenticatedUser_ReturnsUnauthorized" computerName="MALINDU" duration="00:00:00.0014310" startTime="2026-03-23T22:55:40.8835477+05:30" endTime="2026-03-23T22:55:40.8835479+05:30" testType="13cdc9d9-ddb5-4fa4-a97d-d965ccfc6d4b" outcome="Passed" testListId="8c84fa94-04c1-424b-9868-57a2d4851a1d" relativeResultsDirectory="8a172eac-2a75-40c8-bf88-d48bd4e1fe5b" />
    <UnitTestResult executionId="befd2749-e542-409c-851e-02d89528dba0" testId="610f273e-91b7-03be-dad8-6dce99b81ffe" testName="QueueLanka.API.Tests.CounterServiceUpdateStatusTests.UpdateTokenStatus_InvalidStatus_ThrowsValidationException" computerName="MALINDU" duration="00:00:00.0020947" startTime="2026-03-23T22:55:40.9185329+05:30" endTime="2026-03-23T22:55:40.9185329+05:30" testType="13cdc9d9-ddb5-4fa4-a97d-d965ccfc6d4b" outcome="Passed" testListId="8c84fa94-04c1-424b-9868-57a2d4851a1d" relativeResultsDirectory="befd2749-e542-409c-851e-02d89528dba0" />
    <UnitTestResult executionId="610ba5af-a712-4c90-9bdd-d0bf412cc948" testId="f7bf5779-b2f3-e9b0-558a-f0526812a083" testName="QueueLanka.API.Tests.ServiceCenterControllerTests.UpsertLocation_InvalidId_ThrowsInvalidServiceCenterDataException" computerName="MALINDU" duration="00:00:00.0025686" startTime="2026-03-23T22:55:40.8895334+05:30" endTime="2026-03-23T22:55:40.8895335+05:30" testType="13cdc9d9-ddb5-4fa4-a97d-d965ccfc6d4b" outcome="Passed" testListId="8c84fa94-04c1-424b-9868-57a2d4851a1d" relativeResultsDirectory="610ba5af-a712-4c90-9bdd-d0bf412cc948" />
    <UnitTestResult executionId="5ae060ca-6b97-4ff2-86a2-88d4f04e7726" testId="3ea41655-1bf0-ed1b-3c55-2364dfff71f8" testName="QueueLanka.API.Tests.AppointmentControllerTests.BookToken_ArgumentException_ReturnsNotFound" computerName="MALINDU" duration="00:00:00.0010411" startTime="2026-03-23T22:55:40.8915796+05:30" endTime="2026-03-23T22:55:40.8915797+05:30" testType="13cdc9d9-ddb5-4fa4-a97d-d965ccfc6d4b" outcome="Passed" testListId="8c84fa94-04c1-424b-9868-57a2d4851a1d" relativeResultsDirectory="5ae060ca-6b97-4ff2-86a2-88d4f04e7726" />
    <UnitTestResult executionId="0a403ed4-ae30-4134-b55e-78f563c65324" testId="f197681b-4ce1-4701-40c1-a46f8fb5213f" testName="QueueLanka.API.Tests.CounterManagementServiceTests.ListCounters_CenterNotFound_ThrowsNotFoundExceptionEquivalent" computerName="MALINDU" duration="00:00:00.0014620" startTime="2026-03-23T22:55:40.9251183+05:30" endTime="2026-03-23T22:55:40.9251184+05:30" testType="13cdc9d9-ddb5-4fa4-a97d-d965ccfc6d4b" outcome="Passed" testListId="8c84fa94-04c1-424b-9868-57a2d4851a1d" relativeResultsDirectory="0a403ed4-ae30-4134-b55e-78f563c65324" />
    <UnitTestResult executionId="b00cdd9c-825f-4348-ade5-dcfecf00b3b4" testId="b1702915-b590-458a-93a2-7888eb6472b7" testName="QueueLanka.API.Tests.TokenControllerTests.CancelMyToken_Success_ReturnsOk" computerName="MALINDU" duration="00:00:00.0007234" startTime="2026-03-23T22:55:40.8796418+05:30" endTime="2026-03-23T22:55:40.8796418+05:30" testType="13cdc9d9-ddb5-4fa4-a97d-d965ccfc6d4b" outcome="Passed" testListId="8c84fa94-04c1-424b-9868-57a2d4851a1d" relativeResultsDirectory="b00cdd9c-825f-4348-ade5-dcfecf00b3b4" />
    <UnitTestResult executionId="84a5f2b9-3a15-4d70-abc8-8d0b37d5668e" testId="ffad0fd4-e7cf-34cf-0dc3-bf96cb91d853" testName="QueueLanka.API.Tests.CounterAuthorizationTests.CitizenJwt_AdminCreateCounter_Returns403" computerName="MALINDU" duration="00:00:00.0013718" startTime="2026-03-23T22:55:41.2248249+05:30" endTime="2026-03-23T22:55:41.2248250+05:30" testType="13cdc9d9-ddb5-4fa4-a97d-d965ccfc6d4b" outcome="Passed" testListId="8c84fa94-04c1-424b-9868-57a2d4851a1d" relativeResultsDirectory="84a5f2b9-3a15-4d70-abc8-8d0b37d5668e" />
    <UnitTestResult executionId="e504269b-55c7-4ab6-97d8-fbb666ab2a24" testId="db01c016-4094-f715-9e19-f3226625da31" testName="QueueLanka.API.Tests.AdminUserControllerTests.DeleteUser_UserNotFound_ThrowsUserNotFoundException" computerName="MALINDU" duration="00:00:00.0023568" startTime="2026-03-23T22:55:40.9163815+05:30" endTime="2026-03-23T22:55:40.9163816+05:30" testType="13cdc9d9-ddb5-4fa4-a97d-d965ccfc6d4b" outcome="Passed" testListId="8c84fa94-04c1-424b-9868-57a2d4851a1d" relativeResultsDirectory="e504269b-55c7-4ab6-97d8-fbb666ab2a24" />
    <UnitTestResult executionId="d185e6c2-4af5-4715-8de9-38ebf0d30fcd" testId="266a7da6-86f2-360d-8590-ee58ec0739e3" testName="QueueLanka.API.Tests.CounterAuthorizationTests.OfficerJwt_OfficerDashboard_Returns200Or404" computerName="MALINDU" duration="00:00:00.0081085" startTime="2026-03-23T22:55:41.2414571+05:30" endTime="2026-03-23T22:55:41.2414573+05:30" testType="13cdc9d9-ddb5-4fa4-a97d-d965ccfc6d4b" outcome="Passed" testListId="8c84fa94-04c1-424b-9868-57a2d4851a1d" relativeResultsDirectory="d185e6c2-4af5-4715-8de9-38ebf0d30fcd" />
    <UnitTestResult executionId="b43f3bb6-fcda-4cca-904d-b46ceea80f4b" testId="a2905c48-e35c-ba5e-d459-08aa0bb54d64" testName="QueueLanka.API.Tests.QueueBroadcastServiceTests.BroadcastTokenServed_SendsToCorrectGroupWithServedPayload" computerName="MALINDU" duration="00:00:00.0741993" startTime="2026-03-23T22:55:40.8899011+05:30" endTime="2026-03-23T22:55:40.8899011+05:30" testType="13cdc9d9-ddb5-4fa4-a97d-d965ccfc6d4b" outcome="Passed" testListId="8c84fa94-04c1-424b-9868-57a2d4851a1d" relativeResultsDirectory="b43f3bb6-fcda-4cca-904d-b46ceea80f4b" />
    <UnitTestResult executionId="d88878e3-653f-42db-bcc1-26e9b4396621" testId="aa391fb5-1e69-0c53-8ae8-52e7d5574d2f" testName="QueueLanka.API.Tests.CounterDashboardServiceTests.GetDashboardAsync_ValidOfficer_ReturnsDashboardData" computerName="MALINDU" duration="00:00:00.0027424" startTime="2026-03-23T22:55:40.9159665+05:30" endTime="2026-03-23T22:55:40.9159666+05:30" testType="13cdc9d9-ddb5-4fa4-a97d-d965ccfc6d4b" outcome="Passed" testListId="8c84fa94-04c1-424b-9868-57a2d4851a1d" relativeResultsDirectory="d88878e3-653f-42db-bcc1-26e9b4396621" />
    <UnitTestResult executionId="9da641da-9ab6-4c2e-b5a4-5ff4a3522842" testId="47427d42-1cb0-36b6-12b4-fdcd3a051864" testName="QueueLanka.API.Tests.ReportCsvValidationTests.GenerateDailyCenterSummaryCsvAsync_SingleCenterFilter_ContainsOnlySingleCenterData" computerName="MALINDU" duration="00:00:00.0009909" startTime="2026-03-23T22:55:40.9490967+05:30" endTime="2026-03-23T22:55:40.9490969+05:30" testType="13cdc9d9-ddb5-4fa4-a97d-d965ccfc6d4b" outcome="Passed" testListId="8c84fa94-04c1-424b-9868-57a2d4851a1d" relativeResultsDirectory="9da641da-9ab6-4c2e-b5a4-5ff4a3522842" />
    <UnitTestResult executionId="689b3ecc-99cb-4008-afb1-4f9f1aae8cf3" testId="944c524c-adcd-8e37-3bbf-0f405d6fad36" testName="QueueLanka.API.Tests.CounterManagementServiceTests.BroadcastFailure_StatusUpdateStillSucceeds" computerName="MALINDU" duration="00:00:00.0021873" startTime="2026-03-23T22:55:40.9289643+05:30" endTime="2026-03-23T22:55:40.9289644+05:30" testType="13cdc9d9-ddb5-4fa4-a97d-d965ccfc6d4b" outcome="Passed" testListId="8c84fa94-04c1-424b-9868-57a2d4851a1d" relativeResultsDirectory="689b3ecc-99cb-4008-afb1-4f9f1aae8cf3" />
    <UnitTestResult executionId="0e6727d4-6fa2-48c3-8208-582e24101107" testId="b1387f11-ea25-a7a9-4a6b-5ef4c5ee7018" testName="QueueLanka.API.Tests.ServiceCenterControllerTests.GetServiceCenterById_ValidId_ReturnsOk" computerName="MALINDU" duration="00:00:00.0008131" startTime="2026-03-23T22:55:40.9327596+05:30" endTime="2026-03-23T22:55:40.9327597+05:30" testType="13cdc9d9-ddb5-4fa4-a97d-d965ccfc6d4b" outcome="Passed" testListId="8c84fa94-04c1-424b-9868-57a2d4851a1d" relativeResultsDirectory="0e6727d4-6fa2-48c3-8208-582e24101107" />
    <UnitTestResult executionId="0af57f1f-309c-46dd-85af-7b42baffc91a" testId="42c516c1-49e2-a38c-eb8a-ffd37e814aca" testName="QueueLanka.API.Tests.QueueBroadcastServiceTests.HubThrowsException_BroadcastServiceCatchesSilently_DoesNotPropagate" computerName="MALINDU" duration="00:00:00.0271342" startTime="2026-03-23T22:55:40.9168937+05:30" endTime="2026-03-23T22:55:40.9168938+05:30" testType="13cdc9d9-ddb5-4fa4-a97d-d965ccfc6d4b" outcome="Passed" testListId="8c84fa94-04c1-424b-9868-57a2d4851a1d" relativeResultsDirectory="0af57f1f-309c-46dd-85af-7b42baffc91a" />
    <UnitTestResult executionId="f31b1541-83ac-492d-9ca2-88456d6bc54a" testId="f6cc3cc7-d7e7-bb07-92ac-3cede4fe7940" testName="QueueLanka.API.Tests.CounterManagementServiceTests.ListCounters_ReturnsCorrectOpenAndClosedCounts" computerName="MALINDU" duration="00:00:00.0029108" startTime="2026-03-23T22:55:40.9187308+05:30" endTime="2026-03-23T22:55:40.9187309+05:30" testType="13cdc9d9-ddb5-4fa4-a97d-d965ccfc6d4b" outcome="Passed" testListId="8c84fa94-04c1-424b-9868-57a2d4851a1d" relativeResultsDirectory="f31b1541-83ac-492d-9ca2-88456d6bc54a" />
    <UnitTestResult executionId="8ff585ca-0710-438d-ac6d-29c5b8b730a3" testId="7b8b72d6-697d-2149-9fef-9d565561d0d0" testName="QueueLanka.API.Tests.ReportRepositoryIntegrationTests.GetDailyCenterSummaryAsync_PeakHour_MatchesSeededPeakHour" computerName="MALINDU" duration="00:00:00.0005196" startTime="2026-03-23T22:55:40.8373881+05:30" endTime="2026-03-23T22:55:40.8373881+05:30" testType="13cdc9d9-ddb5-4fa4-a97d-d965ccfc6d4b" outcome="Passed" testListId="8c84fa94-04c1-424b-9868-57a2d4851a1d" relativeResultsDirectory="8ff585ca-0710-438d-ac6d-29c5b8b730a3" />
    <UnitTestResult executionId="2a468a28-cb32-45a9-8f5f-c61c15f53690" testId="3ce33225-112e-5834-d460-2be71b9149f8" testName="QueueLanka.API.Tests.TokenControllerTests.GetMyTokens_NoTokens_ReturnsOkWithEmptyList" computerName="MALINDU" duration="00:00:00.0013799" startTime="2026-03-23T22:55:40.8717167+05:30" endTime="2026-03-23T22:55:40.8717171+05:30" testType="13cdc9d9-ddb5-4fa4-a97d-d965ccfc6d4b" outcome="Passed" testListId="8c84fa94-04c1-424b-9868-57a2d4851a1d" relativeResultsDirectory="2a468a28-cb32-45a9-8f5f-c61c15f53690" />
    <UnitTestResult executionId="7731a777-8ad8-428c-a041-75f7339d9d37" testId="60ba04a1-5491-9eb0-4f41-b822cd102a3e" testName="QueueLanka.API.Tests.ReportCsvValidationTests.GenerateDailyCenterSummaryCsvAsync_PeakHour_UsesHighestIssuedHour" computerName="MALINDU" duration="00:00:00.0010211" startTime="2026-03-23T22:55:40.8911106+05:30" endTime="2026-03-23T22:55:40.8911107+05:30" testType="13cdc9d9-ddb5-4fa4-a97d-d965ccfc6d4b" outcome="Passed" testListId="8c84fa94-04c1-424b-9868-57a2d4851a1d" relativeResultsDirectory="7731a777-8ad8-428c-a041-75f7339d9d37" />
    <UnitTestResult executionId="f7b39cab-03db-470d-a15e-e83a216b8b31" testId="73d8df65-e0b8-ef73-864d-67e4f22d0e32" testName="QueueLanka.API.Tests.ReportRepositoryIntegrationTests.GetDailyCenterSummaryAsync_TotalServed_MatchesManualCount" computerName="MALINDU" duration="00:00:00.0004302" startTime="2026-03-23T22:55:40.8373305+05:30" endTime="2026-03-23T22:55:40.8373306+05:30" testType="13cdc9d9-ddb5-4fa4-a97d-d965ccfc6d4b" outcome="Passed" testListId="8c84fa94-04c1-424b-9868-57a2d4851a1d" relativeResultsDirectory="f7b39cab-03db-470d-a15e-e83a216b8b31" />
    <UnitTestResult executionId="3104344c-80b7-40c6-96b7-8000bac5a672" testId="6f598d7f-d8d9-f28d-cfba-80a60b7e24f8" testName="QueueLanka.API.Tests.QueueBroadcastServiceTests.BroadcastTokenCalled_SendsToCorrectQueueCenterGroup" computerName="MALINDU" duration="00:00:00.0018691" startTime="2026-03-23T22:55:40.9221603+05:30" endTime="2026-03-23T22:55:40.9221604+05:30" testType="13cdc9d9-ddb5-4fa4-a97d-d965ccfc6d4b" outcome="Passed" testListId="8c84fa94-04c1-424b-9868-57a2d4851a1d" relativeResultsDirectory="3104344c-80b7-40c6-96b7-8000bac5a672" />
    <UnitTestResult executionId="88fdf34e-2183-4f7f-9ae9-d8997c020d5d" testId="13f031f8-305b-e8db-feb9-882c70fca952" testName="QueueLanka.API.Tests.TokenControllerTests.GetMyTokens_AuthenticatedUser_ReturnsOkWithTokens" computerName="MALINDU" duration="00:00:00.0008146" startTime="2026-03-23T22:55:40.8766013+05:30" endTime="2026-03-23T22:55:40.8766014+05:30" testType="13cdc9d9-ddb5-4fa4-a97d-d965ccfc6d4b" outcome="Passed" testListId="8c84fa94-04c1-424b-9868-57a2d4851a1d" relativeResultsDirectory="88fdf34e-2183-4f7f-9ae9-d8997c020d5d" />
    <UnitTestResult executionId="a2e10902-8da6-4db4-9207-4a3075763c38" testId="1f856f4e-8a21-d7dd-b8ab-bace0f53f2f4" testName="QueueLanka.API.Tests.QueueBroadcastServiceTests.BroadcastTokenSkipped_SendsToCorrectGroupWithSkippedPayload" computerName="MALINDU" duration="00:00:00.0018050" startTime="2026-03-23T22:55:40.9258281+05:30" endTime="2026-03-23T22:55:40.9258282+05:30" testType="13cdc9d9-ddb5-4fa4-a97d-d965ccfc6d4b" outcome="Passed" testListId="8c84fa94-04c1-424b-9868-57a2d4851a1d" relativeResultsDirectory="a2e10902-8da6-4db4-9207-4a3075763c38" />
    <UnitTestResult executionId="09addaec-b66f-431a-8f3c-a9a5f5d9b894" testId="21ac0ffc-1bac-3d0c-f040-5af9dc06b126" testName="QueueLanka.API.Tests.ReportCsvValidationTests.GenerateDailyCenterSummaryCsvAsync_CenterNameWithComma_IsQuotedCorrectly" computerName="MALINDU" duration="00:00:00.0011724" startTime="2026-03-23T22:55:40.9401870+05:30" endTime="2026-03-23T22:55:40.9401871+05:30" testType="13cdc9d9-ddb5-4fa4-a97d-d965ccfc6d4b" outcome="Passed" testListId="8c84fa94-04c1-424b-9868-57a2d4851a1d" relativeResultsDirectory="09addaec-b66f-431a-8f3c-a9a5f5d9b894" />
    <UnitTestResult executionId="0e08354e-7f45-4ccd-b58f-c2d1df126f44" testId="2b0c8b81-7ed5-d4c5-72e9-4561cfc1f738" testName="QueueLanka.API.Tests.AuthControllerTests.VerifyEmail_EmptyToken_ReturnsBadRequest" computerName="MALINDU" duration="00:00:00.0009481" startTime="2026-03-23T22:55:40.8796025+05:30" endTime="2026-03-23T22:55:40.8796027+05:30" testType="13cdc9d9-ddb5-4fa4-a97d-d965ccfc6d4b" outcome="Passed" testListId="8c84fa94-04c1-424b-9868-57a2d4851a1d" relativeResultsDirectory="0e08354e-7f45-4ccd-b58f-c2d1df126f44" />
    <UnitTestResult executionId="63244822-3588-437c-ab05-1a8af5145d07" testId="be281423-b4fd-a708-cfc5-1435e243046b" testName="QueueLanka.API.Tests.AdminUserControllerTests.DeleteUser_ServiceThrowsDataAccessException_Throws" computerName="MALINDU" duration="00:00:00.0712768" startTime="2026-03-23T22:55:40.8867976+05:30" endTime="2026-03-23T22:55:40.8867976+05:30" testType="13cdc9d9-ddb5-4fa4-a97d-d965ccfc6d4b" outcome="Passed" testListId="8c84fa94-04c1-424b-9868-57a2d4851a1d" relativeResultsDirectory="63244822-3588-437c-ab05-1a8af5145d07" />
    <UnitTestResult executionId="4213e0be-cc98-4ce8-b8d7-ebdfd865a9b6" testId="a9851f0e-51ff-328a-50f9-0304ea99f784" testName="QueueLanka.API.Tests.CounterServiceReassignTests.ReassignToken_AuditLogFailure_ReassignmentStillSucceeds" computerName="MALINDU" duration="00:00:00.0017619" startTime="2026-03-23T22:55:40.9352167+05:30" endTime="2026-03-23T22:55:40.9352168+05:30" testType="13cdc9d9-ddb5-4fa4-a97d-d965ccfc6d4b" outcome="Passed" testListId="8c84fa94-04c1-424b-9868-57a2d4851a1d" relativeResultsDirectory="4213e0be-cc98-4ce8-b8d7-ebdfd865a9b6" />
    <UnitTestResult executionId="9d06adb6-8eb6-41ab-b844-6890508a6fb2" testId="b298309a-0c83-ca8d-b611-d557f8be5a4f" testName="QueueLanka.API.Tests.TokenControllerTests.CancelMyToken_NotCancellable_ReturnsUnprocessableEntity" computerName="MALINDU" duration="00:00:00.0026977" startTime="2026-03-23T22:55:40.8744645+05:30" endTime="2026-03-23T22:55:40.8744646+05:30" testType="13cdc9d9-ddb5-4fa4-a97d-d965ccfc6d4b" outcome="Passed" testListId="8c84fa94-04c1-424b-9868-57a2d4851a1d" relativeResultsDirectory="9d06adb6-8eb6-41ab-b844-6890508a6fb2" />
    <UnitTestResult executionId="3739fa68-e631-48ff-b5ab-0c89c08bcae1" testId="4f2c4503-b667-b809-1133-10361ae90735" testName="QueueLanka.API.Tests.AdminUserControllerTests.GetUsers_EmptyResult_ReturnsOkWithEmptyList" computerName="MALINDU" duration="00:00:00.0022208" startTime="2026-03-23T22:55:40.8928262+05:30" endTime="2026-03-23T22:55:40.8928263+05:30" testType="13cdc9d9-ddb5-4fa4-a97d-d965ccfc6d4b" outcome="Passed" testListId="8c84fa94-04c1-424b-9868-57a2d4851a1d" relativeResultsDirectory="3739fa68-e631-48ff-b5ab-0c89c08bcae1" />
    <UnitTestResult executionId="15df13e9-c82e-46a8-914e-5071b1e12e73" testId="a887dea1-9670-a80e-7a1b-18c229de4dbf" testName="QueueLanka.API.Tests.TokenControllerTests.CancelMyToken_UnauthenticatedUser_ReturnsUnauthorized" computerName="MALINDU" duration="00:00:00.0003666" startTime="2026-03-23T22:55:40.8756872+05:30" endTime="2026-03-23T22:55:40.8756873+05:30" testType="13cdc9d9-ddb5-4fa4-a97d-d965ccfc6d4b" outcome="Passed" testListId="8c84fa94-04c1-424b-9868-57a2d4851a1d" relativeResultsDirectory="15df13e9-c82e-46a8-914e-5071b1e12e73" />
    <UnitTestResult executionId="0ab4c6f2-2896-44ca-8e9f-65dbb6e77b2d" testId="729df959-b605-1275-93c2-e7356c375e80" testName="QueueLanka.API.Tests.CounterDashboardServiceTests.GetDashboardAsync_WrongOfficer_ThrowsForbidden" computerName="MALINDU" duration="00:00:00.0100796" startTime="2026-03-23T22:55:40.9258985+05:30" endTime="2026-03-23T22:55:40.9258986+05:30" testType="13cdc9d9-ddb5-4fa4-a97d-d965ccfc6d4b" outcome="Passed" testListId="8c84fa94-04c1-424b-9868-57a2d4851a1d" relativeResultsDirectory="0ab4c6f2-2896-44ca-8e9f-65dbb6e77b2d" />
    <UnitTestResult executionId="760755e8-e282-491c-9eee-9a77278fca39" testId="39c6ca59-4c4e-e772-46a3-595728a4d4c8" testName="QueueLanka.API.Tests.CounterServiceReassignTests.ReassignToken_TokenNotFound_ThrowsNotFoundException" computerName="MALINDU" duration="00:00:00.0022859" startTime="2026-03-23T22:55:40.8932758+05:30" endTime="2026-03-23T22:55:40.8932759+05:30" testType="13cdc9d9-ddb5-4fa4-a97d-d965ccfc6d4b" outcome="Passed" testListId="8c84fa94-04c1-424b-9868-57a2d4851a1d" relativeResultsDirectory="760755e8-e282-491c-9eee-9a77278fca39" />
    <UnitTestResult executionId="6f73651f-aaff-45b4-8fbb-15f3ade3c2a9" testId="fafbdfc5-b3c5-5935-1dc9-3e1ad29bb57b" testName="QueueLanka.API.Tests.ReportServiceTests.GenerateDailyCenterSummaryCsvAsync_EmptyResult_ReturnsHeadersOnlyWithoutException" computerName="MALINDU" duration="00:00:00.0026251" startTime="2026-03-23T22:55:40.8867672+05:30" endTime="2026-03-23T22:55:40.8867673+05:30" testType="13cdc9d9-ddb5-4fa4-a97d-d965ccfc6d4b" outcome="Passed" testListId="8c84fa94-04c1-424b-9868-57a2d4851a1d" relativeResultsDirectory="6f73651f-aaff-45b4-8fbb-15f3ade3c2a9" />
    <UnitTestResult executionId="27612a7c-3ded-43e3-8d13-c6abc2c65ca7" testId="0c3951cf-2fb6-456d-cd89-69f907b037f6" testName="QueueLanka.API.Tests.ServiceCenterControllerTests.CreateServiceCenter_ValidRequest_Returns201Created" computerName="MALINDU" duration="00:00:00.0032080" startTime="2026-03-23T22:55:40.9284743+05:30" endTime="2026-03-23T22:55:40.9284743+05:30" testType="13cdc9d9-ddb5-4fa4-a97d-d965ccfc6d4b" outcome="Passed" testListId="8c84fa94-04c1-424b-9868-57a2d4851a1d" relativeResultsDirectory="27612a7c-3ded-43e3-8d13-c6abc2c65ca7" />
    <UnitTestResult executionId="0acce22d-ce30-4cb9-9c98-5f1483740af2" testId="90dc7370-4978-36c6-b2a2-7a2b5b039c97" testName="QueueLanka.API.Tests.ReportCsvValidationTests.GenerateDailyCenterSummaryCsvAsync_DateRangeFilter_ExcludesOutsideTokens" computerName="MALINDU" duration="00:00:00.0021083" startTime="2026-03-23T22:55:40.8930050+05:30" endTime="2026-03-23T22:55:40.8930050+05:30" testType="13cdc9d9-ddb5-4fa4-a97d-d965ccfc6d4b" outcome="Passed" testListId="8c84fa94-04c1-424b-9868-57a2d4851a1d" relativeResultsDirectory="0acce22d-ce30-4cb9-9c98-5f1483740af2" />
    <UnitTestResult executionId="466bd91c-bfbe-4ef2-a562-542c35bc1266" testId="45631362-b325-2a52-d692-e100a5667a58" testName="QueueLanka.API.Tests.CounterManagementServiceTests.BroadcastCalledAfterStatusUpdate_CounterStatusChangedEventFired" computerName="MALINDU" duration="00:00:00.0012860" startTime="2026-03-23T22:55:40.9317708+05:30" endTime="2026-03-23T22:55:40.9317710+05:30" testType="13cdc9d9-ddb5-4fa4-a97d-d965ccfc6d4b" outcome="Passed" testListId="8c84fa94-04c1-424b-9868-57a2d4851a1d" relativeResultsDirectory="466bd91c-bfbe-4ef2-a562-542c35bc1266" />
    <UnitTestResult executionId="8609c177-1083-4547-9c48-e8c379122594" testId="c75cfdb0-bf60-c0ab-5703-989cd890f308" testName="QueueLanka.API.Tests.CounterServiceUpdateStatusTests.UpdateTokenStatus_TokenNotFound_ThrowsNotFoundException" computerName="MALINDU" duration="00:00:00.0022275" startTime="2026-03-23T22:55:40.9142043+05:30" endTime="2026-03-23T22:55:40.9142045+05:30" testType="13cdc9d9-ddb5-4fa4-a97d-d965ccfc6d4b" outcome="Passed" testListId="8c84fa94-04c1-424b-9868-57a2d4851a1d" relativeResultsDirectory="8609c177-1083-4547-9c48-e8c379122594" />
    <UnitTestResult executionId="c842770c-393e-4f13-a116-78c5af0e3a0e" testId="13d34f7a-d367-103c-f047-2a8c17699af3" testName="QueueLanka.API.Tests.AdminUserControllerTests.GetUsers_ServiceThrowsException_Throws" computerName="MALINDU" duration="00:00:00.0184649" startTime="2026-03-23T22:55:40.9112517+05:30" endTime="2026-03-23T22:55:40.9112518+05:30" testType="13cdc9d9-ddb5-4fa4-a97d-d965ccfc6d4b" outcome="Passed" testListId="8c84fa94-04c1-424b-9868-57a2d4851a1d" relativeResultsDirectory="c842770c-393e-4f13-a116-78c5af0e3a0e" />
    <UnitTestResult executionId="0fd8325f-bd55-4a0b-8616-fc999b2ce97d" testId="e1010094-b91f-cdb1-b459-721daaab82c7" testName="QueueLanka.API.Tests.ReportCsvValidationTests.GenerateDailyCenterSummaryCsvAsync_ActiveCounters_MatchesDistinctServedCounters" computerName="MALINDU" duration="00:00:00.0006787" startTime="2026-03-23T22:55:40.9462751+05:30" endTime="2026-03-23T22:55:40.9462752+05:30" testType="13cdc9d9-ddb5-4fa4-a97d-d965ccfc6d4b" outcome="Passed" testListId="8c84fa94-04c1-424b-9868-57a2d4851a1d" relativeResultsDirectory="0fd8325f-bd55-4a0b-8616-fc999b2ce97d" />
    <UnitTestResult executionId="df70d3b1-0b18-482e-b808-4b86daba9f7d" testId="ac0c4d0d-cabc-88fe-d852-860dcf889cb9" testName="QueueLanka.API.Tests.ReportServiceTests.GetDailyCenterSummaryDataAsync_ToDateBeforeFromDate_ThrowsValidationException" computerName="MALINDU" duration="00:00:00.0010905" startTime="2026-03-23T22:55:40.8919341+05:30" endTime="2026-03-23T22:55:40.8919341+05:30" testType="13cdc9d9-ddb5-4fa4-a97d-d965ccfc6d4b" outcome="Passed" testListId="8c84fa94-04c1-424b-9868-57a2d4851a1d" relativeResultsDirectory="df70d3b1-0b18-482e-b808-4b86daba9f7d" />
    <UnitTestResult executionId="78854699-1f29-4444-9bcf-2991b11215be" testId="e043f67f-15b6-4fa0-8455-18ed0e43f116" testName="QueueLanka.API.Tests.AppointmentControllerTests.GetMyAppointments_AuthenticatedUser_ReturnsOkWithList" computerName="MALINDU" duration="00:00:00.0009871" startTime="2026-03-23T22:55:40.8906939+05:30" endTime="2026-03-23T22:55:40.8906939+05:30" testType="13cdc9d9-ddb5-4fa4-a97d-d965ccfc6d4b" outcome="Passed" testListId="8c84fa94-04c1-424b-9868-57a2d4851a1d" relativeResultsDirectory="78854699-1f29-4444-9bcf-2991b11215be" />
    <UnitTestResult executionId="141a1bec-8d74-4451-a6d7-279f0f912e69" testId="6b7e5d96-dab9-8026-e8a2-cbcf198fe55b" testName="QueueLanka.API.Tests.CounterServiceBroadcastTests.CallNext_BroadcastsQueueUpdated_WithTokenCalledTriggerAndWaitingList" computerName="MALINDU" duration="00:00:00.0067158" startTime="2026-03-23T22:55:40.9185531+05:30" endTime="2026-03-23T22:55:40.9185532+05:30" testType="13cdc9d9-ddb5-4fa4-a97d-d965ccfc6d4b" outcome="Passed" testListId="8c84fa94-04c1-424b-9868-57a2d4851a1d" relativeResultsDirectory="141a1bec-8d74-4451-a6d7-279f0f912e69" />
    <UnitTestResult executionId="1cfba74b-e6d7-4f5a-8ba3-f38d01f1160c" testId="3aede174-fc32-c8d1-bf26-bd2a40f65e70" testName="QueueLanka.API.Tests.ReportCsvValidationTests.GenerateDailyCenterSummaryCsvAsync_AverageServiceTime_MatchesManualCalculationInMinutes" computerName="MALINDU" duration="00:00:00.0009634" startTime="2026-03-23T22:55:40.9389606+05:30" endTime="2026-03-23T22:55:40.9389607+05:30" testType="13cdc9d9-ddb5-4fa4-a97d-d965ccfc6d4b" outcome="Passed" testListId="8c84fa94-04c1-424b-9868-57a2d4851a1d" relativeResultsDirectory="1cfba74b-e6d7-4f5a-8ba3-f38d01f1160c" />
    <UnitTestResult executionId="d71f3fc8-4c7d-4fb5-8d67-e8a2216f7f12" testId="3194d988-acfc-462b-3a31-722cedc99d03" testName="QueueLanka.API.Tests.ReportCsvValidationTests.GenerateDailyCenterSummaryCsvAsync_AverageWaitTime_MatchesManualCalculationInMinutes" computerName="MALINDU" duration="00:00:00.0007513" startTime="2026-03-23T22:55:40.9455849+05:30" endTime="2026-03-23T22:55:40.9455852+05:30" testType="13cdc9d9-ddb5-4fa4-a97d-d965ccfc6d4b" outcome="Passed" testListId="8c84fa94-04c1-424b-9868-57a2d4851a1d" relativeResultsDirectory="d71f3fc8-4c7d-4fb5-8d67-e8a2216f7f12" />
    <UnitTestResult executionId="ad999b2a-7361-4d23-8e73-23cd0615ab66" testId="f20b0e21-0b73-9291-eb54-717623d71aba" testName="QueueLanka.API.Tests.ServiceCenterControllerTests.GetServiceCenterById_NotFound_ThrowsServiceCenterNotFoundException" computerName="MALINDU" duration="00:00:00.0013421" startTime="2026-03-23T22:55:40.9242951+05:30" endTime="2026-03-23T22:55:40.9242953+05:30" testType="13cdc9d9-ddb5-4fa4-a97d-d965ccfc6d4b" outcome="Passed" testListId="8c84fa94-04c1-424b-9868-57a2d4851a1d" relativeResultsDirectory="ad999b2a-7361-4d23-8e73-23cd0615ab66" />
    <UnitTestResult executionId="8f71dd41-1081-41bd-83ad-965f8fdf5db0" testId="05044c6f-655b-1a0a-bbbb-2c216544afc4" testName="QueueLanka.API.Tests.ReportCsvValidationTests.GenerateDailyCenterSummaryCsvAsync_CsvHeaders_MatchExpectedColumns" computerName="MALINDU" duration="00:00:00.0018895" startTime="2026-03-23T22:55:40.9447769+05:30" endTime="2026-03-23T22:55:40.9447771+05:30" testType="13cdc9d9-ddb5-4fa4-a97d-d965ccfc6d4b" outcome="Passed" testListId="8c84fa94-04c1-424b-9868-57a2d4851a1d" relativeResultsDirectory="8f71dd41-1081-41bd-83ad-965f8fdf5db0" />
    <UnitTestResult executionId="76ffcf0e-6a29-48a8-80b5-8ffcbfa36067" testId="712f7399-7d18-0cd3-84f9-1eb605431337" testName="QueueLanka.API.Tests.CounterServiceBroadcastTests.ReassignToken_BroadcastsQueueUpdated_ForSourceAndDestinationCounters" computerName="MALINDU" duration="00:00:00.0051961" startTime="2026-03-23T22:55:40.9312517+05:30" endTime="2026-03-23T22:55:40.9312518+05:30" testType="13cdc9d9-ddb5-4fa4-a97d-d965ccfc6d4b" outcome="Passed" testListId="8c84fa94-04c1-424b-9868-57a2d4851a1d" relativeResultsDirectory="76ffcf0e-6a29-48a8-80b5-8ffcbfa36067" />
    <UnitTestResult executionId="7b28657b-1ef1-4eaf-91a8-837fafb10ca8" testId="35007129-5b2d-5674-9909-085dee45ae27" testName="QueueLanka.API.Tests.ReportServiceTests.GenerateDailyCenterSummaryCsvAsync_AverageTimesFormattedInMinutesWithOneDecimal" computerName="MALINDU" duration="00:00:00.0113962" startTime="2026-03-23T22:55:40.8840427+05:30" endTime="2026-03-23T22:55:40.8840427+05:30" testType="13cdc9d9-ddb5-4fa4-a97d-d965ccfc6d4b" outcome="Passed" testListId="8c84fa94-04c1-424b-9868-57a2d4851a1d" relativeResultsDirectory="7b28657b-1ef1-4eaf-91a8-837fafb10ca8" />
    <UnitTestResult executionId="d8ec2eea-5011-4958-b443-39c608f12f28" testId="3ee6d068-b14b-c299-9354-22bd24ce4bdf" testName="QueueLanka.API.Tests.CounterManagementServiceTests.CreateCounter_InvalidOfficerUserId_ThrowsValidationException" computerName="MALINDU" duration="00:00:00.0041876" startTime="2026-03-23T22:55:40.9159433+05:30" endTime="2026-03-23T22:55:40.9159434+05:30" testType="13cdc9d9-ddb5-4fa4-a97d-d965ccfc6d4b" outcome="Passed" testListId="8c84fa94-04c1-424b-9868-57a2d4851a1d" relativeResultsDirectory="d8ec2eea-5011-4958-b443-39c608f12f28" />
    <UnitTestResult executionId="9405141f-450f-4ea7-95c4-3c23831196e6" testId="d589b9e0-cfd6-9b5c-6c76-cd22981d0ea8" testName="QueueLanka.API.Tests.ReportServiceTests.GenerateDailyCenterSummaryCsvAsync_ValidRequest_ReturnsCsvWithCorrectHeaders" computerName="MALINDU" duration="00:00:00.0199658" startTime="2026-03-23T22:55:40.9117467+05:30" endTime="2026-03-23T22:55:40.9117468+05:30" testType="13cdc9d9-ddb5-4fa4-a97d-d965ccfc6d4b" outcome="Passed" testListId="8c84fa94-04c1-424b-9868-57a2d4851a1d" relativeResultsDirectory="9405141f-450f-4ea7-95c4-3c23831196e6" />
    <UnitTestResult executionId="a39890c6-ba96-4b50-b65e-41a13bc5d3e0" testId="bc5a244a-50e2-70f3-8a2f-d05763131c0c" testName="QueueLanka.API.Tests.CounterDashboardServiceTests.GetDashboardAsync_CounterNotFound_ThrowsNotFound" computerName="MALINDU" duration="00:00:00.0024847" startTime="2026-03-23T22:55:40.9284546+05:30" endTime="2026-03-23T22:55:40.9284547+05:30" testType="13cdc9d9-ddb5-4fa4-a97d-d965ccfc6d4b" outcome="Passed" testListId="8c84fa94-04c1-424b-9868-57a2d4851a1d" relativeResultsDirectory="a39890c6-ba96-4b50-b65e-41a13bc5d3e0" />
    <UnitTestResult executionId="aab82878-b92f-4816-aef1-594e61d7acfd" testId="3bce7499-8a48-7d94-675d-4ccf3e5fcc90" testName="QueueLanka.API.Tests.AdminUserControllerTests.DeleteUser_NegativeId_ThrowsInvalidUserIdException" computerName="MALINDU" duration="00:00:00.0024398" startTime="2026-03-23T22:55:40.8892673+05:30" endTime="2026-03-23T22:55:40.8892674+05:30" testType="13cdc9d9-ddb5-4fa4-a97d-d965ccfc6d4b" outcome="Passed" testListId="8c84fa94-04c1-424b-9868-57a2d4851a1d" relativeResultsDirectory="aab82878-b92f-4816-aef1-594e61d7acfd" />
    <UnitTestResult executionId="ce398948-beb4-426d-b9f5-49c3d7822dbd" testId="8d00c966-495a-f0a8-c020-308605a228a8" testName="QueueLanka.API.Tests.CounterDashboardServiceTests.GetWaitingTokensAsync_NoWaitingTokens_ReturnsEmptyList" computerName="MALINDU" duration="00:00:00.0196768" startTime="2026-03-23T22:55:40.9132257+05:30" endTime="2026-03-23T22:55:40.9132258+05:30" testType="13cdc9d9-ddb5-4fa4-a97d-d965ccfc6d4b" outcome="Passed" testListId="8c84fa94-04c1-424b-9868-57a2d4851a1d" relativeResultsDirectory="ce398948-beb4-426d-b9f5-49c3d7822dbd" />
    <UnitTestResult executionId="8b4aaa7c-1e9f-44ba-86b4-70ad70881947" testId="99e69349-7d0b-86f3-9bae-59f36061775a" testName="QueueLanka.API.Tests.ReportRepositoryIntegrationTests.GetDailyCenterSummaryAsync_MultipleCenters_ReturnsPerCenterPerDayRows" computerName="MALINDU" duration="00:00:00.0005408" startTime="2026-03-23T22:55:40.8303054+05:30" endTime="2026-03-23T22:55:40.8303055+05:30" testType="13cdc9d9-ddb5-4fa4-a97d-d965ccfc6d4b" outcome="Passed" testListId="8c84fa94-04c1-424b-9868-57a2d4851a1d" relativeResultsDirectory="8b4aaa7c-1e9f-44ba-86b4-70ad70881947" />
    <UnitTestResult executionId="151f4bdc-93bc-4775-bba9-05d826199677" testId="75c7f4af-0bc5-2431-091f-82a528866af6" testName="QueueLanka.API.Tests.CounterServiceBroadcastTests.SkipToken_BroadcastsQueueUpdated_WithUpdatedSkippedCount" computerName="MALINDU" duration="00:00:00.0026952" startTime="2026-03-23T22:55:40.9340144+05:30" endTime="2026-03-23T22:55:40.9340145+05:30" testType="13cdc9d9-ddb5-4fa4-a97d-d965ccfc6d4b" outcome="Passed" testListId="8c84fa94-04c1-424b-9868-57a2d4851a1d" relativeResultsDirectory="151f4bdc-93bc-4775-bba9-05d826199677" />
    <UnitTestResult executionId="8b45da35-00de-4663-b23d-b213dab182fa" testId="163b3acb-a632-7533-c9f0-78dfd16ab644" testName="QueueLanka.API.Tests.ServiceCenterControllerTests.CheckAvailability_Available_ReturnsOkWithTrue" computerName="MALINDU" duration="00:00:00.0012926" startTime="2026-03-23T22:55:40.9298147+05:30" endTime="2026-03-23T22:55:40.9298149+05:30" testType="13cdc9d9-ddb5-4fa4-a97d-d965ccfc6d4b" outcome="Passed" testListId="8c84fa94-04c1-424b-9868-57a2d4851a1d" relativeResultsDirectory="8b45da35-00de-4663-b23d-b213dab182fa" />
    <UnitTestResult executionId="cac74ccb-4211-4b06-bebe-71027901b26e" testId="dcf6889b-2f48-3a16-9019-fac4b7d0472d" testName="QueueLanka.API.Tests.CounterServiceReassignTests.ReassignToken_TokenAlreadyServed_ThrowsValidationException" computerName="MALINDU" duration="00:00:00.0753082" startTime="2026-03-23T22:55:40.8910802+05:30" endTime="2026-03-23T22:55:40.8910803+05:30" testType="13cdc9d9-ddb5-4fa4-a97d-d965ccfc6d4b" outcome="Passed" testListId="8c84fa94-04c1-424b-9868-57a2d4851a1d" relativeResultsDirectory="cac74ccb-4211-4b06-bebe-71027901b26e" />
    <UnitTestResult executionId="7ca986d1-3d7d-4f53-9c6a-61b66603db88" testId="cc2baf17-8d91-0a32-cacf-8f3457788758" testName="QueueLanka.API.Tests.AppointmentControllerTests.BookToken_CenterFullException_Throws" computerName="MALINDU" duration="00:00:00.0191700" startTime="2026-03-23T22:55:40.9108855+05:30" endTime="2026-03-23T22:55:40.9108859+05:30" testType="13cdc9d9-ddb5-4fa4-a97d-d965ccfc6d4b" outcome="Passed" testListId="8c84fa94-04c1-424b-9868-57a2d4851a1d" relativeResultsDirectory="7ca986d1-3d7d-4f53-9c6a-61b66603db88" />
    <UnitTestResult executionId="238a4687-2974-4216-bc91-a2b3ac034e24" testId="aa2a11e8-e080-96df-6577-598a6ad5ab58" testName="QueueLanka.API.Tests.ReportRepositoryIntegrationTests.GetDailyCenterSummaryAsync_EmptyResult_ReturnsEmptyListNotNull" computerName="MALINDU" duration="00:00:00.0003839" startTime="2026-03-23T22:55:40.8306883+05:30" endTime="2026-03-23T22:55:40.8306883+05:30" testType="13cdc9d9-ddb5-4fa4-a97d-d965ccfc6d4b" outcome="Passed" testListId="8c84fa94-04c1-424b-9868-57a2d4851a1d" relativeResultsDirectory="238a4687-2974-4216-bc91-a2b3ac034e24" />
    <UnitTestResult executionId="ab4b1bfa-ed7d-497e-8bc9-9a96d8c127af" testId="17ad9b01-32d0-f7ad-7af2-4c764c5f380a" testName="QueueLanka.API.Tests.CounterDashboardServiceTests.GetDashboardAsync_NoServedTokensToday_ReturnsZeroServedCount" computerName="MALINDU" duration="00:00:00.0777397" startTime="2026-03-23T22:55:40.9103180+05:30" endTime="2026-03-23T22:55:40.9103183+05:30" testType="13cdc9d9-ddb5-4fa4-a97d-d965ccfc6d4b" outcome="Passed" testListId="8c84fa94-04c1-424b-9868-57a2d4851a1d" relativeResultsDirectory="ab4b1bfa-ed7d-497e-8bc9-9a96d8c127af" />
    <UnitTestResult executionId="bf23eb6a-9873-47f6-a8d2-9c31cb123c41" testId="8b49f71f-42da-431e-36ab-96b88588c3e2" testName="QueueLanka.API.Tests.AdminUserControllerTests.GetUsers_NoFilters_ReturnsOkWithUserList" computerName="MALINDU" duration="00:00:00.0009161" startTime="2026-03-23T22:55:40.9169856+05:30" endTime="2026-03-23T22:55:40.9169857+05:30" testType="13cdc9d9-ddb5-4fa4-a97d-d965ccfc6d4b" outcome="Passed" testListId="8c84fa94-04c1-424b-9868-57a2d4851a1d" relativeResultsDirectory="bf23eb6a-9873-47f6-a8d2-9c31cb123c41" />
    <UnitTestResult executionId="01e7fef5-4bf1-4084-bb20-8fe7ca7fd20f" testId="17bb7d66-800c-88ef-3103-f460543edc24" testName="QueueLanka.API.Tests.ReportCsvValidationTests.GenerateDailyCenterSummaryCsvAsync_SummaryRowTotals_MatchSumOfDataRows" computerName="MALINDU" duration="00:00:00.0014404" startTime="2026-03-23T22:55:40.9505392+05:30" endTime="2026-03-23T22:55:40.9505394+05:30" testType="13cdc9d9-ddb5-4fa4-a97d-d965ccfc6d4b" outcome="Passed" testListId="8c84fa94-04c1-424b-9868-57a2d4851a1d" relativeResultsDirectory="01e7fef5-4bf1-4084-bb20-8fe7ca7fd20f" />
    <UnitTestResult executionId="4363e5ad-6eba-46b9-9fac-afba98bc2965" testId="f5206902-fd14-626b-2b4f-ee6de7aa9f21" testName="QueueLanka.API.Tests.CounterManagementServiceTests.CreateCounter_CenterNotFound_ThrowsNotFoundExceptionEquivalent" computerName="MALINDU" duration="00:00:00.0013943" startTime="2026-03-23T22:55:40.9303882+05:30" endTime="2026-03-23T22:55:40.9303883+05:30" testType="13cdc9d9-ddb5-4fa4-a97d-d965ccfc6d4b" outcome="Passed" testListId="8c84fa94-04c1-424b-9868-57a2d4851a1d" relativeResultsDirectory="4363e5ad-6eba-46b9-9fac-afba98bc2965" />
    <UnitTestResult executionId="6dd7c102-2200-4b4b-89ef-fca6144eb3e8" testId="e5661f2c-d725-b417-794f-9e5a58470517" testName="QueueLanka.API.Tests.ReportRepositoryIntegrationTests.GetDailyCenterSummaryAsync_DateRangeFilter_ExcludesOutsideRange" computerName="MALINDU" duration="00:00:00.0006720" startTime="2026-03-23T22:55:40.8373516+05:30" endTime="2026-03-23T22:55:40.8373516+05:30" testType="13cdc9d9-ddb5-4fa4-a97d-d965ccfc6d4b" outcome="Passed" testListId="8c84fa94-04c1-424b-9868-57a2d4851a1d" relativeResultsDirectory="6dd7c102-2200-4b4b-89ef-fca6144eb3e8" />
[...]
    <TestEntry testId="324a24e4-fd45-7e4b-aaff-c7ab2abb8af3" executionId="79691d75-9389-4d40-b049-f397aa5c98f9" testListId="8c84fa94-04c1-424b-9868-57a2d4851a1d" />
    <TestEntry testId="1990550f-999e-5586-ccc7-98eff29c449b" executionId="3abc044e-3651-4b4f-a27f-2d87bca4936d" testListId="8c84fa94-04c1-424b-9868-57a2d4851a1d" />
    <TestEntry testId="402f1fcd-a0e4-8b53-6c06-7932cf5f073b" executionId="9df13d75-d7c2-4b47-8a1b-b03791aa02a0" testListId="8c84fa94-04c1-424b-9868-57a2d4851a1d" />
    <TestEntry testId="33ac541d-d7c9-b72a-df2c-b183ce6be74f" executionId="6c51d7c5-4cf9-4515-97a2-913f46e4d21a" testListId="8c84fa94-04c1-424b-9868-57a2d4851a1d" />
    <TestEntry testId="5f0d5a46-50e5-62ea-1195-bdb4674e53f7" executionId="0f05f8aa-8970-49cf-9ad3-df87671544ee" testListId="8c84fa94-04c1-424b-9868-57a2d4851a1d" />
    <TestEntry testId="ea9e6aa0-fa33-e3ff-4ad9-9857493fc681" executionId="f6199923-7343-4f57-b8ff-00ab3d4ec8d3" testListId="8c84fa94-04c1-424b-9868-57a2d4851a1d" />
    <TestEntry testId="95f86085-2f1b-6151-bb1d-579ceb6d975b" executionId="479d381c-e6d2-40e5-af1e-f8115cbac2d2" testListId="8c84fa94-04c1-424b-9868-57a2d4851a1d" />
    <TestEntry testId="6add8946-948e-b827-6ef8-c44f516139e7" executionId="62fe1b78-d64c-4c0b-b855-fb8fda474947" testListId="8c84fa94-04c1-424b-9868-57a2d4851a1d" />
    <TestEntry testId="6097ff89-b9d5-ee9d-714f-aba67c5b883f" executionId="80826dab-3a32-46df-8fee-862236bcfbc9" testListId="8c84fa94-04c1-424b-9868-57a2d4851a1d" />
    <TestEntry testId="0a3d677d-91d2-7f36-ef34-4738d8175c66" executionId="c06db71f-69c1-459c-a919-478731fd44bf" testListId="8c84fa94-04c1-424b-9868-57a2d4851a1d" />
    <TestEntry testId="10aaa2d4-3433-1120-ada2-c3d9918be38d" executionId="35de2488-4b30-4628-8981-92d70e77b48e" testListId="8c84fa94-04c1-424b-9868-57a2d4851a1d" />
    <TestEntry testId="dbcfc758-ec8c-0f34-d25f-da61e7444b51" executionId="04108351-d237-42ab-8818-3d77ae5887f5" testListId="8c84fa94-04c1-424b-9868-57a2d4851a1d" />
    <TestEntry testId="ee8e87b2-0d20-624e-d936-03ee232ebd3c" executionId="4b43088e-8608-42df-ab32-3486879ed7de" testListId="8c84fa94-04c1-424b-9868-57a2d4851a1d" />
    <TestEntry testId="df2fde32-26d6-412e-99d0-fd16797790c1" executionId="ea308be3-7e5f-4223-a31f-fbbe29b2f1ef" testListId="8c84fa94-04c1-424b-9868-57a2d4851a1d" />
    <TestEntry testId="aab4a97a-3aab-f0bf-1bde-ddc34bc2dfca" executionId="2454b85a-b5b2-4181-8261-8aa7f042b7ec" testListId="8c84fa94-04c1-424b-9868-57a2d4851a1d" />
    <TestEntry testId="5659c736-a958-ad6e-e38a-1333dacf113e" executionId="27edabbc-f8ff-4fed-9fbb-d78a31d7554b" testListId="8c84fa94-04c1-424b-9868-57a2d4851a1d" />
    <TestEntry testId="242cbd37-93c3-6ad3-2a48-5e70f35149da" executionId="dc48be2c-b8ef-429b-bc28-e9a2c945f54d" testListId="8c84fa94-04c1-424b-9868-57a2d4851a1d" />
    <TestEntry testId="424af81f-9b2a-fd28-1304-af130bcbbe9f" executionId="83bc7607-8a96-4aa2-955e-719cddd50e67" testListId="8c84fa94-04c1-424b-9868-57a2d4851a1d" />
    <TestEntry testId="c04a58c9-471c-a8f2-724d-0632991a674b" executionId="64c310eb-7b18-40fe-823d-235281eb9298" testListId="8c84fa94-04c1-424b-9868-57a2d4851a1d" />
    <TestEntry testId="5275d3c2-386c-4cee-c73b-4cf10973da25" executionId="9a25e6e0-f042-4e35-b33d-fe1fb2b4ea37" testListId="8c84fa94-04c1-424b-9868-57a2d4851a1d" />
    <TestEntry testId="47c09470-c82d-3fb6-8f1f-85d645b97d5c" executionId="8f9dd649-1558-481b-8d3c-7c74d8f84aec" testListId="8c84fa94-04c1-424b-9868-57a2d4851a1d" />
    <TestEntry testId="2af9e2fd-10dd-a794-5c32-de3b5cc05d49" executionId="98d46774-172e-4d1f-898e-26331c572047" testListId="8c84fa94-04c1-424b-9868-57a2d4851a1d" />
    <TestEntry testId="e8177d0e-2924-d0f0-3d5b-4fca08e95b39" executionId="d48ed0d4-8bc9-444a-8dad-35dd56e58022" testListId="8c84fa94-04c1-424b-9868-57a2d4851a1d" />
    <TestEntry testId="59652ff0-2c57-6613-a4fe-b15d299f9c66" executionId="d63a1ed0-405d-4a17-8e6d-90a652d713a7" testListId="8c84fa94-04c1-424b-9868-57a2d4851a1d" />
    <TestEntry testId="338c37e2-d296-617a-43e9-1aa33473460e" executionId="560c15ec-ce2c-40b1-afd8-c66802975320" testListId="8c84fa94-04c1-424b-9868-57a2d4851a1d" />
    <TestEntry testId="c230320b-9898-1144-83bf-b33a687bb513" executionId="cd37cb6d-29f5-4b69-a944-96c499bdb20d" testListId="8c84fa94-04c1-424b-9868-57a2d4851a1d" />
    <TestEntry testId="626ec751-5eb4-8b4c-239a-1a73ead2145e" executionId="63c55030-c760-4ba6-a6ed-49af049fc628" testListId="8c84fa94-04c1-424b-9868-57a2d4851a1d" />
    <TestEntry testId="6526e68a-86d8-f27f-f713-cd224a8fff38" executionId="96a2f1d8-7071-437e-af00-9a79e1f4b072" testListId="8c84fa94-04c1-424b-9868-57a2d4851a1d" />
    <TestEntry testId="448c56e7-68d3-20b4-d461-be36b0f1d3be" executionId="d7cce116-88d5-4088-abb0-d4516567261f" testListId="8c84fa94-04c1-424b-9868-57a2d4851a1d" />
    <TestEntry testId="2559163c-9022-de7a-c088-693bb5346b76" executionId="e762a1ce-159f-4736-a44b-ce8095986f35" testListId="8c84fa94-04c1-424b-9868-57a2d4851a1d" />
    <TestEntry testId="1399bf79-353b-8095-21b7-e5868d9bb226" executionId="5dfec07a-c1c3-4df1-a0d7-4fdbf34093cf" testListId="8c84fa94-04c1-424b-9868-57a2d4851a1d" />
    <TestEntry testId="683b04d1-f105-8d2a-7e52-422a81ecfe3a" executionId="d50e7077-9123-41ff-ac04-a497b2084227" testListId="8c84fa94-04c1-424b-9868-57a2d4851a1d" />
    <TestEntry testId="332b0aba-0a37-fc55-2737-b9f3e8ca1587" executionId="7a758b18-b775-41ae-a5a1-fd7d7aff2681" testListId="8c84fa94-04c1-424b-9868-57a2d4851a1d" />
    <TestEntry testId="837f9bfb-96fd-6dc3-3580-84d8b88247bb" executionId="4f589fdf-adba-4a6f-a4be-7b600dfe349c" testListId="8c84fa94-04c1-424b-9868-57a2d4851a1d" />
    <TestEntry testId="acf683ea-68aa-dee0-4f5c-0dbb0835293c" executionId="f14c256e-14b2-4047-825e-76ca64444ac8" testListId="8c84fa94-04c1-424b-9868-57a2d4851a1d" />
    <TestEntry testId="6a751a85-a4f7-ff38-ad60-ad0d1477d6f4" executionId="8958ccd3-6af9-4951-a668-0570351717c4" testListId="8c84fa94-04c1-424b-9868-57a2d4851a1d" />
    <TestEntry testId="75102758-2960-c41c-e352-c24837e304dc" executionId="8a172eac-2a75-40c8-bf88-d48bd4e1fe5b" testListId="8c84fa94-04c1-424b-9868-57a2d4851a1d" />
    <TestEntry testId="610f273e-91b7-03be-dad8-6dce99b81ffe" executionId="befd2749-e542-409c-851e-02d89528dba0" testListId="8c84fa94-04c1-424b-9868-57a2d4851a1d" />
    <TestEntry testId="f7bf5779-b2f3-e9b0-558a-f0526812a083" executionId="610ba5af-a712-4c90-9bdd-d0bf412cc948" testListId="8c84fa94-04c1-424b-9868-57a2d4851a1d" />
    <TestEntry testId="3ea41655-1bf0-ed1b-3c55-2364dfff71f8" executionId="5ae060ca-6b97-4ff2-86a2-88d4f04e7726" testListId="8c84fa94-04c1-424b-9868-57a2d4851a1d" />
    <TestEntry testId="f197681b-4ce1-4701-40c1-a46f8fb5213f" executionId="0a403ed4-ae30-4134-b55e-78f563c65324" testListId="8c84fa94-04c1-424b-9868-57a2d4851a1d" />
    <TestEntry testId="b1702915-b590-458a-93a2-7888eb6472b7" executionId="b00cdd9c-825f-4348-ade5-dcfecf00b3b4" testListId="8c84fa94-04c1-424b-9868-57a2d4851a1d" />
    <TestEntry testId="ffad0fd4-e7cf-34cf-0dc3-bf96cb91d853" executionId="84a5f2b9-3a15-4d70-abc8-8d0b37d5668e" testListId="8c84fa94-04c1-424b-9868-57a2d4851a1d" />
    <TestEntry testId="db01c016-4094-f715-9e19-f3226625da31" executionId="e504269b-55c7-4ab6-97d8-fbb666ab2a24" testListId="8c84fa94-04c1-424b-9868-57a2d4851a1d" />
    <TestEntry testId="266a7da6-86f2-360d-8590-ee58ec0739e3" executionId="d185e6c2-4af5-4715-8de9-38ebf0d30fcd" testListId="8c84fa94-04c1-424b-9868-57a2d4851a1d" />
    <TestEntry testId="a2905c48-e35c-ba5e-d459-08aa0bb54d64" executionId="b43f3bb6-fcda-4cca-904d-b46ceea80f4b" testListId="8c84fa94-04c1-424b-9868-57a2d4851a1d" />
    <TestEntry testId="aa391fb5-1e69-0c53-8ae8-52e7d5574d2f" executionId="d88878e3-653f-42db-bcc1-26e9b4396621" testListId="8c84fa94-04c1-424b-9868-57a2d4851a1d" />
    <TestEntry testId="47427d42-1cb0-36b6-12b4-fdcd3a051864" executionId="9da641da-9ab6-4c2e-b5a4-5ff4a3522842" testListId="8c84fa94-04c1-424b-9868-57a2d4851a1d" />
    <TestEntry testId="944c524c-adcd-8e37-3bbf-0f405d6fad36" executionId="689b3ecc-99cb-4008-afb1-4f9f1aae8cf3" testListId="8c84fa94-04c1-424b-9868-57a2d4851a1d" />
    <TestEntry testId="b1387f11-ea25-a7a9-4a6b-5ef4c5ee7018" executionId="0e6727d4-6fa2-48c3-8208-582e24101107" testListId="8c84fa94-04c1-424b-9868-57a2d4851a1d" />
    <TestEntry testId="42c516c1-49e2-a38c-eb8a-ffd37e814aca" executionId="0af57f1f-309c-46dd-85af-7b42baffc91a" testListId="8c84fa94-04c1-424b-9868-57a2d4851a1d" />
    <TestEntry testId="f6cc3cc7-d7e7-bb07-92ac-3cede4fe7940" executionId="f31b1541-83ac-492d-9ca2-88456d6bc54a" testListId="8c84fa94-04c1-424b-9868-57a2d4851a1d" />
    <TestEntry testId="7b8b72d6-697d-2149-9fef-9d565561d0d0" executionId="8ff585ca-0710-438d-ac6d-29c5b8b730a3" testListId="8c84fa94-04c1-424b-9868-57a2d4851a1d" />
    <TestEntry testId="3ce33225-112e-5834-d460-2be71b9149f8" executionId="2a468a28-cb32-45a9-8f5f-c61c15f53690" testListId="8c84fa94-04c1-424b-9868-57a2d4851a1d" />
    <TestEntry testId="60ba04a1-5491-9eb0-4f41-b822cd102a3e" executionId="7731a777-8ad8-428c-a041-75f7339d9d37" testListId="8c84fa94-04c1-424b-9868-57a2d4851a1d" />
    <TestEntry testId="73d8df65-e0b8-ef73-864d-67e4f22d0e32" executionId="f7b39cab-03db-470d-a15e-e83a216b8b31" testListId="8c84fa94-04c1-424b-9868-57a2d4851a1d" />
    <TestEntry testId="6f598d7f-d8d9-f28d-cfba-80a60b7e24f8" executionId="3104344c-80b7-40c6-96b7-8000bac5a672" testListId="8c84fa94-04c1-424b-9868-57a2d4851a1d" />
    <TestEntry testId="13f031f8-305b-e8db-feb9-882c70fca952" executionId="88fdf34e-2183-4f7f-9ae9-d8997c020d5d" testListId="8c84fa94-04c1-424b-9868-57a2d4851a1d" />
    <TestEntry testId="1f856f4e-8a21-d7dd-b8ab-bace0f53f2f4" executionId="a2e10902-8da6-4db4-9207-4a3075763c38" testListId="8c84fa94-04c1-424b-9868-57a2d4851a1d" />
    <TestEntry testId="21ac0ffc-1bac-3d0c-f040-5af9dc06b126" executionId="09addaec-b66f-431a-8f3c-a9a5f5d9b894" testListId="8c84fa94-04c1-424b-9868-57a2d4851a1d" />
    <TestEntry testId="2b0c8b81-7ed5-d4c5-72e9-4561cfc1f738" executionId="0e08354e-7f45-4ccd-b58f-c2d1df126f44" testListId="8c84fa94-04c1-424b-9868-57a2d4851a1d" />
    <TestEntry testId="be281423-b4fd-a708-cfc5-1435e243046b" executionId="63244822-3588-437c-ab05-1a8af5145d07" testListId="8c84fa94-04c1-424b-9868-57a2d4851a1d" />
    <TestEntry testId="a9851f0e-51ff-328a-50f9-0304ea99f784" executionId="4213e0be-cc98-4ce8-b8d7-ebdfd865a9b6" testListId="8c84fa94-04c1-424b-9868-57a2d4851a1d" />
    <TestEntry testId="b298309a-0c83-ca8d-b611-d557f8be5a4f" executionId="9d06adb6-8eb6-41ab-b844-6890508a6fb2" testListId="8c84fa94-04c1-424b-9868-57a2d4851a1d" />
    <TestEntry testId="4f2c4503-b667-b809-1133-10361ae90735" executionId="3739fa68-e631-48ff-b5ab-0c89c08bcae1" testListId="8c84fa94-04c1-424b-9868-57a2d4851a1d" />
    <TestEntry testId="a887dea1-9670-a80e-7a1b-18c229de4dbf" executionId="15df13e9-c82e-46a8-914e-5071b1e12e73" testListId="8c84fa94-04c1-424b-9868-57a2d4851a1d" />
    <TestEntry testId="729df959-b605-1275-93c2-e7356c375e80" executionId="0ab4c6f2-2896-44ca-8e9f-65dbb6e77b2d" testListId="8c84fa94-04c1-424b-9868-57a2d4851a1d" />
    <TestEntry testId="39c6ca59-4c4e-e772-46a3-595728a4d4c8" executionId="760755e8-e282-491c-9eee-9a77278fca39" testListId="8c84fa94-04c1-424b-9868-57a2d4851a1d" />
    <TestEntry testId="fafbdfc5-b3c5-5935-1dc9-3e1ad29bb57b" executionId="6f73651f-aaff-45b4-8fbb-15f3ade3c2a9" testListId="8c84fa94-04c1-424b-9868-57a2d4851a1d" />
    <TestEntry testId="0c3951cf-2fb6-456d-cd89-69f907b037f6" executionId="27612a7c-3ded-43e3-8d13-c6abc2c65ca7" testListId="8c84fa94-04c1-424b-9868-57a2d4851a1d" />
    <TestEntry testId="90dc7370-4978-36c6-b2a2-7a2b5b039c97" executionId="0acce22d-ce30-4cb9-9c98-5f1483740af2" testListId="8c84fa94-04c1-424b-9868-57a2d4851a1d" />
    <TestEntry testId="45631362-b325-2a52-d692-e100a5667a58" executionId="466bd91c-bfbe-4ef2-a562-542c35bc1266" testListId="8c84fa94-04c1-424b-9868-57a2d4851a1d" />
    <TestEntry testId="c75cfdb0-bf60-c0ab-5703-989cd890f308" executionId="8609c177-1083-4547-9c48-e8c379122594" testListId="8c84fa94-04c1-424b-9868-57a2d4851a1d" />
    <TestEntry testId="13d34f7a-d367-103c-f047-2a8c17699af3" executionId="c842770c-393e-4f13-a116-78c5af0e3a0e" testListId="8c84fa94-04c1-424b-9868-57a2d4851a1d" />
    <TestEntry testId="e1010094-b91f-cdb1-b459-721daaab82c7" executionId="0fd8325f-bd55-4a0b-8616-fc999b2ce97d" testListId="8c84fa94-04c1-424b-9868-57a2d4851a1d" />
    <TestEntry testId="ac0c4d0d-cabc-88fe-d852-860dcf889cb9" executionId="df70d3b1-0b18-482e-b808-4b86daba9f7d" testListId="8c84fa94-04c1-424b-9868-57a2d4851a1d" />
    <TestEntry testId="e043f67f-15b6-4fa0-8455-18ed0e43f116" executionId="78854699-1f29-4444-9bcf-2991b11215be" testListId="8c84fa94-04c1-424b-9868-57a2d4851a1d" />
    <TestEntry testId="6b7e5d96-dab9-8026-e8a2-cbcf198fe55b" executionId="141a1bec-8d74-4451-a6d7-279f0f912e69" testListId="8c84fa94-04c1-424b-9868-57a2d4851a1d" />
    <TestEntry testId="3aede174-fc32-c8d1-bf26-bd2a40f65e70" executionId="1cfba74b-e6d7-4f5a-8ba3-f38d01f1160c" testListId="8c84fa94-04c1-424b-9868-57a2d4851a1d" />
    <TestEntry testId="3194d988-acfc-462b-3a31-722cedc99d03" executionId="d71f3fc8-4c7d-4fb5-8d67-e8a2216f7f12" testListId="8c84fa94-04c1-424b-9868-57a2d4851a1d" />
    <TestEntry testId="f20b0e21-0b73-9291-eb54-717623d71aba" executionId="ad999b2a-7361-4d23-8e73-23cd0615ab66" testListId="8c84fa94-04c1-424b-9868-57a2d4851a1d" />
    <TestEntry testId="05044c6f-655b-1a0a-bbbb-2c216544afc4" executionId="8f71dd41-1081-41bd-83ad-965f8fdf5db0" testListId="8c84fa94-04c1-424b-9868-57a2d4851a1d" />
    <TestEntry testId="712f7399-7d18-0cd3-84f9-1eb605431337" executionId="76ffcf0e-6a29-48a8-80b5-8ffcbfa36067" testListId="8c84fa94-04c1-424b-9868-57a2d4851a1d" />
    <TestEntry testId="35007129-5b2d-5674-9909-085dee45ae27" executionId="7b28657b-1ef1-4eaf-91a8-837fafb10ca8" testListId="8c84fa94-04c1-424b-9868-57a2d4851a1d" />
    <TestEntry testId="3ee6d068-b14b-c299-9354-22bd24ce4bdf" executionId="d8ec2eea-5011-4958-b443-39c608f12f28" testListId="8c84fa94-04c1-424b-9868-57a2d4851a1d" />
    <TestEntry testId="d589b9e0-cfd6-9b5c-6c76-cd22981d0ea8" executionId="9405141f-450f-4ea7-95c4-3c23831196e6" testListId="8c84fa94-04c1-424b-9868-57a2d4851a1d" />
    <TestEntry testId="bc5a244a-50e2-70f3-8a2f-d05763131c0c" executionId="a39890c6-ba96-4b50-b65e-41a13bc5d3e0" testListId="8c84fa94-04c1-424b-9868-57a2d4851a1d" />
    <TestEntry testId="3bce7499-8a48-7d94-675d-4ccf3e5fcc90" executionId="aab82878-b92f-4816-aef1-594e61d7acfd" testListId="8c84fa94-04c1-424b-9868-57a2d4851a1d" />
    <TestEntry testId="8d00c966-495a-f0a8-c020-308605a228a8" executionId="ce398948-beb4-426d-b9f5-49c3d7822dbd" testListId="8c84fa94-04c1-424b-9868-57a2d4851a1d" />
    <TestEntry testId="99e69349-7d0b-86f3-9bae-59f36061775a" executionId="8b4aaa7c-1e9f-44ba-86b4-70ad70881947" testListId="8c84fa94-04c1-424b-9868-57a2d4851a1d" />
    <TestEntry testId="75c7f4af-0bc5-2431-091f-82a528866af6" executionId="151f4bdc-93bc-4775-bba9-05d826199677" testListId="8c84fa94-04c1-424b-9868-57a2d4851a1d" />
    <TestEntry testId="163b3acb-a632-7533-c9f0-78dfd16ab644" executionId="8b45da35-00de-4663-b23d-b213dab182fa" testListId="8c84fa94-04c1-424b-9868-57a2d4851a1d" />
    <TestEntry testId="dcf6889b-2f48-3a16-9019-fac4b7d0472d" executionId="cac74ccb-4211-4b06-bebe-71027901b26e" testListId="8c84fa94-04c1-424b-9868-57a2d4851a1d" />
    <TestEntry testId="cc2baf17-8d91-0a32-cacf-8f3457788758" executionId="7ca986d1-3d7d-4f53-9c6a-61b66603db88" testListId="8c84fa94-04c1-424b-9868-57a2d4851a1d" />
    <TestEntry testId="aa2a11e8-e080-96df-6577-598a6ad5ab58" executionId="238a4687-2974-4216-bc91-a2b3ac034e24" testListId="8c84fa94-04c1-424b-9868-57a2d4851a1d" />
    <TestEntry testId="17ad9b01-32d0-f7ad-7af2-4c764c5f380a" executionId="ab4b1bfa-ed7d-497e-8bc9-9a96d8c127af" testListId="8c84fa94-04c1-424b-9868-57a2d4851a1d" />
    <TestEntry testId="8b49f71f-42da-431e-36ab-96b88588c3e2" executionId="bf23eb6a-9873-47f6-a8d2-9c31cb123c41" testListId="8c84fa94-04c1-424b-9868-57a2d4851a1d" />
    <TestEntry testId="17bb7d66-800c-88ef-3103-f460543edc24" executionId="01e7fef5-4bf1-4084-bb20-8fe7ca7fd20f" testListId="8c84fa94-04c1-424b-9868-57a2d4851a1d" />
    <TestEntry testId="f5206902-fd14-626b-2b4f-ee6de7aa9f21" executionId="4363e5ad-6eba-46b9-9fac-afba98bc2965" testListId="8c84fa94-04c1-424b-9868-57a2d4851a1d" />
    <TestEntry testId="e5661f2c-d725-b417-794f-9e5a58470517" executionId="6dd7c102-2200-4b4b-89ef-fca6144eb3e8" testListId="8c84fa94-04c1-424b-9868-57a2d4851a1d" />
    <TestEntry testId="753471a4-b4d9-d774-a83f-b8878369634b" executionId="cb54a0de-d20f-4336-86e7-87b4e438c498" testListId="8c84fa94-04c1-424b-9868-57a2d4851a1d" />
    <TestEntry testId="2655cb08-68a3-4293-bc77-00bfcd66535a" executionId="7391c36b-78c4-4150-8d91-bfa328f986bb" testListId="8c84fa94-04c1-424b-9868-57a2d4851a1d" />
    <TestEntry testId="75117501-a28a-2fe4-d023-bb2b718b9357" executionId="d71cab5b-4fea-4a17-9df4-120977b4d18c" testListId="8c84fa94-04c1-424b-9868-57a2d4851a1d" />
    <TestEntry testId="e4df18a3-273f-e73c-f07b-730656a8e642" executionId="464d8df5-45e2-4ebb-b2a6-a33ef070380c" testListId="8c84fa94-04c1-424b-9868-57a2d4851a1d" />
    <TestEntry testId="6790b8bb-0233-bda0-e213-7e63d4aa152f" executionId="fdf01794-5817-4c56-baf8-9945cfa7d109" testListId="8c84fa94-04c1-424b-9868-57a2d4851a1d" />
    <TestEntry testId="d24c0c7d-d932-3743-7bba-411d15ffdd1b" executionId="03e20b3c-7738-4c74-9e39-6f99e1c4955b" testListId="8c84fa94-04c1-424b-9868-57a2d4851a1d" />
    <TestEntry testId="b44eded7-992a-c81b-3430-aef0c12c5482" executionId="ec95e1f8-f778-4a7d-a6a1-4b42ef442207" testListId="8c84fa94-04c1-424b-9868-57a2d4851a1d" />
    <TestEntry testId="614e9b26-4a15-aefb-ef79-1bd32bfe8bae" executionId="085882b8-1550-42b2-913a-978c805ea6c9" testListId="8c84fa94-04c1-424b-9868-57a2d4851a1d" />
    <TestEntry testId="0b1e181a-9d2c-179d-af75-4123ae844795" executionId="49f5e1c6-0901-46b5-8498-dcfe328a1b71" testListId="8c84fa94-04c1-424b-9868-57a2d4851a1d" />
    <TestEntry testId="6891a1a4-6434-3a3b-fc12-e26c6fea16c9" executionId="2cfb7997-d1af-4dc9-92b0-d1d104984aa4" testListId="8c84fa94-04c1-424b-9868-57a2d4851a1d" />
    <TestEntry testId="3ca40f77-837a-d4f8-e518-dc8f5045d939" executionId="3bda6201-744d-4585-819d-5084d7440184" testListId="8c84fa94-04c1-424b-9868-57a2d4851a1d" />
    <TestEntry testId="5ad3f9a2-7f09-dbfa-06e3-bdca62167a13" executionId="1f026392-ea10-4a5f-8dc5-6f40d5417ba6" testListId="8c84fa94-04c1-424b-9868-57a2d4851a1d" />
    <TestEntry testId="8aefc8eb-970e-1d26-ca07-e4a67dbd2df9" executionId="dc2c57dd-e43a-4c2b-8d2f-ac0f096cc647" testListId="8c84fa94-04c1-424b-9868-57a2d4851a1d" />
    <TestEntry testId="65b79abb-c836-4096-3283-c705945685a8" executionId="9edda58e-0a28-435e-ba76-03463866c82d" testListId="8c84fa94-04c1-424b-9868-57a2d4851a1d" />
    <TestEntry testId="98c80029-6a4f-a488-8405-6ede024bd2ed" executionId="c1ec247a-b307-4581-8090-efaf7b1c52e7" testListId="8c84fa94-04c1-424b-9868-57a2d4851a1d" />
  </TestEntries>
  <TestLists>
    <TestList name="Results Not in a List" id="8c84fa94-04c1-424b-9868-57a2d4851a1d" />
    <TestList name="All Loaded Results" id="19431567-8539-422a-85d7-44ee4e166bda" />
  </TestLists>
  <ResultSummary outcome="Completed">
    <Counters total="157" executed="157" passed="157" failed="0" error="0" timeout="0" aborted="0" inconclusive="0" passedButRunAborted="0" notRunnable="0" notExecuted="0" disconnected="0" warning="0" completed="0" inProgress="0" pending="0" />
    <Output>
      <StdOut>[xUnit.net 00:00:00.00] xUnit.net VSTest Adapter v2.5.3.1+6b60a9e56a (64-bit .NET 8.0.24)&#xD;
[xUnit.net 00:00:00.08]   Discovering: QueueLanka.API.Tests&#xD;
[xUnit.net 00:00:00.12]   Discovered:  QueueLanka.API.Tests&#xD;
[xUnit.net 00:00:00.12]   Starting:    QueueLanka.API.Tests&#xD;
[xUnit.net 00:00:00.59]   Finished:    QueueLanka.API.Tests&#xD;
</StdOut>
    </Output>
  </ResultSummary>
</TestRun>