<?xml version="1.0" encoding="utf-8"?>
<!DOCTYPE coverage SYSTEM "http://cobertura.sourceforge.net/xml/coverage-04.dtd">
<coverage line-rate="0.9492753623188406" branch-rate="0.8333333333333334" lines-covered="131" lines-valid="138" branches-covered="20" branches-valid="24" complexity="36" version="0" timestamp="1774337245">
  <sources>
    <source>c:\Users\user\Desktop\Qlanka-pro\backend\</source>
  </sources>
  <packages>
    <package name="QueueLanka.API" line-rate="1" branch-rate="1" complexity="6">
      <classes>
        <class name="QueueLanka.API.Controllers.AdminUserController" filename="c:\Users\user\Desktop\Qlanka-pro\backend\QueueLanka.API\Controllers\AdminUserController.cs" line-rate="1" branch-rate="1" complexity="2">
          <methods>
            <method name=".ctor" signature="(QueueLanka.API.Services.IUserManagementService,Microsoft.Extensions.Logging.ILogger`1&lt;QueueLanka.API.Controllers.AdminUserController&gt;)" line-rate="1" branch-rate="1" complexity="1">
              <lines>
                <line number="27" hits="12" branch="false" />
                <line number="28" hits="12" branch="false" />
                <line number="29" hits="12" branch="false" />
                <line number="30" hits="12" branch="false" />
                <line number="31" hits="12" branch="false" />
                <line number="32" hits="12" branch="false" />
                <line number="33" hits="12" branch="false" />
              </lines>
            </method>
            <method name=".cctor" signature="()" line-rate="1" branch-rate="1" complexity="1">
              <lines>
                <line number="21" hits="1" branch="false" />
                <line number="22" hits="1" branch="false" />
              </lines>
            </method>
          </methods>
          <lines>
            <line number="21" hits="1" branch="false" />
            <line number="22" hits="1" branch="false" />
            <line number="27" hits="12" branch="false" />
            <line number="28" hits="12" branch="false" />
            <line number="29" hits="12" branch="false" />
            <line number="30" hits="12" branch="false" />
            <line number="31" hits="12" branch="false" />
            <line number="32" hits="12" branch="false" />
            <line number="33" hits="12" branch="false" />
          </lines>
        </class>
        <class name="QueueLanka.API.Controllers.AppointmentController" filename="c:\Users\user\Desktop\Qlanka-pro\backend\QueueLanka.API\Controllers\AppointmentController.cs" line-rate="1" branch-rate="1" complexity="1">
          <methods>
            <method name=".ctor" signature="(QueueLanka.API.Services.IAppointmentService,Microsoft.Extensions.Logging.ILogger`1&lt;QueueLanka.API.Controllers.AppointmentController&gt;)" line-rate="1" branch-rate="1" complexity="1">
              <lines>
                <line number="19" hits="10" branch="false" />
                <line number="20" hits="10" branch="false" />
                <line number="21" hits="10" branch="false" />
                <line number="22" hits="10" branch="false" />
                <line number="23" hits="10" branch="false" />
                <line number="24" hits="10" branch="false" />
                <line number="25" hits="10" branch="false" />
              </lines>
            </method>
          </methods>
          <lines>
            <line number="19" hits="10" branch="false" />
            <line number="20" hits="10" branch="false" />
            <line number="21" hits="10" branch="false" />
            <line number="22" hits="10" branch="false" />
            <line number="23" hits="10" branch="false" />
            <line number="24" hits="10" branch="false" />
            <line number="25" hits="10" branch="false" />
          </lines>
        </class>
        <class name="QueueLanka.API.Controllers.AuthController" filename="c:\Users\user\Desktop\Qlanka-pro\backend\QueueLanka.API\Controllers\AuthController.cs" line-rate="1" branch-rate="1" complexity="1">
          <methods>
            <method name=".ctor" signature="(QueueLanka.API.Services.IAuthService,QueueLanka.API.Services.IEmailVerificationService)" line-rate="1" branch-rate="1" complexity="1">
              <lines>
                <line number="15" hits="12" branch="false" />
                <line number="16" hits="12" branch="false" />
                <line number="17" hits="12" branch="false" />
                <line number="18" hits="12" branch="false" />
                <line number="19" hits="12" branch="false" />
              </lines>
            </method>
          </methods>
          <lines>
            <line number="15" hits="12" branch="false" />
            <line number="16" hits="12" branch="false" />
            <line number="17" hits="12" branch="false" />
            <line number="18" hits="12" branch="false" />
            <line number="19" hits="12" branch="false" />
          </lines>
        </class>
        <class name="QueueLanka.API.Controllers.ServiceCenterController" filename="c:\Users\user\Desktop\Qlanka-pro\backend\QueueLanka.API\Controllers\ServiceCenterController.cs" line-rate="1" branch-rate="1" complexity="1">
          <methods>
            <method name=".ctor" signature="(QueueLanka.API.Services.IServiceCenterService,Microsoft.Extensions.Logging.ILogger`1&lt;QueueLanka.API.Controllers.ServiceCenterController&gt;)" line-rate="1" branch-rate="1" complexity="1">
              <lines>
                <line number="21" hits="23" branch="false" />
                <line number="22" hits="23" branch="false" />
                <line number="23" hits="23" branch="false" />
                <line number="24" hits="23" branch="false" />
                <line number="25" hits="23" branch="false" />
                <line number="26" hits="23" branch="false" />
                <line number="27" hits="23" branch="false" />
              </lines>
            </method>
          </methods>
          <lines>
            <line number="21" hits="23" branch="false" />
            <line number="22" hits="23" branch="false" />
            <line number="23" hits="23" branch="false" />
            <line number="24" hits="23" branch="false" />
            <line number="25" hits="23" branch="false" />
            <line number="26" hits="23" branch="false" />
            <line number="27" hits="23" branch="false" />
          </lines>
        </class>
        <class name="QueueLanka.API.Controllers.TokenController" filename="c:\Users\user\Desktop\Qlanka-pro\backend\QueueLanka.API\Controllers\TokenController.cs" line-rate="1" branch-rate="1" complexity="1">
          <methods>
            <method name=".ctor" signature="(QueueLanka.API.Services.ITokenService)" line-rate="1" branch-rate="1" complexity="1">
              <lines>
                <line number="16" hits="9" branch="false" />
                <line number="17" hits="9" branch="false" />
                <line number="18" hits="9" branch="false" />
                <line number="19" hits="9" branch="false" />
              </lines>
            </method>
          </methods>
          <lines>
            <line number="16" hits="9" branch="false" />
            <line number="17" hits="9" branch="false" />
            <line number="18" hits="9" branch="false" />
            <line number="19" hits="9" branch="false" />
          </lines>
        </class>
      </classes>
    </package>
    <package name="QueueLanka.Queue" line-rate="0.9247311827956989" branch-rate="0.8" complexity="25">
      <classes>
        <class name="QueueLanka.Queue.Controllers.CounterController" filename="c:\Users\user\Desktop\Qlanka-pro\backend\QueueLanka.Queue\Controllers\CounterController.cs" line-rate="1" branch-rate="1" complexity="1">
          <methods>
            <method name=".ctor" signature="(QueueLanka.Queue.Services.ICounterService)" line-rate="1" branch-rate="1" complexity="1">
              <lines>
                <line number="22" hits="5" branch="false" />
                <line number="23" hits="5" branch="false" />
                <line number="24" hits="5" branch="false" />
                <line number="25" hits="5" branch="false" />
              </lines>
            </method>
          </methods>
          <lines>
            <line number="22" hits="5" branch="false" />
            <line number="23" hits="5" branch="false" />
            <line number="24" hits="5" branch="false" />
            <line number="25" hits="5" branch="false" />
          </lines>
        </class>
        <class name="QueueLanka.Queue.Services.CounterService" filename="c:\Users\user\Desktop\Qlanka-pro\backend\QueueLanka.Queue\Services\CounterService.cs" line-rate="0.9253731343283582" branch-rate="0.7857142857142857" complexity="16">
          <methods>
            <method name="ValidateOfficerAssignment" signature="(System.Nullable`1&lt;System.Int32&gt;,System.Int32)" line-rate="0.75" branch-rate="0.6666666666666666" complexity="6">
              <lines>
                <line number="592" hits="5" branch="false" />
                <line number="593" hits="5" branch="true" condition-coverage="50% (1/2)" />
                <line number="594" hits="0" branch="false" />
                <line number="595" hits="0" branch="false" />
                <line number="598" hits="5" branch="true" condition-coverage="75% (3/4)" />
                <line number="599" hits="1" branch="false" />
                <line number="600" hits="1" branch="false" />
                <line number="602" hits="4" branch="false" />
              </lines>
            </method>
            <method name="MapCurrentToken" signature="(QueueLanka.Queue.Models.Token)" line-rate="1" branch-rate="1" complexity="4">
              <lines>
                <line number="605" hits="3" branch="false" />
                <line number="606" hits="3" branch="true" condition-coverage="100% (2/2)" />
                <line number="607" hits="2" branch="false" />
                <line number="608" hits="2" branch="false" />
                <line number="611" hits="1" branch="false" />
                <line number="612" hits="1" branch="false" />
                <line number="614" hits="1" branch="true" condition-coverage="100% (2/2)" />
                <line number="615" hits="1" branch="false" />
                <line number="616" hits="1" branch="false" />
                <line number="617" hits="1" branch="false" />
                <line number="619" hits="1" branch="false" />
                <line number="620" hits="1" branch="false" />
                <line number="621" hits="1" branch="false" />
                <line number="622" hits="1" branch="false" />
                <line number="623" hits="1" branch="false" />
                <line number="624" hits="1" branch="false" />
                <line number="625" hits="1" branch="false" />
                <line number="626" hits="1" branch="false" />
                <line number="627" hits="3" branch="false" />
              </lines>
            </method>
            <method name="MapWaitingTokens" signature="(System.Collections.Generic.IReadOnlyList`1&lt;QueueLanka.Queue.Models.Token&gt;,System.Int32)" line-rate="0.8571428571428571" branch-rate="0.75" complexity="4">
              <lines>
                <line number="630" hits="18" branch="false" />
                <line number="631" hits="18" branch="false" />
                <line number="633" hits="30" branch="true" condition-coverage="100% (2/2)" />
                <line number="634" hits="5" branch="false" />
                <line number="635" hits="5" branch="false" />
                <line number="636" hits="5" branch="false" />
                <line number="637" hits="5" branch="true" condition-coverage="50% (1/2)" />
                <line number="638" hits="0" branch="false" />
                <line number="639" hits="0" branch="false" />
                <line number="640" hits="0" branch="false" />
                <line number="642" hits="5" branch="false" />
                <line number="643" hits="5" branch="false" />
                <line number="644" hits="5" branch="false" />
                <line number="645" hits="5" branch="false" />
                <line number="646" hits="5" branch="false" />
                <line number="647" hits="5" branch="false" />
                <line number="648" hits="5" branch="false" />
                <line number="649" hits="5" branch="false" />
                <line number="650" hits="5" branch="false" />
                <line number="652" hits="10" branch="false" />
                <line number="653" hits="10" branch="false" />
              </lines>
            </method>
            <method name=".ctor" signature="(QueueLanka.Queue.Data.ICounterRepository,QueueLanka.Queue.Data.ITokenRepository,QueueLanka.Queue.Data.IAuditLogRepository,QueueLanka.Shared.Events.IEventBus,QueueLanka.Queue.Services.IQueueBroadcastService,Microsoft.Extensions.Logging.ILogger`1&lt;QueueLanka.Queue.Services.CounterService&gt;,QueueLanka.Queue.Integration.IServiceCenterClient)" line-rate="1" branch-rate="1" complexity="1">
              <lines>
                <line number="38" hits="35" branch="false" />
                <line number="39" hits="35" branch="false" />
                <line number="40" hits="35" branch="false" />
                <line number="41" hits="35" branch="false" />
                <line number="42" hits="35" branch="false" />
                <line number="43" hits="35" branch="false" />
                <line number="44" hits="35" branch="false" />
                <line number="45" hits="35" branch="false" />
                <line number="46" hits="35" branch="false" />
              </lines>
            </method>
            <method name=".ctor" signature="(QueueLanka.Queue.Data.ICounterRepository,QueueLanka.Queue.Data.ITokenRepository,QueueLanka.Queue.Data.IAuditLogRepository,QueueLanka.Shared.Events.IEventBus,Microsoft.AspNetCore.SignalR.IHubContext`2&lt;QueueLanka.Queue.Hubs.QueueHub,QueueLanka.Queue.Hubs.IQueueHubClient&gt;,Microsoft.Extensions.Logging.ILogger`1&lt;QueueLanka.Queue.Services.CounterService&gt;,QueueLanka.Queue.Integration.IServiceCenterClient)" line-rate="1" branch-rate="1" complexity="1">
              <lines>
                <line number="56" hits="18" branch="false" />
                <line number="57" hits="18" branch="false" />
                <line number="58" hits="18" branch="false" />
                <line number="59" hits="18" branch="false" />
                <line number="60" hits="18" branch="false" />
                <line number="61" hits="18" branch="false" />
                <line number="62" hits="18" branch="false" />
                <line number="63" hits="18" branch="false" />
                <line number="64" hits="18" branch="false" />
                <line number="65" hits="18" branch="false" />
              </lines>
            </method>
          </methods>
          <lines>
            <line number="38" hits="35" branch="false" />
            <line number="39" hits="35" branch="false" />
            <line number="40" hits="35" branch="false" />
            <line number="41" hits="35" branch="false" />
            <line number="42" hits="35" branch="false" />
            <line number="43" hits="35" branch="false" />
            <line number="44" hits="35" branch="false" />
            <line number="45" hits="35" branch="false" />
            <line number="46" hits="35" branch="false" />
            <line number="56" hits="18" branch="false" />
            <line number="57" hits="18" branch="false" />
            <line number="58" hits="18" branch="false" />
            <line number="59" hits="18" branch="false" />
            <line number="60" hits="18" branch="false" />
            <line number="61" hits="18" branch="false" />
            <line number="62" hits="18" branch="false" />
            <line number="63" hits="18" branch="false" />
            <line number="64" hits="18" branch="false" />
            <line number="65" hits="18" branch="false" />
            <line number="592" hits="5" branch="false" />
            <line number="593" hits="5" branch="true" condition-coverage="50% (1/2)" />
            <line number="594" hits="0" branch="false" />
            <line number="595" hits="0" branch="false" />
            <line number="598" hits="5" branch="true" condition-coverage="75% (3/4)" />
            <line number="599" hits="1" branch="false" />
            <line number="600" hits="1" branch="false" />
            <line number="602" hits="4" branch="false" />
            <line number="605" hits="3" branch="false" />
            <line number="606" hits="3" branch="true" condition-coverage="100% (2/2)" />
            <line number="607" hits="2" branch="false" />
            <line number="608" hits="2" branch="false" />
            <line number="611" hits="1" branch="false" />
            <line number="612" hits="1" branch="false" />
            <line number="614" hits="1" branch="true" condition-coverage="100% (2/2)" />
            <line number="615" hits="1" branch="false" />
            <line number="616" hits="1" branch="false" />
            <line number="617" hits="1" branch="false" />
            <line number="619" hits="1" branch="false" />
            <line number="620" hits="1" branch="false" />
            <line number="621" hits="1" branch="false" />
            <line number="622" hits="1" branch="false" />
            <line number="623" hits="1" branch="false" />
            <line number="624" hits="1" branch="false" />
            <line number="625" hits="1" branch="false" />
            <line number="626" hits="1" branch="false" />
            <line number="627" hits="3" branch="false" />
            <line number="630" hits="18" branch="false" />
            <line number="631" hits="18" branch="false" />
            <line number="633" hits="30" branch="true" condition-coverage="100% (2/2)" />
            <line number="634" hits="5" branch="false" />
            <line number="635" hits="5" branch="false" />
            <line number="636" hits="5" branch="false" />
            <line number="637" hits="5" branch="true" condition-coverage="50% (1/2)" />
            <line number="638" hits="0" branch="false" />
            <line number="639" hits="0" branch="false" />
            <line number="640" hits="0" branch="false" />
            <line number="642" hits="5" branch="false" />
            <line number="643" hits="5" branch="false" />
            <line number="644" hits="5" branch="false" />
            <line number="645" hits="5" branch="false" />
            <line number="646" hits="5" branch="false" />
            <line number="647" hits="5" branch="false" />
            <line number="648" hits="5" branch="false" />
            <line number="649" hits="5" branch="false" />
            <line number="650" hits="5" branch="false" />
            <line number="652" hits="10" branch="false" />
            <line number="653" hits="10" branch="false" />
          </lines>
        </class>
        <class name="QueueLanka.Queue.Services.ReportService" filename="c:\Users\user\Desktop\Qlanka-pro\backend\QueueLanka.Queue\Services\ReportService.cs" line-rate="0.9090909090909091" branch-rate="0.8333333333333334" complexity="8">
          <methods>
            <method name="EscapeCsv" signature="(System.String)" line-rate="0.7142857142857143" branch-rate="0.5" complexity="2">
              <lines>
                <line number="91" hits="29" branch="false" />
                <line number="92" hits="29" branch="true" condition-coverage="50% (1/2)" />
                <line number="93" hits="0" branch="false" />
                <line number="94" hits="0" branch="false" />
                <line number="97" hits="29" branch="false" />
                <line number="98" hits="29" branch="false" />
                <line number="99" hits="29" branch="false" />
              </lines>
            </method>
            <method name="FormatMinutes" signature="(System.Int32)" line-rate="1" branch-rate="1" complexity="1">
              <lines>
                <line number="102" hits="58" branch="false" />
                <line number="103" hits="58" branch="false" />
                <line number="104" hits="58" branch="false" />
                <line number="105" hits="58" branch="false" />
              </lines>
            </method>
            <method name="ValidateRequest" signature="(QueueLanka.Queue.DTOs.Reports.DailyCenterSummaryRequestDto)" line-rate="1" branch-rate="1" complexity="4">
              <lines>
                <line number="108" hits="30" branch="false" />
                <line number="109" hits="30" branch="true" condition-coverage="100% (2/2)" />
                <line number="110" hits="1" branch="false" />
                <line number="111" hits="1" branch="false" />
                <line number="114" hits="29" branch="true" condition-coverage="100% (2/2)" />
                <line number="115" hits="1" branch="false" />
                <line number="116" hits="1" branch="false" />
                <line number="118" hits="28" branch="false" />
              </lines>
            </method>
            <method name=".ctor" signature="(QueueLanka.Queue.Data.IReportRepository)" line-rate="1" branch-rate="1" complexity="1">
              <lines>
                <line number="16" hits="29" branch="false" />
                <line number="17" hits="29" branch="false" />
                <line number="18" hits="29" branch="false" />
              </lines>
            </method>
          </methods>
          <lines>
            <line number="16" hits="29" branch="false" />
            <line number="17" hits="29" branch="false" />
            <line number="18" hits="29" branch="false" />
            <line number="91" hits="29" branch="false" />
            <line number="92" hits="29" branch="true" condition-coverage="50% (1/2)" />
            <line number="93" hits="0" branch="false" />
            <line number="94" hits="0" branch="false" />
            <line number="97" hits="29" branch="false" />
            <line number="98" hits="29" branch="false" />
            <line number="99" hits="29" branch="false" />
            <line number="102" hits="58" branch="false" />
            <line number="103" hits="58" branch="false" />
            <line number="104" hits="58" branch="false" />
            <line number="105" hits="58" branch="false" />
            <line number="108" hits="30" branch="false" />
            <line number="109" hits="30" branch="true" condition-coverage="100% (2/2)" />
            <line number="110" hits="1" branch="false" />
            <line number="111" hits="1" branch="false" />
            <line number="114" hits="29" branch="true" condition-coverage="100% (2/2)" />
            <line number="115" hits="1" branch="false" />
            <line number="116" hits="1" branch="false" />
            <line number="118" hits="28" branch="false" />
          </lines>
        </class>
      </classes>
    </package>
    <package name="QueueLanka.Shared" line-rate="1" branch-rate="1" complexity="5">
      <classes>
        <class name="QueueLanka.Shared.Events.InMemoryEventBus" filename="c:\Users\user\Desktop\Qlanka-pro\backend\QueueLanka.Shared\Events\InMemoryEventBus.cs" line-rate="1" branch-rate="1" complexity="5">
          <methods>
            <method name="Subscribe" signature="()" line-rate="1" branch-rate="1" complexity="4">
              <lines>
                <line number="51" hits="1" branch="false" />
                <line number="52" hits="1" branch="false" />
                <line number="53" hits="1" branch="true" condition-coverage="100% (2/2)" />
                <line number="54" hits="1" branch="true" condition-coverage="100% (2/2)" />
                <line number="55" hits="1" branch="false" />
                <line number="56" hits="1" branch="false" />
                <line number="57" hits="1" branch="false" />
                <line number="58" hits="1" branch="false" />
              </lines>
            </method>
            <method name=".ctor" signature="(System.IServiceProvider,Microsoft.Extensions.Logging.ILogger`1&lt;QueueLanka.Shared.Events.InMemoryEventBus&gt;)" line-rate="1" branch-rate="1" complexity="1">
              <lines>
                <line number="15" hits="1" branch="false" />
                <line number="18" hits="1" branch="false" />
                <line number="19" hits="1" branch="false" />
                <line number="20" hits="1" branch="false" />
                <line number="21" hits="1" branch="false" />
              </lines>
            </method>
          </methods>
          <lines>
            <line number="15" hits="1" branch="false" />
            <line number="18" hits="1" branch="false" />
            <line number="19" hits="1" branch="false" />
            <line number="20" hits="1" branch="false" />
            <line number="21" hits="1" branch="false" />
            <line number="51" hits="1" branch="false" />
            <line number="52" hits="1" branch="false" />
            <line number="53" hits="1" branch="true" condition-coverage="100% (2/2)" />
            <line number="54" hits="1" branch="true" condition-coverage="100% (2/2)" />
            <line number="55" hits="1" branch="false" />
            <line number="56" hits="1" branch="false" />
            <line number="57" hits="1" branch="false" />
            <line number="58" hits="1" branch="false" />
          </lines>
        </class>
      </classes>
    </package>
  </packages>
</coverage>